 江苏省泗阳县人民法院 民事判决书 （2014）泗王民初字第0915号 
 山东省东明县人民法院 民事判决书 （2013）东民初字第635号 
 安徽省宿松县人民法院 民事判决书 （2014）松民一初字第00090号 
 河南省镇平县人民法院 民事判决书 （2014）镇民初字第0041号 
 荆州市沙市区人民法院 民事判决书 （2014）鄂沙市民初字第01056号 
 四川省渠县人民法院 民事判决书 （2015）达渠民初字第191号 
 重庆市北碚区人民法院 民事判决书 （2015）碚法民初字第02399号 
福建省罗源县人民法院 民事判决书 （2015）罗民初字第1659号
 平顶山市石龙区人民法院 民事判决书 （2015）平龙民一初字第28号 
 河北省香河县人民法院 民事判决书 （2014）香民初字第2372号 
 福建省政和县人民法院 民事判决书 （2014）政民初字第366号 
 湖北省蕲春县人民法院 民事判决书 （2014）鄂蕲春民一初字第00825号 
湖南省邵东县人民法院 民事判决书 （2015）邵东民初字第436号
 广西壮族自治区环江毛南族自治县人民法院 民事判决书 （2013）环民初字第367号 
 广西壮族自治区博白县人民法院 民事判决书 （2014）博民初字第2343号 
彭水苗族土家族自治县人民法院 民事判决书 （2015）彭法民初字第00655号
 湖南省桂阳县人民法院 民事判决书 （2014）桂阳法少民初字第84号 
 济南市历城区人民法院 民事判决书 （2013）历城民初字第1936号 
 上海市奉贤区人民法院 民事判决书 （2015）奉民一（民）初字第806号 
山东省莱州市人民法院 民事判决书 （2013）莱州民初字第5109号
 安阳市龙安区人民法院 民事判决书 （2014）龙少东民初字第47号 
安徽省界首市人民法院 民事判决书 （2015）界民一初字第01205号
福建省仙游县人民法院 民事判决书 （2015）仙民初字第4273号
 湖北省罗田县人民法院 民事判决书 （2015）鄂罗田河民一初字第00062号 
 黑龙江省兰西县人民法院 民事判决书 （2015）兰平民初字第19号 
贵州省天柱县人民法院 民事判决书 （2015）天民初字第1052号
 安徽省萧县人民法院 民事判决书 （2014）萧民一初字第02524号 
 河北省河间市人民法院 民事判决书 （2015）河民初字第920号 
 重庆市大渡口区人民法院 民事判决书 （2014）渡法民初字第00439号 
浙江省苍南县人民法院 民事判决书 （2015）温苍龙民初字第840号
湖南省沅江市人民法院 民事判决书 （2015）沅民一初字第782号
 新疆维吾尔自治区吉木萨尔县人民法院 民事判决书 （2015）吉民一初字第173号 
 湖南省岳阳市君山区人民法院 民事判决书 （2014）君民初字第195号 
 中华人民共和国 浙江省温州市瓯海区人民法院 民事判决书 （2014）温瓯民初字第279号 
 北京市房山区人民法院 民事判决书 （2013）房民初字第07979号 
 河北省望都县人民法院 民事判决书 （2014）望民初字第0060号 
 湖南省资兴市人民法院 民事判决书 （2014）资民一初字第174号 
 台州市黄岩区人民法院 民事判决书 （2013）台黄民初字第1386号 
 浙江省富阳市人民法院 民事判决书 （2015）杭富民初字第319号 
 广西壮族自治区南宁市良庆区人民法院 民事判决书 （2013）良民一初字第72号 
四川省宣汉县人民法院 民事判决书 （2014）宣汉民初字第60号
福建省福清市人民法院 民事判决书 （2014）融民初字第3549号
成都市温江区人民法院 民事判决书 （2015）温江民初字第1214号
 四川省彭山县人民法院 民事判决书 （2014）彭山民初字第4号 
湖南省石门县人民法院 民事判决书 （2015）石民三初字第228号
 安徽省明光市人民法院 民事判决书 （2013）明民一初字第02003号 
 辽宁省新宾满族自治县人民法院 民事判决书 （2014）新宾民一初字第00331号 
湖南省岳阳县人民法院 民事判决书 （2015）岳民初字第266号
 上海市松江区人民法院 民事判决书 （2014）松民一（民）初字第5276号 
 浙江省海宁市人民法院 民事判决书 （2015）嘉海许民初字第131号 
