 重庆市渝北区人民法院 民事判决书 （2014）渝北法民初字第06883号 
河北省定州市人民法院 民事判决书 （2015）定民初字第1489号
 四川省梓潼县人民法院 民事判决书 （2014）梓民初字第472号 
 中华人民共和国 广东省台山市人民法院 民事判决书 （2015）江台法民三初字第44号 
 安徽省舒城县人民法院 民事判决书 （2015）舒民一初字第00695号 
 湖南省资兴市人民法院 民事判决书 （2013）资民一初字第548号 
 黑龙江省肇东市人民法院 民事判决书 （2014）肇洪民初字第5号 
四川省蓬安县人民法院 民事判决书 （2014）蓬民初字第76号
 河南省方城县人民法院 民事判决书 （2014）方赵民初字第97号 
湖南省常德市武陵区人民法院 民事判决书 （2015）武民初字第01015号
 福建省晋江市人民法院 民事判决书 （2014）晋民初字第7117号 
 四川省自贡市大安区人民法院 民事判决书 （2015）大民一初字第30号 
 山东省新泰市人民法院 民事判决书 （2014）新民初字第2581号 
 浙江省瑞安市人民法院 民事判决书 （2013）温瑞民初字第1782号 
 福建省仙游县人民法院 民事判决书 （2014）仙民初字第6578号 
 重庆市巫山县人民法院 民事判决书 （2014）山法民初字第00635号 
 甘肃省镇原县人民法院 民事判决书 （2014）镇民初字第15号 
 甘肃省渭源县人民法院 民事判决书 （2014）渭北民初字第33号 
 河南省社旗县人民法院 民事判决书 （2015）社郊民初字第032号 
 广西壮族自治区柳州市城中区人民法院 民事判决书 （2014）城中民一初字第1227号 
 河南省方城县人民法院 民事判决书 （2014）方博民初字第53号 
 安徽省马鞍山市雨山区人民法院 民事判决书 （2013）雨民一初字第00392号 
 济南市天桥区人民法院 民事判决书 （2014）天民园初字第602号 
 安徽省宿州市埇桥区人民法院 民事判决书 （2015）埇民一初字第02764号 
 北京市房山区人民法院 民事判决书 （2014）房民初字第04473号 
安徽省霍邱县人民法院 民事判决书 （2015）霍民一初字第01221号
 南京市鼓楼区人民法院 民事判决书 （2014）鼓民初字第5717号 
 安徽省安庆市宜秀区人民法院 民事判决书 （2015）宜秀民一初字第00548号 
湖南省涟源市人民法院 民事判决书 （2015）涟民一初字第446号
 广东省从化市人民法院 民事判决书 （2015）穗从法民一初字第307号 
山东省菏泽市牡丹区人民法院 民事判决书 （2013）菏牡民初字第39号
 安徽省蚌埠市龙子湖区人民法院 民事判决书 （2014）龙民一初字第00459号 
 广东省龙门县人民法院 民事判决书 （2014）惠龙法民一初字第262号 
 安徽省淮南市田家庵区人民法院 民事判决书 （2014）田民一初字第01017号 
 四川省武胜县人民法院 民事判决书 （2014）武胜民初字第1631号 
 安徽省亳州市谯城区人民法院 民事判决书 （2014）谯民一初字第00876号 
陕西省子洲县人民法院 民事判决书 （2015）子洲民初字第00044号
云南省禄劝彝族苗族自治县人民法院 民事判决书 （2015）禄民初字第1238号
 广东省珠海市香洲区人民法院 民事判决书 （2014）珠香法民一初字第583号 
 重庆市垫江县人民法院 民事判决书 （2014）垫法民初字第03724号 
 江苏省淮安经济技术开发区人民法院 民事判决书 （2015）淮开民初字第224号 
 河北省唐山市丰南区人民法院 民事判决书 丰民初字第197号 
 湖北省武汉市江汉区人民法院 民事判决书 （2013）鄂江汉民一初字第00154号 
 河南省商丘市睢阳区人民法院 民事判决书 （2014）商睢民初字第00991号 
 河北省唐县人民法院 民事判决书 （2013）唐民初字第816号 （2013）唐民初字第816号 
 河南省漯河市召陵区人民法院 民事判决书 （2014）召民初字第48号 
 四川省平昌县人民法院 民事判决书 （2014）平民初字第8号 
 湖北省神农架林区人民法院 民事判决书 （2014）鄂神农架民初字第00086号 
 安徽省太湖县人民法院 民事判决书 （2014）太民一初字第00400号 
 福建省龙海市人民法院 民事判决书 （2014）龙民初字第2031号 
