 河北省唐山市路北区人民法院 民事判决书 （2011）北民初字第77号 
 辽宁省朝阳县人民法院 民事判决书 （2015）朝县民廿初字第446号 
 重庆市铜梁区人民法院 民事判决书 （2015）铜法民初字第01650号 
 江西省修水县人民法院 民事判决书 （2014）修民初字第378号 
 湖北省松滋市人民法院 民事判决书 （2014）鄂松滋民初字第00227号 
 山东省莱西市人民法院 民事判决书 （2014）西民初字第295号 
常州市天宁区人民法院 民事判决书 （2015）天民初字第1477号
云南省富源县人民法院 民事判决书 （2013）富民初字第576号
 天津市静海县人民法院 民事判决书 （2014）静民初字第887号 
 内蒙古鄂尔多斯市东胜区人民法院 民事判决书 （2014）东民初字第691号 
 重庆市荣昌县人民法院 民事判决书 （2014）荣法民初字第05277号 
 宁夏回族自治区中卫市沙坡头区人民法院 民事判决书 （2015）沙民初字第749号 
 安徽省来安县人民法院 民事判决书 （2015）来民一初字第00101号 
 江苏省东海县人民法院 民事判决书 （2014）连东双民初字第01026号 
 汕头市潮阳区人民法院 民事判决书 （2014）汕阳法民一初字第157号 
 江苏省靖江市人民法院 民事判决书 （2014）泰靖桥民初字第0119号 
重庆市綦江区人民法院 民事判决书 （2015）綦法民初字第08768号
 山东省荣成市人民法院 民事判决书 （2011）荣民初字第1239号 
 辽宁省本溪市平山区人民法院 民事判决书 （2014）平民一初字第00114号 
 内蒙古自治区察哈尔右翼后旗人民法院 民事判决书 （2014）察后民初字第398号 
福建省福清市人民法院 民事判决书 （2014）融民初字第2824号
 江苏省高邮市人民法院 民事判决书 （2015）邮民初字第00902号 
 湖南省石门县人民法院 民事判决书 （2015）石民蒙初字第58号 
 广东省雷州市人民法院 民事判决书 （2014）湛雷法民二初字第257号 
林州市人民法院 民事判决书 （2015）林临民初字第69号
 江西省永新县人民法院 民事判决书 （2014）永民初字第762号 
 四川省武胜县人民法院 民事判决书 （2014）武胜民初字第1689号 
 河北省冀州市人民法院 民事判决书 （2015）冀民一初字第83号 
 四川省达州市达川区人民法院 民事判决书 （2014）达达民初字第1587号 
江苏省丹阳市人民法院 民事判决书 （2015）丹民初字第2057号
 福建省明溪县人民法院 民事判决书 （2014）明民初字第337号 
 内蒙古鄂尔多斯市东胜区人民法院 民事判决书 （2014）东民初字第6323号 
 湖南省益阳市赫山区人民法院 民事判决书 （2014）益赫民一初字第905号 
 山东省平度市人民法院 民事判决书 （2014）平民一初字第1071号 
江西省新干县人民法院 民事判决书 （2015）干民初字第1320号
 浙江省安吉县人民法院 民事判决书 （2010）湖安孝民初字第56号 
 济南市长清区人民法院 民事判决书 （2014）长民初字第161号 
 四川省泸州市纳溪区人民法院 民事判决书 （2015）纳溪民初字第254号 
 河南省永城市人民法院 民事判决书 （2014）永民初字第3963号 
甘肃省兰州市西固区人民法院 民事判决书 （2015）西福民初字第289号
 河南省睢县人民法院 民事判决书 （2014）睢民初字第376号 
 湖南省辰溪县人民法院 民事判决书 （2014）辰民一初字第198号 
四川省宣汉县人民法院 民事判决书 （2015）宣汉民初字第1233号
 内蒙古达拉特旗人民法院 民事判决书 （2014）达民初字第896号 
湖南省沅江市人民法院 民事判决书 （2015）沅民一初字第366号
哈尔滨市道里区人民法院 民事判决书 （2015）里发民初字第178号
河南省平舆县人民法院 民事判决书 （2015）平民初字第00897号
 上海市宝山区人民法院 民事判决书 （2014）宝民一（民）初字第6178号 
浙江省仙居县人民法院 民事判决书 （2013）台仙民初字第527号
福建省福州市仓山区人民法院 民事判决书 （2015）仓民初字第114号
