河南省平舆县人民法院 民事判决书 （2015）平民初字第01442号
南通市通州区人民法院 民事判决书 （2015）通潮民初字第00507号
广东省龙门县人民法院 民事判决书 （2014）惠龙法汉民初字第128号
 广西壮族自治区柳州市柳北区人民法院 民事判决书 （2015）北民一初字第106号 
 安徽省阜阳市颍东区人民法院 民事判决书 （2015）东民一初字第00397号 
 云南省盐津县人民法院 民事判决书 （2014）盐民初字第786号 
 湖北省仙桃市人民法院 民事判决书 （2013）鄂仙桃民一初字第01665号 
 江苏省仪征市人民法院 民事判决书 （2014）仪陈民初字第0125号 
 湖南省华容县人民法院 民事判决书 （2015）华民初字第00114号 
 四川省泸州市纳溪区人民法院 民事判决书 （2013）纳溪民初字第1363号 
 宁夏回族自治区中宁县人民法院 民事判决书 （2014）中宁民初字第1360号 
 山东省沂水县人民法院 民事判决书 （2015）沂民初字第98号 
 广西壮族自治区贺州市八步区人民法院 民事判决书 （2014）贺八民一初字第3117号 
贵州省水城县人民法院 民事判决书 （2015）黔水民初字第1816号
 北京市朝阳区人民法院 民事判决书 （2014）朝民初字第10111号 
重庆市江津区人民法院 民事判决书 （2015）津法民初字第07560号
 重庆市铜梁区人民法院 民事判决书 （2014）铜法民初字第05252号 
 安徽省广德县人民法院 民事判决书 （2014）广民一初字第01223号 
 四川省石棉县人民法院 民事判决书 （2014）石棉民初字第1562号 
安徽省临泉县人民法院 民事判决书 （2012）临民一初字第03205号
安徽省界首市人民法院 民事判决书 （2015）界民一初字第01288号
 湖南省长沙市天心区人民法院 民事判决书 （2014）天民初字第560号 
安徽省阜南县人民法院 民事判决书 （2015）南民一初字第01046号
 山东省乳山市人民法院 民事判决书 （2012）乳诸民初字第282号 
 山东省郓城县人民法院 民事判决书 （2013）郓民初字第2016号 
 内蒙古自治区根河市人民法院 民事判决书 （2015）根民初字第146号 
 四川省梓潼县人民法院 民事判决书 （2014）梓民初字第380号 
甘肃省宁县人民法院 民事判决书 （2012）宁民初字第926号
吉林省九台市人民法院 民事判决书 （2015）九民初字第1231号
山东省日照经济技术开发区人民法院 民事判决书 （2015）日开民一初字第755号
四川省眉山市彭山区人民法院 民事判决书 （2015）彭山民初字第1115号
江苏省金坛市人民法院 民事判决书 （2015）坛朱民初字第0217号
 江西省武宁县人民法院 民事判决书 （2014）武民一初字第9号 
 上海市崇明县人民法院 民事判决书 （2015）崇民一（民）初字第2554号 
 福建省南安市人民法院 民事判决书 （2013）南民初字第6676号 
 河南省镇平县人民法院 民事判决书 （2015）镇民初字第0038号 
 四川省乐山市市中区人民法院 民事判决书 （2014）乐中民初字第3519号 
 甘肃省临洮县人民法院 民事判决书 （2014）临民一初字第255号 
 陕西省泾阳县人民法院 民事判决书 （2013）泾民初字第00399号 
 苏州市吴中区人民法院 民事判决书 （2014）吴少民初字第0171号 
 甘肃省临夏县人民法院 民事判决书 （2014）临县民初字第260号 
 江苏省溧阳市人民法院 民事判决书 （2014）溧南民初字第0084号 
 重庆市忠县人民法院 民事判决书 （2014）忠法民初字第01258号 
江苏省句容市人民法院 民事判决书 （2015）句后民初字第0737号
江西省赣县人民法院 民事判决书 （2015）赣民一初字第545号
四川省南部县人民法院 民事判决书 （2015）南民初字第1734号
浙江省苍南县人民法院 民事判决书 （2015）温苍民初字第839号
 安徽省庐江县人民法院 民事判决书 （2015）庐江民一初字第02152号 
 河北省涿州市人民法院 民事判决书 （2015）涿民初字第184号 
 天津市静海县人民法院 民事判决书 （2015）静民初字第1284号 
