 安徽省安庆市大观区人民法院 民事判决书 （2013）观民一初字第00905号 
 广东省紫金县人民法院 民事判决书 （2013）河紫法民一初字第864号 
安徽省东至县人民法院 民事判决书 （2015）东民一初字第01115号
黑龙江省安达市人民法院 民事判决书 （2015）安升民初字第125号
 杞县人民法院 民事判决书 （2014）杞民初字第904号 
 广西壮族自治区马山县人民法院 民事判决书 （2015）马民一初字第84号 
 呼和浩特市赛罕区人民法院 民事判决书 （2014）赛民初字第02270号 
 山东省荣成市人民法院 民事判决书 （2014）荣滕民初字第208号 
 福建省建宁县人民法院 民事判决书 （2015）建民初字第188号 
 福建省霞浦县人民法院 民事判决书 （2014）霞民初字第1号 
山东省单县人民法院 民事判决书 （2010）单民初字第1846号
 江苏省宿迁宿豫区人民法院 民事判决书 （2013）宿豫民初字第0473号 
 吉林省德惠市人民法院 民事判决书 （2014）德民初字第100号 
河南省禹州市人民法院 民事判决书 （2015）禹民一初字第3935号
四川省大邑县人民法院 民事判决书 （2013）大邑民初字第143号
 安徽省霍邱县人民法院 民事判决书 （2015）霍民一初字第00538号 
 安徽省蚌埠市蚌山区人民法院 民事判决书 （2014）蚌山民一初字第00193号 
 湖北省石首市人民法院 民事判决书 （2014）鄂石首民初字第00445号 
 广西壮族自治区陆川县人民法院 民事判决书 （2015）陆民初字第9号 
 江苏省兴化市人民法院 民事判决书 （2013）泰兴临民初字第0877号 
 浙江省乐清市人民法院 民事判决书 （2014）温乐柳民初字第115号 
 湖北省竹山县人民法院 民事判决书 （2014）鄂竹山民初字第00606号 
 云南省会泽县人民法院 民事判决书 （2014）会民初字第995号 
甘肃省永登县人民法院 民事判决书 （2015）永秦民初字第132号
 南京市溧水区人民法院 民事判决书 （2015）溧民初字第726号 
 湖北省武汉市汉阳区人民法院 民事判决书 （2013）鄂汉阳民一初字第00105号 
 广东省佛山市顺德区人民法院 民事判决书 （2014）佛顺法杏民初字第410号 
 山东省邹城市人民法院 民事判决书 （2013）邹民初字第1240号 
 山东省曲阜市人民法院 民事判决书 （2015）曲民初字第3号 
 湖南省益阳市赫山区人民法院 民事判决书 （2014）益赫民一初字第246号 
 广东省台山市人民法院 民事判决书 （2014）江台法水民初字第195号 
 湖北省英山县人民法院 民事判决书 （2014）鄂英山民初字第00976号 
 四川省射洪县人民法院 民事判决书 （2014）射洪民初字第554号 
中华人民共和国 吉林省延边朝鲜族自治州中级人民法院 民事判决书 （2015）延中民三初字第716号
 广西壮族自治区钦州市钦南区人民法院 民事判决书 （2013）钦南民初字第912号 
广西壮族自治区隆安县人民法院 民事判决书 （2015）隆民一初字第168号
河北省满城县人民法院 民事判决书 （2015）满民初字第573号
 江苏省海安县人民法院 民事判决书 （2014）安李民初字第00606号 
 河北省定州市人民法院 民事判决书 （2014）定民初字第1492号 
 山东省宁津县人民法院 民事判决书 （2014）宁民初字第704号 
湖北省石首市人民法院 民事判决书 （2015）鄂石首民初字第00744号
四川省大邑县人民法院 民事判决书 （2013）大邑民初字第954号
山东省莱州市人民法院 民事判决书 （2015）莱州金民初字第135号
 山东省聊城市东昌府区人民法院 民事判决书 （2014）聊东民初字第3495号 
 山东省乳山市人民法院 民事判决书 （2013）乳冯民初字第5号 
 上海市虹口区人民法院 民事判决书 （2014）虹民一（民）初字第1231号 
 南京市栖霞区人民法院 民事判决书 （2013）栖迈民初字第456号 
 重庆市黔江区人民法院 民事判决书 （2014）黔法民初字第01192号 
广东省清远市清新区人民法院 民事判决书 （2015）清新法太民初字第222号
安徽省枞阳县人民法院 民事判决书 （2015）枞民一初字第00231号
