 辽宁省建昌县人民法院 民事判决书 （2015）建民初字第00252号 
 南充市顺庆区人民法院 民事判决书 （2013）顺庆民初字第1719号 
 山东省茌平县人民法院 民事判决书 （2015）茌民一初字第220号 
 濮阳市华龙区人民法院 民事判决书 （2014）华法民初字第4428号 
 内蒙古自治区二连浩特市人民法院 民事判决书 （2014）二民初字第209号 
 兴城市人民法院 民事判决书 （2014）兴沙民初字第01161号 
 江苏省丹阳市人民法院 民事判决书 （2014）丹导民初字第611号 
四川省大英县人民法院 民事判决书 （2015）大英民初字第949号
 广东省东源县人民法院 民事判决书 （2015）河东法蓝民初字第52号 
 安徽省太和县人民法院 民事判决书 （2014）太民一初字第02206号 
 河北省任丘市人民法院 民事判决书 （2014）任民初字第97号 
 河北省成安县人民法院 民事判决书 （2014）成民初字第530号 
安徽省太和县人民法院 民事判决书 （2015）太民一初字第04055号
 江西省德安县人民法院 民事判决书 （2014）德民一初字第262号 
 江西省安远县人民法院 民事判决书 （2012）安民一初字第89号 
重庆市酉阳土家族苗族自治县人民法院 民事判决书 （2015）酉法民初字第00904号
 浙江省嘉善县人民法院 民事判决书 （2008）善西民一初字第83号 
四川省岳池县人民法院 民事判决书 （2015）岳池民初字第2280号
湖南省长沙市望城区人民法院 民事判决书 （2015）望民初字第00816号
吉林省永吉县人民法院 民事判决书 （2015）永民一初字第757号
江苏省无锡市南长区人民法院 民事判决书 （2015）南扬民初字第599号
 青海省湟中县人民法院 民事判决书 （2014）湟民一初字第33号 
 吉林省长岭县人民法院 民事判决书 （2014）长民初字第1979号 
 江苏省苏州市吴江区人民法院 民事判决书 （2014）吴江开民初字第1158号 
 黑龙江省大庆市让胡路区人民法院 民事判决书 （2015）让民初字第35号 
 巴林右旗人民法院 民事判决书 （2014）右民初字第295号 
 湖南省株洲县人民法院 民事判决书 （2014）株县法民一初字第292号 
浙江省嵊州市人民法院 民事判决书 （2012）绍嵊三民初字第17号
 广东省佛山市顺德区人民法院 民事判决书 （2014）佛顺法杏民初字第254号 
山西省稷山县人民法院 民事判决书 （2015）稷民化初字第119号
甘肃省兰州市七里河区人民法院 民事判决书 （2015）七民初字第11151号
 陕西省宜君县人民法院 民事判决书 （2014）宜君民初字第00314号 
 江苏省沭阳县人民法院 民事判决书 （2014）沭开民初字第999号 
西安市新城区人民法院 民事判决书 （2005）新民初字第724号
 河南省民权县人民法院 民事判决书 （2014）民民初字第1092号 
 湖北省老河口市人民法院 民事判决书 （2013）鄂老河口民初字第00160号 
 辽宁省喀喇沁左翼蒙古族自治县人民法院 民事判决书 （2014）喀六民初字第40号 
 河北省定州市人民法院 民事判决书 （2014）定民初字第1922号 
杭州市余杭区人民法院 民事判决书 （2015）杭余余民初字第1394号
 湖南省长沙市岳麓区人民法院 民事判决书 （2013）岳民初字第03113号 
 四川省蓬安县人民法院 民事判决书 （2014）蓬民初字第89号 
河南省鲁山县人民法院 民事判决书 （2015）鲁民初字第2858号
浙江省绍兴市越城区人民法院 民事判决书 （2014）绍越民初字第4055号
 海南省万宁市人民法院 民事判决书 （2014）万民初字第1747号 
 江苏省新沂市人民法院 民事判决书 （2015）新瓦民初字第00036号 
浙江省临安市人民法院 民事判决书 （2012）杭临民初字第492号
 河南省淮阳县人民法院 民事判决书 （2013）淮民初字第00969号 
 安徽省无为县人民法院 民事判决书 （2015）无民一初字第00388号 
 淮安市清浦区人民法院 民事判决书 （2014）浦民初字第3263号 
湖北省大冶市人民法院 民事判决书 （2015）鄂大冶民初字第02626号
