 北京市房山区人民法院 民事判决书 （2014）房民初字第03591号 
 山西省大同市矿区人民法院 民事判决书 （2015）矿民初字第58号 
 广东省高要市人民法院 民事判决书 （2014）肇要法白民初字第38号 
 河南省伊川县人民法院 民事判决书 （2013）伊六民初字第331号 
福建省福鼎市人民法院 民事判决书 （2015）鼎民初字第1303号
 山东省临朐县人民法院 民事判决书 （2014）临民初字第3270号 
 江苏省南通市港闸区人民法院 民事判决书 （2014）港唐民初字第00756号 
 贵州省龙里县人民法院 民事判决书 （2015）龙民初字第112号 
 福建省晋江市人民法院 民事判决书 （2014）晋民初字第6030号 
 贵州省安顺市西秀区人民法院 民事判决书 （2015）西民初字第1323号 
 吉林省永吉县人民法院 民事判决书 （2014）永民一初字第274号 
四川省西充县人民法院 民事判决书 （2014）西充民初字第2647号
 江苏省泰州市海陵区人民法院 民事判决书 （2015）泰海民初字第0007号 
吉林省舒兰市人民法院 民事判决书 （2014）舒民一初字第1397号
 江苏省南通市港闸区人民法院 民事判决书 （2014）港民初字第01062号 
四川省郫县人民法院 民事判决书 （2015）成郫民初字900号
 黑龙江省宝清县人民法院 民事判决书 （2015）清民初字第192号 
 陕西省乾县人民法院 民事判决书 （2013）乾民初字第00861号 
 湖南省嘉禾县人民法院 民事判决书 （2015）嘉民一初字第180号 
 安徽省芜湖市三山区人民法院 民事判决书 （2015）三民一初字第00386号 
四川省资阳市雁江区人民法院 民事判决书 （2015）雁江民初字第3230号
 云南省弥渡县人民法院 民事判决书 （2015）弥民初字第154号 
 安徽省阜阳市颍州区人民法院 民事判决书 （2015）州民一初字第0642号 
四川省高县人民法院 民事判决书 （2015）宜高民初字第809号
 福建省福安市人民法院 民事判决书 （2013）安民初字第3682号 
 重庆市北碚区人民法院 民事判决书 （2013）碚法民初字第07641号 
 福建省连城县人民法院 民事判决书 （2014）连民初字第906号 
河南省商城县人民法院 民事判决书 （2015）商民初字第346号
 四川省江安县人民法院 民事判决书 （2015）江安民初字第765号 
山东省滨州市滨城区人民法院 民事判决书 （2015）滨民一初字第790号
浙江省临海市人民法院 民事判决书 （2014）台临民初字第2334号
苏州市吴中区人民法院 民事判决书 （2015）吴少民初字第246号
长春高新技术产业开发区人民法院 民事判决书 （2015）长高开民初字第994号
 河南省栾川县人民法院 民事判决书 （2014）栾民初字第373号 
阳原县人民法院 民事判决书 （2015）阳民初字第514号
 福建省南安市人民法院 民事判决书 （2013）南民初字第6294号 
嘉兴市秀洲区人民法院 民事判决书 （2015）嘉秀民初字第461号
 贵州省遵义县人民法院 民事判决书 （2015）遵县法民初字第1600号 
陕西省洛南县人民法院 民事判决书 （2015）洛南民初字第00689号
北京市石景山区人民法院 民事判决书 （2015）石民初字第4990号
 湖南省桃源县人民法院 民事判决书 （2013）桃民初字第1121号 
 四川省渠县人民法院 民事判决书 （2014）达渠民初字第280号 
 东营市东营区人民法院 民事判决书 （2014）东民初字第902号 
 山东省冠县人民法院 民事判决书 （2015）冠民初字第100号 
 重庆市合川区人民法院 民事判决书 （2015）合法民初字第02499号 
 四川省合江县人民法院 民事判决书 （2012）合江民初字第1216号 
 广西壮族自治区融安县人民法院 民事判决书 （2013）融民一初字第638号 
 福建省福安市人民法院 民事判决书 （2014）安民初字第2407号 
河南省许昌县人民法院 民事判决书 （2015）许县灵民初字第273号
 浙江省天台县人民法院 民事判决书 （2014）台天民初字第1039号 
