西安市高陵区人民法院 民事判决书 （2015）高民初字第01044号
 广西壮族自治区宜州市人民法院 民事判决书 （2014）宜民初字第1522号 
河北省迁西县人民法院 民事判决书 （2015）迁民初字第2030号
 湖北省武汉市洪山区人民法院 民事判决书 鄂洪山民初字第00399号 
 山东省泗水县人民法院 民事判决书 （2014）泗民初字第812号 
 河南省范县人民法院 民事判决书 （2010）范民初字第00151号 
 重庆市垫江县人民法院 民事判决书 （2015）垫法民初字第01128号 
 福建省连城县人民法院 民事判决书 （2014）连民初字第767号 
安徽省定远县人民法院 民事判决书 （2015）定民一初字第02251号
 宁夏回族自治区西吉县人民法院 民事判决书 （2014）西民初字第412号 
安徽省霍邱县人民法院 民事判决书 （2015）霍民一初字第01975号
 江苏省南京市高淳区人民法院 民事判决书 （2013）高漆民初字第280号 
山东省临沂市兰山区人民法院 民事判决书 （2015）临兰民初字第6365号
 湖北省武汉市江夏区人民法院 民事判决书 （2014）鄂江夏金民初字第00196号 
 吉林省通化县人民法院 民事判决书 （2015）通民初字第165号 
 湖北省武汉市青山区人民法院 民事判决书 （2015）鄂青山民一初字第00215号 
河北省曲周县人民法院 民事判决书 （2015）曲民初字第00301号
 四川省仪陇县人民法院 民事判决书 （2015）仪民初字第1075号 
巴中市巴州区人民法院 民事判决书 （2015）巴州民初字第2455号
 宁夏回族自治区吴忠市红寺堡区人民法院 民事判决书 （2014）吴红民初字第849号 
 四川省南江县人民法院 民事判决书 （2015）南民初字第913号 
江苏省金湖县人民法院 民事判决书 （2015）金宝民初字第00369号
 陕西省泾阳县人民法院 民事判决书 （2014）泾民初字第01282号 
 山东省高唐县人民法院 民事判决书 （2014）高民一初字第186号 
 广西壮族自治区博白县人民法院 民事判决书 （2014）博民初字第1848号 
 重庆市武隆县人民法院 民事判决书 （2015）武法民初字第01438号 
 北京市丰台区人民法院 民事判决书 （2015）丰民初字第01183号 
 广东省徐闻县人民法院 民事判决书 （2013）湛徐法海民初字第159号 
 襄阳市襄州区人民法院 民事判决书 （2014）鄂襄州程河民初字第00083号 
 四川省阆中市人民法院 民事判决书 （2014）阆民初字第3755号 
四川省自贡市贡井区人民法院 民事判决书 （2015）贡井民一初字第381号
 广东省汕头市潮南区人民法院 民事判决书 （2014）汕南法民一初字第25号 
重庆市铜梁区人民法院 民事判决书 （2015）铜法民初字第03017号
 贵州省安顺市西秀区人民法院 民事判决书 （2014）西民初字第520号 
 浙江省瑞安市人民法院 民事判决书 （2012）温瑞陶民初字第164号 
 辽宁省昌图县人民法院 民事判决书 （2015）昌民三初字第00362号 
 北京市西城区人民法院 民事判决书 （2013）西民初字第18959号 
 广东省东莞市第二人民法院 民事判决书 （2014）东二法虎民一初字第799号 
浙江省新昌县人民法院 民事判决书 （2010）绍新聚民初字第38号
 浙江省嘉善县人民法院 民事判决书 （2014）嘉善西民初字第33号 
 邯郸市峰峰矿区人民法院 民事判决书 （2013）峰民初字第2375号 
 河南省宝丰县人民法院 民事判决书 （2014）宝民初字第935号 
 安徽省颍上县人民法院 民事判决书 （2015）颍民一初字第00250号 
 广东省深圳市宝安区人民法院 民事判决书 （2013）深宝法观民初字第507号 
 山东省沂南县人民法院 民事判决书 （2014）沂南民初字第1522号 
 广西壮族自治区灵川县人民法院 民事判决书 （2014）灵民初字第1046号 
广西壮族自治区南宁市江南区人民法院 民事判决书 （2014）江民一初字第506号
 江苏省泗洪县人民法院 民事判决书 （2014）洪民初字2244号 
安徽省望江县人民法院 民事判决书 （2015）望民一初字第01132号
南京市六合区人民法院 民事判决书 （2012）六东民初字第1180号
