淮安市淮阴区人民法院 民事判决书 （2015）淮民初字第01264号
 安徽省砀山县人民法院 民事判决书 （2014）砀民一初字第00471号 
 台州市椒江区人民法院 民事判决书 （2014）台椒民初字第2007号 
 内蒙古科尔沁左翼中旗人民法院 民事判决书 （2014）左民初字第830号 
天津市河东区人民法院 民事判决书 （2015）东民初字第2081号
 江苏省句容市人民法院 民事判决书 （2015）句后民初字第0191号 
 福建省福安市人民法院 民事判决书 （2013）安民初字第2800号 
湖北省石首市人民法院 民事判决书 （2014）鄂石首民初字第00659号
 河北省安新县人民法院 民事判决书 （2014）安民初字第738号 
 湖北省恩施市人民法院 民事判决书 （2014）鄂恩施民初字第01606号 
湖南省常德市鼎城区人民法院 民事判决书 （2013）常鼎民初字第01790号
安徽省亳州市谯城区人民法院 民事判决书 （2015）谯民一初字第03304号
 广西壮族自治区玉林市福绵区人民法院 民事判决书 （2015）福民一初字第130号 
 江苏省海门市人民法院 民事判决书 （2014）门包民初字第0244号 
 福建省福鼎市人民法院 民事判决书 （2014）鼎民初字第1585号 
广西壮族自治区宾阳县人民法院 民事判决书 （2015）宾民一初字第324号
 浙江省三门县人民法院 民事判决书 （2013）台三健民初字第68号 
 重庆市綦江区人民法院 民事判决书 （2014）綦法民初字第05525号 
 四川省渠县人民法院 民事判决书 （2013）达渠民初字第1272号 
山东省肥城市人民法院 民事判决书 （2015）肥民初字第3357号
 安徽省淮南市八公山区人民法院 民事判决书 （2013）八民一初字第00007号 
 湖南省衡南县人民法院 民事判决书 （2014）南法花民一初字第9号 
 河南省舞阳县人民法院 民事判决书 （2014）舞民初字第696号 
 广西壮族自治区容县人民法院 民事判决书 （2014）容民初字第846号 
 四川省梓潼县人民法院 民事判决书 （2014）梓民初字第559号 
 山东省菏泽市牡丹区人民法院 民事判决书 （2014）菏牡民初字第3450号 
 山东省东阿县人民法院 民事判决书 （2012）东民初字第293号 
 浙江省文成县人民法院 民事判决书 （2015）温文南民初字第76号 
 安徽省宿州市埇桥区人民法院 民事判决书 （2014）宿埇民一初字第02272号 
 辽宁省朝阳县人民法院 民事判决书 （2015）朝县民三初字第315号 
安徽省寿县人民法院 民事判决书 （2015）寿民一初字第01180号
江苏省东海县人民法院 民事判决书 （2015）连东双民初字第00701号
 河北省保定市唐县人民法院 民事判决书 （2014）唐民初字第718号 
重庆市万州区人民法院 民事判决书 （2015）万法民初字第08938号
 四川省遂宁市船山区人民法院 民事判决书 （2015）船山民初字第303号 
 云南省师宗县人民法院 民事判决书 （2015）师民初字第113号 
山东省聊城市东昌府区人民法院 民事判决书 （2015）聊东民初字第3735号
 杭州市滨江区人民法院 民事判决书 （2012）杭滨民初字第292号 
宁夏回族自治区彭阳县人民法院 民事判决书 （2015）彭民初字第1525号
 福建省晋江市人民法院 民事判决书 （2014）晋民初字第7071号 
 浙江省瑞安市人民法院 民事判决书 （2013）温瑞塘民初字第107号 
 湖北省江陵县人民法院 民事判决书 （2015）鄂江陵民初字第00187号 
 南京市浦口区人民法院 民事判决书 （2015）浦民初字第133号 
四川省宣汉县人民法院 民事判决书 （2015）宣汉民初字第1198号
 新疆维吾尔自治区阜康市人民法院 民事判决书 （2014）阜民初字第1196号 
陕西省镇安县人民法院 民事判决书 （2011）镇民初字第00022号
 山东省肥城市人民法院 民事判决书 （2014）肥民初字第3142号 
重庆市渝北区人民法院 民事判决书 （2015）渝北法民初字第02944号
 河南省南阳市卧龙区人民法院 民事判决书 （2014）宛龙潦民初字第262号 
 甘肃省张掖市甘州区人民法院 民事判决书 （2013）甘民初字第692号 
