 任某与谭某离婚纠纷一案一审民事判决书 山东省平原县人民法院 民事判决书 （2014）平民初字第564号 
 福建省明溪县人民法院 民事判决书 （2014）明少民初字第138号 
湖北省长阳土家族自治县人民法院 民事判决书 （2015）鄂长阳少民初字第00049号
 湖北省鄂州市鄂城区人民法院 民事判决书 （2014）鄂鄂城民初字第00340号 
 福建省福清市人民法院 民事判决书 （2013）融民初字第2288号 
 湖南省石门县人民法院 民事判决书 （2013）石民三初字第160号 
 淮安市淮阴区法院 民事判决书 （2015）淮小民初字第00043号 
 辽宁省盘山县人民法院 民事判决书 （2014）盘县民一初字第00175号 
 山东省费县人民法院 民事判决书 （2015）费民初字第1434号 
 广西壮族自治区鹿寨县人民法院 民事判决书 （2015）鹿民一初字第155号 
 西安市临潼区人民法院 民事判决书 （2014）临民初字第01364号 
 重庆市奉节县人民法院 民事判决书 （2014）奉法民初字第00117号 
阳朔县人民法院 民事判决书 （2015）阳民初字第1093号
安徽省定远县人民法院 民事判决书 （2015）定民一初字第03339号
 陕西省咸阳市秦都区人民法院 民事判决书 （2011）咸秦民初字第00553号 
 福建省仙游县人民法院 民事判决书 （2015）仙民初字第1951号 
 山东省滨州市滨城区人民法院 民事判决书 （2014）滨民一初字第361号 
安徽省淮南市八公山区人民法院 民事判决书 （2015）八民一初字第00780号
 陕西省富县人民法院 民事判决书 （2014）富民初字第00050号 
安徽省舒城县人民法院 民事判决书 （2014）舒民一初字第01486号
 山西省河津市人民法院 民事判决书 （2014）河民初字第1247号 
 山东省即墨市人民法院 民事判决书 （2013）即民初字第2523号 
 陕西省岚皋县人民法院 民事判决书 （2015）岚民初字第00106号 
 湖南省永兴县人民法院 民事判决书 （2014）永民初字第1185号 
江苏省泰州市姜堰区人民法院 民事判决书 （2014）泰姜民初字第02018号
 山东省济宁市兖州区人民法院 民事判决书 （2014）兖民初字第1388号 
 山西省方山县人民法院 民事判决书 （2014）方民初字第134号 
 安徽省广德县人民法院 民事判决书 （2014）广民一初字第00025号 
 湖南省邵阳市大祥区人民法院 民事判决书 （2015）大民初字第209号 
 湖南省津市市人民法院 民事判决书 （2014）津民一初字第511号 
 江苏省句容市人民法院 民事判决书 （2014）句后民初字第1208号 
 广西壮族自治区全州县人民法院 民事判决书 （2014）全民初字第1178号 
 四川省威远县人民法院 民事判决书 （2015）威民初字第493号 
 甘肃省合水县人民法院 民事判决书 （2015）合民初字第41号 
 浙江省临海市人民法院 民事判决书 （2013）台临民初字第2927号 
 上海市宝山区人民法院 民事判决书 （2015）宝民一（民）初字第3191号 
安徽省肥东县人民法院 民事判决书 （2015）肥东民一初字第02343号
 河北省清苑县人民法院 民事判决书 （2014）清民初字第243号 王荣珍，女，汉族，1980年9月2日出生，农民，住清苑县北店乡中林水村。 李海清，男，汉族，1976年11月17日出生，农民，住清苑县北店乡中林水村。 
 广东省连州市人民法院 民事判决书 （2015）清连法民一初字第101号 
 西安市灞桥区人民法院 民事判决书 （2013）灞民初字第00663号 
 北京市通州区人民法院 民事判决书 （2013）通民初字第17380号 
 海口市龙华区人民法院 民事判决书 （2013）龙民一初字第2563号 
 湖南省辰溪县人民法院 民事判决书 （2014）辰民一初字第363号 
 安阳县人民法院 民事判决书 （2014）安民初字第01345号 
甘肃省甘谷县人民法院 民事裁定书 （2015）谷民初字第1088号
 湖南省南县人民法院 民事判决书 （2014）南法民二初字第602号 
 安徽省宿松县人民法院 民事判决书 （2015）松民一初字第00658号 
 广东省汕头市濠江区人民法院 民事判决书 （2014）汕濠法河民初字第5号 
山东省梁山县人民法院 民事判决书 （2015）梁民初字第1016号
 浙江省绍兴市越城区人民法院 民事判决书 （2012）绍越民初字第4287号 
