 福建省厦门市思明区人民法院 民事判决书 （2014）思民初字第15117号 
 陕西省平利县人民法院 民事判决书 （2014）平民初字第00279号 
 福建省德化县人民法院 民事判决书 （2014）德民初字第222号 
 内蒙古自治区乌拉特前旗人民法院 民事判决书 （2014）乌前民初字第181号 
 湖北省安陆市人民法院 民事判决书 （2015）鄂安陆民初字第00180号 
 河北省河间市人民法院 民事判决书 （2015）河民初字第1869号 
 贵州省独山县人民法院 民事判决书 （2014）独民初字第460号 
 湖北省钟祥市人民法院 民事判决书 （2014）鄂钟祥胡民一初字第00041号 
 河北省永年县人民法院 民事判决书 （2015）永民初字第710号 
 河南省内黄县人民法院 民事判决书 （2014）内东民初字第249号 
 陕西省洋县人民法院 民事判决书 （2014）洋民初字第00360号 
 重庆市梁平县人民法院 民事判决书 （2014）梁法民初字第03103号 
 山东省利津县人民法院 民事判决书 （2014）利民初字第277号 
 湖北省公安县人民法院 民事判决书 （2015）鄂公安民初字第00565号 
安徽省郎溪县人民法院 民事判决书 （2015）郎民一初字第00161号
 甘肃省环县人民法院 民事判决书 （2015）环民初字第1126号 
安徽省涡阳县人民法院 民事判决书 （2015）涡民一初字第01741号
 四川省遂宁市船山区人民法院 民事判决书 （2015）船山民初字第1526号 
 湖州市吴兴区人民法院 民事判决书 （2013）湖吴织民初字第162号 
重庆市万州区人民法院 民事判决书 （2013）万法民初字第06921号
 内蒙古科尔沁左翼后旗人民法院 民事判决书 （2014）后民初字第2399号 
 广东省广州市南沙区人民法院 民事判决书 （2014）穗南法万民初字第328号 
 山东省临清市人民法院 民事判决书 （2015）临民一初字第415号 
 浙江省慈溪市人民法院 民事判决书 （2015）甬慈浒民初字第22号 
 福建省福州市台江区人民法院 民事判决书 （2014）台民初字第904号 
 浙江省兰溪市人民法院 民事判决书 （2012）金兰黄民初字第58号 
江苏省常州市武进区人民法院 民事判决书 （2014）武少民初字第267号
安徽省青阳县人民法院 民事判决书 （2014）青民一初字第00751号
广东省揭阳市榕城区人民法院 民事判决书 （2013）揭榕法民一初字第153号
 山东省龙口市人民法院 民事判决书 （2013）龙龙民初字第373号 
山东省莱西市人民法院 民事判决书 （2014）西少民初字第245号
 河北省安国市人民法院 民事判决书 （2014）安民初字第8109号 
 广东省广州市花都区人民法院 民事判决书 （2014）穗花法民一初字第6364号 
 山东省莒南县人民法院 民事判决书 （2014）莒坪民初字第161号 
 上海市宝山区人民法院 民事判决书 （2014）宝民一（民）初字第2753号 
江苏省东海县人民法院 民事判决书 （2015）连东双民初字第00289号
 贵州省沿河土家族自治县人民法院 民事判决书 （2015）沿民初字第278号 
云南省沾益县人民法院 民事判决书 （2015）沾民初字第352号
 辽宁省黑山县人民法院 民事判决书 （2014）黑黑民初字第00005号 
 江苏省大丰市人民法院 民事判决书 （2014）大民初字第0912号 
福建省宁德市蕉城区人民法院 民事判决书 （2015）蕉民初字第983号
 山西省孝义市人民法院 民事判决书 （2015）孝民初字第419号 
湖北省崇阳县人民法院 民事判决书 （2015）鄂崇阳民初字第1791号
安徽省阜阳市颍东区人民法院 民事判决书 （2015）东民一初字第00382号
 青海省大通回族土族自治县人民法院 民事判决书 （2015）大城民初字第390号 
 湖北省洪湖市人民法院 民事判决书 （2014）鄂洪湖民初字第01282号 
 安徽省芜湖县人民法院 民事判决书 （2014）芜民一初字第00014号 
 山东省鄄城县人民法院 民事判决书 （2015）鄄民初字第705号 
 陕西省周至县人民法院 民事判决书 （2012）周民初字第01090号 
 甘肃省岷县人民法院 民事判决书 （2014）岷闾民初字第0093号 
