 湖北省武穴市人民法院 民事判决书 （2015）鄂武穴民初字第00372号 
 湖南省安化县人民法院 民事判决书 （2014）安法民一初字第376号 
 浙江省海盐县人民法院 民事判决书 （2013）嘉盐民初字第1522号 
安徽省临泉县人民法院 民事判决书 （2013）临民一初字第00925号
山东省冠县人民法院 民事判决书 （2015）冠民初字第1238号
 安徽省界首市人民法院 民事判决书 （2015）界民一初字第00585号 
甘肃省渭源县人民法院 民事判决书 （2015）渭民一初字第0383号
 山东省郯城县人民法院 民事判决书 （2014）郯民初字第3471号 
安徽省庐江县人民法院 民事判决书 （2015）庐江民一初字第03079号
 南京市六合区人民法院 民事判决书 （2014）六少民初字第341号 
 河南省虞城县人民法院 民事判决书 （2015）虞民初字第418号 
 湖北省宣恩县人民法院 民事判决书 （2014）鄂宣恩民初字第00765号 
 湖北省宜城市人民法院 民事判决书 （2015）鄂宜城民郑初字第00059号 
 山东省菏泽市牡丹区人民法院 民事判决书 （2014）菏牡民初字第1294号 
 南通市通州区人民法院 民事判决书 （2014）通潮民初字第0261号 
河南省夏邑县人民法院 民事判决书 （2015）夏民初字第01505号
四川省中江县人民法院 民事判决书 （2015）中江民初字第633号
陕西省略阳县人民法院 民事判决书 （2015）略民初字第00489号
陕西省咸阳市秦都区人民法院 民事判决书 （2015）秦民初字第02730号
 四川省内江市市中区人民法院 民事判决书 （2014）内中民初字第993号 
 辽宁省桓仁满族自治县人民法院 民事判决书 （2015）桓民二初字第00332号 
 湖南省辰溪县人民法院 民事判决书 （2014）辰民一初字第164号 
 中华人民共和国 浙江省温州市瓯海区人民法院 民事判决书 （2013）温瓯民初字第79号 
湖北省麻城市人民法院 民事判决书 （2015）鄂麻城民一初字第01394号
 山东省曹县人民法院 民事判决书 （2013）曹民初字第2526号 
云南省盐津县人民法院 民事判决书 （2015）盐民初字第917号
安徽省泗县人民法院 民事判决书 （2015）泗民一初字第01921号
 湖南省长沙市岳麓区人民法院 民事判决书 （2014）岳坪民初字第00731号 
云南省盐津县人民法院 民事判决书 （2015）盐民初字第1063号
 湖南省浏阳市人民法院 民事判决书 （2014）浏民初字第191号 
广东省深圳市盐田区人民法院 民事判决书 （2015）深盐法民一初字第378号
 贵州省仁怀市人民法院 民事判决书 （2014）仁民初字第1922号 
 陕西省洋县人民法院 民事判决书 （2015）洋民初字第00172号 
 河南省唐河县人民法院 民事判决书 （2014）唐民一初字第1872号 
 四川省绵阳市涪城区人民法院 民事判决书 （2014）涪民初字第6757号 
山东省东明县人民法院 民事判决书 （2014）东民初字第1096号
广东省郁南县人民法院 民事判决书 （2015）云郁法民初字第855号
 贵州省福泉市人民法院 民事判决书 （2014）福民初字第54号 
 河南省唐河县人民法院 民事判决书 （2015）唐民一初字第10号 
 湖南省安化县人民法院 民事判决书 （2014）安法民一初字第898号 
 南京市六合区人民法院 民事判决书 （2014）六民初字第930号 
 河北省任丘市人民法院 民事判决书 （2015）任民初字第169号 
 广西壮族自治区全州县人民法院 民事判决书 （2014）全民初字第849号 
 湖北省赤壁市人民法院 民事判决书 （2014）鄂赤壁民初字第00971号 
河南省确山县人民法院 民事判决书 （2015）确少民初字第00403号
江苏省睢宁县人民法院 民事判决书 （2015）睢魏民初字第0101号
 湖州市吴兴区人民法院 民事判决书 （2014）湖吴织民初字第285号 
 河北省魏县人民法院 民事判决书 （2014）魏民初字第00601号 
 江西省玉山县人民法院 民事判决书 （2015）玉民一初字第851号 
 贵州省岑巩县人民法院 民事判决书 （2014）岑民初字第125号 
