河北省保定市唐县人民法院 民事判决书 （2015）唐民初字893号
重庆市酉阳土家族苗族自治县人民法院 民事判决书 （2015）酉法民初字第02839号
 河北省涞源县人民法院 民事判决书 （2013）涞民初字第321号 
 四川省西充县人民法院 民事判决书 （2014）西充民初字第1564号 
 山东省单县人民法院 民事判决书 （2013）单民初字第363号 
 杭州经济技术开发区人民法院 民事判决书 （2014）杭经开民初字第270号 
 山东省邹平县人民法院 民事判决书 （2014）邹民初字第953号 
黑龙江省嫩江县人民法院 民事判决书 （2015）嫩民初字第642号
 浙江省瑞安市人民法院 民事判决书 （2011）温瑞民初字第3288号 
 濮阳市华龙区人民法院 民事判决书 （2014）华法民初字第4494号 
浙江省临海市人民法院 民事判决书 （2010）台临民初字第544号
 江苏省扬州市广陵区人民法院 民事判决书 （2014）扬广民初字第1347号 
 福建省福鼎市人民法院 民事判决书 （2014）鼎民初字第1997号 
 湖南省益阳市资阳区人民法院 民事判决书 （2014）资民一初字第686号 
 河北省乐亭县人民法院 民事判决书 （2011）乐民初字第1072号 
 江苏省镇江市润州区人民法院 民事判决书 （2015）润少民初字第00090号 
浙江省天台县人民法院 民事判决书 （2010）台天民初字第385号
 南京市溧水区人民法院 民事判决书 （2015）溧民初字第224号 
 贵州省威宁彝族回族苗族自治县人民法院 民事判决书 （2014）黔威民初字第2951号 
 安徽省池州市贵池区人民法院 民事判决书 （2014）贵民一初字第02654号 
 九江市浔阳区人民法院 民事判决书 （2014）浔民一初字第360号 
 湖北省武穴市人民法院 民事判决书 （2014）鄂武穴民初字第00385号 
内蒙古自治区喀喇沁旗人民法院 民事判决书 （2015）喀民初字第1350号
 重庆市奉节县人民法院 民事判决书 （2014）奉法民初字第00276号 
 甘肃省岷县人民法院 民事判决书 （2015）岷梅民初字第37号 
湖南省新田县人民法院 民事判决书 （2015）新法民一初字第668号
来宾市兴宾区人民法院 民事判决书 （2015）兴民初字第2429号
 山东省梁山县人民法院 民事判决书 （2014）梁民初字第1835号 
 福建省泉州市丰泽区人民法院 民事判决书 （2015）丰民初字第196号 
 南充市顺庆区人民法院 民事判决书 （2014）顺庆民初字第1497号 
 广东省徐闻县人民法院 民事判决书 （2014）湛徐法民一初字第123号 
 陕西省富平县人民法院 民事判决书 （2014）富平民初字第01007号 
 山东省淄博市淄川区人民法院 民事判决书 （2014）川民初字第3397号 
 浙江省绍兴县人民法院 民事判决书 （2010）绍钱民初字第852号 
 贵州省仁怀市人民法院 民事判决书 （2015）仁民初字第239号 
山东省菏泽市牡丹区人民法院 民事判决书 （2013）菏牡民初字第183号
济南市历城区人民法院 民事判决书 （2015）历城民初字第842号
 福建省尤溪县人民法院 民事判决书 （2015）尤民初字第564号 
 福建省永春县人民法院 民事判决书 （2015）永民初字第518号 
云南省楚雄市人民法院 民事判决书 （2015）楚民初字第2495号
河南省虞城县人民法院 民事判决书 （2015）虞民初字第2148号
 湖南省武冈市人民法院 民事判决书 （2014）武法民初字第1341号 
江苏省东海县人民法院 民事判决书 （2015）连东房民初字第00325号
河北省景县人民法院 民事判决书 （2014）景民一初字第6号
内蒙古自治区巴林左旗人民法院民事判决书 （2015）巴民初字第4441号
 江西省奉新县人民法院 民事判决书 （2014）奉民一初字第163号 
陕西省城固县人民法院 民事判决书 （2015）城民初字第01007号
 湖南省城步苗族自治县人民法院 民事判决书 （2013）城民初字第304号 
 四川省广元市利州区人民法院 民事判决书 （2015）广利州民初字第816号 
 湖南省华容县人民法院 民事判决书 （2015）华民初字第00385号 
