四川省内江市东兴区人民法院 民事判决书 （2015）内东民初字第1929号
 南京市雨花台区人民法院 民事判决书 （2014）雨铁民初字第261号 
 河北省唐山市古冶区人民法院 民事判决书 （2012）古民初字第138号 
浙江省德清县人民法院 民事判决书 （2015）湖德武民初字第235号
 湖南省安化县人民法院 民事判决书 （2015）安法民一初字第528号 
 安徽省怀宁县人民法院 民事判决书 （2014）怀民一初字第00373号 
 黑龙江省巴彦县人民法院 民事判决书 （2015）巴民一民初字第329号 
 湖北省鄂州市鄂城区人民法院 民事判决书 （2014）鄂鄂城民初字第00854号 
 浙江省嘉善县人民法院 民事判决书 （2010）嘉善民初字第1725号 
 抚宁县人民法院 民事判决书 （2014）抚民一初字第123号 
 包头市东河区人民法院 民事判决书 （2014）包东民初字第1483号 
浙江省仙居县人民法院 民事判决书 （2010）台仙民初字第470号
 河南省漯河市郾城区人民法院 民事判决书 （2014）郾民初字第01728号 
 石家庄市新华区人民法院 民事判决书 （2013）新民三初字第1号 
 湖北省谷城县人民法院 民事判决书 （2014）鄂谷城民四初字第000051号 
江西省九江县人民法院 民事判决书 （2015）九民一初字第400号
湖南省某某县人民法院 民事判决书 （2015）湘民一初字第794号
 江苏省句容市人民法院 民事判决书 （2014）句蜀民初字第338号 
 甘肃省山丹县人民法院 民事判决书 （2015）山民初字第1268号 
湖北省枣阳市人民法院 民事判决书 （2015）鄂枣阳兴民初字第00053号
 天津市宝坻区人民法院 民事判决书 （2015）宝民初字第1984号 
 湖南省安乡县人民法院 民事判决书 （2014）安民初字第1355号 
 重庆市南川区人民法院 民事判决书 （2014）南川法民初字第00479号 
 呼和浩特市赛罕区人民法院 民事判决书 （2014）赛民初字第00436号 
 山东省海阳市人民法院 民事判决书 （2012）海民初字第1836号 
济南市天桥区人民法院 民事判决书 （2014）天民四初字第204号
徐州市云龙区人民法院 民事判决书 （2015）云民初字第2920号
 江苏省滨海县人民法院 民事判决书 （2014）滨民初字第1047号 
 河南省永城市人民法院 民事判决书 （2015）永民初字第2561号 
 江苏省宝应县人民法院 民事判决书 （2014）宝民初字第76号 
 安徽省枞阳县人民法院 民事判决书 （2014）枞民一初字第01016号 
 河北省满城县人民法院 民事判决书 （2014）满民初字第144号 
徐州市铜山区人民法院 民事判决书 （2015）铜郑民初字第239号
 湖北省天门市人民法院 民事判决书 （2014）鄂天门民初字第01011号 
 江苏省金坛市人民法院 民事判决书 （2014）坛民初字第0353号 
福建省南安市人民法院 民事判决书 （2015）南民初字第4208号
 四川省广元市朝天区人民法院 民事判决书 （2014）朝天民初字第206号 
 江西省武宁县人民法院 民事判决书 （2014）武民一初字第236号 
安阳县人民法院 民事判决书 （2012）安吕民初字第206号
 湖北省竹溪县人民法院 民事判决书 （2014）鄂竹溪民初字第00303号 
 安徽省淮南市八公山区人民法院 民事判决书 （2015）八民一初字第00038号 
 山东省鄄城县人民法院 民事判决书 （2014）鄄民初字第797号 
 贵州省遵义县人民法院 民事判决书 （2014）遵县法民初字第2151号 
 黑龙江省哈尔滨市南岗区人民法院 民事判决书 （2015）南民一民初字第80号 
四平市铁东区人民法院 民事判决书 （2015）东四民初字第170号
西安市灞桥区人民法院 民事判决书 （2015）灞民初字第02859号
 山东省淄博市张店区人民法院 民事判决书 （2014）张民初字第961号 
浙江省泰顺县人民法院 民事判决书 （2011）温泰雅民初字第10号
 浙江省瑞安市人民法院 民事判决书 （2013）温瑞塘民初字第144号 
 黑龙江省逊克县人民法院 民事判决书 （2015）逊民初字第95号 
