 呼和浩特市新城区人民法院 民事判决书 （2013）新民四初字第690号 
浙江省苍南县人民法院 民事判决书 （2010）温苍民初字第1273号
 陕西省石泉县人民法院 民事判决书 （2015）石民初字第00113号 
 湖南省永州市冷水滩区人民法院 民事判决书 （2014）永冷民初字第1681号 
敖汉旗人民法院 民事判决书 （2015）敖民初字第1125号
 黑龙江省海伦市人民法院 民事判决书 （2014）海民初字第172号 
 河北省高阳县人民法院 民事判决书 （2013）高民初字第371号 
 湖南省芷江侗族自治县人民法院 民事判决书 （2014）芷民一初字第151号 
河南省商城县人民法院 民事判决书 （2013）商民初字第226号
 河南省泌阳县人民法院 民事判决书 （2014）泌民初字第1601号 
安徽省芜湖市弋江区人民法院 民事判决书 （2015）弋民一初字第00773号
 河北省冀州市人民法院 民事判决书 （2014）冀民一初字第546号 
 台州市椒江区人民法院 民事判决书 （2014）台椒民初字第537号 
 上海市黄浦区人民法院 民事判决书 （2014）黄浦民一（民）初字第1602号 
 湖北省黄梅县人民法院 民事判决书 （2014）鄂黄梅民初字第01199号 
山东省临沂市兰山区人民法院 民事判决书 （2014）临兰民初字第3242号
 贵州省天柱县人民法院 民事判决书 （2014）天民初字第349号 
 河北省定州市人民法院 民事判决书 （2015）定民初字第786号 
河北省涿州市人民法院 民事判决书 （2015）涿民初字第1101号
 云南省嵩明县人民法院 民事判决书 （2014）嵩民初字第00527号 
 四川省渠县人民法院 民事判决书 （2014）达渠民初字第565号 
 上海市崇明县人民法院 民事判决书 （2014）崇民一（民）初字第7061号 
 江西省乐平市人民法院 民事判决书 （2014）乐接民初字第171号 
安徽省肥东县人民法院 民事判决书 （2012）肥东民一初字第1379号
 浙江省杭州市余杭区人民法院 民事判决书 （2011）杭余民初字第1349号 
 浙江省临海市人民法院 民事判决书 （2013）台临民初字第3385号 
 上海市松江区人民法院 民事判决书 （2015）松民一（民）初字第811号 
 河北省广宗县人民法院 民事判决书 （2014）广民一初字第264号 
安徽省淮北市相山区人民法院 民事判决书 （2015）相民一初字第01090号
 云南省永仁县人民法院 民事判决书 （2014）永民初字第107号 
 山东省博兴县人民法院 民事判决书 （2014）博民初字第1085号 
 重庆市大渡口区人民法院 民事判决书 （2014）渡法民初字第01130号 
 江苏省丰县人民法院 民事判决书 （2014）丰顺民初字第0577号 
 福建省莆田市秀屿区人民法院 民事判决书 （2014）秀民初字第1579号 
 甘肃省临泽县人民法院 民事判决书 （2014）临民初字第605号 
福建省浦城县人民法院 民事判决书 （2015）浦民初字第179号
 镇江市润州区人民法院 民事判决书 （2013）润少民初字第0224号 
 甘肃省合水县人民法院 民事判决书 （2014）合民初字第375号 
 浙江省瑞安市人民法院 民事判决书 （2015）温瑞马民初字第44号 
 福建省泉州市泉港区人民法院 民事判决书 （2014）港民初字第860号 
 北京市石景山区人民法院 民事判决书 （2014）石民初字第388号 
 贵州省普安县人民法院 民事判决书 （2015）普民初字第427号 
 四川省岳池县人民法院 民事判决书 （2014）岳池民初字第15号 
 金华市婺城区人民法院 民事判决书 （2014）金婺汤民初字第207号 
湖州市吴兴区人民法院 民事判决书 （2011）湖吴埭民初字第7号
 福建省将乐县人民法院 民事判决书 （2014）将少民初字第83号 
云南省盐津县人民法院 民事判决书 （2015）盐民初字第654号
 重庆市奉节县人民法院 民事判决书 （2015）奉法民初字第00094号 
 河北省邱县人民法院 民事判决书 （2013）邱民初字第1809号 
 山东省曹县人民法院 民事判决书 （2015）曹民初字第344号 
