河南省南阳市卧龙区人民法院 民事判决书 （2013）宛龙潦民初字第416号
 甘肃省临泽县人民法院 民事判决书 （2015）临民初字第103号 
 湖北省赤壁市人民法院 民事判决书 （2014）鄂赤壁民初字第01167号 
 湖南省湘潭市雨湖区人民法院 民事判决书 （2014）雨法响民初字第150号 
 广东省丰顺县人民法院 民事判决书 （2015）梅丰法附民初字第20号 
 元宝山区人民法院 民事判决书 （2014）元民初字第3093号 
 重庆市奉节县人民法院 民事判决书 （2014）奉法民初字第03981号 
 湖北省黄梅县人民法院 民事判决书 （2015）鄂黄梅民初字第00974号 
广东省普宁市人民法院 民事判决书 （2015）揭普法民一初字第366号
河南省淅川县人民法院 民事判决书 （2015）淅金民初字第90号
浙江省诸暨市人民法院 民事判决书 （2010）绍诸民初字第2622号
 黑龙江省林口县人民法院 民事判决书 （2015）林古民初字第75号 
 河南省郑州市中原区人民法院 民事判决书 （2014）中民一初字第1869号 
 福建省漳浦县人民法院 民事判决书 （2014）浦民初字第2655号 
 湖北省宜昌市猇亭区人民法院 民事判决书 （2015）鄂猇亭民初字第00134号 
湖北省公安县人民法院 民事判决书 （2015）鄂公安民初字第01669号
四川省威远县人民法院 民事判决书 （2015）威民初字第1385号
 山东省邹城市人民法院 民事判决书 （2014）邹民初字第660号 
 西安市灞桥区人民法院 民事判决书 （2011）灞民初字第1389号 
 青海省共和县人民法院 民事判决书 （2014）共民初字第502号 
江苏省东海县人民法院 民事判决书 （2015）连东白民初字第00468号
 宁波市江北区人民法院 民事判决书 （2015）甬北民初字第265号 
安徽省寿县人民法院民事判决书 （2013）寿民一初字第01531号
 湖北省神农架林区人民法院 民事判决书 （2015）鄂神农架民初字第00140号 
 河南省镇平县人民法院 民事判决书 （2014）镇民初字第1659号 
 浙江省诸暨市人民法院 民事判决书 （2013）绍诸璜民初字第71号 
吉林省德惠市人民法院 民事判决书 （2015）德民初字第4310号
 福建省明溪县人民法院 民事判决书 （2014）明民初字第220号 
 湖北省京山县人民法院 民事判决书 （2015）鄂京山永民初字第00001号 
 四川省威远县人民法院 民事判决书 （2015）威民初字第819号 
山东省单县人民法院 民事判决书 （2010）单民初字第1470号
 广西壮族自治区龙胜各族自治县人民法院 民事判决书 （2015）龙民初字第50号 
 安徽省临泉县人民法院 民事判决书 （2014）临民一初字第00065号 
 山东省莒南县人民法院 民事判决书 （2015）莒十民初字第509号 
中华人民共和国 福建省连江县人民法院 民事判决书 （2014）连民初字第721号
 安徽省桐城市人民法院 民事判决书 （2014）桐民一初字第02311号 
灵宝市人民法院 民事判决书 （2015）灵民一初字第1307号
 河北省定州市人民法院 民事判决书 （2013）定民初字第3038号 
 江苏省昆山市人民法院 民事判决书 （2014）昆张少民初字第00015号 
 四川省青川县人民法院 民事判决书 （2015）青川民初字第595号 
四川省大邑县人民法院 民事判决书 （2013）大邑民初字第943号
河北省枣强县人民法院 民事判决书 （2011）枣城民一初字第622号
河北省滦南县人民法院 民事判决书 （2015）倴民初字第2499号
 黑龙江省拜泉县人民法院 民事判决书 （2015）拜民初字第926号 
 安徽省蒙城县人民法院 民事判决书 （2014）蒙民一初字第00770号 
 黑龙江省富锦市人民法院 民事判决书 （2015）富民初字第5号 
贵州省水城县人民法院 民事判决书 （2015）黔水民初字第01006号
 湖北省谷城县人民法院 民事判决书 （2013）鄂谷城石民初字第00391号 
甘肃省华亭县人民法院 马某甲与被告马某乙离婚纠纷一审民事判决书 （2015）华民初字第908号
 浙江省宁海县人民法院 民事判决书 （2014）甬宁民初字第359号 
