 河南省虞城县人民法院 民事判决书 （2014）虞民初字第1930号 
 浙江省奉化市人民法院 民事判决书 （2013）甬奉莼民一初字第367号 
 上海市松江区人民法院 民事判决书 （2015）松民一（民）初字第613号 
 天津市蓟县人民法院 民事判决书 （2013）蓟民初字第8152号 
 浙江省富阳市人民法院 民事判决书 （2013）杭富龙民初字第64号 
 山西省怀仁县人民法院 民事判决书 （2014）怀民初字第218号 
 安徽省淮南市潘集区人民法院 民事判决书 （2015）潘民一初字第00159号 
福建省长乐市人民法院 民事判决书 （2015）长民初字第1542号
 安徽省泗县人民法院 民事判决书 （2015）泗民一初字第00141号 
 山东省郓城县人民法院 民事判决书 （2013）郓民初字第276号 
永城市人民法院 民事判决书 （2013）永民初字第548号
 吉林省榆树市人民法院 民事判决书 （2014）榆民初字第2895号 
湖南省永顺县人民法院 民事判决书 （2015）永民初字第636号
 贵州省六盘水市钟山区人民法院 民事判决书 （2014）黔钟民初字第851号 
 湖北省孝昌县人民法院 民事判决书 （2014）鄂孝昌民初字第00114号 
 湖南省常德市鼎城区人民法院 民事判决书 （2015）常鼎民初字第255号 
 甘肃省庆城县人民法院 民事判决书 （2015）庆城民初字第530号 
 河北省涿州市人民法院 民事判决书 （2014）涿民初字第2558号 
广西壮族自治区北流市人民法院 民事判决书 （2015）北民初字第2014号
 浙江省淳安县人民法院 民事判决书 （2009）杭淳民初字第888号 
 北京市怀柔区人民法院 民事判决书 （2014）怀民初字第06653号 
 湖南省溆浦县人民法院 民事判决书 （2014）溆民一初字第496号 
 天津市宝坻区人民法院 民事判决书 （2014）宝民初字第5035号 
内蒙古自治区五原县人民法院 民事判决书 （2015）五民初字第917号
 陕西省周至县人民法院 民事判决书 （2015）周民初字第00093号 
 四川省雷波县人民法院 民事判决书 （2015）雷波民初字第382号 
四川省中江县人民法院 民事判决书 （2015）中江民初字第621号
 河南省鲁山县人民法院 民事判决书 （2015）鲁民初字第955号 
安徽省淮北市杜集区人民法院 民事判决书 （2015）杜民一初字第00590号
 江苏省灌云县人民法院 民事判决书 （2014）灌民初字第0105号 
 重庆市合川区人民法院 民事判决书 （2015）合法民初字第03395号 
 四川省盐亭县人民法院 民事判决书 （2014）盐民初字第2590号 
福建省诏安县人民法院 民事判决书 （2015）诏民初字第596号
 安徽省利辛县人民法院 民事判决书 （2014）利民一初字第00761号 
湖南省长沙市岳麓区人民法院 民事判决书 （2015）岳民初字第04861号
 安徽省寿县人民法院 民事判决书 （2013）寿民一初字第00691号 
 浙江省乐清市人民法院 民事判决书 （2015）温乐柳民初字第7号 
 景德镇市珠山区人民法院 民事判决书 （2014）珠民一初字第360号 
 湖南省隆回县人民法院 民事判决书 （2015）隆民一初字第50号 
 辽宁省台安县人民法院 民事判决书 （2014）鞍台民西初字第142号 
 浙江省绍兴市越城区人民法院 民事判决书 （2014）绍越民初字第2075号 
浙江省慈溪市人民法院 民事判决书 （2010）甬慈民初字第1016号
 贵州省六盘水市钟山区人民法院 民事判决书 （2015）黔钟民初字第574号 
 江苏省高邮市人民法院 民事判决书 （2014）邮民初字第01841号 
安徽省凤阳县人民法院 民事判决书 （2015）凤民一初字第01429号
 湖南省祁东县人民法院 民事判决书 （2015）祁民一初字第501号 
陕西省华县人民法院 民事判决书 （2011）华民初字第00004号
 南京市鼓楼区人民法院 民事判决书 （2014）鼓民初字第969号 
 广东省普宁市人民法院 民事判决书 （2015）揭普法民一初字第42号 
四川省安岳县人民法院 民事判决书 （2015）安岳民初字第1979号
