 河北省邯郸市丛台区人民法院 民事判决书 （2014）丛民初字第136号 
 山东省夏津县人民法院 民事判决书 （2014）夏民初字第2047号 
 浙江省瑞安市人民法院 民事判决书 （2014）温瑞民初字第4158号 
 东营市东营区人民法院 民事判决书 （2015）东民初字第104号 
 山东省泰安市泰山区人民法院 民事判决书 （2013）泰山民初字第2335号 
 甘肃省靖远县人民法院 民事判决书 （2015）靖北湾民初字第37号 
 四川省资中县人民法院 民事判决书 （2014）资中民初字第2476号 
 陕西省周至县人民法院 民事判决书 （2012）周民初字第00083号 
浙江省苍南县人民法院 民事判决书 （2010）温苍民初字第1372号
 辽宁省盘山县人民法院 民事判决书 （2014）盘县民一初字第01234号 
 浙江省三门县人民法院 民事判决书 （2015）台三民初字第374号 
 江西省余江县人民法院 民事判决书 （2015）余民一初字第179号 
 湖北通城县人民法院 民事判决书 （2014）鄂通城民初字第00707号 
 重庆市巫山县人民法院 民事判决书 （2013）山法民初字第02419号 
 江苏省宿迁市宿城区人民法院 民事判决书 （2014）宿城洋民初字第0332号 
 安徽省巢湖市人民法院 民事判决书 （2013）巢民一初字第03302号 
 河北省廊坊市安次区人民法院 民事判决书 （2015）廊安民初字第11号 
吉林省抚松县人民法院 民事判决书 （2015）抚民一初字第438号
 浙江省桐乡市人民法院 民事判决书 （2014）嘉桐乌民初字第262号 
 河南省南阳市卧龙区人民法院 民事判决书 （2014）宛龙潦民初字第280号 
 焦作市山阳区人民法院 民事判决书 （2013）山民二初字第00665号 
 安徽省霍邱县人民法院 民事判决书 （2014）霍民一初字第01183号 
 湖北省随县人民法院 民事判决书 （2014）鄂随县民初字第01549号 
 安徽省界首市人民法院 民事判决书 （2015）界民一初字第00262号 
 芦溪县人民法院 民事判决书 （2014）芦民一初字第73号 
浙江省平阳县人民法院 民事判决书 （2015）温平水民初字第296号
 江苏省海安县人民法院 民事判决书 （2014）安曲民初字第0243号 
云南省保山市隆阳区人民法院 民事判决书 （2015）隆民初字第01762号
上海市闸北区人民法院 民事判决书 （2015）闸少民初字第31号
 襄阳市襄州区人民法院 民事判决书 （2014）鄂襄州龙王民初字第00023号 
 叶县人民法院 民事判决书 （2014）叶民初字第1522号 
 安阳县人民法院 民事判决书 （2014）安民初字第02260号 
 福建省邵武市人民法院 民事判决书 （2014）邵民初字第2495号 
 山东省泰安市泰山区人民法院 民事判决书 （2013）泰山民初字第1897号 
浙江省海盐县人民法院 民事判决书 （2010）嘉盐民初字第964号
 安徽省砀山县人民法院 民事判决书 （2015）砀民一初字第01149号 
 河南省新野县人民法院 民事判决书 （2015）新沙民初字第00057号 
 潢川县人民法院 民事判决书 （2015）潢民初字第00018号 
河南省项城市人民法院 民事判决书 （2015）项民初字第02439号
 山东省成武县人民法院 民事判决书 （2014）成民初字第1637号 
 安徽省泗县人民法院 民事判决书 （2015）泗民一初字第01249号 
 湖南省宁乡县人民法院 民事判决书 （2014）宁民初字第01459号 
 四川省营山县人民法院 民事判决书 （2014）营民初字第213号 
 江苏省邳州市人民法院 民事判决书 （2014）邳官民初字第0309号 
 福建省泉州市丰泽区人民法院 民事判决书 （2014）丰民初字第2388号 
 陕西省户县人民法院 民事判决书 （2012）户民初字01141号 
 台州市黄岩区人民法院 民事判决书 （2014）台黄民初字第1486号 
 湖南省株洲市荷塘区人民法院 民事判决书 （2013）株荷法民一初字第1129号 
 辽宁省东港市人民法院 民事判决书 （2014）东民初字第3160号 
 山东省东明县人民法院 民事判决书 （2014）东民初字第1130号 
