安徽省太湖县人民法院 民事判决书 （2015）太民一初字第01019号
 重庆市北碚区人民法院 民事判决书 （2015）碚法民初字第00013号 
 江西省余干县人民法院 民事判决书 （2015）干民一初字第455号 
 北京市昌平区人民法院 民事判决书 （2015）昌民初字第7412号 
 山东省青岛市黄岛区人民法院 民事判决书 （2014）黄民初字第6102号 
 河南省邓州市人民法院 民事判决书 （2013）邓法民初字第1557号 
 甘肃省环县人民法院 民事判决书 （2014）环民初字第898号 
 河南省新密市人民法院 民事判决书 （2014）新密民一初字第2603号 
 江苏省建湖县人民法院 民事判决书 （2015）建冈民初字第0203号 
江苏省东台市人民法院 民事判决书 （2015）东开民初字第0624号
 安徽省宿松县人民法院 民事判决书 （2013）松民一初字第00353号 
安徽省明光市人民法院 民事判决书 （2015）明民一初字第02092号
安徽省淮北市相山区人民法院 民事判决书 （2015）相民一初字第01655号
 上海市徐汇区人民法院 民事判决书 （2014）徐民一（民）初字第4088号 
 广西壮族自治区兴业县人民法院 民事判决书 （2013）兴民一初字第379号 
 大连市沙河口区人民法院 民事判决书 （2014）沙民初字第1873号 
 西安市长安区人民法院 民事判决书 （2013）长民初字第00624号 
 山东省兖州市人民法院 民事判决书 （2013）兖民初字第195号 
 山东省潍坊市寒亭区人民法院 民事判决书 （2014）寒滨民初字第430号 
 安徽省砀山县人民法院 民事判决书 （2014）砀民一初字第00388号 
 浙江省杭州市江干区人民法院 民事判决书 （2013）杭江民初字第668号 
 陕西省南郑县人民法院 民事判决书 （2014）南民初字第00988号 
山东省临朐县人民法院 民事判决书 （2015）临法（杨）民初字第2427号
 广西壮族自治区凤山县人民法院 民事判决书 （2015）凤民初字第194号 
 湖南省祁阳县人民法院 民事判决书 （2014）祁民初字第1603号 
 北京市丰台区人民法院 民事判决书 （2013）丰民初字第15436号 
 山东省桓台县人民法院 民事判决书 （2015）桓民初字第393号 
四川省梓潼县人民法院 民事判决书 （2013）梓民初字第394号
西华县人民法院民事判决书 （2015）西民初字第948号
 四川省营山县人民法院 民事判决书 （2015）营民初字第1346号 
 广东省怀集县人民法院 民事判决书 （2015）肇怀法冷民初字第46号 
 山东省桓台县人民法院 民事判决书 （2015）桓民初字第462号 
山东省安丘市人民法院 民事判决书 （2015）安民一初字第3223号
 浙江省天台县人民法院 民事判决书 （2014）台天民初字第1142号 
 山东省阳谷县人民法院 民事判决书 （2013）阳民初字第2148号 
 衢州市柯城区人民法院 民事判决书 （2014）衢柯巡民初字第404号 
 广西壮族自治区田东县人民法院 民事判决书 （2015）东民一初字第576号 
河南省鲁山县人民法院 民事判决书 （2015）鲁民初字第1950号
 北京市房山区人民法院 民事判决书 （2014）房民初字第00968号 
 山东省龙口市人民法院 民事判决书 （2014）龙新民初字第64号 
山西省晋城市城区人民法院 民事判决书 （2015）城民初字第572号
 山东省诸城市人民法院 民事判决书 （2015）诸皇民初字第66号 
重庆市长寿区人民法院 民事判决书 （2015）长法民初字第07047号
 河北省唐山市丰南区人民法院 民事判决书 （2013）丰民初字第1335号 
 广东省茂名市茂港区人民法院 民事判决书 （2014）茂港法民初字第105号 
湖北省谷城县人民法院 民事判决书 （2015）鄂谷城过民初字第00017号
安徽省寿县人民法院 民事判决书 （2015）寿民一初字第01496号
 抚顺市东洲区人民法院 民事判决书 （2014）抚东民一初字第00823号 
 广西壮族自治区柳州市鱼峰区人民法院 民事判决书 （2013）鱼民初（一）字第22号 
 江苏省灌云县人民法院 民事判决书 （2014）灌杨民初字第0427号 
