 重庆市綦江区人民法院 民事判决书 （2015）綦法民初字第02150号 
 江苏省高邮市人民法院 民事判决书 （2014）邮民初字第01384号 
 云南省罗平县人民法院 民事判决书 （2014）罗民初字第502号 
 北京市朝阳区人民法院 民事判决书 （2014）朝民初字第02974号 
 湖北省南漳县人民法院 民事判决书 （2014）鄂南漳城民初字第00421号 
 湖北省通城县人民法院 民事判决书 （2015）鄂通城民初字第576号 
 广西壮族自治区柳江县人民法院 民事判决书 （2014）江民初字第852号 
 湖北省武汉市东西湖区人民法院 民事判决书 （2014）鄂东西湖民初字第00329号 
 湖南省长沙市岳麓区人民法院 民事判决书 （2013）岳民初字第03913号 
 辽宁省营口市西市区人民法院 民事判决书 （2014）营西民一初字第289号 
 湖南省永兴县人民法院 民事判决书 （2015）永民初字第960号 
 重庆市巴南区人民法院 民事判决书 （2015）巴法少民初字第00961号 
 湖南省新田县人民法院 民事判决书 （2014）新法民一初字第268号 
 重庆市潼南县人民法院 民事判决书 （2014）潼法民初字第03701号 
 平凉市崆峒区人民法院 民事判决书 （2013）崆民初字第122号 
 盐城市盐都区人民法院 民事判决书 （2013）都龙民初字第0401号 
 湖南省洪江人民法院 民事判决书 （2014）怀洪民一初字第124号 
 湖南省张家界市永定区人民法院 民事判决书 （2013）张定民一初字第987号 
 江西省全南县人民法院 民事判决书 （2014）全民一初字第1号 
 广西壮族自治区东兰县人民法院 民事判决书 （2014）东民初字第496号 
 天津市东丽区人民法院 民事判决书 （2014）丽民初字第2930号 
安徽省郎溪县人民法院 民事判决书 （2015）郎民一初字第00654号
山西省潞城市人民法院 民事判决书 （2015）潞民初字第763号
 嘉兴市秀洲区人民法院 民事判决书 （2014）嘉秀巡民初字第55号 
 河南省长葛市人民法院 民事判决书 （2015）长民初字第00877号 
安徽省霍邱县人民法院 民事判决书 （2013）霍民一初字第00515号
 宁波市海曙区人民法院 民事判决书 （2014）甬海西民初字第187号 
安徽省泗县人民法院 民事判决书 （2015）泗民一初字第01518号
湖南省溆浦县人民法院 民事判决书 （2015）溆民一初字第502号
 河北省武安市人民法院 民事判决书 （2013）武民初字第1330号 
 山东省胶州市人民法院 民事判决书 （2013）胶民初字第2986号 
 湖南省芷江侗族自治县人民法院 民事判决书 （2015）芷民一初字第112号 
河南省南乐县人民法院 民事判决书 （2015）南民初字第459号
 山西省运城市盐湖区人民法院 民事判决书 （2014）运盐民龙初字第63号 
 河北省平乡县人民法院 民事判决书 （2014）平民初字第563号 
 湖北省崇阳县人民法院 民事判决书 （2014）鄂崇阳民初字第00583号 
杭州市萧山区人民法院 民事判决书 （2015）杭萧民初字第442号
安徽省宣城市宣州区人民法院 民事判决书 （2015）宣民一初字第00442号
黑龙江省依兰县人民法院 民事判决书 （2015）依民初字第476号
 黑龙江省讷河市人民法院 民事判决书 （2014）讷民初字第320号 
南京市溧水区人民法院 民事判决书 （2015）溧民初字第1405号
 四川省苍溪县人民法院 民事判决书 （2014）苍溪民初字第398号 
 山东省临朐县人民法院 民事判决书 （2014）临民初字第713号 
 河南省舞阳县人民法院 民事判决书 （2014）舞民初字第679号 
 四川省雅安市名山区人民法院 民事判决书 （2014）名山民初字第335号 
河北省邱县人民法院 民事判决书 （2015）邱民初字第529号
 潢川县人民法院 民事判决书 （2015）潢民初字第00597号 
 山东省菏泽市牡丹区人民法院 民事判决书 （2015）菏牡民初字第857号 
 湖南省隆回县人民法院 民事判决书 （2015）隆民一初字第269号 
 湖南省浏阳市人民法院 民事判决书 （2014）浏民初字第1043号 
