 重庆市北碚区人民法院 民事判决书 （2014）碚法民初字第04835号 
山东省巨野县人民法院 民事判决书 （2015）巨民初字第1774号
 河南省商水县人民法院 民事判决书 （2014）商民初字第1991号 
 山东省平邑县人民法院 民事判决书 （2014）平民初字第3878号 
 山东省诸城市人民法院 民事判决书 （2013）诸贾民初字第681号 
 河南省汝阳县人民法院 民事判决书 （2014）汝民初字第457号 
 江苏省邳州市人民法院 民事判决书 （2014）邳民初字第01473号 
湖北省武汉市江汉区人民法院 民事判决书 （2015）鄂江汉民一初字第00736号
 安徽省南陵县人民法院 民事判决书 （2015）南民一初字第01288号 
 高密市人民法院 民事判决书 （2015）高法民初字第330号 
 重庆市开县人民法院 民事判决书 （2014）开法民初字第03903号 
 河南省唐河县人民法院 民事判决书 （2013）唐民一初字第1948号 
湖北省房县人民法院 民事判决书 （2015）鄂房县民一初字第01134号
 湖南省茶陵县人民法院 民事判决书 （2014）茶法民一初字第366号 
 淮安市淮阴区人民法院 民事判决书 （2014）淮小民初字第0219号 
 呼和浩特市新城区人民法院 民事判决书 （2013）新民四初字第360号 
四川省大邑县人民法院 民事判决书 （2014）大邑民初字第1134号
 陕西省绥德县人民法院 民事判决书 （2014）绥民初字第00508号 
 河北省肥乡县人民法院 民事判决书 （2013）肥民初字第1383号 
 徐州市铜山区人民法院 民事判决书 （2014）铜民初字第01609号 
 河北省肃宁县人民法院 民事判决书 （2014）肃民初字第97号 
 河北省清河县人民法院 民事判决书 （2013）清民一初字633号 
 南京市六合区人民法院 民事判决书 （2013）六沿民初字第356号 
 湖北省通山县人民法院 民事判决书 （2014）鄂通山民初字第72号 
 山东省临朐县人民法院 民事判决书 （2013）临民初字第1208号 
河南省许昌县人民法院 民事判决书 （2015）许县五民初字第341号
 江苏省泰兴市人民法院 民事判决书 （2014）泰黄民初字第1425号 
广东省茂名市茂南区人民法院 民事判决书 （2015）茂南法镇民初字第66号
 安徽省太和县人民法院 民事判决书 （2014）太民一初字第04123号 
 河北省保定市阜平县人民法院 民事判决书 （2014）阜民初字第250号 
河南省上蔡县人民法院 民事判决书 （2015）上民一初字第1383号
 安徽省枞阳县人民法院 民事判决书 （2014）枞民一初字第00843号 
 湖南省双峰县人民法院 民事判决书 （2014）双民一初字第926号 
 贵州省荔波县人民法院 民事判决书 （2014）荔民初字第143号 
河北省张家口市宣化区人民法院 民事判决书 （2015）宣区民初字第393号
 河北省任丘市人民法院 民事判决书 （2014）任民初字第503号 
 湖南省岳阳县人民法院 民事判决书 （2015）岳民初字第352号 
 河北省任丘市人民法院 民事判决书 （2013）任民初字第2079号 
陕西省蓝田县人民法院 民事判决书 （2015）蓝民初字第01159号
浙江省奉化市人民法院 民事判决书 （2010）甬奉民一初字第340号
 河南省许昌县人民法院 民事判决书 （2014）许县尚民初字第464号 
 福建省福清市人人民法院 民事判决书 （2013）融民初字第1304号 
 福建省明溪县人民法院 民事判决书 （2014）明少民初字第16号 
 安徽省涡阳县人民法院 民事判决书 （2013）涡民一初字第00829号 
湖北省云梦县人民法院 民事判决书 （2015）鄂云梦民初字第00854号
安徽省临泉县人民法院 民事判决书 （2013）临民一初字第00912号
河南省柘城县人民法院 民事判决书 （2013）柘民初字第399号
 辽宁省黑山县人民法院 民事判决书 （2014）黑黑民初字第01270号 
 铜川市王益区人民法院 民事判决书 （2014）铜王民初字第00374号 
 广东省东源县人民法院 民事判决书 （2015）河东法蓝民初字第28号 
