 广西壮族自治区都安瑶族自治县人民法院 民事判决书 （2015）都民初字第151号 
 河北省行唐县人民法院 民事判决书 （2014）行民一初字第00211号 
 福建省福清市人民法院 民事判决书 （2013）融民初字第2128号 
 四川省合江县人民法院 民事判决书 （2012）合江民初字第415号 
 陕西省咸阳市杨陵区人民法院 民事判决书 （2013）杨民初字第00224号 
 黑龙江省依兰县人民法院 民事判决书 （2013）依民初字第1178号 
 河北省保定市新市区人民法院 民事判决书 （2013）新民初字第459号 
 湖南省澧县人民法院 民事判决书 （2015）澧民三初字第319号 
 河北省青县人民法院 民事判决书 （2014）青民初字第1440号 
 四川省威远县人民法院 民事判决书 （2015）威民初字第646号 
四川省蓬安县人民法院 民事判决书 （2013）蓬民初字第435号
 贵州省凤冈县人民法院 民事判决书 （2014）凤民初字第906号 
山西省孝义市人民法院 民事判决书 （2015）孝民初字第190号
 浙江省临安市人民法院 民事判决书 （2014）杭临昌民初字第1号 
云南省保山市隆阳区人民法院 民事判决书 （2015）隆民初字第02997号
山东省郯城县人民法院 民事判决书 （2015）郯民初字第3714号
 甘肃省民乐县人民法院 民事判决书 （2014）民民初字第1号 
 河北省迁安市人民法院 民事判决书 （2013）安民初字第2249号 
 宁夏回族自治区中宁县人民法院 民事判决书 （2014）中宁民初字第1026号 
 安徽省颍上县人民法院 民事判决书 （2015）颍民一初字第01747号 
 山东省沂南县人民法院 民事判决书 （2012）沂南民初字第218号 
 江西省安福县人民法院 民事判决书 （2014）安城民初字第60号 
 福建省南安市人民法院 民事判决书 （2013）南民初字第6338号 
 安徽省阜阳市颍州区人民法院 民事判决书 （2015）州民一初字第00165号 
上海市徐汇区人民法院 民事判决书 （2015）徐民一（民）初字第6741号
 吉林省抚松县人民法院 民事判决书 （2014）抚民一初字第229号 
 河南省新郑市人民法院 民事判决书 （2014）新民初字第153号 
 河南省新野县人民法院 民事判决书 （2015）新五民初字第00033号 
四川省邛崃市人民法院 民事判决书 （2015）邛崃民初字第1476号
山东省菏泽市牡丹区人民法院 民事判决书 （2013）菏牡民初字第766号
 浙江省海盐县人民法院 民事判决书 （2013）嘉盐民初字第1645号 
 淄博市博山区人民法院 民事判决书 （2015）博民初字第178号 
 广西壮族自治区柳州市柳南区人民法院 民事判决书 （2015）南民初（一）字第172号 
 重庆市铜梁区人民法院 民事判决书 （2015）铜法民初字第00551号 
 福建省漳浦县人民法院 民事判决书 （2014）浦民初字第3357号 
 甘肃省甘谷县人民法院 民事判决书 （2014）谷民初字第705号 
 福建省福清市人民法院 民事判决书 （2014）融民初字第1306号 
山西省忻州市忻府区人民法院 民事判决书 （2015）忻民初字第684号
 甘肃省甘谷县人民法院 民事判决书 （2015）谷民初字第18号 
 广东省封开县人民法院 民事判决书 （2014）肇封法南民初字第288号 
 河北省望都县人民法院 民事判决书 （2014）望民初字第0378号 
 广东省清远市清新区人民法院 民事判决书 （2014）清新法禾民初字第197号 
 广西壮族自治区柳城县人民法院 民事判决书 （2014）柳城民一初字第268号 
 湖南省靖州苗族侗族自治县人民法院 民事判决书 （2014）靖民一初字第284号 
 河南省南阳市宛城区人民法院 民事判决书 （2013）宛民初字第2584号 
河南省民权县人民法院 民事判决书 （2013）民民初字第1062号
 山东省淄博市淄川区人民法院 民事判决书 （2014）川民初字第764号 
河北省蠡县人民法院 民事判决书 （2015）蠡民初字第1089号
 湖北省房县人民法院 民事判决书 （2014）鄂房县民一初字第00410号 
 湖南省嘉禾县人民法院 民事判决书 （2014）嘉民一初字第128号 
