 河南省泌阳县人民法院 民事判决书 （2014）泌民初字第6号 
 湖南省怀化市鹤城区人民法院 民事判决书 （2014）怀鹤民一初字第653号 
 河北省大名县人民法院 民事判决书 （2013）大民初字第1638号 
 广西壮族自治区横县人民法院 民事判决书 （2015）横民一初字第813号 
福建省漳平市人民法院 民事判决书 （2014）漳民初字第2267号
浙江省杭州市余杭区人民法院 民事判决书 （2015）杭余余民初字第453号
 商洛市商州区人民法院 民事判决书 （2014）商州民初字第00216号 
江苏省金湖县人民法院 民事判决书 （2014）金宝民初字第0089号
 盘锦市兴隆台区人民法院 民事判决书 （2014）兴民一初字第00383号 
彭水苗族土家族自治县人民法院 民事判决书 （2015）彭法民初字第02106号
 贵州省赤水市人民法院 民事判决书 （2015）赤民初字第193号 
 河南省商丘市睢阳区人民法院 民事判决书 （2014）商睢民初字第02045号 
 四川省安岳县人民法院 民事判决书 （2014）安岳民初字第1548号 
 上海市金山区人民法院 民事判决书 （2013）金民一（民）初字第3870号 
 湖南省新宁县人民法院 民事判决书 （2015）宁民一初字第215号 
 湖南省永州市冷水滩区人民法院 民事判决书 （2015）永冷民初字第372号 
 山东省临沂市河东区人民法院 民事判决书 （2014）河民初字第3611号 
 浙江省绍兴县人民法院 民事判决书 （2007）绍民一初字第1600号 
 新疆维吾尔自治区若羌县人民法院 民事判决书 （2015）若民初字第134号 
 山东省邹城市人民法院 民事判决书 （2015）邹民初字第268号 
 四川省江油市人民法院 民事判决书 （2014）江油民初字第1022号 
 中华人民共和国 辽宁省沈阳市苏家屯区人民法院 民事判决书 （2012）苏民外初字第83号 
 福建省福清市人民法院 民事判决书 （2013）融民初字第3425号 
 山东省枣庄市台儿庄区人民法院 民事判决书 （2013）台民初字第549号 
 河北省沧州市运河区人民法院 民事判决书 （2015）运民初字第596号 
 安徽省马鞍山市花山区人民法院 民事判决书 （2013）花民一初字第01309号 
 四川省泸县人民法院 民事判决书 （2013）泸泸民初字第622号 
 江苏省滨海县人民法院 民事判决书 （2014）滨开民初字第0427号 
浙江省苍南县人民法院 民事判决书 （2010）温苍民初字第1013号
安徽省合肥市包河区人民法院 民事判决书 （2015）包民一初字第03630号
 江苏省东海县人民法院 民事判决书 （2014）连东双民初字第00768号 
 浙江省苍南县人民法院 民事判决书 （2015）温苍民初字第320号 
 河南省禹州市人民法院 民事判决书 （2014）禹民一初字第2100号 
 四川省宜宾县人民法院 民事判决书 （2013）宜宾民初字第688号 
 四川省三台县人民法院 民事判决书 （2014）三民初字第3053号 
 河北省唐山市路北区人民法院 民事判决书 （2013）北民初字第1401号 
 湖北省丹江口市人民法院 民事判决书 （2014）鄂丹江口民初字第00462号 
 安徽省含山县人民法院 民事判决书 （2014）含民一初字第00683号 
 河北省蠡县人民法院 民事判决书 （2014）蠡民初字第472号 
 四川省宣汉县人民法院 民事判决书 （2014）宣汉民初字第950号 
 安徽省凤阳县人民法院 民事判决书 （2013）凤民一初字第01456号 
 湖南省衡南县人民法院 民事判决书 （2015）南法江民一初字第35号 
 山东省嘉祥县人民法院 民事判决书 （2014）嘉民初字第1116号 
 安徽省固镇县人民法院 民事判决书 （2015）固民一初字第00551号 
 河南省唐河县人民法院 民事判决书 （2014）唐民一初字第2636号 
河北省崇礼县人民法院 民事判决书 （2015）崇民初字第522号
 河南省南召县人民法院 民事判决书 （2014）南召民初字第118号 
 四川省泸州市江阳区人民法院 民事判决书 （2014）江阳民初字第317号 
 陕西省咸阳市秦都区人民法院 民事判决书 （2013）咸秦民初字第03329号 
 山东省曹县人民法院 民事判决书 （2013）曹民初字第306号 
