 贵州省福泉市人民法院 民事判决书 （2014）福民初字第492号 
广东省东莞市第二人民法院 民事判决书 （2015）东二法虎民一初字第910号
 福建省福清市人民法院 民事判决书 （2014）融民初字第1983号 
 重庆市万州区人民法院 民事判决书 （2014）万法民初字第08157号 
 山东省莘县人民法院 民事判决书 （2015）莘民一初字第904号 
福建省莆田市涵江区人民法院 民事判决书 （2015）涵民初字第2786号
 河南省确山县人民法院 民事判决书 （2014）确民初字第00493号 
 河南省邓州市人民法院 民事判决书 （2014）邓法民初字第1242号 
 重庆市渝北区人民法院 民事判决书 （2014）渝北法民初字第00015号 
 浙江省桐庐县人民法院 民事判决书 （2011）杭桐民初字第234号 
 湖南省汉寿县人民法院 民事判决书 （2015）汉民初字第740号 
内蒙古自治区巴林右旗人民法院 民事判决书 （2015）右民初字第1569号
江西省修水县人民法院 民事判决书 （2015）修民初字第419号
 湖北省阳新县人民法院 民事判决书 （2014）鄂阳新民富初字第00025号 
 河北省成安县人民法院 民事判决书 （2015）成民初字第00939号 
 山西省昔阳县人民法院 民事判决书 （2014）昔民初字第215号 
 四川省长宁县人民法院 民事判决书 （2013）长民初字第1052号 
 河北省玉田县人民法院 民事判决书 （2014）玉民初字第2047号 
 山东省临沂市罗庄区人民法院 民事判决书 （2015）临罗民一初字第1270号 
浙江省淳安县人民法院 民事判决书 （2015）杭淳民初字第456号
 山东省肥城市人民法院 民事判决书 （2013）肥民初字第1718号 
 湖南省溆浦县人民法院 民事判决书 （2014）溆民一初字第621号 
 四川省中江县人民法院 民事判决书 （2013）中江民初字第3032号 
 阳江市江城区人民法院 民事判决书 （2014）阳城法民一初字第893号 
 云南省会泽县人民法院 民事判决书 （2015）会民初字第877号 
山东省郓城县人民法院 民事判决书 （2014）郓民初字第77号
 安徽省阜阳市颍东区人民法院 民事判决书 （2015）东民一初字第00196号 
 福建省福鼎市人民法院 民事判决书 （2014）鼎民初字第2578号 
辽宁省凌源市人民法院 民事判决书 （2015）凌四民初字第2092号
 安徽省太和县人民法院 民事判决书 （2014）太民一初字第03690号 
陕西省咸阳市杨陵区人民法院 民事判决书 （2015）杨民初字第00922号
湖南省蓝山县人民法院 民事判决书 （2015）蓝法民一初字第173号
 河南省偃师市人民法院 民事判决书 （2014）偃民九初字第95号 
 山东省菏泽市牡丹区人民法院 民事判决书 （2014）菏牡民初字第124号 
 浙江省安吉县人民法院 民事判决书 （2014）湖安递民初字第287号 
 四川省渠县人民法院 民事判决书 （2015）达渠民初字第631号 
 湖南省澧县人民法院 民事判决书 （2013）澧民三初字第1045号 
 重庆市梁平县人民法院 民事判决书 （2015）梁法民初字第00705号 
 河南省郑州市管城回族区人民法院 民事判决书 （2014）管民初字第1082号 
 广西壮族自治区柳城县人民法院 民事判决书 （2014）柳城民一初字第481号 
 安徽省桐城市人民法院 民事判决书 （2014）桐民一初字第01971号 
 巴林右旗人民法院 民事判决书 （2014）右民初字第2006号 
 福建省莆田市秀屿区人民法院 民事判决书 （2014）秀民初字第3994号 
四川省蓬安县人民法院 民事判决书 （2015）蓬民初字第1083号
江苏省扬中市人民法院 民事判决书 （2015）扬开民初字第309号
 河南省浚县人民法院 民事判决书 （2014）浚民初字第374号 
 山西省壶关县人民法院 民事判决书 （2014）壶民初字第623号 
 中华人民共和国 上海市虹口区人民法院 民事判决书 （2013）虹民一（民）初字第4045号 
江苏省射阳县人民法院 民事判决书 （2015）射民初字第01521号
安徽省望江县人民法院 民事判决书 （2015）望民一初字第01629号
