甘肃省西和县人民法院 民事判决书 （2015）西民初字第349号
 安徽省全椒县人民法院 民事判决书 （2014）全民一初字第00542号 
 湖南省溆浦县人民法院 民事判决书 （2014）溆民一初字第985号 
 镇江市丹徒区人民法院 民事判决书 （2014）徒民初字第00402号 
 江西省会昌县人民法院 民事判决书 （2015）会民一初字第490号 
 广东省东源县人民法院 民事判决书 （2015）河东法灯民初字第35号 
 湖北省通山县人民法院 民事判决书 （2015）鄂通山民初字第147号 
 明溪县人民法院 民事判决书 （2014）明少民初字第97号 
 重庆市永川区人民法院 民事判决书 （2014）永法民初字第06959号 
 邯郸市峰峰矿区人民法院 民事判决书 （2014）峰民初字第222号 
 浙江省余姚市人民法院 民事判决书 （2013）甬余民初字第1031号 
 广西壮族自治区横县人民法院 民事判决书 （2015）横民一初字第885号 
 云南省沾益县人民法院 民事判决书 （2014）沾民初字第1276号 
 湖南省涟源市人民法院 民事判决书 （2014）涟民一初字第309号 
广东省新兴县人民法院 民事判决书 （2015）云新法稔民初字第77号
浙江省金华市金东区人民法院 民事判决书 （2010）金东孝民初字第31号
 新疆维吾尔自治区和田市人民法院 民事判决书 （2014）和市民一初字第410号 
 河南省夏邑县人民法院 民事判决书 （2015）夏民初字第00093号 
 安徽省肥西县人民法院 民事判决书 （2013）肥西民一初字第02168号 
 上海市浦东新区人民法院 民事判决书 （2014）浦民一（民）初字第1387号 
 四川省宜宾市翠屏区人民法院 民事判决书 （2014）翠屏民初字第2776号 
安徽省望江县人民法院 民事判决书 （2015）望民一初字第00912号
 徐州市铜山区人民法院 民事判决书 （2014）铜民初字第00214号 
 河北省三河市人民法院 民事判决书 （2014）三民初字第163号 
山东省单县人民法院 民事判决书 （2014）单民初字第33号
 上海市宝山区人民法院 民事判决书 （2014）宝民一（民）初字第853号 
 陕西省乾县人民法院 民事判决书 （2015）乾民初字第00393号 
 湖北省武汉市江岸区人民法院 民事判决书 （2014）鄂江岸民初字第01485号 
 浙江省余姚市人民法院 民事判决书 （2014）甬余泗民初字第109号 
 江苏省常熟市人民法院 民事判决书 （2014）熟尚民初字第0247号 
 广东省深圳市南山区人民法院 民事判决书 （2014）深南法民一初字第48号 
 贵州省德江县人民法院 民事判决书 （2015）德民初字第391号 
 甘肃省广河县人民法院 民事判决书 广民初字第272号 
山东省平邑县人民法院 民事判决书 （2015）平民初字第499号
 河南省兰考县人民法院 民事判决书 （2014）年兰民初字第325号 
 浙江省苍南县人民法院 民事判决书 （2014）温苍金民初字第82号 
重庆市荣昌区人民法院 民事判决书 （2015）荣法民初字第02194号
 宁夏回族自治区永宁县人民法院 民事判决书 （2015）永民初字第370号 
 江苏省盐城市亭湖区人民法院 民事判决书 （2014）亭民初字第3469号 
 河北省邢台市桥东区人民法院 民事判决书 （2015）东民初字第126号 
 南京市浦口区人民法院 民事判决书 （2015）浦桥民初字第335号 
 吉林省长岭县人民法院 民事判决书 （2014）长民初字第1572号 
 福建省松溪县人民法院 民事判决书 （2014）松民初字第889号 
 陕西省澄城县人民法院 民事判决书 （2013）澄民初字第00460号 
 湖北省武汉市青山区人民法院 民事判决书 （2014）鄂青山民一初字第00112号 
 山东省昌邑市人民法院 民事判决书 （2012）昌民初字第152号 
 广东省龙川县人民法院 民事判决书 （2015）河龙法麻民初字第5号 
 中华人民共和国 浙江省瑞安市人民法院 民事判决书 （2009）温瑞民初字第2235号 
 湖北省武汉市洪山区人民法院 民事判决书 （2014）鄂洪山和民初字第00009号 
 湖北省蕲春县人民法院 民事判决书 （2014）鄂蕲春民一初字第00166号 
