 安徽省庐江县人民法院 民事判决书 （2014）庐江民一初字第02353号 
 福建省莆田市秀屿区人民法院 民事判决书 （2014）秀民初字第3013号 
 江西省修水县人民法院 民事判决书 （2014）修民初字第1173号 
 山东省平阴县人民法院 民事判决书 （2014）平民初字第869号 
 江苏省建湖县人民法院 民事判决书 （2014）建颜民初字第0126号 
河北省任丘市人民法院 民事判决书 （2015）任民初字第02277号
 山东省即墨市人民法院 民事判决书 （2014）即民初字第143号 
 江西省会昌县人民法院 民事判决书 （2015）会民一初字第48号 
 湖北省南漳县人民法院 民事判决书 （2015）鄂南漳城民初字第00007号 
 南京市六合区人民法院 民事判决书 （2012）六程民初字第128号 
 湖南省株洲市芦淞区人民法院 民事判决书 （2014）芦法民一初字第1476号 
山东省诸城市人民法院 民事判决书 （2015）诸城民初字第1055号
 浙江省苍南县人民法院 民事判决书 （2014）温苍金民初字第307号 
河南省郑州高新技术产业开发区人民法院 民事判决书 （2014）开民初字第1236号
 山东省临清市人民法院 民事判决书 （2013）临民一初字第1747号 
 绍兴市柯桥区人民法院 民事判决书 （2014）绍柯民初字第3558号 
 广西壮族自治区兴业县人民法院 民事判决书 （2015）兴民一初字第73号 
江西省永新县人民法院 民事判决书 （2015）永民初字第844号
 湖北省天门市人民法院 民事判决书 （2014）鄂天门民初字第00414号 
 广东省珠海市斗门区人民法院 民事判决书 （2014）珠斗法横民初字第134号 
浙江省天台县人民法院 民事判决书 （2012）台天民初字第434号
 浙江省玉环县人民法院 民事判决书 （2014）台玉民初字第364号 
 山东省齐河县人民法院 民事判决书 （2014）齐焦民初字第978号 
湖南省双牌县人民法院 民事判决书 （2015）双民初字第355号
 宁夏回族自治区西吉县人民法院 民事判决书 （2014）西民初字第276号 
湖北省江陵县人民法院 民事判决书 （2015）鄂江陵民初字第00552号
 江西省吉安县人民法院 民事判决书 （2015）吉民初字第46号 
广西壮族自治区南宁市西乡塘区人民法院 民事判决书 （2011）西民一初字第1326号
 湖南省醴陵市人民法院 民事判决书 （2013）醴法民一初字第1318号 
 甘肃省临洮县人民法院 民事判决书 （2014）临民一初字第126号 
湖南省茶陵县人民法院 民事判决书 （2015）茶法民一初字第241号
 河南省尉氏县人民法院 民事判决书 （2014）尉民初字第1469号 
 河南省漯河市召陵区人民法院 民事判决书 （2014）召民一初字第199号 
 河南省舞阳县人民法院 民事判决书 （2013）舞民初字第1004号 
 江苏省建湖县人民法院 民事判决书 （2014）建高民初字第0646号 
 湖北省谷城县人民法院 民事判决书 （2012）鄂谷城过民初字第000171号 
 重庆市城口县人民法院 民事判决书 （2014）城法民初字第00869号 
 广东省茂名市茂南区人民法院 民事判决书 （2014）茂南法民一初字第304号 
河北省张家口市桥西区人民法院 民事判决书 （2015）西民初字第1037号
甘肃省西和县人民法院 民事判决书 （2015）西民初字第293号
 南京市白下区人民法院 民事判决书 （2012）白民初字第1065号 
 浙江省嘉善县人民法院 民事判决书 （2008）善西民一初字第122号 
 新疆维吾尔自治区库尔勒市人民法院 民事判决书 （2014）库民初字第193号 
安徽省涡阳县人民法院 民事判决书 （2015）涡民一初字第01425号
 河北省香河县人民法院 民事判决书 （2015）香民初字第460号 
 重庆市九龙坡区人民法院 民事判决书 （2014）九法民初字第03099号 
 河北省河间市人民法院 民事判决书 （2015）河民初字第1416号 
江苏省沛县人民法院 民事判决书 （2015）沛朱民初字第170号
 浙江省嘉善县人民法院 民事判决书 （2011）嘉善西民初字第307号 
 江苏省句容市人民法院 民事判决书 （2014）句民初字第505号 
