湖南省益阳市赫山区人民法院 民事判决书 （2015）益赫民一初字第796号
 广东省阳东县人民法院 民事判决书 （2014）阳东法塘民初字第42号 
 山东省郓城县人民法院 民事判决书 （2014）郓民初字第399号 
 湖南省邵东县人民法院 民事判决书 （2015）邵东民初字第111号 
山东省蓬莱市人民法院 民事判决书 （2014）蓬登民初字第454号
 河南省西平县人民法院 民事判决书 （2013）西少民初字第5号 
 广西壮族自治区宜州市人民法院 民事判决书 （2014）宜民初字第555号 
 湖北省来凤县人民法院 民事判决书 （2014）鄂来凤民初字第00933号 
 河南省新野县人民法院 民事判决书 （2013）新城民初字第324号 
 山东省鱼台县人民法院 民事判决书 （2014）鱼民初字第622号 
安徽省舒城县人民法院 民事判决书 （2014）舒民一初字第01084号
安徽省涡阳县人民法院 民事判决书 （2015）涡民一初字第03043号
山西省灵丘县人民法院 民事判决书 （2014）灵民初字第353号
 山东省泗水县人民法院 民事判决书 （2015）泗民初字第139号 
 山东省临沂市兰山区人民法院 民事判决书 （2015）临兰民初字第3001号 
浙江省仙居县人民法院 民事判决书 （2010）台仙民初字第981号
 江苏省宿迁市宿豫区人民法院 民事判决书 （2014）宿豫民初字第1902号 
 山东省泰安市岱岳区人民法院 民事判决书 （2015）岱民初字第854号 
四川省中江县人民法院 民事判决书 （2015）中江民初字第2685号
 河北省冀州市人民法院 民事判决书 （2014）冀民一初字第241号 
 重庆市江津区人民法院 民事判决书 （2014）津法民初字第01225号 
 四川省营山县人民法院 民事判决书 （2014）营民初字第920号 
 安龙县人民法院 裁判文书上网呈报、审核表 承办部门洒雨法庭承办人裴关宇案由离婚纠纷案号（2014）安民初字383号当事人
 福建省尤溪县人民法院 民事判决书 （2014）尤少民初字第55号 
 河南省唐河县人民法院 民事判决书 （2014）唐民一初字第2136号 
陕西省南郑县人民法院 民事判决书 （2015）南民初字第00302号
 四川省渠县人民法院 民事判决书 （2015）达渠民初字第11号 
山西省武乡县人民法院 民事判决书 （2012）武民初字第153号
四川省阆中市人民法院 民事判决书 （2015）阆民初字第1715号
 湖北省通城县人民法院 民事判决书 （2014）鄂通城民初字第1038号 
 山东省郓城县人民法院 民事判决书 （2014）郓民初字第711号 
 四川省中江县人民法院 民事判决书 （2014）中江民初字第349号 
 安徽省合肥市庐阳区人民法院 民事判决书 （2014）庐民一初字第01311号 
四川省阆中市人民法院 民事判决书 （2015）阆民初字第436号
常州市金坛区人民法院 民事判决书 （2015）坛朱民初字第00413号
 辽宁省昌图县人民法院 民事判决书 （2014）昌民三初字第01127号 
 巍山彝族回族自治县人民法院 民事判决书 （2015）巍民初字第98号 
 福建省惠安县人民法院 民事判决书 （2014）惠民初字第4973号 
 四川省南江县人民法院 民事判决书 （2014）南民初字第2771号 
 盐亭县人民法院 民事判决书 （2015）盐民初字第484号 
 河南省西平县人民法院 民事判决书 （2015）西民初字第38号 
 濮阳市华龙区人民法院 民事判决书 （2014）华法民初字第3202号 
 山东省邹城市人民法院 民事判决书 （2015）邹民初字第231号 
四川省广安市广安区人民法院 民事判决书 （2015）广安民初字第2989号
 福建省永春县人民法院 民事判决书 （2014）永民初字第1382号 
 浙江省仙居县人民法院 民事判决书 （2014）台仙民初字第1276号 
江苏省邳州市人民法院 民事判决书 （2015）邳官民初字第855号
 重庆市长寿区人民法院 民事判决书 （2015）长法民初字第01929号 
山东省滨州市滨城区人民法院 民事判决书 （2015）滨杜民初字第481号
 江苏省金湖县人民法院 民事判决书 （2015）金宝民初字第00138号 
