湖北省枣阳市人民法院 民事判决书 （2015）鄂枣阳鹿民初字第00106号
 光山县人民法院 民事判决书 （2013）光民初字第01228号 
浙江省青田县人民法院 民事判决书 （2015）丽青温民初字第502号
 安徽省阜阳市颍州区人民法院 民事判决书 （2014）州民一初字第00628号 
福建省福清市人民法院 民事判决书 （2014）融民初字第5496号
贵州省瓮安县人民法院 民事判决书 （2015）瓮民初字第1682号
 广东省汕头市濠江区人民法院 民事判决书 （2014）汕濠法河民初字第2号 
甘肃省山丹县人民法院 民事判决书 （2015）山民初字第1654号
 济南市历城区人民法院 民事判决书 （2013）历城民初字第2621号 
 安徽省芜湖市镜湖区人民法院 民事判决书 （2014）镜民一初字第01436号 
 湖北省公安县人民法院 民事判决书 （2014）鄂公安民初字第00244号 
 山东省临沂市兰山区人民法院 民事判决书 （2014）临兰民初字第7081号 
山东省昌邑市人民法院 民事判决书 （2014）昌民初字第1523号
 上海市浦东新区人民法院 民事判决书 （2014）浦民一（民）初字第39739号 
 山东省鄄城县人民法院 民事判决书 （2015）鄄民初字第577号 
 重庆市江津区人民法院 民事判决书 （2015）津法民初字第05196号 
 河南省登封市人民法院 民事判决书 （2015）登民一初字第93号 
 浙江省嵊州市人民法院 民事判决书 （2013）绍嵊黄民初字第99号 
湖南省益阳市赫山区人民法院 民事判决书 （2015）益赫民一初字第1376号
安徽省桐城市人民法院 民事判决书 （2015）桐民一初字第01555号
湖北省咸宁市咸安区人民法院 民事判决书 （2015）鄂咸安民初字第01903号
 宁夏回族自治区平罗县人民法院 民事判决书 （2014）平民初字第496号 
 甘肃省临洮县人民法院 民事判决书 （2015）临衙民初字第18号 
 四川省内江市东兴区人民法院 民事判决书 （2015）内东民初字第278号 
四川省南充市嘉陵区人民法院 民事判决书 （2015）嘉民初字第1238号
 河南省新密市人民法院 民事判决书 （2014）新密民一初字第2670号 
 山东省武城县人民法院 民事判决书 武民初字第647号 
 福建省泉州市鲤城区人民法院 民事判决书 （2014）鲤民初字第4670号 
 天津市武清区人民法院 民事判决书 （2014）武民一初字第2007号 
广东省普宁市人民法院 民事判决书 （2015）揭普法大民初字第34号
四川省邛崃市人民法院 民事判决书 （2015）邛崃民初字第2266号
 江苏省金坛市人民法院 民事判决书 （2014）坛水民初字第00252号 
天津市宝坻区人民法院 民事判决书 （2015）宝民初字第5156号
安徽省霍邱县人民法院 民事判决书 （2015）霍民一初字第01416号
贵州省毕节市七星关区人民法院 民事判决书 （2014）黔七民初字第738号
 四川省仪陇县人民法院 民事判决书 （2015）仪民初字第421号 
 湖南省桃江县人民法院 民事判决书 （2014）桃民一初字第672号 
 林州市人民法院 民事判决书 （2013）林镇民初字第231号 
 江西省宜春市袁州区人民法院 民事判决书 （2014）袁民一初字第1598号 
 山东省临朐县人民法院 民事判决书 （2014）临民初字第2538号 
 安徽省寿县人民法院 民事判决书 （2015）寿民一初字第00328号 
 安徽省淮南市大通区人民法院 民事判决书 （2011）大民一初字第00629号 
 山东省章丘市人民法院 民事判决书 （2015）章民初字第862号 
 山东省邹城市人民法院 民事判决书 （2014）邹民初字第3669号 
 浙江省杭州市余杭区人民法院 民事判决书 （2013）杭余余商初字第583号 
 四川省开江县人民法院 民事判决书 （2014）开江民初字第878号 
 三门峡市湖滨区人民法院 民事判决书 （2014）湖民一初字第1203号 
 广西壮族自治区北流市人民法院 民事判决书 （2014）北民初字第245号 
 山东省乐陵市人民法院 民事判决书 （2015）乐民初字第438号 
 陕西省勉县人民法院 民事判决书 （2014）勉民初字第00189号 
