 河南省南阳市卧龙区人民法院 民事判决书 （2014）宛龙七民初字第237号 
山东省嘉祥县人民法院 民事判决书 （2014）嘉民初字第2460号
新疆维吾尔自治区乌苏市人民法院 民事判决书 （2015）乌民一初字第942号
 福建省闽清县人民法院 民事判决书 （2014）梅民初字第772号 
 上海市长宁区人民法院 民事判决书 （2014）长民四（民）初字第647号 
 甘肃省静宁县人民法院 民事判决书 （2014）静界民初字第62号 
重庆市合川区人民法院 民事判决书 （2015）合法民初字第00063号
 绍兴市柯桥区人民法院 民事判决书 （2014）绍柯民初字第3669号 
 浙江省淳安县人民法院 民事判决书 （2012）杭淳临民初字第31号 
 湖南省辰溪县人民法院 民事判决书 （2013）辰民一初字第397号 
 湖北省保康县人民法院 民事判决书 （2014）鄂保康城民初字第00081号 
 内蒙古乌兰察布市集宁区人民法院 民事判决书 （2014）集民初字第577号 
云南省会泽县人民法院 民事判决书 （2015）会民初字第299号
 安徽省宿州市埇桥区人民法院 民事判决书 （2015）宿埇民一初字第02087号 
潍坊市坊子区人民法院 民事判决书 （2015）坊黄民初字第842号
 青海省大通回族土族自治县人民法院 民事判决书 （2014）大长民初字第537号 
河北省魏县人民法院 民事判决书 （2015）魏民初字第00662号
 福建省闽清县人民法院 民事判决书 （2014）梅民初字第77号 
 湖南省凤凰县人民法院 民事判决书 （2014）凤民初字第533号 
 安徽省临泉县人民法院 民事判决书 （2015）临民一初字第00210号 
 山东省莒南县人民法院 民事判决书 （2014）莒大民初字第189号 
 上海市杨浦区人民法院 民事判决书 （2014）杨民一（民）初字第1309号 
上海市嘉定区人民法院 民事判决书 （2015）嘉民一（民）初字第7148号
 湖南省城步苗族自治县人民法院 民事判决书 （2015）城民初字第228号 
 云南省马关县人民法院 民事判决书 （2014）马民初字第740号 
 广东省佛山市三水区人民法院 民事判决书 （2014）佛三法西民初字第157号 
辽宁省调兵山市人民法院 民事判决书 （2015）调民三初字第72号
安徽省阜阳市颍州区人民法院 民事判决书 （2015）州民一初字第03294号
 广西壮族自治区容县人民法院 民事判决书 （2014）容民初字第166号 
安徽省萧县人民法院 民事判决书 （2015）萧民一初字第03527号
 重庆市北碚区人民法院 民事判决书 （2014）碚法民初字第04554号 
 山东省梁山县人民法院 民事判决书 （2013）梁民初字第778号 
 广东省遂溪县人民法院 民事判决书 （2015）湛遂法北民初字第7号 
 广东省阳春市人民法院 民事判决书 （2014）阳春法潭民初字第210号 
河南省中牟县人民法院 民事判决书 （2015）牟民初字第3269号
 江苏省宝应县人民法院 民事判决书 （2013）宝曹民初字第8号 
 湖北省武汉市汉阳区人民法院 民事判决书 （2015）鄂汉阳江民初字第00033号 
江苏省灌云县人民法院 民事判决书 （2015）灌杨民初字第00490号
四川省彭州市人民法院 民事判决书 （2015）彭州民初字第317号
 四川省泸州市纳溪区人民法院 民事判决书 （2013）纳溪民初字第108号 
 广西壮族自治区宜州市人民法院 民事判决书 （2014）宜民初字第1644号 
湖南省汨罗市人民法院 民事判决书 （2015）汨民初字第1124号
 江西省瑞金市人民法院 民事判决书 （2015）瑞民一初字第57号 
 福建省寿宁县人民法院 民事判决书 （2014）寿民初字第141号 
 广西壮族自治区武鸣县人民法院 民事判决书 （2014）武民一初字第1152号 
山东省临沂市兰山区人民法院 民事判决书 （2015）临兰民初字第1507号
 江西省抚州市临川区人民法院 民事判决书 （2014）临民初字第1883号 
 大连市甘井子区人民法院 民事判决书 （2014）甘民初字第3753号 
 山东省郯城县人民法院 民事判决书 （2015）郯民初字第32号 
 杭州市西湖区人民法院 民事判决书 （2014）杭西民初字第115号 
