 四川省仁寿县人民法院 民事判决书 （2015）仁寿民初字第986号 
 江苏省靖江市人民法院 民事判决书 （2013）泰靖生民初字第0644号 
 天津市东丽区人民法院 民事判决书 （2014）丽民初字第4175号 
安徽省霍邱县人民法院 民事判决书 （2012）霍民一初字第01942号
 湖北省枣阳市人民法院 民事判决书 （2015）鄂枣阳刘民初字第00041号 
安徽省太和县人民法院 民事判决书 （2015）太民一初字第03550号
 安徽省临泉县人民法院 民事判决书 （2014）临民一初字第02815号 
 河北省宁晋县人民法院 民事判决书 （2014）宁民初字第490号 
 天津市滨海新区人民法院 民事判决书 （2014）滨港民初字第3200号 
 河南省新野县人民法院 民事判决书 （2015）新城民初字第00199号 
浙江省诸暨市人民法院 民事判决书 （2010）绍诸民初字第1025号
 安徽省界首市人民法院 民事判决书 （2014）界民一初字第01057号 
 江西省赣县人民法院 民事判决书 （2013）赣民一初字第242号 
 云南省大关县人民法院 民事判决书 （2015）大民初字第99号 
 山西省汾阳市人民法院 民事判决书 （2014）汾民初字第300号 
 安徽省淮南市潘集区人民法院 民事判决书 （2014）潘民一初字第01178号 
 四川省武胜县人民法院 民事判决书 （2014）武胜民初字第1648号 
 浙江省龙泉市人民法院 民事判决书 （2014）丽龙民初字第271号 
上海市长宁区人民法院 民事判决书 （2015）长民四（民）初字第155号
 山东省海阳市人民法院 民事判决书 （2012）海民初字第2157号 
 河南省长葛市人民法院 民事判决书 （2014）长民初字第01479号 
 山东省临沂市河东区人民法院 民事判决书 （2014）河民初字第2341号 
湖南省新化县人民法院 民事判决书 （2015）新法民一初字第1712号
 安徽省庐江县人民法院 民事判决书 （2014）庐江民一初字第04182号 
 北京市海淀区人民法院 民事判决书 （2014）海民初字第4794号 
 江苏省丰县人民法院 民事判决书 （2015）丰民初字第0485号 
 安徽省桐城市人民法院 民事判决书 （2014）桐民一初字第00869号 
 中华人民共和国 上海市黄浦区人民法院 民事判决书 （2014）黄浦民一（民）初字第7659号 
四川省珙县人民法院 民事判决书 （2015）宜珙民初字第673号
 陕西省城固县人民法院 民事判决书 （2014）城民初字第00719号 
 福建省长乐市人民法院 民事判决书 （2015）长民初字第387号 
重庆市大足区人民法院 民事判决书 （2015）足法民初字第00645号
 浙江省慈溪市人民法院 民事判决书 （2014）甬慈逍民初字第7号 
辽宁省台安县人民法院 民事判决书 （2015）鞍台民黄初字第00241号
 广西壮族自治区那坡县人民法院 民事判决书 （2014）那民一初字第96号 
 陕西省咸阳市秦都区人民法院 民事判决书 （2013）咸秦民初字第01109号 
 辽宁省黑山县人民法院 民事判决书 （2015）黑虎民初字第00863号 
 宁夏回族自治区固原市原州区人民法院 民事判决书 （2014）原民初字第772号 
 浙江省海盐县人民法院 民事判决书 （2013）嘉盐沈民初字第710号 
 山东省阳谷县人民法院 民事判决书 （2014）阳民初字第886号 
云南省威信县人民法院 民事判决书 （2015）威民初字第792号
 浙江省常山县人民法院 民事判决书 （2014）衢常民初字第96号 
 山东省蒙阴县人民法院 民事判决书 （2014）蒙民初字第1589号 
 浙江省绍兴县人民法院 民事判决书 （2010）绍民初字第1905号 
 安徽省含山县人民法院 民事判决书 （2015）含民一初字第00229号 
 云南省师宗县人民法院 民事判决书 （2014）师民初字第945号 
 山东省冠县人民法院 民事判决书 （2014）冠民初字第2371号 
 福建省福清市人民法院 民事判决书 （2013）融民初字第5205号 
湖北省当阳市人民法院 民事判决书 （2014）鄂当阳民初字第00109号
 湖南省衡东县人民法院 民事判决书 （2014）东民一初字第196号 
