 广东省佛山市禅城区人民法院 民事判决书 （2014）佛城法槎民初字第387号 
 中华人民共和国 上海市宝山区人民法院 民事判决书 （2012）宝民一（民）初字第6582号 
 湖南省安化县人民法院 民事判决书 （2014）安法民一初字第433号 
四川省长宁县人民法院 民事判决书 （2015）长民初字第901号
河南省漯河市召陵区人民法院 民事判决书 （2015）召民一初字第397号
 河北省霸州市人民法院 民事判决书 （2015）霸民初字第338号 
上海市普陀区人民法院 民事判决书 （2015）普民一（民）初字第3197号
 河南省清丰县人民法院 民事判决书 （2013）清民初字第1577号 
 山东省博兴县人民法院 民事判决书 （2014）博民初字第1068号 
 河北省定州市人民法院 民事判决书 （2013）定民初字第2360号 
 山东省苍山县人民法院 民事判决书 （2013）苍民初字第1862号 
 河南省郑州市二七区人民法院 民事判决书 二七民一初字第2079号 
 安徽省太和县人民法院 民事判决书 （2014）太民一初字第03142号 
 河北省深州市人民法院 民事判决书 （2013）深民一初字第781号 
 南京市溧水区人民法院 民事判决书 （2014）溧洪民初字第212号 
 湖南省株洲县人民法院 民事判决书 （2014）株县法民一初字第278号 
云南省勐腊县人民法院 民事判决书 （2015）腊民一初字第174号
湖北省通城县人民法院 民事判决书 鄂通城民初字第553号
 辽宁省北镇市人民法院 民事判决书 （2015）北中民初字第00674号 
湖北省十堰市郧阳区人民法院 民事判决书 （2015）鄂郧阳民一初字第00665号
 河北省徐水县人民法院 民事判决书 （2015）徐民初字第1080号 
 广东省龙川县人民法院 民事判决书 （2014）河龙法鹤民初字第6号 
 山东省临沂市罗庄区人民法院 民事判决书 （2013）临罗民一初字第2579号 
湖南省衡山县人民法院 民事判决书 （2015）山新民一初字第8号
 广东省梅县人民法院 民事判决书 （2013）梅县法松民初字第49号 
 湖南省临湘市人民法院 民事判决书 （2014）临民初字第171号 
 浙江省平湖市人民法院 民事判决书 （2014）嘉平民初字第399号 
 内蒙古自治区克什克腾旗人民法院 民事判决书 （2015）克民初字第2333号 
 广西壮族自治区荔浦县人民法院 民事判决书 （2014）荔民初字第2016号 
 巴林右旗人民法院 民事判决书 （2014）右民初字第920号 
江苏省泗阳县人民法院 民事判决书 （2014）泗民初字第0181号
 河北省肥乡县人民法院 民事判决书 （2013）肥民初字第1381号 
福建省政和县人民法院 民事判决书 （2014）政民初字第85号
 重庆市万州区人民法院 民事判决书 （2014）万法民初字第08303号 
南京市栖霞区人民法院 民事判决书 （2014）栖民初字第2588号
 福建省莆田市秀屿区人民法院 民事判决书 （2014）秀民初字第2489号 
 重庆市忠县人民法院 民事判决书 （2015）忠法民初字第01251号 
 湖南省道县人民法院 民事判决书 （2015）道法民初字第440号 
辽宁省铁岭县人民法院 民事判决书 （2015）铁县民三初字第00425号
 河北省围场满族蒙古族自治县人民法院 民事判决书 （2014）围民初字第3988号 
福建省三明市梅列区人民法院 民事判决书 （2014）梅民初字第2227号
 东营市东营区人民法院 民事判决书 （2014）东民初字第1657号 
 内蒙古包头市青山区人民法院 民事判决书 （2014）包青民初字第1322号 
 河南省民权县人民法院 民事判决书 （2014）民民初字第1296号 
 江苏省金湖县人民法院 民事判决书 （2015）金民初字第00105号 
 河北省乐亭县人民法院 民事判决书 （2012）乐民初字第1115号 
 安徽省枞阳县人民法院 民事判决书 （2014）枞民一初字第01145号 
 浙江省苍南县人民法院 民事判决书 （2015）温苍矾民初字第23号 
广东省增城市人民法院 民事判决书 （2014）穗增法民一初字第716号
 江苏省泗洪县人民法院 民事判决书 （2015）洪界民初字第00116号 
