 广东省信宜市人民法院 民事判决书 （2014）茂信法合民初字第141号 
四川省梓潼县人民法院 民事判决书 （2015）梓民初字第940号
 上海市宝山区人民法院 民事判决书 （2014）宝民一（民）初字第8918号 
 河南省项城市人民法院 民事判决书 （2013）项民初字第00737号 
 宁夏回族自治区银川市兴庆区人民法院 民事判决书 （2014）兴民初字第2260号 
 南京市秦淮区人民法院 民事判决书 （2013）秦民初字第3650号 
 山东省五莲县人民法院 民事判决书 （2014）莲民一初字第221号 
广西壮族自治区靖西县人民法院 民事判决书 （2015）靖民一初字第529号
 云南省大姚县人民法院 民事判决书 （2015）大民初字第96号 
 陕西省礼泉县人民法院 民事判决书 （2014）礼民初字第00434号 
 杭州市萧山区人民法院 民事判决书 （2014）杭萧民初字第1352号 
河南省信阳市平桥区人民法院 民事判决书 （2015）平民初字第01731号
 重庆市巴南区人民法院 民事判决书 （2014）巴法民初字第02652号 
四川省宜宾市南溪区人民法院 民事判决书 （2015）南溪民初字第126号
广东省茂名市电白区人民法院 民事判决书 （2015）茂电法民一初字第388号
 黑龙江省五常市人民法院 民事判决书 （2014）五民初字第19号 
湖北省英山县人民法院 民事判决书 （2015）鄂英山民初字第00781号
‘ 内蒙古自治区扎赉特旗人民法院 民事判决书 （2015）扎民初字第00532号
湖北省咸宁市咸安区人民法院 民事判决书 （2015）鄂咸安民初字第02142号
 湖北省武穴市人民法院 民事判决书 （2014）鄂武穴民初字第00014号 
安徽省临泉县人民法院 民事判决书 （2015）临民一初字第03488号
 广西壮族自治区博白县人民法院 民事判决书 （2014）博民初字第2345号 
 福建省莆田市荔城区人民法院 民事判决书 （2013）荔民初字第3099号 
 湖北省蕲春县人民法院 民事判决书 （2014）鄂蕲春民一初字第01320号 
 江苏省镇江市京口区人民法院 民事判决书 （2013）京民初字第2848号 
 湖北省鄂州市鄂城区人民法院 民事判决书 （2015）鄂鄂城民初字第00672号 
江西省峡江县人民法院 民事判决书 （2015）峡民初字第274号
甘肃省古浪县人民法院 民事判决书 （2015）古民初字第864号
河北省冀州市人民法院 民事判决书 （2015）冀民一初字第783号
 广东省封开县人民法院 民事判决书 （2014）肇封法南民初字第150号 
 杭州市西湖区人民法院 民事判决书 （2012）杭西泗民初字第246号 
甘肃省天水市秦州区人民法院 民事判决书 （2015）天秦郡民初字第194号
 湖南省岳阳县人民法院 民事判决书 （2014）岳民初字第464号 
 江苏省句容市人民法院 民事判决书 （2014）句蜀民初字第281号 
 重庆市南岸区人民法院 民事判决书 （2013）南法民初字第04629号 
 镇江经济开发区人民法院 民事判决书 （2014）镇经民初字第0047号 
 四川省渠县人民法院 民事判决书 （2013）达渠民初字第935号 
浙江省东阳市人民法院 民事判决书 （2010）东民初字第2189号
 河南省确山县人民法院 民事判决书 （2014）确民初字第01089号 
 陕西省周至县人民法院 民事判决书 （2015）周民初字第00450号 
江西省浮梁县人民法院 民事判决书
山东省博兴县人民法院 民事判决书 （2014）博民初字第1143号
 广东省广州市荔湾区人民法院 民事判决书 （2013）穗荔法民一初字第1179号 
安徽省安庆市大观区人民法院 民事判决书 （2015）观民一初字第01249号
 陕西省凤县人民法院 民事判决书 （2012）凤县民初字第00254号 
 安徽省太和县人民法院 民事判决书 （2014）太民一初字第00854号 
 山东省茌平县人民法院 民事判决书 （2015）茌民一初字第664号 
 陕西省大荔县人民法院 民事判决书 （2015）大民初字第01048号 
 通化市二道江区人民法院 民事判决书 （2015）二民初字第105号 
 湖南省邵东县人民法院 民事判决书 （2014）邵东民初字第642号 
