 河南省通许县人民法院 民事判决书 （2014）通民初字第1140号 
 内蒙古自治区乌拉特前旗人民法院 民事判决书 （2014）乌前民初字第2296号 
 贵州省余庆县人民法院 民事判决书 （2015）余法民初字第204号 
 山西省大同市矿区人民法院 民事判决书 （2014）矿民初字第590号 
山东省寿光市人民法院 民事判决书 （2014）寿民初字第4863号
 河北省平泉县人民法院 民事判决书 （2014）平民初字第281号 
 重庆市涪陵区人民法院 民事判决书 （2015）涪法民初字第03622号 
浙江省衢州市衢江区人民法院 民事判决书 （2010）衢民初字第565号
 安徽省东至县人民法院 民事判决书 （2014）东民一初字第00344号 
 四川省隆昌县人民法院 民事判决书 （2015）隆昌民初字第1237号 
 安徽省颍上县人民法院 民事判决书 （2015）颍民一初字第00378号 
 卫辉市人民法院 民事判决书 （2015）卫民初字第720号 
 韶关市曲江区人民法院 民事判决书 （2014）韶曲法民一初字第468号 
 湖北省罗田县人民法院 民事判决书 （2015）鄂罗田三民一初字第00006号 
 安阳县人民法院 民事判决书 （2015）安民初字第01057号 
 中华人民共和国 吉林省延边朝鲜族自治州中级人民法院 民事判决书 （2014）延中民三初字第324号 
 湖南省南县人民法院 民事判决书 （2015）南法民一初字第657号 
 河南省新乡市红旗区人民法院 民事判决书 （2014）红民一初字第501号 
湖北省黄冈市黄州区人民法院 民事判决书 （2015）鄂黄州民初字第01142号
 浙江省富阳市人民法院 民事判决书 （2014）杭富民初字第1161号 
 宜昌市夷陵区人民法院 民事判决书 （2014）鄂夷陵民初字第01266号 
 江西省九江县人民法院 民事判决书 （2015）九民一初字第137号 
 湖北省赤壁市人民法院 民事判决书 （2015）鄂赤壁民初字第170号 
 山东省费县人民法院 民事判决书 （2014）费民初字第3220号 
 四川省叙永县人民法院 民事判决书 （2013）叙永民初字第2149号 
 安徽省宿州市埇桥区人民法院 民事判决书 （2014）宿埇民一初字第03394号 
河南省郑州市中原区人民法院 民事判决书 （2015）中民一初字第1667号
 重庆市江北区人民法院 民事判决书 （2014）江法民初字第03772号 
 四川省隆昌县人民法院 民事判决书 （2014）隆昌民初字第107号 
安徽省亳州市谯城区人民法院 民事判决书 （2015）谯民一初字第02383号
 内蒙古科尔沁左翼中旗人民法院 民事判决书 （2014）左民初字第1868号 
 天津市河北区人民法院 民事判决书 （2015）北民初字第56号 
 山东省章丘市人民法院 民事判决书 （2015）章民初字第198号 
 安徽省芜湖经济技术开发区人民法院 民事判决书 （2014）芜经开民一初字第00177号 
 山东省新泰市人民法院 民事判决书 （2014）新民初字第2505号 
 福建省长汀县人民法院 民事判决书 （2014）汀民初字第996号 
 山东省临清市人民法院 民事判决书 （2014）临民一初字第1611号 
 广西壮族自治区永福县人民法院 民事判决书 （2015）永民初字第101号 
 陕西省富平县人民法院 民事判决书 （2013）富民初字第03320号 
辽宁省西丰县人民法院 民事判决书 （2015）西郜民三初字第00072号
 湖北省武汉市江岸区人民法院 民事判决书 （2014）鄂江岸民初字第00715号 
浙江省玉环县人民法院 民事判决书 （2010）台玉民初字第291号
 湖北省麻城市人民法院 民事判决书 （2014）鄂麻城民一初字第01194号 
沈阳市皇姑区人民法院 民事判决书 （2015）皇民四初字第87号
 湖北省石首市人民法院 民事判决书 （2014）鄂石首民初字第01313号 
 山东省新泰市人民法院 民事判决书 （2014）新民初字第215号 
湖南省新化县人民法院 民事判决书 （2015）新法民一初字第1495号
 上海市虹口区人民法院 民事判决书 （2014）虹民一（民）初字第3833号 
 江苏省东海县人民法院 民事判决书 （2015）连东双民初字第00133号 
 山西省长治市郊区人民法院 民事判决书 （2014）郊民初字第628号 
