湖南省中方县人民法院 民事判决书 （2015）方民一初字第385号
 江苏省沭阳县人民法院 民事判决书 （2014）沭耿民初字第0225号 
 河北省南皮县人民法院 民事判决书 （2014）南民初字第1173号 
四川省彭州市人民法院 民事判决书 （2012）彭州民初字第205号
 河北省大城县人民法院 民事判决书 （2014）大民初字第1071号 
湖南省湘阴县人民法院 民事判决书 （2015）湘民一初字第941号
 福建省屏南县人民法院 民事判决书 （2014）屏民初字第744号 
 浙江省淳安县人民法院 民事判决书 （2008）淳民一初字第550号 
 江西省丰城市人民法院 民事判决书 （2014）丰民一初字第332号 
广西壮族自治区平果县人民法院 民事判决书 （2015）平民一初字第1382号
 四川省岳池县人民法院 民事判决书 （2014）岳池民初字第1773号 
江苏省灌云县人民法院 民事判决书 （2014）灌杨民初字第00327号
四川省西昌市人民法院 民事判决书 （2015）西昌民初字第809号
江苏省盐城市大丰区人民法院 民事判决书 （2015）大南民初字第00418号
黑龙江省哈尔滨市南岗区人民法院 民事判决书 （2015）南西民初字第718号
 江苏省太仓市人民法院 民事判决书 （2014）太浏民初字第0069号 
 天津市南开区人民法院 民事判决书 （2014）南民初字第4288号 
山东省平度市人民法院 民事判决书 （2015）平少民初字第1107号
安徽省望江县人民法院 民事判决书 （2015）望民一初字第00484号
 广西壮族自治区灵山县人民法院 民事判决书 （2014）灵民初字第1887号 
江苏省新沂市人民法院 民事判决书 （2015）新马民初字第00557号
 四川省绵阳市涪城区人民法院 民事判决书 （2013）涪民初字第3445号 
 江苏省金坛市人民法院 民事判决书 （2014）坛少民初字第00207号 
 安徽省池州市贵池区人民法院 民事判决书 （2015）贵民一初字第00001号 
安徽省霍邱县人民法院 民事判决书 （2015）霍民一初字第01533号
 江西省上高县人民法院 民事判决书 （2014）上南民初字第53号 
河北省巨鹿县人民法院 民事判决书 （2015）巨民一初字第609号
 安徽省涡阳县人民法院 民事判决书 （2015）涡民一初字第00756号 
 甘肃省会宁县人民法院 民事判决书 （2014）会民一初字第757号 
 广西壮族自治区桂平市人民法院 民事判决书 （2014）浔民初字第1207号 
 山东省日照市东港区人民法院 民事判决书 （2014）东民一初字第245号 
山东省莱芜市莱城区人民法院 民事判决书 （2015）莱城民初字第2841号
 四川省渠县人民法院 民事判决书 （2015）达渠民初字第284号 
 福建省光泽县人民法院 民事判决书 （2015）光民初字第385号 
 上海市长宁区人民法院 民事判决书 （2014）长民四（民）初字第986号 
山东省泰安市岱岳区人民法院 民事判决书 （2015）岱民初字第989号
 湖南省洞口县人民法院 民事判决书 （2014）洞民初字第1816号 
 湖北省武汉市蔡甸区人民法院 民事判决书 （2014）鄂蔡甸民一初字第00321号 
 福建省福清市人民法院 民事判决书 （2013）融民初字第3982号 
 四川省内江市东兴区人民法院 民事判决书 （2014）内东民初字第2525号 
 辽宁省北镇市人民法院 民事判决书 （2014）北中民初字第01458号 
 江苏省滨海县人民法院 民事判决书 （2015）滨开民初字第0642号 
 福建省莆田市秀屿区人民法院 民事判决书 （2013）秀民初字第4277号 
 湖北省武汉市硚口区人民法院 民事判决书 （2015）鄂硚口商民初字第00166号 
 湖南省桃江县人民法院 民事判决书 （2014）桃民一初字第1377号 
湖北省武汉市新洲区人民法院 民事判决书 （2015）鄂新洲旧民初字第00079号
 沈阳市沈北新区人民法院 民事判决书 （2014）北新民初字第1773号 
安徽省定远县人民法院 民事判决书 （2015）定民一初字第02069号
 湖南省新化县人民法院 民事判决书 （2013）新法民一初字第108号 
 湖南省永顺县人民法院 民事判决书 （2014）永民初字第783号 
