 湖南省桑植县人民法院 民事判决书 （2015）桑民一初字第207号 
山东省聊城市东昌府区人民法院 民事判决书 （2014）聊东民初字第3676号
 湖南省石门县人民法院 民事判决书 （2015）石民简初字第50号 
 湖北省武汉市新洲区人民法院 民事判决书 （2014）鄂新洲邾民初字第00152号 
 湖北省云梦县人民法院 民事判决书 （2014）鄂云梦民初字第00911号 
 南京市六合区人民法院 民事判决书 （2014）六少民初字第200号 
石家庄市栾城区人民法院 民事判决书 （2015）栾民初字第483号
 四川省江油市人民法院 民事判决书 （2014）江油民初字第4429号 
 陕西省乾县人民法院 民事判决书 （2015）乾民初字第00210号 
 安徽省砀山县人民法院 民事判决书 （2015）砀民一初字第01139号 
 四川省宜宾市翠屏区人民法院 民事判决书 （2014）翠屏民初字第146号 
湖南省大通湖管理区人民法院 民事判决书 （2015）大法民初字第27号
 陕西省大荔县人民法院 民事判决书 （2014）大民初字第02269号 
 浙江省建德市人民法院 民事判决书 （2015）杭建寿民初字第20号 
辽宁省黑山县人民法院 民事判决书 （2015）黑黑民初字第02022号
 安徽省肥西县人民法院 民事判决书 （2013）肥西民一初字第00222号 
 山东省宁津县人民法院 民事判决书 （2015）宁民初字第598号 
广东省高州市人民法院 民事判决书 （2015）茂高法民一初字第132号
 福建省永泰县人民法院 民事判决书 （2014）樟民初字第1143号 
 四川省渠县人民法院 民事判决书 （2012）达渠民初字第133号 
 江苏省盱眙县人民法院 民事判决书 （2015）盱马民初字第00207号 
 安徽省桐城市人民法院 民事判决书 （2015）桐民一初字第00728号 
湖北省大冶市人民法院 民事判决书 （2015）鄂大冶民初字第02376号
 湖南省祁阳县人民法院 民事判决书 （2013）祁民初字第179号 
 重庆市合川区人民法院 民事判决书 （2014）合法民初字第02613号 
 浙江省兰溪市人民法院 民事判决书 （2015）金兰马民初字第106号 
江苏省高邮市人民法院 民事判决书 （2015）邮民初字第01617号
 海南省琼海市人民法院 民事判决书 （2014）琼海民一初字第251号 
 福建省长乐市人民法院 民事判决书 （2013）长民初字第1248号 
 江苏省东台市人民法院 民事判决书 （2014）东唐民初字第0287号 
 内蒙古自治区扎赉特旗人民法院 民事判决书 （2015）扎民初字00185号 
 广东省电白县人民法院 民事判决书 （2014）茂电法那民初字第6号 
 舟山市普陀区人民法院 民事判决书 （2014）舟普民初字第177号 
大石桥市人民法院 民事判决书 （2015）大官民初字第00093号
 重庆市巫山县人民法院 民事判决书 （2015）山法民初字第01434号 
四川省南部县人民法院 民事判决书 （2015）南民初字第2959号
安徽省砀山县人民法院 民事判决书 （2015）砀民一初字第02289号
 兴城市人民法院 民事判决书 （2014）兴东民初字第00593号 
 安徽省颍上县人民法院 民事判决书 （2015）颍民一初字第00780号 
 青海省湟中县人民法院 民事判决书 （2014）湟多民初字第8号 
 安徽省和县人民法院 民事判决书 （2013）和民一初字第00410号 
贵州省黄平县人民法院 民事判决书 （2015）黄民初字第1039号
浙江省文成县人民法院 民事判决书 （2015）温文玉民初字第67号
 河北省邯郸县人民法院 民事判决书 （2013）邯县民初字第1209号 
浙江省武义县人民法院 民事判决书 （2015）金武东民初字第31号
福建省光泽县人民法院 民事判决书 （2015）光民初字第269号
山东省潍坊市潍城区人民法院 民事判决书 （2013）潍城望民初字第209号
安徽省淮北市烈山区人民法院 民事判决书 （2015）烈民一初字第00326号
 杭州市萧山区人民法院 民事判决书 （2013）杭萧义民初字第174号 
云南省蒙自市人民法院 民事判决书 （2015）蒙民初字第749号
