 河南省XX人民法院 民事判决书 （2014）XX民初字第49号 
 四川省剑阁县人民法院 民事判决书 （2015）剑阁民初字第339号 
河南省封丘县人民法院 民事判决书 （2015）封民初字第1960号
 宁夏回族自治区中宁县人民法院 民事判决书 （2015）中宁民初字第1142号 
 山东省临清市人民法院 民事判决书 （2013）临民一初字第1627号 
内蒙古自治区五原县人民法院 民事判决书 （2015）五民初字第2429号
四川省岳池县人民法院 民事判决书 （2015）岳池民初字第2110号
 山西省应县人民法院 民事判决书 （2015）应民初字第140号 
 甘肃省临夏市人民法院 民事判决书 （2015）临市法民初字第401号 
 重庆市合川区人民法院 民事判决书 （2014）合法民初字第05985号 
 黑龙江省肇东市人民法院 民事判决书 （2014）肇昌民初字第180号 
 江苏省新沂市人民法院 民事判决书 （2014）新马民初字第00114号 
江苏省睢宁县人民法院 民事判决书 （2014）睢凌民初字第0656号
 广西壮族自治区武鸣县人民法院 民事判决书 （2014）武民一初字第643号 
四川省马边彝族自治县人民法院 民事判决书 （2015）马边民初字第180号
 山东省桓台县人民法院 民事判决书 （2014）桓民初字第120号 
河南省夏邑县人民法院 民事判决书 （2015）夏民初字第01242号
 安徽省和县人民法院 民事判决书 （2014）和民一初字第00357号 
 江苏省南京市高淳区人民法院 民事判决书 （2014）高漆民初字第382号 
 福建省莆田市城厢区人民法院 民事判决书 （2014）城民初字第1306号 
 黑龙江省桦川县人民法院 民事判决书 （2014）桦川民初字第707号 
 山东省临沂市罗庄区人民法院 民事判决书 （2014）临罗民一初字第2552号 
 陕西省蒲城县人民法院 民事判决书 （2014）蒲民初字第00205号 
 湖南省南县人民法院 民事判决书 （2014）南法民一初字第846号 
 山东省定陶县人民法院 民事判决书 （2015）定民初字第291号 
 上海市徐汇区人民法院 民事判决书 （2013）徐民一（民）初字第7940号 
 河北省南皮县人民法院 民事判决书 （2015）南民初字第949号 
江西省武宁县人民法院 民事判决书 （2015）武民一初字第933号
山东省潍坊市潍城区人民法院 民事判决书 （2015）潍城望民初字第603号
 广东省紫金县人民法院 民事判决书 （2015）河紫法民一初字第309号 
西安市临潼区人民法院 民事判决书 （2014）临潼民初字第01823号
河南省淮阳县人民法院 民事判决书 （2015）淮民初字第00500号
 江西省九江县人民法院 民事判决书 （2015）九民一初字第115号 
 湖北省通城县人民法院 民事判决书 （2014）鄂通城民初字第00246号 
 江苏省南京市高淳区人民法院 民事判决书 （2014）高民初字第1401号 
福建省莆田市城厢区人民法院 民事判决书 （2015）城民初字第2991号
 四川省荥经县人民法院 民事判决书 （2014）荥民初字第346号 
 安徽省休宁县人民法院 民事判决书 （2015）休民一初字第00146号 
 重庆市垫江县人民法院 民事判决书 （2014）垫法民初字第02745号 
 广西壮族自治区玉林市福绵区人民法院 民事判决书 （2014）福民一初字第134号 
 河南省南阳市卧龙区人民法院 民事判决书 （2014）宛龙潦民初字第410号 
 河南省唐河县人民法院 民事判决书 （2014）唐民一初字第10号 
湖北省通城县人民法院 民事判决书 （2015）鄂通城民初字第1497号
山东省阳谷县人民法院 民事判决书 （2015）阳民初字第241号
 山东省济宁市任城区人民法院 民事判决书 （2014）任民初字第5109号 
 河南省长垣县人民法院 民事判决书 （2014）长民初字第1028号 
广东省清远市清新区人民法院 民事判决书 （2015）清新法民一初字第402号
德阳市旌阳区人民法院 民事判决书 （2015）旌民初字第376号
 甘肃省定西市安定区人民法院 民事判决书 （2015）安内民初字第47号 
江苏省睢宁县人民法院 民事判决书 （2015）睢李民初字第59号
