 河南省太康县人民法院 民事判决书 （2013）太民初字第204号 
重庆市梁平县人民法院 民事判决书 （2015）梁法民初字第02875号
 安徽省岳西县人民法院 民事判决书 （2015）岳民一初字第00789号 
河南省漯河市郾城区人民法院 民事判决书 （2015）郾民初字第01910号
安徽省舒城县人民法院 民事判决书 （2015）舒民一初字第00833号
 上海市宝山区人民法院 民事判决书 （2013）宝民一（民）初字第4086号 
 广西壮族自治区田东县人民法院 民事判决书 （2015）东民一初字第262号 
 峨边彝族自治县人民法院 民事判决书 （2015）峨边民初字第59号 
安徽省怀远县人民法院 民事判决书 （2015）怀民一初字第03757号
 常州市钟楼区人民法院 民事判决书 （2014）钟少民初字第0302号 
山东省诸城市人民法院 民事判决书 （2015）诸贾民初字第378号
 湖南省平江县人民法院 民事判决书 （2014）平民初字第617号 
绍兴市柯桥区人民法院 民事判决书 （2015）绍柯民初字第2613号
 湖南省益阳市赫山区人民法院 民事判决书 （2014）益赫民一初字第494号 
 四川省中江县人民法院 民事判决书 （2014）中江民初字第80号 
 江苏省启东市人民法院 民事判决书 （2014）启滨民初字第0098号 
 黑龙江省齐齐哈尔市铁锋区人民法院 民事判决书 （2014）铁民初字第1036号 
湖南省邵东县人民法院 民事判决书 （2014）邵东民初字第2375号
 广西壮族自治区陆川县人民法院 民事判决书 （2014）陆民初字第485号 
 浙江省瑞安市人民法院 民事判决书 （2013）温瑞马民初字第125号 
广西壮族自治区柳州市柳南区人民法院 民事判决书 （2015）南民一初字第1137号
 山东省枣庄市台儿庄区人民法院 民事判决书 （2013）台民初字第1667号 
 舞钢市人民法院 民事判决书 （2015）舞民初字第64号 
 四川省天全县人民法院 民事判决书 （2014）天全民初字第902号 
河南省漯河市召陵区人民法院 民事判决书 （2015）召民初字第1165号
 安徽省肥西县人民法院 民事判决书 （2015）肥西民一初字第01518号 
 山东省莘县人民法院 民事判决书 （2015）莘民一初字第713号 
 四川省南部县人民法院 民事判决书 （2015）南民初字第755号 
湖南省长沙市天心区人民法院 民事判决书 （2013）天民初字第1745号
 山东省商河县人民法院 民事判决书 （2014）商民初字第1742号 
 山东省兖州市人民法院 民事判决书 （2013）兖民初字第435号 
 河北省馆陶县人民法院 民事判决书 （2014）馆民初字第568号 
 湖南省湘潭市雨湖区人民法院 民事判决书 （2014）雨法民一初字第410号 
 湖南省武冈市人民法院 民事判决书 （2014）武法民初字第1694号 
湖南省汝城县人民法院 民事判决书 （2013）汝民初字第735号
湖北省武穴市人民法院 民事判决书 （2015）鄂武穴民初字第01177号
 湖南省宁乡县人民法院 民事判决书 （2014）宁未民初字第00050号 
山东省莱州市人民法院 民事判决书 （2015）莱州民初字第1207号
 安徽省南陵县人民法院 民事判决书 （2014）南民一初字第644号 
 湖南省涟源市人民法院 民事判决书 （2014）涟民一初字第1225号 
 福建省武平县人民法院 民事判决书 （2015）武民初字第1066号 
辽宁省营口市鲅鱼圈区人民法院 民事判决书 （2015）鲅民一初字第00474号
 广东省罗定市人民法院 民事判决书 （2014）云罗法罗民初字第36号 
 四川省大竹县人民法院 民事判决书 （2014）大竹民初字第2071号 
安徽省定远县人民法院 民事判决书 （2015）定民一初字第03403号
 萍乡市安源区人民法院 民事判决书 （2014）安民初字第38号 
 江西省南昌高新技术产业开发区人民法院 民事判决书 （2014）高新民初字第28号 
 四川省岳池县人民法院 民事判决书 （2015）岳池民初字第2199号 
 湖南省衡阳市珠晖区人民法院 民事判决书 （2014）珠民一初字第550号 
 四川省叙永县人民法院 民事判决书 （2013）叙永民初字第2735号 
