 四川省江油市人民法院 民事判决书 （2014）江油民初字第4079号 
 广东省化州市人民法院 民事判决书 （2014）茂化法丽民初字第23号 
 河北省赵县人民法院 民事判决书 （2014）赵民初字第00013号 
 河北省迁安市人民法院 民事判决书 （2013）安民初字第1936号 
 杭州市西湖区人民法院 民事判决书 （2012）杭西民初字第603号 
内蒙古自治区开鲁县人民法院 民事判决书 （2015）开民初字第1995号
 汝州市人民法院 民事判决书 （2014）汝民初字第333号 
 江西省高安市人民法院 民事判决书 （2014）高民一初字第394号 
 江苏省灌云县人民法院 民事判决书 （2014）灌板民初字第0016号 
 广东省东莞市第二人民法院 民事判决书 （2014）东二法厚民一初字第55号 
 河南省通许县人民法院 民事判决书 （2013）通民初字第1384号 
 山东省青岛市黄岛区人民法院 民事判决书 （2014）黄民初字第6254号 
 四川省盐亭县人民法院 民事判决书 （2014）盐民初字第1957号 
 四川省荣县人民法院 民事判决书 （2013）荣民一初字第2046号 
山东省单县人民法院 民事判决书 （2015）单民初字第944号
重庆市綦江区人民法院 民事判决书 （2015）綦法民初字第04414号
 贵州省桐梓县人民法院 民事判决书 （2014）桐法民初字第1556号 
 安徽省涡阳县人民法院 民事判决书 （2014）涡民一初字第00041号 
 山东省菏泽市牡丹区人民法院 民事判决书 （2014）菏牡民初字第2526号 
 山东省兰陵县人民法院 民事判决书 （2015）兰民初字第635号 
 石家庄市新华区人民法院 民事判决书 （2014）新民初字第979号 
 安徽省霍山县人民法院 民事判决书 （2015）霍民一初字第00137号 
 昆明市五华区人民法院 民事判决书 （2014）五法西民初字第466号 
 江苏省邳州市人民法院 民事判决书 （2014）邳铁民初字第0339号 
 重庆市南岸区人民法院 民事判决书 （2012）南法民初字第02909号 
 南京市六合区人民法院 民事判决书 （2013）六程民初字第559号 
 广东省台山市人民法院 民事判决书 （2014）江台法斗民初字第263号 
 福建省莆田市涵江区人民法院 民事判决书 （2014）涵民初字第3960号 
 杭州市拱墅区人民法院 民事判决书 （2013）杭拱民初字第705号 
 山东省五莲县人民法院 民事判决书 （2014）莲民一初字第604号 
 昆明市呈贡区人民法院 民事判决书 （2014）呈民初字第317号 
 上海市闸北区人民法院 民事判决书 （2014）闸民一（民）初字第1524号 
 山东省泗水县人民法院 民事判决书 （2014）泗民初字第337号 
 吉林省吉林市昌邑区人民法院 民事判决书 （2014）昌民一初字第718号 
 安徽省肥东县人民法院 民事判决书 （2014）肥东民一初字第00652号 
 四川省雅安市名山区人民法院 民事判决书 （2014）名山民初字第773号 
 吉林省桦甸市人民法院 民事判决书 （2014）桦民一初字第756号 
 淮安市清河区人民法院 民事判决书 （2014）河民初字第1733号 
 湖北省谷城县人民法院 民事判决书 （2014）鄂谷城盛民初字第00275号 
 广西壮族自治区兴业县人民法院 民事判决书 （2013）兴民一初字289号 
 山东省枣庄市山亭区人民法院 民事判决书 （2013）山民初字第2264号 
广东省阳西县人民法院 民事判决书 （2015）阳西法民初字第1245号
 湖南省宁远县人民法院 民事判决书 （2013）宁法民一初字第1107号 
 湖南省张家界市永定区人民法院 民事判决书 （2014）张定民一初字第1号 
 浙江省嵊州市人民法院 民事判决书 （2014）绍嵊甘民初字第67号 
 辽宁省新民市人民法院 民事判决书 （2014）新民民三初字4018号 
 湖南省湘潭县人民法院 民事判决书 （2014）潭民一初字第48号 
 福建省仙游县人民法院 民事判决书 （2015）仙民初字第501号 
 湖南省茶陵县人民法院 民事判决书 （2015）茶法民一初字第266号 
湖北省天门市人民法院 民事判决书 （2015）鄂天门民初字第00605号
