云南省西畴县人民法院 民事判决书 （2015）西民初字第163号
 重庆市永川区人民法院 民事判决书 （2014）永法民初字第03138号 
 安徽省霍邱县人民法院 民事判决书 （2015）霍民一初字第00854号 
 杭州市拱墅区人民法院 民事判决书 （2014）杭拱民初字第2099号 
安徽省利辛县人民法院 民事判决书 （2015）利民一初字第00913号
 山东省德州市德城区人民法院 民事判决书 （2014）德城民初字第2395号 
 河南省鲁山县人民法院 民事判决书 （2015）鲁民初字第1148号 
 黑龙江省集贤县人民法院 民事判决书 （2015）集民初字第185号 
 四川省江油市人民法院 民事判决书 （2014）江油民初字第1414号 
 山东省济阳县人民法院 民事判决书 （2014）济阳民初字第1059号 
 重庆市涪陵区人民法院 民事判决书 （2014）涪法民初字第02912号 
 福建省福鼎市人民法院 民事判决书 （2015）鼎民初字第891号 
 安徽省阜阳市颍泉区人民法院 民事判决书 （2015）泉民一初字第00340号 
 三亚市城郊人民法院 民事判决书 （2014）城民一初字第1374号 
 四川省汉源县人民法院 民事判决书 （2014）汉民初字第335号 
 江苏省如皋市人民法院 民事判决书 （2014）皋港民初字第0134号 
 湖北省天门市人民法院 民事判决书 （2014）鄂天门民初字第00891号 
吉林省长岭县人民法院 民事判决书 （2015）长民初字第2005号
 山东省青州市人民法院 民事判决书 （2013）青法庙民初字第40号 
山东省临沂市河东区人民法院 民事判决书 （2015）河民初字第700号
 河北省大城县人民法院 民事判决书 （2014）大民初字第1391号 
 湖南省南县人民法院 民事判决书 （2014）南法民一初字第481号 
 四川省叙永县人民法院 民事判决书 （2013）叙永民初字第2748号 
 安徽省蒙城县人民法院 民事判决书 （2015）蒙民一初字第00798号 
 中华人民共和国 上海市普陀区人民法院 民事判决书 （2013）普民一（民）初字第2246号 
沈阳市大东区人民法院 民事判决书 ［2015］大东民一初字第671号
 山东省单县人民法院 民事判决书 （2014）单民初字第2419号 
 内蒙古自治区开鲁县人民法院 民事判决书 （2015）开民初字第1307号 
 中华人民共和国 浙江省瑞安市人民法院 民事判决书 （2014）温瑞民初字第140号 
 辽宁省本溪市平山区人民法院 民事判决书 （2014）平民二初字第00150号 
 山东省诸城市人民法院 民事判决书 （2014）诸民初字第12号 
 南通市通州区人民法院 民事判决书 （2015）通山民初字第00285号 
 安徽省临泉县人民法院 民事判决书 （2014）临民一初字第01257号 
安徽省阜阳市颍泉区人民法院 民事判决书 （2015）泉民一初字第00856号
 江苏省沛县人民法院 民事判决书 （2014）沛民初字第1909号 
 山东省菏泽市牡丹区人民法院 民事判决书 （2013）菏牡民初字第537号 
 北京市昌平区人民法院 民事判决书 （2013）昌民初字第04064号 
湖北省武穴市人民法院 民事判决书 （2015）鄂武穴民初字第00759号
 辽宁省本溪市溪湖区人民法院 民事判决书 （2014）溪民初字第00531号 
 江苏省涟水县人民法院 民事判决书 （2015）涟民初字第00521号 
 敖汉旗人民法院 民事判决书 （2013）敖民初字第5542号 
 福建省福清市人民法院 民事判决书 （2013）融民初字第722号 
 山东省郓城县人民法院 民事判决书 （2014）郓民初字第601号 
 河北省任丘市人民法院 民事判决书 （2014）任民初字第779号 
 河南省驻马店市驿城区人民法院 民事判决书 （2014）驿民初字第1702号 
 浙江省平阳县人民法院 民事判决书 （2013）温平民初字第591号 
 吉林省农安县人民法院 民事判决书 （2015）农民初字第1155号 
河南省永城市人民法院 民事判决书 （2015）永民初字第2975号
 湖南省平江县人民法院 民事判决书 （2014）平民初字第2050号 
四川省邛崃市人民法院 民事判决书 （2015）邛崃民初字第390号
