 浙江省诸暨市人民法院 民事判决书 （2013）绍诸枫民初字第102号 
 四川省大竹县人民法院 民事判决书 （2014）大竹民初字第995号 
 湖北省枣阳市人民法院 民事判决书 （2014）鄂枣阳鹿民初字第00167号 
湖南省慈利县人民法院 民事判决书 （2015）慈民一初字第796号
 安徽省阜阳市颍泉区人民法院 民事判决书 （2014）泉民一初字第00499号 
 内蒙古自治区翁牛特旗人民法院 民事判决书 （2014）翁民初字第697号 
 金华市金东区人民法院 民事判决书 （2014）金东民初字第129号 
 山东省临朐县人民法院 民事判决书 （2014）临民初字第672号 
四川省南部县人民法院 民事判决书 （2015）南民初字第3689号
 山东省章丘市人民法院 民事判决书 （2015）章民初字第734号 
宿州市埇桥区人民法院 民事判决书 （2015）宿埇民一初字第03228号
 安徽省濉溪县人民法院 民事判决书 （2015）濉民一初字第01926号 
 浙江省绍兴县人民法院 民事判决书 （2007）绍民一初字第2390号 
 浙江省临海市人民法院 民事判决书 （2015）台临民初字第493号 
辽宁省盖州市人民法院 民事判决书 （2015）盖民东初字第1574号
 湖南省新宁县人民法院 民事判决书 （2013）宁民一初字第1158号 
 江苏省金坛市人民法院 民事判决书 （2014）坛水民初字第0148号 
 昆明市东川区人民法院 民事判决书 （2014）东民初字第450号 
 山东省临朐县人民法院 民事判决书 （2014）临民初字第718号 
 福建省福清市人民法院 民事判决书 （2013）融民初字第5882号 
湖北省京山县人民法院 民事判决书 （2015）鄂京山雁民初字第00097号
 江苏省徐州市云龙区人民法院 民事判决书 （2012）云民初字第0417号 
 河北省藁城市人民法院 民事判决书 （2013）藁民初字第01420号 
 海口市龙华区人民法院 民事判决书 （2013）龙民一初字第1052号 
黑龙江省大庆市龙凤区人民法院 民事判决书 （2015）龙卧民初字第343号
四川省梓潼县人民法院 民事判决书 （2015）梓民初字第1451号
 安徽省太和县人民法院 民事判决书 （2014）太民一初字第03375号 
 江苏省丰县人民法院 民事判决书 （2014）丰顺民初字第0148号 
吉林省敦化市人民法院 民事判决书 （2015）敦民初字第2688号
 河北省隆尧县人民法院 民事判决书 （2014）隆民初字第861号 
 河北省遵化市人民法院 民事判决书 （2014）遵民初字第1051号 
 四川省盐边县人民法院 民事判决书 （2014）盐边民初字第714号 
江苏省兴化市人民法院 民事判决书 （2015）泰兴开民初字第1280号
 湖北省随县人民法院 民事判决书 （2014）鄂随县民初字第00401号 
 青岛市市南区人民法院 民事判决书 （2014）南少民初字第50051号 
 安徽省合肥市蜀山区人民法院 民事判决书 （2015）蜀民一初字第00748号 
 河北省丰宁满族自治县人民法院 民事判决书 （2014）丰民初字第1248号 
 焦作市山阳区人民法院 民事判决书 （2015）山民三初字第00190号 
辽宁省清原满族自治县人民法院 民事判决书 （2015）清民一初字第00757号
 四川省甘洛县人民法院 民事判决书 （2015）甘民初字第112号 
 四川省达州市达川区人民法院 民事判决书 （2014）达达民初字第2402号 
 辽宁省瓦房店市人民法院 民事判决书 （2014）瓦民初字第1277号 
山东省青州市人民法院 民事判决书 （2014）青法谭民初字第53号
 烟台市莱山区人民法院 民事判决书 （2014）莱山民一初字第308号 
安徽省安庆市大观区人民法院 民事判决书 （2015）观民一初字第00459号
北京市顺义区人民法院 民事判决书 （2015）顺民初字第11855号
山东省惠民县人民法院 民事判决书 （2015）惠民初字第183号
 湖北省利川市人民法院 民事判决书 （2014）鄂利川民初字第01117号 
 江苏省如东县人民法院 民事判决书 （2013）东民初字第0949号 
 安徽省利辛县人民法院 民事判决书 （2014）利民一初字第01185号 
