 河北省唐山市路南区人民法院 民事判决书 （2014）南民初字第2389号 
 河南省信阳市平桥区人民法院 民事判决书 （2014）平民初字第00205号 
 云南省禄劝彝族苗族自治县人民法院 民事判决书 （2013）禄民初字第1134号 
 山东省肥城市人民法院 民事判决书 （2015）肥民初字第1121号 
 湖北省武汉市武昌区人民法院 民事判决书 （2015）鄂武昌民初字第02173号 
 湖南省大通湖管理区人民法院 民事判决书 （2013）大法民初字第162号 
重庆市北碚区人民法院 民事判决书 （2015）碚法民初字第05142号
山东省莱州市人民法院 民事判决书 （2013）莱州民初字第3662号
 广西壮族自治区德保县人民法院 民事判决书 （2014）德民一初字第77号 
 湖南省耒阳市人民法院 民事判决书 （2015）耒民一初字第114号 
 湖南省湘潭市雨湖区人民法院 民事判决书 （2015）雨法响民初字第312号 
山东省青岛市黄岛区人民法院 民事判决书 （2015）黄民初字第7513号
 上海市长宁区人民法院 民事判决书 （2015）长民四（民）初字第466号 
 安徽省萧县人民法院 民事判决书 （2014）萧民一初字第01779号 
 湖北省荆门市东宝区人民法院 民事判决书 （2014）鄂东宝城民初字00168号 
湖北省仙桃市人民法院 民事判决书 （2015）鄂仙桃民一初字第01019号
 广东省深圳市宝安区人民法院 民事判决书 （2012）深宝法民一初字第6065号 
彭水苗族土家族自治县人民法院 民事判决书 （2013）彭法民初字第02697号
 四川省长宁县人民法院 民事判决书 （2013）长民初字第218号 
 江苏省东海县人民法院 民事判决书 （2015）连东双民初字第00241号 
 罗山县人民法院 民事判决书 （2014）罗民初字第272号 
 江苏省张家港市人民法院 民事判决书 （2014）张凤少民初字第0052号 
四川省广汉市人民法院 民事判决书 （2015）广汉民初字第1778号
河南省方城县人民法院 民事判决书 （2015）方杨民初字第80号
 襄阳市襄城区人民法院 民事判决书 （2015）鄂襄城民一初字第00010号 
 常州市新北区人民法院 民事判决书 （2014）新孟民初字第0355号 
 宁波市镇海区人民法院 民事判决书 （2014）甬镇骆民初字第31号 
 北京市房山区人民法院 民事判决书 （2013）房民初字第08556号 
 贵州省赤水市人民法院 民事判决书 （2014）赤民初字第1430号 
 贵州省纳雍县人民法院 民事判决书 （2014）黔纳民初字第495号 
 安徽省颍上县人民法院 民事判决书 （2015）颍民一初字第01632号 
 陕西省蒲城县人民法院 民事判决书 （2013）蒲民初字第00821号 
 重庆市万州区人民法院 民事判决书 （2015）万法民初字第02500号 
河南省商丘市梁园区人民法院 民事判决书 （2015）商梁民初字第03999号
 重庆市南岸区人民法院 民事判决书 （2013）南法民初字第09564号 
青海省贵南县人民法院 民事判决书 （2015）贵民初字第285号
 福建省武平县人民法院 民事判决书 （2014）武民初字第305号 
安徽省潜山县人民法院 民事判决书 （2015）潜民一初字第01246号
 江西省奉新县人民法院 民事判决书 （2015）奉民一初字第29号 
 宁夏回族自治区石嘴山市大武口区人民法院 民事判决书 （2015）石大民初字第342号 
 四川省资阳市雁江区人民法院 民事判决书 （2014）雁江民初字第2595号 
 焦作市解放区人民法院 民事判决书 （2014）解民二初字第97号 
 四川省南部县人民法院 民事判决书 （2013）南民初字第1013号 
 青海省大通回族土族自治县人民法院 民事判决书 （2015）大衙民初字第251号 
 广东省从化市人民法院 民事判决书 （2015）穗从法民一初字第429号 
 福建省龙岩市新罗区人民法院 民事判决书 （2014）龙新民初字第4247号 
陕西省大荔县人民法院 民事判决书 （2015）大民初字第02633号
 湖北省通城县人民法院 民事判决书 （2013）鄂通城民初字第01811号 
 天津市武清区人民法院 民事判决书 （2014）武民一初字第6346号 
灵宝市人民法院 民事判决书 （2013）灵民一初字第1192号
