 江西省上犹县人民法院 民事判决书 （2015）上民一初字第102号 
 四川省盐边县人民法院 民事判决书 （2014）盐边民初字第475号 
 湖北省公安县人民法院 民事判决书 （2014）鄂公安民初字第00640号 
 安徽省宿松县人民法院 民事判决书 （2014）松民一初字第00806号 
 铜陵市铜官山区人民法院 民事判决书 （2014）铜官民一初字第00047号 
武汉市青山区人民法院 民事判决书 （2014）鄂青山民一初字第00155号
安徽省亳州市谯城区人民法院 民事判决书 （2015）谯民一初字第04223号
 河南省洛宁县人民法院 民事判决书 （2014）宁民初字第407号 
 陕西省澄城县人民法院 民事判决书 （2012）澄民初字第00050号 
 湖北省老河口市人民法院 民事判决书 （2014）鄂老河口民初字第02763号 
宁夏回族自治区中宁县人民法院 民事判决书 （2015）中宁民初字第1635号
 广东省海丰县人民法院 民事判决书 （2015）汕海法民一初字第73号 
宁夏回族自治区西吉县人民法院 民事判决书 （2015）西民初字第2631号
 河南省清丰县人民法院 民事判决书 （2013）清民初字第1634号 
 衢州市柯城区人民法院 民事判决书 （2014）衢柯巡民初字第162号 
 贵州省福泉市人民法院 民事判决书 （2014）福民初字第253号 
 湖南省常德市武陵区人民法院 民事判决书 （2014）武民初字第02351号 
 广东省汕尾市城区人民法院 民事判决书 （2013）汕城法民一初字第262号 
 河北省赵县人民法院 民事判决书 （2014）赵民初字第00373号 
嘉兴市秀洲区人民法院 民事判决书 （2012）嘉秀王民初字第4号
 山东省烟台市芝罘区人民法院 民事判决书 （2012）芝民社一初字第625号 
 黑龙江省安达市人民法院 民事判决书 （2014）安铁西民初字第92号 
 辽宁省喀喇沁左翼蒙古族自治县人民法院 民事判决书 （2014）喀民一初字第246号 
 内蒙古自治区巴林左旗人民法院 民事判决书 （2014）巴民初字第1263号 
 南充市顺庆区人民法院 民事判决书 （2014）顺庆民初字第3073号 
 西安市长安区人民法院 民事判决书 （2014）长安民初字第04986号 
 辽宁省沈阳市沈河区人民法院 民事判决书 （2014）沈河民一初字第2062号 
 重庆市万州区人民法院 民事判决书 （2014）万法民初字第00839号 
河南省太康县人民法院民事判决书 （2015）太民初字第1334号
安徽省阜南县人民法院 民事判决书 （2015）南民一初字第02552号
 汕头市潮南区人民法院 民事判决书 （2015）汕南法民一初字第26号 
 贵州省正安县人民法院 民事判决书 （2014）正民初字第73号 
 广西壮族自治区武鸣县人民法院 民事判决书 （2014）武民一初字第186号 
 新疆维吾尔自治区额敏县人民法院 民事判决书 （2014）额民一初字第71号 
 湖南省茶陵县人民法院 民事判决书 （2015）茶法民一初字第221号 
 湖南省嘉禾县人民法院 民事判决书 （2014）嘉民一初字第82号 
 山东省诸城市人民法院 民事判决书 （2014）诸皇民初字第504号 
光山县人民法院 民事判决书 （2013）光民初字第00880号
 重庆市渝中区人民法院 民事判决书 （2014）中区民初字第00936号 
安徽省萧县人民法院 民事判决书 （2015）萧民一初字第03382号
河北省博野县人民法院 民事判决书 （2015）博民初字第786号
 山东省济宁市任城区人民法院 民事判决书 （2014）任民初字第113号 
 广东省紫金县人民法院 民事判决书 （2014）河紫法民一初字第917号 
 山东省高密市人民法院 民事判决书 （2014）高民初字第3832号 
 中华人民共和国北京市丰台区人民法院 民事判决书 （2013）丰民初字第01295号 
河北省顺平县人民法院 民事判决书 （2015）顺民初字第553号
锡林浩特市人民法院 民事判决书 （2015）锡白民初字第46号
 山东省潍坊市潍城区人民法院 民事判决书 （2014）潍城民初字第582号 
 四川省广安市前锋区人民法院 民事判决书 （2015）前锋民初字第264号 
 黑龙江省五常市人民法院 民事判决书 （2014）五民初字第1707号 
