广东省清远市清新区人民法院 民事判决书 （2015）清新法民一初字第191号
 江苏省射阳县人民法院 民事判决书 （2014）射开民初字第0141号 
河北省邢台县人民法院 民事判决书 （2015）邢民初字第753号
 安徽省巢湖市人民法院 民事判决书 （2015）巢民一初字第00170号 
 河南省商丘市梁园区人民法院 民事判决书 （2014）商梁民初字第836号 
 南通市通州区人民法院 民事判决书 （2014）通仁民初字第0482号 
河北保定市省唐县人民法院 民事判决书 （2015）唐民初字第610号
温州市龙湾区人民法院 民事判决书 （2010）温龙民初字第197号
 南京市栖霞区人民法院 民事判决书 （2014）栖霞民初字第419号 
 辽宁省大洼县人民法院 民事判决书 （2014）大洼民一初字第01398号 
 江苏省金湖县人民法院 民事判决书 （2014）金宝民初字第0007号 
河北省南和县人民法院 民事判决书 （2015）南民一初字第1259号
 陕西省富平县人民法院 民事判决书 （2014）富平民初字第02610号 
 广西壮族自治区宾阳县人民法院 民事判决书 （2014）宾民一初字第1506号 
福建省莆田市秀屿区人民法院 民事判决书 （2015）秀民初字第2176号
 四川省叙永县人民法院 民事判决书 （2015）叙永民初字第802号 
陕西省子洲县人民法院 民事判决书 （2015）子洲民初字第00395号
 黑龙江省依兰县人民法院 民事判决书 （2014）依民初字第618号 
陕西省延川县人民法院 民事判决书 （2013）延民初字第00560号
 峨边彝族自治县人民法院 民事判决书 （2014）峨边民初字第4号 
 渭南市临渭区人民法院 民事判决书 （2014）临渭民初字第00942号 
安徽省舒城县人民法院 民事判决书 （2014）舒民一初字第00859号
 江苏省东海县人民法院 民事判决书 （2015）连东房民初字第00108号 
 湖南省湘潭县人民法院 民事判决书 （2015）潭民一初字第683号 
 重庆市长寿区人民法院 民事判决书 （2014）长法民初字第03303号 
 湖南省湘潭市雨湖区人民法院 民事判决书 （2014）雨法响民初字第651号 
 台州市黄岩区人民法院 民事判决书 （2014）台黄宁民初字第163号 
 河南省商丘市梁园区人民法院 民事判决书 （2014）商梁民初字第02592号 
 山东省荣成市人民法院 民事判决书 （2013）荣崖民初字第394号 
山西省运城市盐湖区人民法院 民事判决书 （2014）运盐民相初字第169号
四川省广汉市人民法院 民事判决书 （2015）广汉民初字第753号
江苏省阜宁县人民法院 民事判决书 （2013）阜东民初字第0416号
 陕西省彬县人民法院 民事判决书 （2014）彬民初字第00384号 
 浙江省东阳市人民法院 民事判决书 （2014）东巍民初字第270号 
湖南省茶陵县人民法院 民事判决书 （2013）茶法民一初字第832号
 福建省霞浦县人民法院 民事判决书 （2014）霞民初字第817号 
 浙江省桐庐县人民法院 民事判决书 （2015）杭桐分民初字第62号 
安徽省泗县人民法院 民事判决书 （2015）泗民一初字第02913号
 湖北省宣恩县人民法院 民事判决书 （2015）鄂宣恩民初字第00121号 
罗山县人民法院 民事判决书 （2012）罗民初字第98号
 河北省清河县人民法院 民事判决书 （2014）清民一初字第756号 
山东省新泰市人民法院 民事判决书 （2015）新民初字第2690号
 河北省肥乡县人民法院 民事判决书 （2014）肥民初字第278号 
河北省河间市人民法院 民事判决书 （2015）河民初字第3155号
 海南省澄迈县人民法院 民事判决书 （2014）澄民初字第385号 
 浙江省温岭市人民法院 民事判决书 （2015）台温民初字第463号 
 四川省筠连县人民法院 民事判决书 （2015）筠连民初字第527号 
 广西壮族自治区陆川县人民法院 民事判决书 （2015）陆民初字第62号 
 广东省阳春市人民法院 民事判决书 （2013）阳春法潭民初字第329号 
太原市万柏林区人民法院 民事判决书 （2015）万民初字第00775号
