 山东省荣成市人民法院 民事判决书 （2014）荣人民初字第245号 
 北京市石景山区人民法院 民事判决书 （2014）石民初字第7388号 
 河北省定州市人民法院 民事判决书 （2013）定民初字第1024号 
 四川省泸州市江阳区人民法院 民事判决书 （2014）江阳民初字第826号 
 金华市婺城区人民法院 民事判决书 （2014）金婺民初字第642号 
山东省东明县人民法院 民事判决书 （2015）东民初字第582号
 河北省大名县人民法院 民事判决书 （2012）大民初字第659号 
 固始县人民法院 民事判决书 （2015）固民初字第101号 
 四川省三台县人民法院 民事判决书 （2014）三民初字第3947号 
 河北省涿州市人民法院 民事判决书 （2014）涿民初字第1057号 
 四川省中江县人民法院 民事判决书 （2014）中江民初字第2687号 
 重庆市酉阳土家族苗族自治县人民法院 民事判决书 （2014）酉法民初字第03343号 
 湖南省汉寿县人民法院 民事判决书 （2014）汉民初字第66号 
 安徽省寿县人民法院 民事判决书 （2014）寿民一初字第01398号 
 山东省临清市人民法院 民事判决书 （2013）临民一初字第1473号 
 山东省郯城县人民法院 民事判决书 （2013）郯民初字第3851号 
陕西省大荔县人民法院 民事判决书 （2015）大民初字第02538号
 湖南省会同县人民法院 民事判决书 （2015）会民一初字第163号 
 河南省太康县人民法院 民事判决书 （2015）太民初字第355号 
 湖北省房县人民法院 民事判决书 （2015）鄂房县民一初字第00417号 
云南省通海县人民法院 民事判决书 （2015）通民一初字第633号
 江苏省泗阳县人民法院 民事判决书 （2014）泗民初字第1002号 
重庆市璧山区人民法院 民事判决书 （2015）璧法民初字第04364号
安徽省凤台县人民法院 民事判决书 （2015）凤民一初字第00306号
 广西壮族自治区武宣县人民法院 民事判决书 （2014）武民初字第180号 
 山西省永和县人民法院 民事判决书 （2014）永民初字第189号 
 陕西省泾阳县人民法院 民事判决书 （2014）泾民初字第00414号 
 福建省云霄县人民法院 民事判决书 （2015）云民初字第412号 
 贵州省遵义县人民法院 民事判决书 （2014）遵县法民初字第2801号 
湖南省洪江市人民法院 民事判决书 （2015）洪民一初字第488号
 江西省奉新县人民法院 民事判决书 （2014）奉城民一初字第128号 
 浙江省新昌县人民法院 民事判决书 （2014）绍新民初字第126号 
湖北省通城县人民法院 民事判决书 （2015）鄂通城民初字第881号
江苏省盐城市亭湖区人民法院 民事判决书 （2015）亭民初字第0276号
 河南省商丘市睢阳区人民法院 民事判决书 （2014）商睢民初字第01487号 
安徽省舒城县人民法院 民事判决书 （2013）舒民一初字第00378号
 湖南省怀化市鹤城区人民法院 民事判决书 （2013）怀鹤民一初字第858号 
 河北省巨鹿县人民法院 民事判决书 （2014）巨民一初字第91号 
河南省柘城县人民法院 民事判决书 （2015）柘民初字第2325号
 福建省泉州市鲤城区人民法院 民事判决书 （2014）鲤民初字第5278号 
 贵州省贵定县人民法院 民事判决书 （2014）贵民初字第337号 
 辽宁省瓦房店市人民法院 民事判决书 （2014）瓦民初字第3413号 
广西壮族自治区桂林市阳朔县人民法院 民事判决书 （2014）阳民初字第382号
山东省单县人民法院 民事判决书 （2015）单民初字第914号
 安徽省南陵县人民法院 民事判决书 （2014）南民一初字第00895号 
 浙江省嵊州市人民法院 民事判决书 （2014）绍嵊三民初字第261号 
 山东省临朐县人民法院 民事判决书 （2014）临民初字第3071号 
 四川省广汉市人民法院 民事判决书 （2014）广汉民初字第764号 
 四川省大竹县人民法院 民事判决书 （2014）大竹民初字第754号 
 四川省邛崃市人民法院 民事判决书 （2013）邛崃民初字第1640号 
