 江西省宜春市袁州区人民法院 民事判决书 （2014）袁民一初字第739号 
 贵州省凤冈县人民法院 民事判决书 （2015）凤民初字第577号 
贵州省岑巩县人民法院民事判决书 （2014）岑民初字第65号
 内蒙古自治区二连浩特市人民法院 民事判决书 （2015）二民初字第50号 
江西省抚州市临川区人民法院 民事判决书 （2015）临民初字第1613号
 湖北省监利县人民法院 民事判决书 （2014）鄂监利民初字第01125号 
 重庆市忠县人民法院 民事判决书 （2014）忠法民初字第03055号 
 河南省长葛市人民法院 民事判决书 （2014）长民初字第02962号 
 湖南省茶陵县人民法院 民事判决书 （2014）茶法民一初字第881号 
 广西壮族自治区陆川县人民法院 民事判决书 （2015）陆民初字第689号 
 四川省渠县人民法院 民事判决书 （2015达渠民初字第393号 
贵州省金沙县人民法院 民事判决书 （2014）黔金民初字第286号
山东省庆云县人民法院 民事判决书 （2015）庆民初字第824号
 河北省清苑县人民法院 民事判决书 （2015）清民初字第61号 
 浙江省杭州市江干区人民法院 民事判决书 （2014）杭江民初字第1061号 
 四川省南充市嘉陵区人民法院 民事判决书 （2015）嘉民初字第1679号 
 浙江省象山县人民法院 民事判决书 （2015）甬象民初字第518号 
 河北省兴隆县人民法院 民事判决书 （2014）兴民初字第1461号 
 山东省昌邑市人民法院 民事判决书 （2015）昌民初字第66号 
 甘肃省正宁县人民法院 民事判决书 （2015）正民初字第605号 
 杭州市滨江区人民法院 民事判决书 （2013）杭滨民初字第1395号 
湖南省宁乡县人民法院 民事判决书 （2014）宁民初字第04786号
 陕西省宝鸡市渭滨区人民法院 民事判决书 （2013）宝渭法民初字第00155号 
安徽省萧县人民法院 民事判决书 （2015）萧民一初字第02116号
 河南省柘城县人民法院 民事判决书 （2014）柘民初字第1197号 
 山东省新泰市人民法院 民事判决书 （2014）新民初字第929号 
 黑龙江省齐齐哈尔市铁锋区人民法院 民事判决书 （2014）铁民初字第492号 
 重庆市渝中区人民法院 民事判决书 （2014）中区法民初字第06627号 
 中华人民共和国辽宁省抚顺市顺城区人民法院 民事判决书 （2013）顺民一初字第01056号 
 广东省紫金县人民法院 民事判决书 （2014）河紫法民一初字第265号 
 江西省信丰县人民法院 民事判决书 （2014）信民一初字第141号 
 江苏省宿迁宿豫区人民法院 民事判决书 （2013）宿豫民初字第1919号 
 安徽省宿州市埇桥区人民法院 民事判决书 （2014）宿埇民一初字第05514号 
 山东省滕州市人民法院 民事判决书 （2015）滕民初字第1555号 
 苏州市姑苏区人民法院 民事判决书 （2014）姑苏民四初字第01471号 
 福建省霞浦县人民法院 民事判决书 （2014）霞民初字第2044号 
 重庆市云阳县人民法院 民事判决书 （2015）云法民初字第02041号 
 鞍山市立山区人民法院 民事判决书 （2014）立民二初字第696号 
义马市人民法院 民事判决书 （2015）义民初字第609号
 湖北省鹤峰县人民法院 民事判决书 （2014）鄂鹤峰民初字第00684号 
 四川省江油市人民法院 民事判决书 （2014）江油民初字第600号 
贵州省紫云苗族布依族自治县人民法院 民事判决书 （2014）紫民初字第183号
 江西省丰城市人民法院 民事判决书 （2015）丰民一初字第379号 
山东省莱州市人民法院 民事判决书 （2015）莱州民初字第1030号
 安徽省全椒县人民法院 民事判决书 （2014）全民一初字第01124号 
湖北省保康县人民法院 民事判决书 （2015）鄂保康歇民初字第0001号
广西壮族自治区贺州市八步区人民法院 民事判决书 （2015）贺八民一初字第2297号
 安徽省固镇县人民法院 民事判决书 （2014）固民一初字第00107号 
 四川省威远县人民法院 民事判决书 （2014）威民初字第1371号 
 河北省任丘市人民法院 民事判决书 （2015）任民初字第256号 
