 内蒙古自治区多伦县人民法院 民事判决书 （2014）多民一初字第134号 
 安徽省霍邱县人民法院 民事判决书 （2013）霍民一初字第01216号 
 贵州省贵阳市花溪区人民法院 民事判决书 （2014）花民初字第228号 
 河南省西峡县人民法院 民事判决书 （2014）西城民初字第181号 
 天津市滨海新区人民法院 民事判决书 （2013）滨港民初字第4136号 
 安徽省无为县人民法院 民事判决书 （2015）无民一初字第00933号 
 重庆市合川区人民法院 民事判决书 （2015）合法民初字第00261号 
 广西壮族自治区马山县人民法院 民事判决书 （2012）马民一初字第178号 
 江苏省溧水县人民法院 民事判决书 （2012）溧民初字第982号 
 湖北省孝昌县人民法院 民事判决书 （2014）鄂孝昌民初字第01161号 
江苏省丹阳市人民法院 民事判决书 （2014）丹导民初字第33号
 四川省岳池县人民法院 民事判决书 （2014）岳池民初字第334号 
江苏省涟水县人民法院 民事判决书 （2015）涟高民初字第00083号
 云南省开远市人民法院 民事判决书 （2015）开民一初字第16号 
湖南省邵东县人民法院 民事判决书 （2015）邵东民初字第800号
 汝州市人民法院 民事判决书 （2014）汝民初字第968号 
 安徽省霍邱县人民法院 民事判决书 （2014）霍民一初字第00968号 
 湖南省湘潭县人民法院 民事判决书 （2014）潭民一初字第666号 
 中华人民共和国 广东省佛山市禅城区人民法院 民事判决书 （2014）佛城法槎民初字第549号 
 河南省长垣县人民法院 民事判决书 （2015）长民初字第176号 
 山西省交口县人民法院 民事判决书 （2013）交民初字第212号 
 河南省开封市鼓楼区人民法院 民事判决书 （2014）鼓民初字第638号 
湖南省安化县人民法院 民事判决书 （2015）安法民一初字第701号
 广东省化州市人民法院 民事判决书 （2015）茂化法同民初字第2号 
 山东省临清市人民法院 民事判决书 （2014）临民一初字第1655号 
 江苏省海安县人民法院 民事判决书 （2014）安墩民初字第00114号 
宁波市鄞州区人民法院 民事判决书 （2012）甬鄞嵩民初字第18号
 湖南省辰溪县人民法院 民事判决书 （2013）辰民一初字第594号 
 陕西省岐山县人民法院 民事判决书 （2014）岐民初字第00829号 
 湖南省道县人民法院 民事判决书 （2013）道法民初字第1223号 
 安徽省临泉县人民法院 民事判决书 （2014）临民一初字第00036号 
湖北省安陆市人民法院 民事判决书 （2015）鄂安陆民初字第01447号
 河北省栾城县人民法院 民事判决书 （2014）栾民初字第121号 
 湖南省祁阳县人民法院 民事判决书 （2014）祁民初字第2332号 
山东省平原县人民法院 民事判决书 （2015）平民初字第907号
浙江省桐乡市人民法院 民事判决书 （2015）嘉桐民初字第1153号
 河南省孟津县人民法院 民事判决书 （2015）孟民三初字第98号 
 贵州省水城县人民法院 民事判决书 （2014）黔水民初字第00598号 
 广东省高州市人民法院 民事判决书 （2013）茂高法长民初字第224号 
四川省大英县人民法院 民事判决书 （2015）大英民初字第204号
 四川省阆中市人民法院 民事判决书 （2014）阆民初字第5605号 
 山东省文登市人民法院 民事判决书 （2013）文葛民一初字第129号 
四川省自贡市沿滩区人民法院 民事判决书 （2015）沿滩民一初字第161号
 山东省德州市德城区人民法院 民事判决书 （2014）德城民初字第234号 
 吉林省梨树县人民法院 民事判决书 （2014）梨孤民初字第145号 
吉林省德惠市人民法院 民事判决书 （2015）德民初字第1132号
浙江省乐清市人民法院 民事判决书 （2015）温乐荆民初字第269号
 沈阳市沈北新区人民法院 民事判决书 （2014）北新民初字第1421号 
 湖南省长沙市芙蓉区人民法院 民事判决书 （2014）芙民初字第2039号 
新疆维吾尔自治区阿勒泰市人民法院 民事判决书 （2015）阿民一初字第714号
