 河北省涿州市人民法院 民事判决书 （2014）涿民初字第2387号 
 河南省新野县人民法院 民事判决书 （2014）新五民初字第00083号 
 四川省广汉市人民法院 民事判决书 （2014）广汉民初字第778号 
 江苏省睢宁县人民法院 民事判决书 （2014）睢魏民初字第0392号 
 江西省高安市人民法院 民事判决书 （2014）高民一初字第1052号 
 山东省济宁市任城区人民法院 民事判决书 （2014）任民初字第903号 
 福建省南靖县人民法院 民事判决书 （2014）靖民初字第1730号 
 湖南省新宁县人民法院 民事判决书 （2014）宁民一初字第376号 
 西安市新城区人民法院 民事判决书 （2013）新民一初字第01181号 
福建省福清市人民法院 民事判决书 （2014）融民初字第3995号
 山东省枣庄市薛城区人民法院 民事判决书 （2014）薛民初字第459号 
 河南省镇平县人民法院 民事判决书 （2014）镇民初字第1409号 
河北省任丘市人民法院 民事判决书 （2015）任民初字第3144号
云南省威信县人民法院 民事判决书 （2015）威民初字第353号
 江西省修水县人民法院 民事判决书 （2015）修民初字第68号 
 广东省东莞市第二人民法院 民事判决书 （2014）东二法沙民一初字第508号 
 湖北省黄梅县人民法院 民事判决书 （2015）鄂黄梅民初字第00056号 
 安徽省休宁县人民法院 民事判决书 （2014）休民一初字第00184号 
南京市溧水区人民法院 民事判决书 （2015）溧民初字第731号
 山东省武城县人民法院 民事判决书 （2014）武民初字第83号 
 云南省南涧彝族自治县人民法院 民事判决书 （2015）南民初字第205号 
江苏省响水县人民法院 民事判决书 （2014）响民初字第01273号
 河南省西峡县人民法院 民事判决书 （2015）西丹民初字第3号 
 福建省霞浦县人民法院 民事判决书 （2015）霞民初字第61号 
 山东省枣庄市薛城区人民法院 民事判决书 （2014）薛民初字第621号 
 江西省于都县人民法院 民事判决书 （2015）于民一（黄）初字第49号 
 湖北省京山县人民法院 民事判决书 （2014）鄂京山宋民初字第00035号 
 安徽省无为县人民法院 民事判决书 （2015）无民一初字第00135号 
 山东省成武县人民法院 民事判决书 （2014）成民初字第1718号 
 安徽省砀山县人民法院 民事判决书 （2014）砀民一初字第00359号 
江西省靖安县人民法院 民事判决书 （2015）靖民一初字第248号
陕西省南郑县人民法院 民事判决书 （2015）南民初字第00569号
安徽省泗县人民法院 民事判决书 （2015）泗民一初字第02720号
 四川省渠县人民法院 民事判决书 （2013）达渠民初字第270号 
 辽宁省康平县人民法院 民事判决书 （2014）康民初字第1002号 
 甘肃省康县人民法院 民事判决书 （2015）康民初字第3号 
 广西壮族自治区柳江县人民法院 民事判决书 （2014）江民初字第1629号 
 河北省固安县人民法院 民事判决书 （2014）固民初字第1085号 
湖南省长沙市开福区人民法院 民事判决书 （2015）开民一初字第02707号
 中华人民共和国 广东省台山市人民法院 民事判决书 （2014）江台法民三初字第75号 
 河南省杞县人民法院 民事判决书 （2014）杞民初字第1711号 
 云南省大姚县人民法院 民事判决书 （2015）大民初字第307号 
 孟州市人民法院 民事判决书 （2013）孟民谷初字第00071号 
 湖北省利川市人民法院 民事判决书 （2014）鄂利川民初字第00649号 
安徽省太和县人民法院 民事判决书 （2015）太民一初字第02399号
重庆市开县人民法院 民事判决书 （2015）开法民初字第03445号
山东省武城县人民法院 民事判决书 （2015）武民初字第287号
 山东省武城县人民法院 民事判决书 （2015）武民初字第407号 
 四川省西充县人民法院 民事判决书 （2014）西充民初字第43号 
 广东省乐昌市人民法院 民事判决书 （2014）韶乐法坪民初字第77号 
