广东省高要市人民法院 民事判决书 （2014）肇要法民二初字第156号
 江苏省大丰市人民法院 民事判决书 （2015）大民初字第00915号 
 福建省建瓯市人民法院 民事判决书 （2015）瓯民初字第528号 
 江苏省射阳县人民法院 民事判决书 （2014）射民初字第0681号 
 安徽省泗县人民法院 民事判决书 （2014）泗民一初字第01631号 
 淮安市清浦区人民法院 民事判决书 （2014）浦民初字第1342号 
贵州省黔西县人民法院 民事判决书 （2015）黔县民初字第2990号
 山东省新泰市人民法院 民事判决书 （2014）新民初字第1108号 
 河北省威县人民法院 民事判决书 （2014）威民一初字第818号 
 山东省诸城市人民法院 民事判决书 （2015）诸民初字第455号 
 山东省临沂市兰山区人民法院 民事判决书 （2014）临兰民初字第5937号 
 四川省南部县人民法院 民事判决书 （2015）南民初字第1145号 
云南省宾川县人民法院 民事判决书 （2015）宾民初字第526号
新疆维吾尔自治区伊宁市人民法院 民事判决书 （2015）伊民初字第2576号
四平市铁西区人民法院 民事判决书 （2015）四西郊民初字第406号
江西省浮梁县人民法院 民事判决书 （2015）浮民一初字第117号
 上海市浦东新区人民法院 民事判决书 （2014）浦民一（民）初字第3186号 
南京市六合区人民法院 民事判决书 （2015）六民初字第380号
 湖南省东安县人民法院 民事判决书 （2013）东法民一初字第490号 
安徽省怀远县人民法院 民事判决书 （2015）怀民一初字第01737号
 福建省将乐县人民法院 民事判决书 （2015）将少民初字第37号 
 山东省济南市长清区人民法院 民事判决书 （2014）长民初字第1130号 
 湖南省南县人民法院 民事判决书 （2014）南法民一初字第426号 
 陕西省宝鸡市金台区人民法院 民事判决书 （2014）金民初字第02036号 
广西壮族自治区宜州市人民法院 民事判决书 （2015）宜民初字第214号
浙江省乐清市人民法院 民事判决书 （2015）温乐虹民初字第590号
 河南省杞县人民法院 民事判决书 （2014）杞民初字第1416号 
 重庆市奉节县人民法院 民事判决书 （2014）奉法民初字第02537号 
山西省大同市新荣区人民法院 民事判决书 （2014）新民初字第159号
 安徽省长丰县人民法院 民事判决书 （2014）长民一初字第01199号 
 重庆市綦江区人民法院 民事判决书 （2014）綦法民初字第02321号 
 河南省邓州市人民法院 民事判决书 （2014）邓法民初字第122号 
 陕西省澄城县人民法院 民事判决书 （2015）澄民初字第00020号 
 广西壮族自治区陆川县人民法院 民事判决书 （2014）陆民初字第462号 
广东省南雄市人民法院 民事判决书 （2015）韶雄法乌民初字第53号
 重庆市涪陵区人民法院 民事判决书 （2015）涪法民初字第01840号 
 湖南省桃源县人民法院 民事判决书 （2014）桃民初字第1451号 
浙江省长兴县人民法院 民事判决书 （2010）湖长民初字第750号
 安徽省芜湖市镜湖区人民法院 民事判决书 （2013）镜民一初字第02995号 
 浙江省义乌市人民法院 民事判决书 （2013）金义佛堂民初字第22号 
 山东省茌平县人民法院 民事判决书 （2012）茌民一初字第408号 
 湖北省蕲春县人民法院 民事判决书 （2015）鄂蕲春民一初字第00534号 
 四川省南部县人民法院 民事判决书 （2014）南民初字第2041号 
 湖南省会同县人民法院 民事判决书 （2014）会民一初字第290号 
安徽省歙县人民法院 民事判决书 （2015）歙民一初字第00981号
上海市浦东新区人民法院 民事判决书 （2015）浦民一（民）初字第33785号
 安徽省长丰县人民法院 民事判决书 （2014）长民一初字第01606号 
 河南省郑州市管城回族区人民法院 民事判决书 （2014）管民初字第876号 
 山东省定陶县人民法院 民事判决书 （2013）定民初字第1050号 
 广东省郁南县人民法院 民事判决书 （2014）云郁法千民初字第56号 
