 安徽省当涂县人民法院 民事判决书 （2015）当民一初字第00124号 
 湖北省石首市人民法院 民事判决书 （2014）鄂石首民初字第00247号 
 石家庄市新华区人民法院 民事判决书 （2014）新民初字第1114号 
 山东省临沂市罗庄区人民法院 民事判决书 （2013）临罗民一初字第1326号 
山东省东阿县人民法院 民事判决书 （2014）东民初字第1454号
淮滨县人民法院 民事判决书 （2013）淮民初字第476号
 吉林省柳河县人民法院 民事判决书 （2014）柳民孤初字第00300号 
 浙江省武义县人民法院 民事判决书 （2014）金武柳民初字第71号 
 湖南省洞口县人民法院 民事判决书 （2013）洞民初字第1185号 
 内蒙古自治区喀喇沁旗人民法院 民事判决书 （2014）喀民初字第4337号 
 淮安市清浦区人民法院 民事判决书 （2014）浦民初字第2113号 
 山东省巨野县人民法院 民事判决书 （2013）巨民一初字第77号 
 河北省平泉县人民法院 判决书 （2014）平民初字第00611号 民事判决书 
云南省文山市人民法院 民事判决书 （2015）文民一初字第48号
 云南省玉溪市红塔区人民法院 民事判决书 （2015）玉红民一初字第237号 
 贵州省纳雍县人民法院 民事判决书 （2014）黔纳民初字第187号 
 四川省攀枝花市东区人民法院 民事判决书 （2014）攀东民初字第2686号 
 湖南省湘乡市人民法院 民事判决书 （2014）湘法民一初字第584号 
 阳江市江城区人民法院 民事判决书 （2014）阳城法平民初字第324号 
 江苏省宝应县人民法院 民事判决书 （2014）宝氾民初字第311号 
 湖北省洪湖市人民法院 民事判决书 （2015）鄂洪湖民初字第00144号 
签发： 核稿： 拟稿： 存卷4份，共印10份 主送：当事人 备考： 杭州市富阳区人民法院 民事判决书 （2015）杭富民初字第629号 
 沈阳市于洪区人民法院 民事判决书 （2014）于民一初字第00812号 
 山东省阳信县人民法院 民事判决书 （2014）阳商民初字第153号 
 安徽省利辛县人民法院 民事判决书 （2014）利民一初字第01037号 
 重庆市云阳县人民法院 民事判决书 （2014）云法民初字第00647号 
浙江省诸暨市人民法院 民事判决书 （2015）绍诸枫民初字第247号
 广东省廉江市人民法院 民事判决书 （2015）湛廉法青民初字第35号 
 陕西省富平县人民法院 民事判决书 （2013）富民初字第02748号 
江西省瑞昌市人民法院 民事判决书 （2015）瑞民初字第171号
安徽省黄山市屯溪区人民法院 民事判决书 （2015）屯民一初字第00521号
 宁夏回族自治区西吉县人民法院 民事判决书 （2014）西民初字第796号 
徐州市铜山区人民法院 民事判决书 （2015）铜郑民初字第1173号
 山东省平邑县人民法院 民事判决书 （2013）平民初字第4142号 
福建省闽清县人民法院 民事判决书 （2015）梅民初字第954号
 北京市顺义区人民法院 民事判决书 （2014）顺民初字第14887号 
 安徽省临泉县人民法院 民事判决书 （2014）临民一初字第02787号 
重庆市石柱土家族自治县人民法院 民事判决书 （2015）石法民初字第03954号
 重庆市石柱土家族自治县人民法院 民事判决书 （2014）石法民初字第00598号 
贵州省盘县人民法院 民事判决书 （2014）黔盘民初字第1852号
 河北省巨鹿县人民法院 民事判决书 （2015）巨民一初字第218号 
 浙江省平阳县人民法院 民事判决书 （2015）温平鳌民初字第76号 
 四川省绵竹市人民法院 民事判决书 （2014）绵竹民初字第1309号 
 南昌市西湖区人民法院 民事判决书 （2014）西民初字第326号 
 河南省唐河县人民法院 民事判决书 （2014）唐民一初字第1085号 
 河南省鹿邑县人民法院 民事判决书 （2015）鹿民初字第465号 
 陕西省凤翔县人民法院 民事判决书 （2013）凤翔民初字第00044号 
 西安市新城区人民法院 民事判决书 （2002）新民初字第2498号 
 江西省新余市渝水区人民法院 民事判决书 （2015）渝民初字第00584号 
 重庆市巫山县人民法院 民事判决书 （2015）山法民初字第00842号 
