 山东省郓城县人民法院 民事判决书 （2013）郓民初字第324号 
 淮安市淮阴区人民法院 民事判决书 （2015）淮渔民初字第00322号 
 四川省盐亭县人民法院 民事判决书 （2015）盐民初字第3088号 
 上海市虹口区人民法院 民事判决书 （2014）虹民一（民）初字第901号 
 四川省自贡市大安区人民法院 民事判决书 （2014）大民一初字第985号 
 福建省福安市人民法院 民事判决书 （2014）安民初字第1758号 
 江苏省建湖县人民法院 民事判决书 （2014）建高民初字第0436号 
山东省邹平县人民法院 民事判决书 （2013）邹民初字第129号
 甘肃省临洮县人民法院 民事判决书 （2015）临民一初字第124号 
 四川省青神县人民法院 民事判决书 （2015）青神民初字第89号 
 山东省蒙阴县人民法院 民事判决书 （2014）蒙民初字第2049号 
广东省英德市人民法院 民事判决书 （2015）清英法浛民初第19号
 山东省淄博市淄川区人民法院 民事判决书 （2013）川民初字第2648号 
 安徽省界首市人民法院 民事判决书 （2014）界民一初字第00822号 
吉林省德惠市人民法院 民事判决书 （2015）德民初字第3262号
 甘肃省临洮县人民法院 民事判决书 （2015）临衙民初字第46号 
 广西壮族自治区兴业县人民法院 民事判决书 （2014）兴民一初字第334号 
 四川省峨眉山市人民法院 民事判决书 （2013）峨眉民初字第2463号 
 连云港市海州区人民法院 民事判决书 （2015）海民初字第00508号 
河南省信阳市平桥区人民法院 民事判决书 （2013）平民初字第1105号
 南充市顺庆区人民法院 民事判决书 （2014）顺庆民初字第2465号 
 山东省费县人民法院 民事判决书 （2015）费民初字第1165号 
 甘肃省岷县人民法院 民事判决书 （2014）岷民一初字第152号 
 重庆市黔江区人民法院 民事判决书 （2014）黔法民初字第04035号 
 福建省邵武市人民法院 民事判决书 （2013）邵民初字第689号 
 山东省单县人民法院 民事判决书 （2014）单民初字第2599号 
 甘肃省临洮县人民法院 民事判决书 （2015）临新民初字第31号 
 陕西省紫阳县人民法院 民事判决书 （2014）紫民初字第00460号 
 河南省禹州市人民法院 民事判决书 （2013）禹民一初字第1833号 
 河南省郑州市中原区人民法院 民事判决书 （2014）中民一初字第1932号 
 连云港市新浦区人民法院 民事判决书 （2014）新民初字第02366号 
山东省寿光市人民法院 民事判决书 （2015）寿民初字第4288号
 湖南省邵阳县人民法院 民事判决书 （2014）阳民初字第1518号 
 山东省日照市东港区人民法院 民事判决书 （2015）东民一初字第2127号 
 浙江省余姚市人民法院 民事判决书 （2013）甬余民初字第863号 
天津市滨海新区人民法院 民事判决书 （2015）滨港民初字第2902号
 西华县人民法院 民事判决书 （2014）西民初字第833号 
 广西壮族自治区玉林市福绵区人民法院 民事判决书 （2014）福民一初字第137号 
 河南省延津县人民法院 民事判决书 （2013）延民初字第1310号 
 济南市天桥区人民法院 民事判决书 （2013）天民园初字第363号 
 贵州省习水县人民法院 民事判决书 （2014）习民初字第1530号 
 云南省宣威市人民法院 民事判决书 （2015）宣民初字第354号 
 浙江省淳安县人民法院 民事判决书 （2014）杭淳威民初字第12号 
 重庆市涪陵区人民法院 民事判决书 （2015）涪法民初字第01679号 
 凉城县人民法院 民事判决书 （2014）凉民初字第228号 
 湖北省谷城县人民法院 民事判决书 （2013）鄂谷城城民初字第00120号 
 广西壮族自治区南宁市良庆区人民法院 民事判决书 （2013）良民一初字第695号 
杭州市富阳区人民法院 民事判决书 （2015）杭富城民初字第173号
 石家庄市栾城区人民法院 民事判决书 （2015）栾民初字第372号 
西安市阎良区人民法院 民事判决书 （2015）阎民初字第00021号
