 淮安经济技术开发区人民法院 民事判决书 （2014）淮开民初字第2201号 
安徽省凤阳县人民法院 民事判决书 （2015）凤民一初字第01393号
 广西壮族自治区罗城仫佬族自治县人民法院 民事判决书 （2013）罗民初字第353号 
湖北省公安县人民法院 民事判决书 （2015）鄂公安民初字第01316号
 淮安市淮安区人民法院 民事判决书 （2014）淮法车民初字第0638号 
 河北省邯郸市丛台区人民法院 民事判决书 （2011）丛民初字第1918号 
 福建省福清市人民法院 民事判决书 （2013）融民初字第4196号 
河北省魏县人民法院 民事判决书 （2015）魏民初字第751号
 湖南省宁远县人民法院 民事判决书 （2013）宁法民一初字第1140号 
云南省屏边苗族自治县人民法院 民事判决书 （2015）屏民一初字第297号
 韶关市曲江区人民法院 民事判决书 （2014）韶曲法民一初字第832号 
 安徽省怀远县人民法院 民事判决书 （2014）怀民一初字第01360号 
 江苏省昆山市人民法院 民事判决书 （2014）昆少民初字第319号 
 云南省弥勒市人民法院 民事判决书 （2014）弥民一初字第221号 
 黑龙江省勃利县人民法院 民事判决书 （2015）勃青民初字第36号 
 博爱县人民法院 民事判决书 （2015）博民许初字第00030号 
 湖北省咸宁市咸安区人民法院 民事判决书 （2014）鄂咸安民初字第01907号 
 安徽省寿县人民法院 民事判决书 （2014）寿民一初字第00561号 
 新疆维吾尔自治区焉耆回族自治县人民法院 民事判决书 （2014）焉民初字第256号 
 四川省乐山市金口河区人民法院 民事判决书 （2014）金口民初字第166号 
山东省东明县人民法院 民事判决书 （2014）东民初字第555号
 湖北省仙桃市人民法院 民事判决书 （2014）鄂仙桃民一初字第00440号 
 四川省叙永县人民法院 民事判决书 （2013）叙永民初字第2116号 
 河南省郑州市上街区人民法院 民事判决书 （2014）上民初字第414号 
 湖南省湘潭县人民法院 民事判决书 （2015）潭民一初字第63号 
 安徽省当涂县人民法院 民事判决书 （2014）当民一初字第00222号 
 河南省永城市人民法院 民事判决书 （2014）永民初字第2742号 
 淄博市博山区人民法院 民事判决书 （2015）博民初字第1106号 
河北省定州市人民法院 民事判决书 （2015）定民初字第2114号
 福建省南安市人民法院 民事判决书 （2014）南民初字第1761号 
 山东省冠县人民法院 民事判决书 （2013）冠民初字第896号 
 黑龙江省巴彦县人民法院 民事判决书 （2015）巴民一民初字第1328号 
 湖北省老河口市人民法院 民事判决书 （2015）鄂老河口民初字第00507号 
 江西省会昌县人民法院 民事判决书 （2014）会民一初字第690号 
陕西省周至县人民法院 民事判决书 （2015）周民初字第00236号
 福建省惠安县人民法院 民事判决书 （2014）惠民初字6145号 
 山东省诸城市人民法院 民事判决书 （2013）诸昌民初字第434号 
 西安市临潼区人民法院 民事判决书 （2014）临民初字第01377号 
铜川市耀州区人民法院 民事判决书 （2015）耀新民初字第00398号
四川省郫县人民法院 民事判决书 （2014）成郫民初字第2661号
浙江省平阳县人民法院 民事判决书 （2011）温平水民初字第561号
河南省商城县人民法院 民事判决书 （2015）商少民初字第156号
 中华人民共和国 福建省屏南县人民法院 民事判决书 （2011）屏民初字第333号 
 辽宁省法库县人民法院 民事判决书 （2014）法民巡初字第149号 
 山东省单县人民法院 民事判决书 （2014）单民初字第1794号 
 广东省紫金县人民法院 民事判决书 （2014）河紫法民一初字第818号 
宁波市鄞州区人民法院 民事判决书 （2010）甬鄞江民初字第37号
 广西壮族自治区兴业县人民法院 民事判决书 （2013）兴民一初字第631号 
 湖北省云梦县人民法院 民事判决书 （2015）鄂云梦民初字第00106号 
 安徽省利辛县人民法院 民事判决书 （2014）利民一初字第02664号 
