 福建省清流县人民法院 民事判决书 （2015）清少民初字第8号 
 江苏省赣榆县人民法院 民事判决书 （2013）赣民初字第1428号 
 安徽省马鞍山市花山区人民法院 民事判决书 （2014）花民一初字第01041号 
 四川省自贡市大安区人民法院 民事判决书 （2014）大民一初字第33号 
 湖南省绥宁县人民法院 民事判决书 （2014）绥民初字第376号 
安徽省芜湖市弋江区人民法院 民事判决书 （2015）弋民一初字第00769号
 湖南省桃源县人民法院 民事判决书 （2015）桃民初字第413号 
江西省全南县人民法院 民事判决书 （2015）全民一初字第211号
 贵州省水城县人民法院 民事判决书 （2014）黔水民初字第01826号 
浙江省奉化市人民法院 民事判决书 （2011）甬奉溪民一初字第18号
 河北省大名县人民法院 民事判决书 （2013）大民初字第979号 
 河北省平泉县人民法院 民事判决书 （2014）平民初字第443号 
新疆维吾尔自治区乌苏市人民法院 民事判决书 （2014）乌民一初字第6号
 湖南省石门县人民法院 民事判决书 （2015）石民简初字第98号 
 云南省盐津县人民法院 民事判决书 （2015）盐民初字第347号 
四川省高县人民法院 民事判决书 （2015）宜高民初字第1081号
 重庆市云阳县人民法院 民事判决书 （2014）云法民初字第01590号 
 甘肃省定西市安定区人民法院 民事判决书 （2015）安宁民初字第107号 
 山东省诸城市人民法院 民事判决书 （2014）诸朱民初字第579号 
河南省虞城县人民法院 民事判决书 （2015）虞民初字第2072号
湖北省武穴市人民法院 民事判决书 （2015）鄂武穴民初字第02136号
 广西壮族自治区平乐县人民法院 民事判决书 （2014）平民初字第457号 
滑县人民法院 民事判决书 （2012）滑王民初字第37号
 杭州市西湖区人民法院 民事判决书 （2012）杭西泗民初字第366号 
 广东省普宁市人民法院 民事判决书 （2014）揭普法洪民初字第74号 
 湖北省黄冈市黄州区人民法院 民事判决书 （2014）鄂黄州民初字第00267号 
湖北省武汉市江汉区人民法院 民事判决书 （2014）鄂江汉巡民初字第01187号
 杭州市西湖区人民法院 民事判决书 （2013）杭西泗民初字第213号 
 山东省嘉祥县人民法院 民事判决书 （2014）嘉民初字第426号 
 广东省广州市番禺区人民法院 民事判决书 （2014）穗番法楼民初字第168号 
 四川省大竹县人民法院 民事判决书 （2015）大竹民初字第740号 
 山东省莱州市人民法院 民事判决书 （2013）莱州民初字第5361号 
河南省邓州市人民法院 民事判决书 （2015）邓法民初字第1449号
 江苏省射阳县人民法院 民事判决书 （2013）射民初字第1306号 
连云港市海州区人民法院 民事判决书 （2015）海民初字第00905号
 安徽省亳州市谯城区人民法院 民事判决书 （2014）谯民一初字第00012号 
 湖北省保康县人民法院 民事判决书 （2015）鄂保康马民初字第00036号 
 广西壮族自治区博白县人民法院 民事判决书 （2014）博民初字第2135号 
 江苏省盐城市亭湖区人民法院 民事判决书 （2013）亭民初字第3757号 
 内蒙古自治区牙克石市人民法院 民事判决书 （2014）牙民初字第464号 
 福建省福清市人民法院 民事判决书 （2014）融民初字第1609号 
福建省福州市鼓楼区人民法院 民事判决书 （2014）鼓民初字第4138号
 河南省长葛市人民法院 民事判决书 （2013）长民初字第02115号 
 咸阳市渭城区人民法院 民事判决书 （2011）咸渭民初字第01039号 
 灵宝市人民法院 民事判决书 （2014）灵民一初字第1081号 
 山东省淄博市临淄区人民法院 民事判决书 （2015）临民初字第1752号 
安徽省庐江县人民法院 民事判决书 （2015）庐江民一初字第03963号
 安徽省泗县人民法院 民事判决书 （2014）泗民一初字第01276号 
 江苏省昆山市人民法院 民事判决书 （2014）昆少民初字第0109号 
 山东省菏泽市牡丹区人民法院 民事判决书 （2015）菏牡民初字第126号 
