 河南省方城县人民法院 民事判决书 （2014）方独民初字第109号 
 北京市大兴区人民法院 民事判决书 （2015）大民初字第245号 
 浙江省宁海县人民法院 民事判决书 （2013）甬宁力民初字第192号 
 江苏省涟水县人民法院 民事判决书 （2014）淮涟高民初字第0155号 
 中华人民共和国 浙江省温州市瓯海区人民法院 民事判决书 （2014）温瓯民初字第26号 
 安徽省砀山县人民法院 民事判决书 （2014）砀民一初字第01859号 
 签发人：拟稿人：山东省肥城市人民法院 民事判决书 （2014）肥民初字第3012号 
河北省枣强县人民法院 民事判决书 （2011）枣屯民一初字第323号
 浙江省杭州市余杭区人民法院 民事判决书 （2013）杭余瓶民初字第170号 
山东省沂水县人民法院 民事判决书 （2015）沂民初字第3692号
 大连市甘井子区人民法院 民事判决书 （2014）甘民初字第591号 
福建省宁德市蕉城区人民法院 民事判决书 （2014）蕉民初字第3269号
 河南省夏邑县人民法院 民事判决书 （2014）夏民初字989号 
 湖北省丹江口市人民法院 民事判决书 （2014）鄂丹江口民初字第00741号 
 重庆市綦江区人民法院 民事判决书 （2014）綦法民初字第00048号 
 云南省宾川县人民法院 民事判决书 （2014）宾民初字第247号 
广西壮族自治区柳州市柳北区人民法院 民事判决书 （2015）北民一初字第937号
 江苏省泰兴市人民法院 民事判决书 （2015）泰济民初字第0037号 
辽宁省本溪市平山区人民法院 民事判决书 （2015）平民初字第00588号
上海市嘉定区人民法院 民事判决书 （2015）嘉民一（民）初字第6286号
 沈阳市皇姑区人民法院 民事判决书 （2014）皇民四初字第333号 
山东省鱼台县人民法院 民事判决书 （2015）鱼民初字第1059号
 山东省冠县人民法院 民事判决书 （2013）冠民初字第130号 
安徽省临泉县人民法院 民事判决书 （2013）临民一初字第00444号
山东省临朐县人民法院 民事判决书 （2013）临民初字第2717号
 北京市通州区人民法院 民事判决书 （2013）通民初字第14252号 
 湖北省老河口市人民法院 民事判决书 （2014）鄂老河口民初字第01109号 
 淮安经济技术开发区人民法院 民事判决书 （2014）淮开民初字第2591号 
沈阳市沈北新区人民法院 民事判决书 （2013）北新民初字第1849号
 上海市浦东新区人民法院 民事判决书 （2015）浦民一（民）初字第15576号 
 河北省定州市人民法院 民事判决书 （2014）定民初字第431号 
 山东省潍坊市寒亭区人民法院 民事判决书 （2014）寒民初字第363号 
 山西省阳泉市城区人民法院 民事判决书 （2014）城民初字第792号 
 贵州省遵义县人民法院 民事判决书 （2015）遵县法民初字第399号 
四川省广元市利州区人民法院 民事判决书 （2015）广利州民初字第2657号
 山东省平邑县人民法院 民事判决书 （2014）平民初字第4118号 
 光山县人民法院 民事判决书 （2014）光民初字第00386号 
 河北省鸡泽县人民法院 民事判决书 （2015）鸡民初字第222号 
 山东省郯城县人民法院 民事判决书 （2015）郯民初字第2695号 
 安徽省宣城市宣州区人民法院 民事判决书 （2014）宣民一初字第02187号 
 湖南省衡南县人民法院 民事判决书 （2014）南法民一初字第326号 
 山东省东阿县人民法院 民事判决书 （2014）东民初字第157号 
 南京市六合区人民法院 民事判决书 （2015）六沿民初字第698号 
陕西省礼泉县人民法院 民事判决书 （2015）礼民初字第00712号
 湖南省宁远县人民法院 民事判决书 （2014）宁法民一初字第865号 
浙江省临海市人民法院 民事判决书 （2015）台临民初字第1396号
 山东省莒县人民法院 民事判决书 （2015）莒民初字第2186号 
重庆市奉节县人民法院 民事判决书 （2015）奉法民初字第04467号
 湖北省潜江市人民法院 民事判决书 （2014）鄂潜江民初字第00983号 
 吉林省扶余市人民法院 民事判决书 （2014）扶民初字第2513号 
