 重庆市荣昌县人民法院 民事判决书 （2014）荣法民初字第05471号 
 山东省莒南县人民法院 民事判决书 （2014）莒十民初字第49号 
江苏省江阴市人民法院 民事判决书 （2015）澄青民初字第00820号
 贵州省贵定县人民法院 民事判决书 （2015）贵民初字第233号 
 河南省舞阳县人民法院 民事判决书 （2014）舞民初字第268号 
 陕西省勉县人民法院 民事判决书 （2014）勉民初字第00746号 
 陕西省西乡县人民法院 民事判决书 （2015）西民初字第00137号 
 四川省自贡市大安区人民法院 民事判决书 （2014）大民一初字第1044号 
 上海市徐汇区人民法院 民事判决书 （2014）徐民一（民）初字第5726号 
江苏省盐城市亭湖区人民法院 民事判决书 （2013）亭东民初字第0567号
 浙江省嘉善县人民法院 民事判决书 （2014）嘉善民初字第1568号 
 福建省福清市人民法院 民事判决书 （2013）融民初字第2770号 
广西壮族自治区田阳县人民法院 民事判决书 （2015）阳民一初字第409号
重庆市开县人民法院 民事判决书 （2015）开法民初字第04351号
 河北省河间市人民法院 民事判决书 （2015）河民初字第349号 
 河南省泌阳县人民法院 民事判决书 （2014）泌民初字第1314号 
 江省温州市瓯海区人民法院 民事判决书 （2014）温瓯梧民初字第172号 
 汕头市潮阳区人民法院 民事判决书 （2014）汕阳法民一初字第362号 
 山东省垦利县人民法院 民事判决书 （2014）垦民初字第56号 
 河南省驻马店市驿城区人民法院 民事判决书 （2015）驿民初字第1178号 
 山东省莘县人民法院 民事判决书 （2014）莘民一初字第250号 
 重庆市九龙坡区人民法院 民事判决书 （2015）九法民初字第2596号 
河南省虞城县人民法院 民事判决书 （2015）虞民初字第1842号
 山东省惠民县人民法院 民事判决书 （2014）惠民初字第1516号 
 福建省福清市人民法院 民事判决书 （2013）融民初字2574号 
 湖南省衡阳县人民法院 民事判决书 （2014）蒸兰民一初字第70号 
 浙江省德清县人民法院 民事判决书 （2012）湖德乾民初字第57号 
 江西省宜春市袁州区人民法院 民事判决书 （2014）袁民一初字第774号 
 山东省曲阜市人民法院 民事判决书 （2013）曲民初字第457号 
贵州省贵阳市花溪区人民法院 民事判决书 （2015）花民初字第2954号
 安徽省马鞍山市花山区人民法院 民事判决书 （2013）花民一初字第01832号 
 湖北省保康县人民法院 民事判决书 （2015）鄂保康马民初字第00045号 
 山东省淄博市张店区人民法院 民事判决书 （2013）张民初字第3385号 
安徽省临泉县人民法院 民事判决书 （2012）临民一初字第02730号
 四川省资中县人民法院 民事判决书 （2015）资中民初字第555号 
 重庆市潼南县人民法院 民事判决书 （2014）潼法民初字第00959号 
 浙江省浦江县人民法院 民事判决书 （2015）金浦黄民初字第92号 
 北京市通州区人民法院 民事判决书 （2014）通民初字第10415号 
 安徽省涡阳县人民法院 民事判决书 （2014）涡民一初字第01443号 
 宁夏回族自治区海原县人民法院 民事判决书 （2015）海民初字第310号 
湖南省安乡县人民法院 民事判决书 （2015）安民初字第558号
 重庆市万州区人民法院 民事判决书 （2014）万法民初字第04784号 
 苏州市姑苏区人民法院 民事判决书 （2014）姑苏少民初字第0117号 
湖南省长沙市望城区人民法院 民事判决书 （2015）望民初字第01619号
 四川省梓潼县人民法院 民事判决书 （2015）梓民初字第265号 
 淮安市清河区人民法院 民事判决书 （2013）河民初字第2885号 
 浙江省青田县人民法院 民事判决书 （2013）丽青民初字第899 
重庆市秀山土家族苗族自治县人民法院 民事判决书 （2015）秀法民初字第00423号
 江西省安福县人民法院 民事判决书 （2014）安城民初字第227号 
 广东省兴宁市人民法院 民事判决书 （2014）梅兴法坭民初字第98号 
