 贵州省贵定县人民法院 民事判决书 （2014）贵民初字第470号 
 海南省昌江黎族自治县人民法院 民事判决书 昌民初字第88号 
 重庆市长寿区人民法院 民事判决书 （2014）长法民初字第05256号 
 湖北省安陆市人民法院 民事判决书 （2014）鄂安陆民初字第00289号 
 河南省虞城县人民法院 民事判决书 （2014）虞民初字第834号 
 丽水市莲都区人民法院 民事判决书 （2014）丽莲南民初字第101号 
 河北省清苑县人民法院 民事判决书 （2014）清民初字第928号 
 赤峰市红山区人民法院 民事判决书 （2015）红民初字第256号 
江西省抚州市临川区人民法院 民事判决书 （2015）临民初字第2291号
 宁夏回族自治区吴忠市红寺堡区人民法院 民事判决书 （2014）吴红民初字第56号 
 浙江省桐乡市人民法院 民事判决书 （2014）嘉桐民初字第3135号 
 山东省成武县人民法院 民事判决书 （2013）成民初字第1824号 
 福建省晋江市人民法院 民事判决书 （2014）晋民初字第3349号 
 河北省霸州市人民法院 民事判决书 （2015）霸民初字第1226号 
 江西省修水县人民法院 民事判决书 （2014）修民初字第521号 
 浙江省海宁市人民法院 民事判决书 （2014）嘉海盐民初字第139号 
 河南省襄城县人民法院 民事判决书 （2014）襄民初字第1334号 
河南省浚县人民法院 民事判决书 （2015）浚民初字第1660号
 福建省宁德市蕉城区人民法院 民事判决书 （2015）蕉民初字第958号 
江苏省泗阳县人民法院 民事判决书 （2014）泗新民初字第0637号
 福建省晋江市人民法院 民事判决书 （2014）晋民初字第7005号 
 浙江省瑞安市人民法院 民事判决书 （2014）温瑞民初字第3958号 
 安徽省涡阳县人民法院 民事判决书 （2014）涡民一初字第01491号 
 甘肃省临洮县人民法院 民事判决书 （2014）临玉民初字第56号 
湖北省鄂州市鄂城区人民法院 民事判决书 （2015）鄂鄂城民初字第02217号
 福建省顺昌县人民法院 民事判决书 （2014）顺民初字第24号 
广西壮族自治区桂林市灵川县人民法院 民事判决书 （2015）灵民初字第8号
 河北省曲阳县人民法院 民事判决书 （2014）曲民初字第887号 
 安徽省泗县人民法院 民事判决书 （2014）泗民一初字第03302号 
 山东省莘县人民法院 民事判决书 （2013）莘民一初字第218号 
 广西壮族自治区鹿寨县人民法院 民事判决书 （2015）鹿民一初字第119号 
四川省阆中市人民法院 民事判决书 （2015）阆民初字第1218号
新疆维吾尔自治区乌苏市人民法院 民事判决书 （2015）乌民一初字第440号
 河南省遂平县人民法院 民事判决书 （2015）遂民初字第00340号 
 四川省武胜县人民法院 民事判决书 （2014）武胜民初字第2174号 
 山东省阳谷县人民法院 民事判决书 （2012）阳民初字第2249号 
 安徽省合肥市包河区人民法院 民事判决书 （2013）包民一初字第02922号 
 河南省正阳县人民法院 民事判决书 （2015）正民初字第00520号 
南京市鼓楼区人民法院 民事判决书 （2015）鼓民初字第2431号
 四川省仁寿县人民法院 民事判决书 （2014）仁寿民初字第757号 
 河北省永年县人民法院 民事判决书 （2013）永民初字第03606号 
甘肃省榆中县人民法院 民事判决书 （2015）榆和民初字第184号
 河北省临漳县人民法院 民事判决书 （2014）临民初字第400号 
 山西省大同市矿区人民法院 民事判决书 （2014）矿民初字第706号 
 广东省怀集县人民法院 民事判决书 （2014）肇怀法凤民初字第149号 
江苏省泗阳县人民法院 民事判决书 （2015）泗王民初字第1029号
 山东省沂水县人民法院 民事判决书 （2014）沂民初字第1269号 
 河南省柘城县人民法院 民事判决书 （2015）柘民初字第426号 
贵州省黔西县人民法院 民事判决书 （2014）黔县民初字第844号
 上海市浦东新区人民法院 民事判决书 （2013）浦民一（民）初字第34377号 
