四川省威远县人民法院 民事判决书 （2015）威民初字第1269号
安徽省黄山市屯溪区人民法院 民事判决书 （2015）屯民一初字第00962号
江苏省丰县人民法院 民事判决书 （2015）丰华民初字第0415号
 重庆市奉节县人民法院 民事判决书 （2015）奉法民初字第00088号 
湖北省监利县人民法院 民事判决书 （2015）鄂监利民初字第01571号
 濮阳市华龙区人民法院 民事判决书 （2015）华法民初字第1771号 
 山东省菏泽市牡丹区人民法院 民事判决书 （2014）菏牡民初字第2502号 
 安徽省宿州市埇桥区人民法院 民事判决书 （2014）宿埇民一初第02493号 
 河北省涉县人民法院 民事判决书 （2013）涉民初字第1407号 
 林州市人民法院 民事判决书 （2014）林镇民初字第246号 
 山东省夏津县人民法院 民事判决书 （2015）夏民初字第2110号 
 福建省长乐市人民法院 民事判决书 （2014）长民初字第2133号 
安徽省亳州市谯城区人民法院 民事判决书 （2015）谯民一初字第04232号
 山东省邹城市人民法院 民事判决书 （2014）邹民初字第2819号 
 广东省丰顺县人民法院 民事判决书 （2014）梅丰法汤民初字第61号 
山西省左云县人民法院 民事判决书 （2015）左民初字第208号
 温州市龙湾区人民法院 民事判决书 （2015）温龙开民初字第70号 
 云南省晋宁县人民法院 民事判决书 （2014）晋民初字第882号 
四川省大英县人民法院 民事判决书 （2015）大英民初字第431号
安徽省宁国市人民法院 民事判决书 （2015）宁民一初字第02057号
 湖南省临澧县人民法院 民事判决书 （2014）临民一初字第831号 
 陆川县人民法院 民事判决书 （2014）陆民初字第745号 
 浙江省衢州市衢江区人民法院 民事判决书 （2015）衢廿民初字第1号 
 安徽省蒙城县人民法院 民事判决书 （2013）蒙民一初字第00951号 
 河北省衡水市桃城区人民法院 民事判决书 （2013）衡桃东民一初字第129号 
山东省平邑县人民法院 民事判决书 （2015）平民初字第1029号
山东省单县人民法院 民事判决书 （2013）单民初字第1350号
温州市龙湾区人民法院 民事判决书 （2015）温龙民初字第364号
浙江省慈溪市人民法院 民事判决书 （2015）甬慈民初字第1175号
 重庆市北碚区人民法院 民事判决书 （2014）碚法民初字第03828号 
 安徽省利辛县人民法院 民事判决书 （2015）利民一初字第01869号 
 山东省莒县人民法院 民事判决书 （2014）莒民初字第1075号 
江苏省新沂市人民法院 民事判决书 （2015）新双民初字第00429号
四川省自贡市沿滩区人民法院 民事判决书 （2015）沿滩民一初字第293号
山东省武城县人民法院 民事判决书 （2015）武民初字第695号
 湖南省石门县人民法院 民事判决书 （2015）石民简初字第2号 
 上海市普陀区人民法院 民事判决书 （2015）普民一（民）初字第875号 
 四川省大竹县人民法院 民事判决书 （2015）大竹民初字第319号 
 福建省尤溪县人民法院 民事判决书 （2014）尤民初字第459号 
 湖北省仙桃市人民法院 民事判决书 （2015）鄂仙桃民一初字第00604号 
 安徽省淮南市八公山区人民法院 民事判决书 （2015）八民一初字第00518号 
 福建省晋江市人民法院 民事判决书 （2013）晋民初字第5876号 
四川省成都市龙泉驿区人民法院 民事判决书 （2015）龙泉民初字第1319号
中华人民共和国 广东省台山市人民法院 民事判决书 （2015）江台法民三初字第136号
阜新蒙古族自治县人民法院民事判决书 （2014）阜县民一初字第01130号
 陕西省富平县人民法院 民事判决书 （2015）富平民初字第02552号 
 重庆市云阳县人民法院 民事判决书 （2014）云法民初字第00262号 
 镇江经济开发区人民法院 民事判决书 （2014）镇经民初字第1610号 
 广东省阳西县人民法院 民事判决书 （2014）阳西法民初字第759号 
 河北省泊头市人民法院 民事判决书 （2014）泊民初字第1146号 
