 安徽省临泉县人民法院 民事判决书 （2014）临民一初字第00195号 
 河北省邢台市桥东区人民法院 民事判决书 （2013）东民初字第1117号 
 山东省巨野县人民法院 民事判决书 （2014）巨民初字第1483号 
 淮安市清河区人民法院 民事判决书 （2013）河民初字第5078号 
 辽宁省义县人民法院 民事判决书 （2014）义民城初字第00295号 
江苏省东海县人民法院 民事判决书 （2015）连东少民初字第00404号
 广西壮族自治区陆川县人民法院 民事判决书 （2015）陆民初字第795号 
山东省沾化县人民法院 民事判决书 （2013）沾河民初字第11号
 湖北省武汉市江汉区人民法院 民事判决书 （2013）鄂江汉巡民初字第00327号 
 山东省肥城市人民法院 民事判决书 （2014）肥民初字第367号 
福建省福安市人民法院 民事判决书 （2015）安民初字第5139号
 安徽省颍上县人民法院 民事判决书 （2014）颍民一初字第02650号 
 河南省项城市人民法院 民事判决书 （2013）项民初字第01148号 
 上海市金山区人民法院 民事判决书 （2013）金民一（民）初字第4098号 
 广东省江门市新会区人民法院 民事判决书 （2014）江新法古民初字第57号 
浙江省台州市路桥区人民法院 民事判决书 （2012）台路民初字第264号
陕西省洋县人民法院 民事判决书 （2013）洋民初字第01043号
 山东省菏泽市牡丹区人民法院 民事判决书 （2014）菏牡民初字第2424号 
 重庆市奉节县人民法院 民事判决书 （2014）奉法民初字第02260号 
黑龙江省哈尔滨市双城区人民法院 民事判决书 （2015）双民初字第1213号
 陕西省靖边县人民法院 民事判决书 （2013）靖民初字第01853号 
江苏省无锡市锡山区人民法院 民事判决书 （2015）锡法安民初字第0612号
山东省德州市德城区人民法院 民事判决书 （2015）德城民初字第2589号
 山西省大同市矿区人民法院 民事判决书 （2014）矿民初字第412号 
 安徽省阜阳市颍东区人民法院 民事判决书 （2014）东民一初字第00562号 
 江苏省昆山市人民法院 民事判决书 （2013）昆千民初字第0266号 
 安徽省界首市人民法院 民事判决书 （2014）界民一初字第01742号 
山东省东明县人民法院 民事判决书 （2015）东民初字第1011号
 河北省宁晋县人民法院 民事判决书 （2014）宁民初字第1919号 
 陕西省周至县人民法院 民事判决书 （2014）周民初字第01524号 
 安徽省含山县人民法院 民事判决书 （2014）含民一初字第00014号 
呼和浩特市新城区人民法院 民事判决书 （2015）新民四初字第00236号
浙江省临海市人民法院 民事判决书 （2015）台临民初字第2586号
 海南省万宁市人民法院 民事判决书 （2014）万民初字第1026号 
浙江省义乌市人民法院 民事判决书 （2015）金义民初字第2527号
杭州市萧山区人民法院 民事判决书 （2015）杭萧临民初字第667号
 重庆市潼南区人民法院 民事判决书 （2015）潼法民初字第02653号 
 浙江省临海市人民法院 民事判决书 （2014）台临民初字第357号 
 鞍山市千山区人民法院 民事判决书 （2014）鞍千千初字第736号 
吉林省榆树市人民法院 民事判决书 （2015）榆民初字第3072号
山东省沂南县人民法院 民事判决书 （2012）沂南民初字第2969号
 浙江省余姚市人民法院 民事判决书 （2013）甬余泗民初字第28号 
江西省上犹县人民法院 民事判决书 （2015）上民一初字第159号
 江苏省射阳县人民法院 民事判决书 （2014）射兴民初字第0758号 
 四川省剑阁县人民法院 民事判决书 （2015）剑阁民初字第507号 
 襄阳市襄州区人民法院 民事判决书 （2014）鄂襄州石桥民初字第00044号 
 内蒙古自治区翁牛特旗人民法院 民事判决书 （2014）翁民初字第1736号 
 北京市丰台区人民法院 民事判决书 （2015）丰民初字第00877号 
 绍兴市柯桥区人民法院 民事判决书 （2014）绍柯民初字第1689号 
 湖北省谷城县人民法院 民事判决书 （2013）鄂谷城过民初字第0000237号 
