 贵州省龙里县人民法院 民事判决书 （2014）龙民初字第473号 
 河南省新乡县人民法院 民事判决书 （2013）新民初字第859号 
 浙江省义乌市人民法院 民事判决书 （2013）金义民初字第3132号 
 浙江省余姚市人民法院 民事判决书 （2014）甬余民初字第2321号 
 重庆市铜梁区人民法院 民事判决书 （2015）铜法民初字第01551号 
 山东省潍坊市奎文区人民法院 民事判决书 （2013）奎梨民一初字第444号 
 安阳市文峰区人民法院 民事判决书 （2015）文民二初字第101号 
 遂宁市船山区人民法院 民事判决书 （2014）船山民初字第1542号 
 云南省云县人民法院 民事判决书 （2014）云民初字第107号 
 河南省永城市人民法院 民事判决书 （2014）永民初字第226号 
 福建省福清市人民法院 民事判决书 （2014）融民初字第1394号 
 山东省莱州市人民法院 民事判决书 （2014）莱州金民初字第323号 
 江苏省如皋市人民法院 民事判决书 （2013）皋白民初字第0705号 
 云南省彝良县人民法院 民事判决书 （2014）彝民初字第444号 
吉林省德惠市人民法院 民事判决书 （2015）德民初字第1752号
 江西省石城县人民法院 民事判决书 （2014）石民一初字第321号 
 广东省信宜市人民法院 民事判决书 （2014）茂信法镇民初字第67号 
 湖南省沅陵县人民法院 民事判决书 （2014）沅民一初字第415号 
浙江省温岭市人民法院 民事判决书 （2015）台温松民初字第86号
 湖南省湘潭县人民法院 民事判决书 （2013）潭民一初字第1384号 
 河南省伊川县人民法院 民事判决书 （2014）伊二民初字第79号 
阜新市细河区人民法院 民事判决书 （2015）阜细民一初字第00170号
 山东省潍坊市潍城区人民法院 民事判决书 （2013）潍城民初字第672号 
 安徽省合肥市蜀山区人民法院 民事判决书 （2014）蜀民一初字第00671号 
安徽省亳州市谯城区人民法院 民事判决书 （2015）谯民一初字第01185号
 上海市宝山区人民法院 民事判决书 （2014）宝民一（民）初字第4903号 
浙江省余姚市人民法院 民事判决书 （2015）甬余民初字第3208号
四川省中江县人民法院 民事判决书 （2015）中江民初字第3032号
福建省仙游县人民法院 民事判决书 （2015）仙民初字第4582号
河北省磁县人民法院 民事判决书 （2015）磁民初字第966号
 重庆市丰都县人民法院 民事判决书 （2015）丰法民初字第01181号 
安徽省望江县人民法院 民事判决书 （2013）望民一初字第00189号
 福建省屏南县人民法院 民事判决书 （2014）屏民初字第61号 
光山县人民法院 民事判决书 （2015）光少民初字第00032号
北京市西城区人民法院 民事判决书 （2015）西民初字第21415号
 贵州省遵义县人民法院 民事判决书 （2014）遵县法民初字第2706号 
 内蒙古自治区太仆寺旗人民法院 民事判决书 （2015）太民初字第75号 
辽宁省朝阳县人民法院 民事判决书 （2015）朝县民廿初字第1395号
 山东省诸城市人民法院 民事判决书 （2013）诸昌民初字第345号 
 苏州市姑苏区人民法院 民事判决书 （2014）姑苏民四初字第01260号 
 浙江省奉化市人民法院 民事判决书 （2014）甬奉民一初字第519号 
 滑县人民法院 民事判决书 （2013）滑城民初字第325号 
 湖南省长沙县人民法院 民事判决书 （2014）长县民初字第1903号 
 湖北省武汉市汉南区人民法院 民事判决书 （2015）鄂汉南民一初字第00086号 
 福建省福清市人民法院 民事判决书 （2014）融民初字第1437号 
 山东省临朐县人民法院 民事判决书 （2014）临民初字第1488号 
 河南省郑州市金水区人民法院 民事判决书 （2014）金民一初字第2716号 
 上海市浦东新区人民法院 民事判决书 （2014）浦民一（民）初字第6858号 
 广东省化州市人民法院 民事判决书 （2014）茂化法民一初字第89号 
 广东省广宁县人民法院 民事判决书 （2014）肇宁法江民初字第131号 
