 江西省丰城市人民法院 民事判决书 （2014）丰民一初字第80号 
四川省内江市市中区人民法院 民事判决书 （2015）内中民初字第1721号
 福建省顺昌县人民法院 民事判决书 （2014）顺民初字第1679号 
 浙江省兰溪市人民法院 民事判决书 （2015）金兰黄民初字第30号 
 安徽省池州市贵池区人民法院 民事判决书 （2014）贵民一初字第00819号 
 广西壮族自治区贵港市港南区人民法院 民事判决书 （2013）南民初字第1070号 
浙江省岱山县人民法院 民事判决书 （2015）舟岱长民初字第37号
 河北省盐山县人民法院 民事判决书 （2014）盐民初字第2074号 
甘肃省庆阳市西峰区人民法院 民事判决书 （2013）庆西民初字第575号
 山东省淄博市临淄区人民法院 民事判决书 （2013）临民初字第2715号 
 灵宝市人民法院 民事判决书 （2014）灵民一初字第444号 
 重庆市大足区人民法院 民事判决书 （2015）足法民初字第01577号 
四川省西充县人民法院 民事判决书 （2015）西充民初字第2163号
 江苏省扬州市广陵区人民法院 民事判决书 （2014）扬广民初字第1844号 
 江苏省宿迁宿豫区人民法院 民事判决书 （2013）宿豫来民初字第0608号 
 甘肃省泾川县人民法院 民事判决书 （2014）泾民初字第747号 
 湖北省建始县人民法院 民事判决书 （2013）鄂建始民初字第01647号 
 安徽省霍邱县人民法院 民事判决书 （2014）霍民一初字第00118号 
黄石市黄石港区人民法院 民事判决书 （2014）鄂黄石港民一初字第00073号
 四川省营山县人民法院 民事判决书 （2014）营民初字第2015号 
 湖北省建始县人民法院 民事判决书 （2014）鄂建始民初字第00201号 
 安徽省来安县人民法院 民事判决书 （2014）来民一初字第00048号 
 江苏省阜宁县人民法院 民事判决书 （2013）阜羊民初字第0485号 
内蒙古自治区翁牛特旗人民法院 民事判决书 （2015）翁民初字第1580号
 湖南省益阳市赫山区人民法院 民事判决书 （2014）益赫民一初字第1694号 
 阳原县人民法院 民事判决书 （2015）阳民初字第97号 
 福建省南安市人民法院 民事判决书 （2014）南民初字第1756号 
 甘肃省山丹县人民法院 民事判决书 （2015）山民初字第576号 
 河南省驻马店市驿城区人民法院 民事判决书 （2014）驿民初字第159号 
福建省福清市人民法院 民事判决书 （2015）融民初字第2579号
 湖北省安陆市人民法院 民事判决书 （2014）鄂安陆民初字第00963号 
安徽省无为县人民法院 民事判决书 （2015）无民一初字第01694号
 金华市婺城区人民法院 民事判决书 （2014）金婺民初字第1407号 
四川省宣汉县人民法院 民事判决书 （2015）宣汉民初字第1268号
 河南省邓州市人民法院 民事判决书 （2014）邓法民初字第1819号 
 浙江省慈溪市人民法院 民事判决书 （2014）甬慈周民初字第303号 
 吉林省桦甸市人民法院 民事判决书 （2014）桦民一初字第1079号 
福建省长乐市人民法院 民事判决书 （2015）长民初字第1183号
 山东省诸城市人民法院 民事判决书 （2015）诸昌民初字第352号 
 重庆市合川区人民法院 民事判决书 （2014）合法民初字第02247号 
 吉林省榆树市人民法院 民事判决书 （2014）榆民初字第2662号 
湖北省武穴市人民法院 民事判决书 （2015）鄂武穴民初字第01400号
贵州省安顺市西秀区人民法院 民事判决书 （2015）西民初字第1580号
 杭州市余杭区人民法院 民事判决书 （2014）杭余良民初字第153号 
 山西省长子县人民法院 民事判决书 （2014）长民初字第567号 
 福建省厦门市集美区人民法院 民事判决书 （2015）集民初字第1873号 
 安徽省宁国市人民法院 民事判决书 （2014）宁民一初字第03144号 
 河南省新蔡县人民法院 民事判决书 （2015）新民初字第865号 
四川省广汉市人民法院 民事判决书 （2015）广汉民初字第1268号
 辽宁省海城市人民法院 民事判决书 （2014）海民牛初字第00167号 
