 湖北省天门市人民法院 民事判决书 （2014）鄂天门民初字第00904号 
 西安市碑林区人民法院 民事判决书 （2014）碑民初字第00453号 
 南京市六合区人民法院 民事判决书 （2014）六民初字第227号 
浙江省建德市人民法院 民事判决书 （2015）杭建寿民初字第83号
 江苏省江阴市人民法院 民事判决书 （2014）澄青民初字第0616号 
 山东省临沂市兰山区人民法院 民事判决书 （2014）临兰民初字第5175号 
 宁波市镇海区人民法院 民事判决书 （2013）甬镇民初字第340号 
浙江省海盐县人民法院 民事判决书 （2014）嘉盐沈民初字第423号
 湖南省娄底市娄星区人民法院 民事判决书 （2013）娄星民一初字第1399号 
 吉林省镇赉县人民法院 民事判决书 （2014）镇坦民初字第60号 
 广西壮族自治区桂林市秀峰区人民法院 民事判决书 （2014）秀民初字第863号 
 浙江省江山市人民法院 民事判决书 （2015）衢江贺民初字26号 
湖北省通城县人民法院 民事判决书 （2015）鄂通城民初字第1204号
 四川省仪陇县人民法院 民事判决书 （2013）仪民初字第2178号 
陕西省周至县人民法院 民事判决书 （2015）周民初字第00989号
 徐州市泉山区人民法院 民事判决书 （2014）泉民初字第1007号 
 山东省郯城县人民法院 民事判决书 （2013）郯民初字第205号 
 济源市人民法院 民事判决书 （2013）济民一初字第1998号 
 湖北省武汉市江夏区人民法院 民事判决书 （2014）鄂江夏乌民初字第00270号 
 四川省泸县人民法院 民事判决书 （2013）泸泸民初字第264号 
终稿 广东省广州市荔湾区人民法院 民事判决书 （2015）穗荔法民一初字第938号
 萍乡市湘东区人民法院 民事判决书 （2015）湘民一初字第110号 
 浙江省绍兴市越城区人民法院 民事判决书 （2007）越民一初字第9号 
 江苏省灌云县人民法院 民事判决书 （2014）灌少民初字第00158号 
 山东省枣庄市山亭区人民法院 民事判决书 （2014）山民初字第11号 
 湖南省宜章县人民法院 民事判决书 （2013）宜民一初字第1228号 
 襄阳高新技术产业开发区人民法院 民事判决书 （2013）鄂襄新民初字第00300号 
敖汉旗人民法院 民事判决书 （2014）敖民初字第4495号
 安徽省砀山县人民法院 民事判决书 （2015）砀民一初字第00545号 
 重庆市云阳县人民法院 民事判决书 （2014）云法民初字第01724号 
 山东省临清市人民法院 民事判决书 （2014）临民一初字第1674号 
 湖北省武汉市江夏区人民法院 民事判决书 （2013）鄂江夏乌民初字第00226号 
 北京市丰台区人民法院 民事判决书 （2014）丰民初字第07966号 
广东省化州市人民法院 民事判决书 （2014）茂化法民初字第395号
 山西省万荣县人民法院 民事判决书 （2014）万河民初字第252号 
 湖南省安乡县人民法院 民事判决书 （2015）安民初字第366号 
 重庆市綦江区人民法院 民事判决书 （2014）綦法民初字第06887号 
 四川省射洪县人民法院 民事判决书 （2015）射洪民初字第202号 
河南省沈丘县人民法院 民事判决书 （2015）沈民初字第1681号
 湖北省武汉市汉阳区人民法院 民事判决书 （2015）鄂汉阳江民初字第00045号 
 辽宁省绥中县人民法院 民事判决书 （2015）绥高民初字第00047号 
 山东省寿光市人民法院 民事判决书 （2013）寿民初字第1218号 
 福建省长乐市人民法院 民事判决书 （2015）长民初字第2216号 
浙江省兰溪市人民法院 民事判决书 （2013）金兰永民初字第129号
 山东省莒县人民法院 民事判决书 （2014）莒民初字第3626号 
 四川省南部县人民法院 民事判决书 （2014）南民初字第848号 
 山东省临沭县人民法院 民事判决书 （2015）沭民初字第1044号 
 福建省福安市人民法院 民事判决书 （2013）安民初字第1877号 
天津市静海县人民法院 民事判决书 （2015）静民初字第2328号
 贵州省紫云苗族布依族自治县人民法院 民事判决书 （2015）紫民初字第210号 
