滑县人民法院 民事判决书 （2015）滑八民初字第192号
 重庆市江北区人民法院 民事判决书 （2014）江法民初字第03732号 
 福建省福州市仓山区人民法院 民事判决书 （2014）仓民初字第676号 
 山东省定陶县人民法院 民事判决书 （2013）定民初字第1171号 
 江苏省如东县人民法院 民事判决书 （2013）东民初字第1287号 
 湖南省涟源市人民法院 民事判决书 （2013）涟民一初字第1169号 
 贵州省遵义县人民法院 民事判决书 （2014）遵县法民初字第955号 
 浙江省苍南县人民法院 民事判决书 （2015）温苍矾民初字第40号 
 盐城市盐都区人民法院 民事判决书 （2013）都民初字第0920号 
 湖南省汉寿县人民法院 民事判决书 （2015）汉民初字第260号 
湖北省咸宁市咸安区人民法院 民事判决书 （2015）鄂咸安民初字第01699号
安徽省怀远县人民法院 民事判决书 （2015）怀民一初字第02323号
 四川省丹棱县人民法院 民事判决书 （2011）丹民初字第32号 
 广州市天河区人民法院 民事判决书 （2014）穗天法民一初字第650号 
 吉林省敦化市人民法院 民事判决书 （2014）敦民初字第1245号 
 宁夏回族自治区银川市西夏区人民法院 民事判决书 （2015）夏民初字第951号 
通化市二道江区人民法院 民事判决书 （2015）二民初字第167号
〈style type="text／css"〉 {C}〈。--TABLE{border-collapse：collapse；border：none；mso-border-alt：solidblack．5pt；mso-yfti-tbllook：1184；mso-padding-alt：0cm5．4pt0cm5．4pt；mso-border-insideh：．5ptsolidblack；mso-border-insidev：．5ptsolidblack}TD{border：solidblack1．0pt；}--〉〈／style〉 山东省齐河县人民法院 民事判决书 （2015）齐晏民初字第1338号
江苏省金湖县人民法院 民事判决书 （2015）金民初字第01706号
 山东省枣庄市山亭区人民法院 民事判决书 （2015）山民初字第55号 
 四川省宜宾市南溪区人法院 民事判决书 （2013）南溪民初字第468号 
 河北省廊坊经济技术开发区人民法院 民事判决书 （2014）廊开民初字第340号 
 福建省柘荣县人民法院 民事判决书 （2015）柘民初字第321号 
四川省彭州市人民法院 民事判决书 （2015）彭州民初字第1252号
 湖北省武汉市江岸区人民法院 民事判决书 （2014）鄂江岸民初字第01021号 
洛阳市瀍河回族区人民法院 民事判决书 （2015）瀍民初字第444号
 延安市宝塔区人民法院 民事判决书 （2012）宝民初字第01699号 
江苏省涟水县人民法院 民事判决书 （2015）涟梁民初字第00679号
 云南省景东彝族自治县人民法院 民事判决书 （2014）景民初字第100号 
浙江省海盐县人民法院 民事判决书 （2010）嘉盐民初字第889号
 湖南省新邵县人民法院 民事判决书 （2014）新民初字第880号 
 北京市朝阳区人民法院 民事判决书 （2014）朝民初字第26110号 
浙江省诸暨市人民法院 民事判决书 （2014）绍诸枫民初字第191号
 山东省利津县人民法院 民事判决书 （2014）利民初字第852号 
浙江省海盐县人民法院 民事判决书 （2010）嘉盐民初字第782号
 河北省玉田县人民法院 民事判决书 （2014）玉民初字第1874号 
 广西壮族自治区武宣县人民法院 民事判决书 （2014）武民初字第224号 
宁夏回族自治区固原市原州区人民法院 民事判决书 （2015）原民初字第1759号
江西省余江县人民法院 民事判决书 （2015）余民一初字第429号
 江苏省金湖县人民法院 民事判决书 （2015）金宝民初字第00072号 
 安徽省亳州市谯城区人民法院 民事判决书 （2014）谯民一初字第03414号 
大连市沙河口区人民法院 民事判决书 （2015）沙民初字第1301号
 湖南省邵阳县人民法院 民事判决书 （2013）阳民初字第891号 
 安徽省青阳县人民法院 民事判决书 （2014）青民一初字第00303号 
湖南省洪江人民法院 民事判决书 （2013）怀洪民一初字第71号
内蒙古科尔沁左翼中旗人民法院 民事判决书 （2014）左民初字第3522号
 河北省卢龙县人民法院 民事判决书 （2013）卢民初字第1388号 
 陕西省黄陵县人民法院 民事判决书 （2014）黄陵民初字第00455号 
北京市海淀区人民法院 民事判决书 （2015）海民初字第29802号
 枣庄市山亭区人民法院 民事判决书 （2015）山民初字第8号 
