 福建省龙海市人民法院 民事判决书 （2014）龙民初字第2382号 
 河北省蠡县人民法院 民事判决书 （2014）蠡民初字第867号 
贵州省大方县人民法院 民事判决书 （2015）黔方民初字第1203号
 湖北省随州市曾都区人民法院 民事判决书 （2014）鄂曾都民初字第01111号 
赤峰市红山区人民法院 民事判决书 （2015）红民初字第3759号
 浙江省德清县人民法院 民事判决书 （2008）德民初字第817号 
湖北省安陆市人民法院 民事判决书 （2015）鄂安陆民初字第01200号
 广东省阳西县人民法院 民事判决书 （2015）阳西法民初字第632号 
 息县人民法院 民事判决书 （2014）息民初字第361号 
 河北省新乐市人民法院 民事判决书 （2014）新民一初字第608号 
 贵州省桐梓县人民法院 民事判决书 （2014）桐法民初字第2368号 
 太原市小店区人民法院 民事判决书 （2014）小民初字第1334号 
 浙江省永嘉县人民法院 民事判决书 （2014）温永瓯民初字第285号 
 江苏省盐城市亭湖区人民法院 民事判决书 （2014）亭民初字第0688号 
福建省福安市人民法院 民事判决书 （2015）安民初字第567号
 湖南省新化县人民法院 民事判决书 （2013）新法民一初字第2217号 
 河北省临城县人民法院 民事判决书 （2015）临民一初字第403号 
 湖南省新田县人民法院 民事判决书 （2013）新法民一初字第329号 
 山西省柳林县人民法院 民事判决书 （2014）柳民初字第51号 
河南省襄城县人民法院 民事判决书 （2015）襄民初字第2063号
 湖南省通道侗族自治县人民法院 民事判决书 （2015）通民一初字第84号 
广西壮族自治区柳江县人民法院 民事判决书 （2015）江民初字第1142号
 固阳县人民法院 民事判决书 （2014）固民初字第1079号 
浙江省瑞安市人民法院 民事判决书 （2015）温瑞民初字第798号
 河南省舞阳县人民法院 民事判决书 （2014）舞民初字第842号 
 甘肃省漳县人民法院 民事判决书 （2014）漳三民初字第112号 
 湖北省天门市人民法院 民事判决书 （2014）鄂天门民初字第00643号 
 浙江省嘉善县人民法院 民事判决书 （2007）善民一初字第298号 
 山西省沁水县人民法院 民事判决书 （2014）沁民初字第189号 
 安徽省舒城县人民法院 民事判决书 （2014）舒民一初字第00481号 
福建省厦门市思明区人民法院 民事判决书 （2015）思民初字第11362号
 福建省安溪县人民法院 民事判决书 （2014）安民初字第572号 
 河南省镇平县人民法院 民事判决书 （2014）镇民初字第01095号 
 四川省安县人民法院 民事判决书 （2014）安民初字第967号 
 吉林省蛟河市人民法院 民事判决书 （2014）蛟民一初字第490号 
 广东省丰顺县人民法院 民事判决书 （2014）梅丰法附民初字第56号 
 河南省荥阳市人民法院 民事判决书 （2015）荥民初字第179号 
浙江省台州市路桥区人民法院 民事判决书 （2011）台路民初字第246号
 湖北省来凤县人民法院 民事判决书 （2014）鄂来凤民初字第00201号 
山西省左云县人民法院 民事判决书 （2015）左民初字第174号
山东省郯城县人民法院 民事判决书 （2015）郯民初字第4056号
 福建省厦门市同安区人民法院 民事判决书 （2014）同民初字第2478号 
 福建省永安市人民法院 民事判决书 （2014）永民初字第1406号 
 辽宁省海城市人民法院 民事判决书 （2014）海民牛初字第00330号 
 青岛市崂山区人民法院 民事判决书 （2013）崂民一初字第811号 
 杞县人民法院 民事判决书 （2014）杞民初字第1084号 
 兴城市人民法院 民事判决书 （2014）兴沙民初字第01121号 
 达拉特旗人民法院 民事判决书 （2014）达民初字第741号 
 汝州市人民法院 民事判决书 （2013）汝民初字第2379号 
 上海市浦东新区人民法院 民事判决书 （2014）浦民一（民）初字第11289号 
