 上海市宝山区人民法院 民事判决书 （2013）宝民一（民）初字第7367号 
鞍山市铁东区人民法院 民事判决书 （2013）铁东民二初字第946号
 山东省宁阳县人民法院 民事判决书 （2014）宁民初字第2587号 
 江西省信丰县人民法院 民事判决书 （2015）信民一初字第80号 
湖南省永顺县人民法院 民事判决书 （2015）永民初字第535号
 江苏省宿迁市宿城区人民法院 民事判决书 （2014）宿城开民初字第0986号 
北京市房山区人民法院 民事判决书 （2013）房民初字第13215号
 山东省惠民县人民法院 民事判决书 （2013）惠民初字第488号 
杭州市西湖区人民法院 民事判决书 （2014）杭西泗民初字第305号
 山东省栖霞市人民法院 民事判决书 （2013）栖民一初字第1060号 
 河北省鹿泉市人民法院 民事判决书 （2014）鹿民一初字第01886号 
 湖北省鹤峰县人民法院 民事判决书 （2015）鄂鹤峰民初字第00436号 
浙江省慈溪市人民法院 民事判决书 （2010）甬慈民初字第846号
 重庆市城口县人民法院 民事判决书 （2014）城法民初字第00875号 
 重庆市云阳县人民法院 民事判决书 （2014）云法民初字第02834号 
 山西省繁峙县人民法院 民事判决书 （2014）繁民初字第359号 
 辽宁省黑山县人民法院 民事判决书 （2014）黑新民初字第01123号 
 福建省武平县人民法院 民事判决书 （2013）武民初字第1264号 
 福建省建瓯市人民法院 民事判决书 （2014）瓯民初字第2242号 
安徽省砀山县人民法院 民事判决书 （2015）砀民一初字第02222号
 江苏省海安县人民法院 民事判决书 （2014）安曲民初字第00353号 
 山东省嘉祥县人民法院 民事判决书 （2014）嘉民初字第2128号 
 河北省邯郸市峰峰矿区人民法院 民事判决书 （2014）峰民初字第386号 
 安徽省砀山县人民法院 民事判决书 （2014）砀民一初字第01578号 
常州市金坛区人民法院 民事判决书 （2015）坛民初字第03243号
 北京市丰台区人民法院 民事判决书 （2014）丰民初字第06041号 
 安徽省宁国市人民法院 民事判决书 （2014）宁民一初字第01830号 
 贵州省石阡县人民法院 民事判决书 （2015）石民初字第18号 
浙江省苍南县人民法院 民事判决书 （2015）温苍金民初字第211号
四川省彭州市人民法院 民事判决书 （2012）彭州民初字第60号
 河北省灵寿县人民法院 民事判决书 （2014）灵民陈初字第00089号 
 宁夏回族自治区银川市兴庆区人民法院 民事判决书 （2014）兴民初字第5455号 
 湖南省郴州市北湖区人民法院 民事判决书 （2014）郴北民一初字第202号 
河北省晋州市人民法院 民事判决书 （2015）晋槐民初字第00037号
江苏省句容市人民法院 民事判决书 （2015）句后民初字第0656号
 河北省武安市人民法院 民事判决书 （2014）武民初字第1138号 
四川省武胜县人民法院 民事判决书 （2015）武胜民初字第1296号
 四川省开江县人民法院 民事判决书 （2014）开江民初字第1064号 
 宁夏回族自治区石嘴山市大武口区人民法院 民事判决书 （2015）石大民初字第738号 
 江苏省海安县人民法院 民事判决书 （2014）安南民初字第00274号 
 河南省项城市人民法院 民事判决书 （2015）项民初字第00357号 
 山东省招远市人民法院 民事判决书 （2014）招民初字第1285号 
 石家庄市新华区人民法院 民事判决书 （2014）新民初字第1553号 
 重庆市石柱土家族自治县人民法院 民事判决书 （2015）石法民初字第01009号 
浙江省三门县人民法院 民事判决书 （2010）台三民初字第395号
 重庆市合川区人民法院 民事判决书 （2014）合法民初字第04997号 
 甘肃省泾川县人民法院 民事判决书 （2014）泾民初字第35号 
 重庆市合川区人民法院 民事判决书 （2014）合法民初字第04437号 
 江苏省扬州市江都区人民法院 民事判决书 （2014）扬江宜民初字第00657号 
 甘肃省天水市秦州区人民法院 民事判决书 （2014）天秦墩民初字第203号 
