四川省德昌县人民法院 民事判决书 （2015）德昌民初字第706号
 浙江省奉化市人民法院 民事判决书 （2014）甬奉民一初字第493号 
 重庆市万州区人民法院 民事判决书 （2014）万法民初字第08079号 
黑龙江省集贤县人民法院 民事判决书 （2015）集民初字第661号
陕西省武功县人民法院 民事判决书 （2014）武民初字第00022号
 四川省绵阳市涪城区人民法院 民事判决书 （2014）涪民初字第7790号 
 山东省济宁市兖州区人民法院 民事判决书 （2014）兖民初字第574号 
贵州省毕节市七星关区人民法院 民事判决书 （2015）黔七民初字第1410－2号
 四川省丹棱县人民法院 民事判决书 （2013）丹民初字第386号 
 福建省福清市人民法院 民事判决书 （2014）融民初字第2151号 
 湖北省蕲春县人民法院 民事判决书 （2014）鄂蕲春民一初字第01501号 
 陕西省洋县人民法院 民事判决书 （2014）洋民初字第01552号 
 宁城县人民法院 民事判决书 （2014）宁民初字第00668号 
 重庆市巫山县人民法院 民事判决书 （2014）山法民初字第00031号 
河北省保定市唐县人民法院 民事判决书 （2015）唐民初字第792号
 河北省成安县人民法院 民事判决书 （2013）成民初字第1190号 
 安徽省淮南市八公山区人民法院 民事判决书 （2015）八民一初字第00186号 
 四川省开江县人民法院 民事判决书 （2014）开江民初字第631号 
 山西省泽州县人民法院 民事判决书 （2014）泽民初字第472号 
 贵州省桐梓县人民法院 民事判决书 （2014）桐法民初字第343号 
 青海省西宁市城东区人民法院 民事判决书 （2015）东民一初字第465号 
福建省诏安县人民法院 民事判决书 （2015）诏民初字第504号
 河南省开封市鼓楼区人民法院 民事判决书 （2013）鼓民初字第554号 
 安徽省砀山县人民法院 民事判决书 （2015）砀民一初字第00579号 
 福建省平潭县人民法院 民事判决书 （2013）岚民初字第654号 
 山东省临清市人民法院 民事判决书 （2013）临民一初字第961号 
 重庆市巴南区人民法院 民事判决书 （2014）巴法民初字第02020号 
 鞍山市立山区人民法院 民事判决书 （2014）立民二初字第858号 
江西省东乡县人民法院 民事判决书 （2015）东民初字第325号
 安徽省合肥高新技术产业开发区人民法院 民事判决书 （2015）合高新民一初字第00095号 
 江西省抚州市临川区人民法院 民事判决书 （2015）临民初字第758号 
 北京市丰台区人民法院 民事判决书 （2014）丰民初字第16908号 
 江苏省高邮市人民法院 民事判决书 （2013）邮民初字第1899号 
安徽省枞阳县人民法院 民事判决书 （2015）枞民一初字第01110号
浙江省海盐县人民法院 民事判决书 （2010）嘉盐沈民初字第623号
 安徽省马鞍山市花山区人民法院 民事判决书 （2014）花民一初字第01724号 
福建省莆田市秀屿区人民法院 民事判决书 （2013）秀民初字第3157号
 广东省珠海市斗门区人民法院 民事判决书 （2013）珠斗法民一初字第781号 
 云南省绿春县人民法院 民事判决书 （2015）绿民一初字第9号 
四川省宣汉县人民法院 民事判决书 （2015）宣汉民初字第944号
安徽省淮南市潘集区人民法院 民事判决书 （2015）潘民一初字第00850号
 河北省兴隆县人民法院 民事判决书 （2014）兴民初字第2425号 
 宁夏回族自治区吴忠市红寺堡区人民法院 民事判决书 （2014）吴红民初字第495号 
 安徽省阜阳市颍泉区人民法院 民事判决书 （2014）泉民一初字第00491号 
 湖北省通城县人民法院 民事判决书 （2015）鄂通城民初字第408号 
河北省永年县人民法院 民事判决书 （2015）永民初字第1110号
江苏省沭阳县人民法院 民事判决书 （2015）沭韩民初字第00547号
 贵州省绥阳县人民法院 民事判决书 （2014）绥民初字第265号 
 甘肃省会宁县人民法院 民事判决书 （2015）会民一初字第601号 
广东省珠海市斗门区人民法院 民事裁定书 （2012）珠斗法民一初字第268号
