福建省龙岩市新罗区人民法院 民事判决书 （2015）龙新民初字第3198号
 河北省乐亭县人民法院 民事判决书 （2009）乐民初字第1611号 
 湖南省桂东县人民法院 民事判决书 （2013）桂民一初字第140号 
 浙江省义乌市人民法院 民事判决书 （2013）金义佛堂民初字第56号 
广东省珠海市金湾区人民法院 民事判决书 （2013）珠金法平民初字第405号
湖北省麻城市人民法院 民事判决书 （2015）鄂麻城民一初字第01378号
 河南省鹿邑县人民法院 民事判决书 （2015）鹿民初字第469号 
 江苏省大丰市人民法院 民事判决书 （2014）大三民初字第0020号 
山东省禹城市人民法院 民事判决书 （2015）禹民初字第896号
广东省惠东县人民法院 民事判决书 （2013）惠东法稔民初字第160号
甘肃省环县人民法院 民事判决书 （2015）环民初字第16号
 四川省营山县人民法院 民事判决书 （2014）营民初字第2133号 
山东省临邑县人民法院 民事判决书 （2015）临民初字第920号
安徽省合肥市蜀山区人民法院 民事判决书 （2015）蜀民一初字第04747号
 山西省芮城县人民法院 民事判决书 （2015）芮风民初字第16号 
 辽宁省阜新市海州区人民法院 民事判决书 （2014）海民一初字第205号 
 安徽省萧县人民法院 民事判决书 （2014）萧民一初字第01475号 
 江苏省建湖县人民法院 民事判决书 （2014）建高民初字第0329号 
南京市六合区人民法院 民事判决书 （2015）六程民初字第172号
甘肃省庆城县人民法院 民事判决书 （2012）庆民初字第27号
 清远市清城区人民法院 民事判决书 （2014）清城法源民初字第240号 
湖北省丹江口市人民法院 民事判决书 （2015）鄂丹江口民初字第01397号
新疆维吾尔自治区疏勒县人民法院 民事判决书 （2015）勒民初字第835号
 浙江省绍兴县人民法院 民事判决书 （2007）绍民一初字第172号 
石家庄市栾城区人民法院 民事判决书 （2015）栾民初字第16号
 福建省莆田市秀屿区人民法院 民事判决书 （2014）秀民初字第1754号 
 山东省滕州市人民法院 民事判决书 （2015）滕民初字第1459号 
 浙江省温岭市人民法院 民事判决书 （2014）台温民初字第10号 
 广西壮族自治区柳州市柳南区人民法院 民事判决书 （2014）南民初（一）字第1012号 
 山东省新泰市人民法院 民事判决书 （2014）新民初字第3278号 
安徽省寿县人民法院 民事判决书 （2015）寿民一初字第01324号
安徽省临泉县人民法院 民事判决书 （2013）临民一初字第00177号
 山西省襄汾县人民法院 民事判决书 （2015）襄民初字第00106号 
陕西省靖边县人民法院 民事判决书 （2010）靖民初字第1124号
广东省珠海市香洲区人民法院 民事判决书 （2013）珠香法民一初字第2135号
 广西壮族自治区桂林市叠彩区人民法院 民事判决书 （2014）叠民初字第792号 
沈阳市沈河区人民法院 民事判决书 （2015）沈河民一初字第966号
大连市甘井子区人民法院 民事判决书 （2015）甘民初字第3900号
 山东省莘县人民法院 民事判决书 （2013）莘民一初字第235号 
 陕西省定边县人民法院 民事判决书 （2014）定民初字第02619号 
 河南省永城市人民法院 民事判决书 （2014）永民初字第673号 
安徽省涡阳县人民法院 民事判决书 （2014）涡民一初字第00667号
福建省漳平市人民法院 民事判决书 （2015）漳民初字第1497号
重庆市丰都县人民法院 民事判决书 （2015）丰法民初字第02316号
 四川省长宁县人民法院 民事判决书 （2013）长民初字第695号 
 鹤壁市淇滨区人民法院 民事判决书 （2015）淇滨民初字第1363号 
 东营市东营区人民法院 民事判决书 （2014）东民初字第1720号 
 北京市丰台区人民法院 民事判决书 （2014）丰民初字第09309号 
 宁夏回族自治区中卫市沙坡头区人民法院 民事判决书 （2015）沙民初字第320号 
山东省莒南县人民法院 民事判决书 （2015）莒板民初字第183号
