绍兴市上虞区人民法院 民事判决书 （2015）绍虞东民初字第81号
河南省荥阳市人民法院 民事判决书 （2015）荥民初字第1616号
湖南省娄底市娄星区人民法院 民事判决书 （2015）娄星民一初字第369号
 上海市闸北区人民法院 民事判决书 （2015）闸少民初字第126号 
河北省魏县人民法院 民事判决书 （2015）魏民初字第01934号
 上海市嘉定区人民法院 民事判决书 （2014）嘉民一（民）初字第1689号 上海市嘉定区人民法院 民事判决书 （2014）嘉民一（民）初字第1689号 
 浙江省三门县人民法院 民事判决书 （2014）台三民初字第451号 
 林州市人民法院 民事判决书 （2014）林民镇初字第267号 
 内蒙古自治区巴林右旗人民法院 民事判决书 （2015）右民初字第346号 
湖南省衡阳市雁峰区人民法院 民事判决书 （2015）雁民一初字第313号
南京市六合区人民法院 民事判决书 （2013）六少民初字第12号
 湖南省临湘市人民法院 民事判决书 （2014）临民初字第148号 
 沈阳市皇姑区人民法院 民事判决书 （2014）皇民四初字第103号 
 江苏省建湖县人民法院 民事判决书 （2014）建民初字第0791号 
 四川省泸州市江阳区人民法院 民事判决书 （2013）江阳民初字第2137号 
河南省柘城县人民法院 民事判决书 （2013）柘民初字第256号
 山东省枣庄市市中区人民法院 民事判决书 （2014）市中民初字第1093号 
 福建省莆田市秀屿区人民法院 民事判决书 （2014）秀民初字第3545号 
 辽宁省开原市人民法院 民事判决书 （2014）开民三初字第165号 
 广州市天河区人民法院 民事判决书 （2013）穗天法民一初字第1042号 
安徽省当涂县人民法院 民事判决书 （2015）当石民一初字第00127号
 河南省虞城县人民法院 民事判决书 （2014）虞民初字第1234号 
 河南省镇平县人民法院 民事判决书 （2015）镇民初字第00065号 
 云南省姚安县人民法院 民事判决书 （2014）姚民初字第360号 
 山东省莱阳市人民法院 民事判决书 （2015）莱阳团民初字第103号 
 山东省邹城市人民法院 民事判决书 （2014）邹民初字第1294号 
浙江省永嘉县人民法院 民事判决书 （2015）温永碧民初字第90号
沈阳市于洪区人民法院 民事判决书 （2015）于民一初字第00930号
河北省新河县人民法院 民事判决书 （2015）新民初字第286号
 云南省威信县人民法院 民事判决书 （2015）威民初字第582号 
辽宁省大石桥市人民法院 民事判决书 （2015）大南民初字第00572号
 广东省惠东县人民法院 民事判决书 （2014）惠东法民一初字第555号 
 浙江省平阳县人民法院 民事判决书 （2013）温平民初字第638号 
河南省中牟县人民法院 民事判决书 （2015）牟民初字第3273号
 舟山市定海区人民法院 民事判决书 （2013）舟定临民初字第121号 
 湖北省公安县人民法院 民事判决书 （2013）鄂公安民初字第01414号 
 重庆市长寿区人民法院 民事判决书 （2014）长法民初字第02575号 
广东省化州市人民法院 民事判决书 （2015）茂化法民一初字第314号
 湖南省隆回县人民法院 民事判决书 （2014）隆民一初字第477号 
 商洛市商州区人民法院 民事判决书 （2014）商州民初字第00642号 
 湖南省宁远县人民法院 民事判决书 （2013）宁法民一初字第1009号 
 上海市浦东新区人民法院 民事判决书 （2014）浦民一（民）初字第29527号 
 陕西省定边县人民法院 民事判决书 （2013）定民初字第03017号 
 安徽省明光市人民法院 民事判决书 （2015）明民一初字第01204号 
广西壮族自治区鹿寨县人民法院 民事判决书 （2015）鹿民一初字第465号
 海南省东方市人民法院 民事判决书 （2014）东民一初字第301号 
 安徽省潜山县人民法院 民事判决书 （2014）潜民一初字第02649号 
 河北省容城县人民法院 民事判决书 （2013）容民初字第434号 
 黑龙江省依兰县人民法院 民事判决书 （2014）依民初字第2号 
 山东省菏泽市牡丹区人民法院 民事判决书 （2014）菏牡民初字第2217号 
