山东省滨州市滨城区人民法院 民事判决书 （2015）滨杜民初字第316号
安徽省舒城县人民法院 民事判决书 （2014）舒民一初字第01608号
 河北省内邱县人民法院 民事判决书 （2014）内民一初字第580号 
 贵州省安龙县人民法院 民事判决书 （2014）安民初字第26号 
安徽省临泉县人民法院 民事判决书 （2013）临民一初字第00406号
德州经济开发区人民法院 民事判决书 （2015）德开民初字第780号
 山东省威海市环翠区人民法院 民事判决书 （2014）威环民初字第630号 
四川省仪陇县人民法院 民事判决书 （2015）仪民初字第1509号
河南省永城市人民法院 民事判决书 （2015）永民初字第2876号
 宁波市镇海区人民法院 民事判决书 （2014）甬镇民初字第1231号 
 河北省邱县人民法院 民事判决书 （2015）邱民初字第221号 
 安徽省南陵县人民法院 民事判决书 （2013）南民一初字第01581号 
 安徽省利辛县人民法院 民事判决书 （2015）利民一初字第01633号 
 江西省湖口县人民法院 民事判决书 （2014）湖民一初字第11号 
 河南省中牟县人民法院 民事判决书 （2014）牟民初字第2092号 
 四川省珙县人民法院 民事判决书 （2014）宜珙民初字第161号 
四川省盐亭县人民法院 民事判决书 （2014）盐民初字第511号
 湖北省长阳土家族自治县人民法院 民事判决书 （2015）鄂长阳民初字第00112号 
 山东省临清市人民法院 民事判决书 （2014）临民一初字第552号 
 四川省三台县人民法院 民事判决书 （2014）三民初字第4257号 
 陕西省子洲县人民法院 民事判决书 （2014）子洲民初字第00319号 
 贵州省绥阳县人民法院 民事判决书 （2015）绥民初字第45号 
 广西壮族自治区东兰县人民法院 民事判决书 （2015）东民初字第244号 
 辽宁省本溪市平山区人民法院 民事判决书 （2013）平民一初字第00400号 
 广东省佛冈县人民法院 民事判决书 （2014）清佛法民一初字第112号 
 黑龙江省鸡西市鸡冠区人民法院 民事判决书 （2014）鸡冠民初字第1042号 
湖北省英山县人民法院 民事判决书 （2015）鄂英山民初字第00434号
常州市金坛区人民法院 民事判决书 （2015）坛民初字第02271号
 西安市碑林区人民法院 民事判决书 （2012）碑民二初字第00834号 
安徽省颍上县人民法院 民事判决书 （2015）颍民一初字第04282号
济南市历城区人民法院 民事判决书 （2014）历城民初字第3970号
 安徽省巢湖市人民法院 民事判决书 （2014）巢民一初字第00098号 
 重庆市开县人民法院 民事判决书 （2014）开法民初字第03141号 
 广东省普宁市人民法院 民事判决书 （2014）揭普法里民初字第186号 
 河南省郏县人民法院 民事判决书 （2014）郏民初字第797号 
 浙江省余姚市人民法院 民事判决书 （2014）甬余低民初字第237号 
 江苏省镇江市京口区人民法院 民事判决书 （2013）京民初字第2906号 
河北省隆尧县人民法院 民事判决书 （2015）隆民初字第952号
 四川省富顺县人民法院 民事判决书 （2014）富民一初字第268号 
 湖南省新化县人民法院 民事判决书 （2014）新法民一初字第681号 
山东省邹城市人民法院 民事判决书 （2014）邹民初字第3984号
山东省济宁市兖州区人民法院 民事判决书 （2015）兖民初字第765号
 福建省平潭县人民法院 民事判决书 （2015）岚民初字第348号 
 陕西省洛南县人民法院 民事判决书 （2011）洛南法民初字第00472号 
 山东省曹县人民法院 民事判决书 （2014）曹民初字第2016号 
山东省滨州市滨城区人民法院 民事判决书 （2015）滨民一初字第10号
 四川省仪陇县人民法院 民事判决书 （2015）仪民初字第71号 
 四川省泸州市江阳区人民法院 民事判决书 （2012）江阳民初字第646号 
 山东省禹城市人民法院 民事判决书 （2014）禹民初字第571号 
 襄阳市襄城区人民法院 民事判决书 （2014）鄂襄城民一初字第00464号 
