 河北省唐山市古冶区人民法院 民事判决书 （2012）古民初字第538号 
 山东省宁阳县人民法院 民事判决书 （2014）宁民初字第2043号 
 重庆市开县人民法院 民事判决书 （2014）开法民初字第02587号 
 浙江省新昌县人民法院 民事判决书 （2013）绍新聚民初字第196号 
安徽省枞阳县人民法院 民事判决书 （2015）枞民一初字第01553号
 山西省沁县人民法院 民事判决书 （2014）沁民初字第215号 
滑县人民法院 民事判决书 （2012）滑上民初字第239号
 广东省雷州市人民法院 民事判决书 （2014）湛雷法民二初字第202号 
 浙江省衢州市衢江区人民法院 民事判决书 （2014）衢廿民初字第124号 
湖南省通道侗族自治县人民法院 民事判决书 （2015）通民一初字第195号
 山东省滕州市人民法院 民事判决书 （2014）滕民初字第2553号 
 四川省会理县人民法院 民事判决书 （2015）会理民初字第1173号 
 重庆市开县人民法院 民事判决书 （2015）开法民初字第00100号 
 四川省宜宾市翠屏区人民法院 民事判决书 （2014）翠屏民初字第1200号 
河北省承德县人民法院 民事判决书 （2015）承民初字第2641号
 吉林省九台市人民法院 民事判决书 （2014）九民初字第1661号 
 山东省兰陵县人民法院 民事判决书 （2015）兰民初字第38号 
 沁阳市人民法院 民事判决书 （2014）沁民西万初字第00065号 
 四川省武胜县人民法院 民事判决书 （2015）武胜民初字第590号 
 福建省长乐市人民法院 民事判决书 （2014）长民初字第750号 
安徽省临泉县人民法院 民事判决书 （2013）临民一初字第02539号
 徐某与姚某某离婚纠纷一审民事判决书 山东省平原县人民法院 民事判决书 （2013）平民初字第769号 
 江苏省无锡市南长区人民法院 民事判决书 （2013）南扬民初字第0436号 
 河南省唐河县人民法院 民事判决书 （2013）唐民一初字第2276号 
 山东省新泰市人民法院 民事判决书 （2014）新民初字第3333号 
 河南省通许县人民法院 民事判决书 （2014）通民初字第386号 
 安徽省繁昌县人民法院 民事判决书 （2014）繁民一初字第00871号 
 南京市鼓楼区人民法院 民事判决书 （2013）鼓民初字第3856号 
 湖南省湘乡市人民法院 民事判决书 （2014）湘法民一初字第417号 
中华人民共和国 福建省连江县人民法院 民事判决书 （2014）连民初字第1207号
 陕西省泾阳县人民法院 民事判决书 （2014）泾民初字第00468号 
河南省内黄县人民法院 民事判决书 （2013）内城民初字第64号
 浙江省衢州市衢江区人民法院 民事判决书 （2014）衢民初字第378号 
 陕西省兴平市人民法院 民事判决书 （2014）兴民初字第00624号 
 湖南省长沙市岳麓区人民法院 民事判决书 （2013）岳民初字第03624号 
 黑龙江省五常市人民法院 民事判决书 （2014）五民初字第1302号 
 浙江省余姚市人民法院 民事判决书 （2013）甬余马民初字第15号 
 河北省盐山县人民法院 民事判决书 （2013）盐民初字第1665号 
河南省睢县人民法院 民事判决书 （2013）睢民初字第369号
 山东省沂水县人民法院 民事判决书 （2014）沂民初字第746号 
 河北省邯郸县人民法院 民事判决书 （2014）邯县民初字第581号 
 吉林省东辽县人民法院 民事判决书 （2014）东辽民初字第674号 
 河北省行唐县人民法院 民事判决书 （2014）行民一初字第00482号 
江苏省常州市武进区人民法院 民事判决书 （2015）武横民初字第00376号
 辽宁省台安县人民法院 民事判决书 （2014）鞍台民二初字第00021号 
 四川省仪陇县人民法院 民事判决书 （2015）仪民初字第1400号 
 四川省三台县人民法院 民事判决书 （2014）三民初字第1633号 
安徽省涡阳县人民法院 民事判决书 （2014）涡民一初字第01085号
安徽省霍邱县人民法院 民事判决书 （2015）霍民一初字第00443号
 湖南省宁远县人民法院 民事判决书 （2014）宁法民一初字第522号 
