 宁夏回族自治区西吉县人民法院 民事判决书 （2013）西民初字第1424号 
 山东省平阴县人民法院 民事判决书 （2014）平民初字第557号 
 湖北省武汉市某区人民法院 民事判决书 （2014）鄂东西湖民初字第00967号 
 南通市通州区人民法院 民事判决书 （2014）通余民初字第0963号 
宁夏回族自治区中宁县人民法院 民事判决书 （2015）中宁民初字第1224号
 甘肃省白银市平川区人民法院 民事判决书 （2014）平民二初字第110号 
 山东省曲阜市人民法院 民事判决书 （2014）曲民初字第974号 
内蒙古自治区巴林右旗人民法院 民事判决书 （2015）右民初字第1353号
 浙江省平阳县人民法院 民事判决书 （2013）温平民初字第249号 
 广东省广州市南沙区人民法院 民事判决书 （2014）穗南法南民初字第282号 
 甘肃省环县人民法院 民事判决书 （2015）环民初字第89号 
 沈阳市东陵区人民法院 民事判决书 （2014）东陵民一初字第410号 
 内蒙古自治区土默特左旗人民法院 民事判决书 （2014）土左民初字第86号 
 湖南省永州市冷水滩区人民法院 民事判决书 （2014）永冷民初字第1512号 
四川省达州市达川区人民法院 民事判决书 （2015）达达民初字第833号
 淮安市淮安区人民法院 民事判决书 （2014）淮法林民初字第0197号 
 贵州省从江县人民法院 民事判决书 （2015）从民初字第9号 
山东省沂水县人民法院 民事判决书 （2015）沂民初字第2675号
 山东省金乡县人民法院 民事判决书 （2014）金民初字第465号 
 湖南省宁乡县人民法院 民事判决书 （2014）宁民初字第04655号 
 湖南省桃源县人民法院 民事判决书 （2014）桃民初字第1609号 
 云南省华宁县人民法院 民事判决书 （2014）华民一初字第190号 
 福建省福清市人民法院 民事判决书 （2013）融民初字第370号 
 山东省青岛市市北区人民法院 民事判决书 （2013）北民五民初字第165号 
 浙江省兰溪市人民法院 民事判决书 （2014）金兰民初字第1115号 
 浙江省武义县人民法院 民事判决书 （2014）金武柳民初字第49号 
 湖北省竹溪县人民法院 民事判决书 （2014）鄂竹溪民初字第00670号 
 辽宁省黑山县人民法院 民事判决书 （2014）黑黑民初字第01732号 
 湖南省醴陵市人民法院 民事判决书 （2014）醴法民一初字第1519号 
 山东省单县人民法院 民事判决书 （2014）单民初字第2055号 
河北省唐山市丰南区人民法院 民事判决书 （2015）丰民初字第3656号
 河南省嵩县人民法院 民事判决书 （2014）嵩民七初字第81号 
 河北省晋州市人民法院 民事判决书 （2013）晋州民初字第00185号 
 江苏省张家港市人民法院 民事判决书 （2013）张金少民初字第0148号 
 济源市人民法院 民事判决书 （2014）济民一初字第1464号 
四川省郫县人民法院 民事判决书 （2015）成郫民初字第2929号
 河南省开封县人民法院 民事判决书 （2014）开民初字第353号 
安徽省阜南县人民法院 民事判决书 （2015）南民一初字第02228号
 襄阳高新技术产业开发区人民法院 民事判决书 （2014）鄂襄新民初字第00293号 
 甘肃省临洮县人民法院 民事判决书 （2014）临民一初字第209号 
 四川省自贡市自流井区人民法院 民事判决书 （2014）自流民初字第2648号 
 湖北省武穴市人民法院 民事判决书 （2014）鄂武穴民初字第00930号 
河南省淮阳县人民法院 民事判决书 （2015）淮民初字第00530号
 北京市海淀区人民法院 民事判决书 （2014）海民初字第21601号 
 台州市黄岩区人民法院 民事判决书 （2014）台黄宁民初字第35号 
盘锦市双台子区人民法院 民事判决书 （2015）双民一初字第00078号
 河南省内黄县人民法院 民事判决书 （2015）内城民初字第118号 
 陕西省韩城市人民法院 民事判决书 （2014）韩民初字第00437号 
四川省渠县人民法院 民事判决书 （2015）达渠民初字第1922号
 贵州省纳雍县人民法院 民事判决书 （2015）黔纳民初字第267号 
