 河南省漯河市召陵区人民法院 民事判决书 （2015）召民初字第302号 
 湖北省赤壁市人民法院 民事判决书 （2013）鄂赤壁民初字第2307号 
 安徽省利辛县人民法院 民事判决书 （2014）利民一初字第00730号 
 云南省禄劝彝族苗族自治县人民法院 民事判决书 （2015）禄民初字第362号 
 浙江省安吉县人民法院 民事判决书 （2013）湖安民初字第830号 
 安徽省涡阳县人民法院 民事判决书 （2014）涡民一初字第00102号 
 广东省英德市人民法院 民事判决书 （2015）英法民一初字第65号 
 重庆市铜梁区人民法院 民事判决书 （2014）铜法民初字第04778号 
 安徽省明光市人民法院 民事判决书 （2014）明民一初字第01265号 
河南省宁陵县人民法院 民事判决书 （2015）宁民初字第797号
四平市铁东区人民法院 民事判决书 （2015）东四民初字第177号
 重庆市潼南县人民法院 民事判决书 （2015）潼法民初字第00436号 
 广西壮族自治区桂林市象山区人民法院 民事判决书 （2014）象民初字第942号 
 福建省福州市晋安区人民法院 民事判决书 （2013）晋民初字第1853号 
山东省汶上县人民法院 民事判决书 （2015）汶民一初字第1746号
 四川省自贡市贡井区人民法院 民事判决书 （2013）贡井民一初字第74号 
 安徽省霍邱县人民法院 民事判决书 （2014）霍民一初字第01320号 
山东省商河县人民法院 民事判决书 （2015）商民初字第658号
 苏州市姑苏区人民法院 民事判决书 （2013）姑苏民四初字第1393号 
 湖南省祁东县人民法院 民事判决书 （2015）祁民一初字第235号 
 云南省会泽县人民法院 民事判决书 （2014）会民初字第458号 
 浙江省绍兴市越城区人民法院 民事判决书 （2008）越民一初字第1704号 
四川省平昌县人民法院 民事判决书 （2015）平民初字第1762号
 浙江省平阳县人民法院 民事判决书 （2014）温平水民初字第413号 
 浙江省临海市人民法院 民事判决书 （2013）台临民初字第2813号 
 河北省围场满族蒙古族自治县人民法院 民事判决书 （2015）围民初字第1385号 
 新疆维吾尔自治区巩留县人民法院 民事判决书 （2014）巩民初字第1550号 
 陕西省富县人民法院 民事判决书 （2014）富民初字第00360号 
 攀枝花市仁和区人民法院 民事判决书 （2014）仁和民初字第580号 
 上海市闸北区人民法院 民事判决书 （2013）闸民一（民）初字第5160号 
 湖南省株洲县人民法院 民事判决书 （2014）株县法民一初字第557号 
 安徽省岳西县人民法院 民事判决书 （2014）岳民一初字第01141号 
青海省西宁市城西区人民法院 民事判决书 （2014）西民一初字第1025号
 四川省三台县人民法院 民事判决书 （2014）三民初字第3477号 
 甘肃省敦煌市人民法院 民事判决书 （2015）敦民初字第102号 
辽宁省清原满族自治县人民法院 民事判决书 （2015）清民一初字第01048号
 湖南省益阳市赫山区人民法院 民事判决书 （2015）益赫民一初字第524号 
山东省寿光市人民法院 民事判决书 （2015）寿民初字第1443号
 湖南省常德市鼎城区人民法院 民事判决书 （2014）常鼎民初字第1427号 
湖北省随县人民法院 民事判决书 （2015）鄂随县民初字第00537号
 四川省三台县人民法院 民事判决书 （2014）三民初字第4701号 
 重庆市巴南区人民法院 民事判决书 （2014）巴法民初字第02108号 
 河北省清河县人民法院 民事判决书 （2015）清民一初字第84号 
湖南省邵阳市北塔区人民法院 民事判决书 （2015）北民一初字第134号
 江苏省丹阳市人民法院 民事判决书 （2013）丹民初字第4582号 
 重庆市铜梁县人民法院 民事判决书 （2014）铜法民初字第00703号 
河北省河间市人民法院 民事判决书 （2015）河民初字第3125号
辽宁省抚顺市新抚区人民法院 民事判决书 （2015）新抚民一初字第00828号
常州市金坛区人民法院 民事判决书 （2015）坛朱民初字第00415号
 云南省保山市隆阳区人民法院 民事判决书 （2014）隆民初字第01284号 
