 山东省曹县人民法院 民事判决书 （2013）曹民初字第2082号 
 石家庄市新华区人民法院 民事判决书 （2014）新民初字第965号 
 贵州省开阳县人民法院 民事判决书 （2014）开民初字第705号 
 山东省惠民县人民法院 民事判决书 （2013）惠民初字第928号 
 江苏省海安县人民法院 民事判决书 （2015）安南民初字第00045号 
 山东省临沂市兰山区人民法院 民事判决书 （2014）临兰民初字第1845号 
 浙江省乐清市人民法院 民事判决书 （2014）温乐柳民初字第360号 
 四川省内江市市中区人民法院 民事判决书 （2015）内中民初字第8号 
江西省抚州市临川区人民法院 民事判决书 （2015）临民初字第937号
 山东省菏泽市牡丹区人民法院 民事判决书 （2014）菏牡民初字第2106号 
河北省成安县人民法院 民事判决书 （2015）成民初字第1022号
 辽宁省义县人民法院 民事判决书 （2014）义民城初字第01868号 
 山东省菏泽市牡丹区人民法院 民事判决书 （2014）菏牡民初字第361号 
湖北省建始县人民法院 民事判决书 （2015）鄂建始民初字第00530号
 湖南省祁阳县人民法院 民事判决书 （2014）祁民初字第566号 
 安徽省天长市人民法院 民事判决书 （2014）天民一初字第01304号 
 湖南省会同县人民法院 民事判决书 （2015）会民一初字第271号 
 吉林省大安市人民法院 民事判决书 （2014）大郊民初字第6号 
 四川省乐山市市中区人民法院 民事判决书 （2015）乐中民初字第19号 
四川省梓潼县人民法院 民事判决书 （2015）梓民初字第545号
 青海省湟中县人民法院 民事判决书 （2015）湟上民初字第00186号 
 安徽省马鞍山市博望区人民法院 民事判决书 （2014）博民一初字第00165号 
 吉林省农安县人民法院 民事判决书 （2015）农民初字第1991号 
 北京市丰台区人民法院 民事判决书 （2014）丰民初字第03679号 
河北省成安县人民法院 民事判决书 （2015）成民初字第01180号
 黑龙江省海伦市人民法院 民事判决书 （2014）海民一初字第120号 
 江苏省沭阳县人民法院 民事判决书 （2014）沭开民初字第02206号 
 甘肃省岷县人民法院 民事判决书 （2015）岷闾民初字第0035号 
 辽宁省绥中县人民法院 民事判决书 （2014）绥前所民初字第00114号 
湖南省龙山县人民法院 民事判决书 （2015）龙民初字第356号
 长春市二道区人民法院 民事判决书 （2015）二民初字第465号 
贵州省水城县人民法院 民事判决书 （2015）黔水民初字第01122号
河南省镇平县人民法院 民事判决书 （2015）镇民初字第01046号
江苏省东海县人民法院 民事判决书 （2015）连东少民初字第00758号
 浙江省临海市人民法院 民事判决书 （2014）台临杜民初字第490号 
 湖南省邵阳市双清区人民法院 民事判决书 （2013）双民初字第557号 
辽宁省灯塔市人民法院 民事判决书 （2015）灯民初字第01415号
 四川省绵阳市游仙区人民法院 民事判决书 （2015）游民初字第517号 
赤峰市松山区人民法院 民事判决书 （2015）松民初字第4591号
 河南省新蔡县人民法院 民事判决书 （2014）新民初字第631号 
 四川省三台县人民法院 民事判决书 （2013）三民初字第123号 
 河北省枣强县人民法院 民事判决书 （2015）枣屯民一初字第509号 
 陕西省城固县人民法院 民事判决书 （2014）城民初字第01103号 
 河南省栾川县人民法院 民事判决书 （2014）栾民重初字第10号 
四川省筠连县人民法院 民事判决书 （2015）筠连民初字第56号
 山东省平邑县人民法院 民事判决书 （2015）平民初字第230号 
 河北省任丘市人民法院 民事判决书 （2014）任民初字第816号 
 陕西省石泉县人民法院 民事判决书 （2014）石民初字第00572号 
 刘某某与李某某离婚纠纷一案 民事判决书 （2013）岳民初字第1276号 
 河南省西平县人民法院 民事判决书 （2015）西民初字第0346号 
