四川省双流县人民法院 民事判决书 （2015）双流民初字第8433号
河北省遵化市人民法院 民事判决书 （2015）遵民初字第05105号
浙江省遂昌县人民法院 民事判决书 （2010）丽遂民初字第118号
 河南省新乡县人民法院 民事判决书 （2013）新民初字第479号 
天津市静海县人民法院 民事判决书 （2015）静民初字第2270号
 光山县人民法院 民事判决书 （2015）光民初字第01026号 
 湖南省沅陵县人民法院 民事判决书 （2015）沅民一初字第197号 
 山东省宁津县人民法院 民事判决书 （2014）宁民初字第371号 
四川省仪陇县人民法院 民事判决书 （2015）仪民初字第1197号
 重庆市渝中区人民法院 民事判决书 （2014）中区法民初字第09943号 
江苏省睢宁县人民法院 民事判决书 （2015）睢民初字第01834号
 青海省西宁市城东区人民法院 民事判决书 （2015）东少民初字第217号 
新县人民法院 民事判决书 （2015）新民初字第225号
 安徽省阜南县人民法院 民事判决书 （2014）南民一初字第03349号 
 广西壮族自治区荔浦县人民法院 民事判决书 （2014）荔民初字第347号 
大连市甘井子区人民法院 民事判决书 （2015）甘民初字第4542号
 湖南省宁乡县人民法院 民事判决书 （2013）宁民初字第01180号 
 安徽省亳州市谯城区人民法院 民事判决书 （2014）谯民一初字第03066号 
福建省福清市人民法院 民事判决书 （2015）融民初字第4547号
天津市河东区人民法院 民事判决书 （2015）东民初字第4301号
山东省滨州市滨城区人民法院 民事判决书 （2015）滨杜民初字第268号
 浙江省慈溪市人民法院 民事判决书 （2015）甬慈周民初字第226号 
 福建省莆田市涵江区人民法院 民事判决书 （2015）涵民初字第75号 
湖北省武汉经济技术开发区人民法院 民事判决书 （2014）鄂武经开民初字第00804号
浙江省三门县人民法院 民事判决书 （2015）台三浦民初字第238号
 江西省高安市人民法院 民事判决书 （2014）高民一初字第902号 
 山西省吕梁市离石区人民法院 民事判决书 （2014）离民一初字第844号 
 大同市城区人民法院 民事判决书 （2015）城民初字第436号 
 甘肃省东乡族自治县人民法院 民事判决书 （2015）东民初字第50号 
 甘肃省宕昌县人民法院 民事判决书 （2014）宕民一初字第26号 
云南省泸西县人民法院 民事判决书 （2015）泸中民初字第167号
 湖南省新邵县人民法院 民事判决书 （2013）新民初字第945号 
 内蒙古自治区包头市青山区人民法院 民事判决书 （2015）包青民初字第253号 
 黑龙江省齐齐哈尔市昂昂溪区人民法院 民事判决书 （2014）昂民初字第41号 
吉林省柳河县人民法院 民事判决书 （2015）柳民中初字第707号
 四川省简阳市人民法院 民事判决书 （2015）简阳民初字第813号 
 甘肃省临洮县人民法院 民事判决书 （2015）临民一初字第39号 
四川省达州市通川区人民法院 民事判决书 （2014）通川民初字第1251号
湖北省枣阳市人民法院 民事裁定书 （2015）鄂枣阳杨民初字第00073号
 重庆市潼南县人民法院 民事判决书 （2014）潼法民初字第03771号 
 宁夏回族自治区中卫市沙坡头区人民法院 民事判决书 （2014）沙民初字第1352号 
 吉林省通榆县人民法院 民事判决书 （2014）通法向民初字第72号 
江苏省金坛市人民法院 民事判决书 （2015）坛朱民初字第00255号
 贵州省六盘水市钟山区人民法院 民事判决书 （2014）黔钟民初字第871号 
浙江省瑞安市人民法院 民事判决书 （2015）温瑞马民初字第73号
广东省东莞市第二人民法院 民事判决书 （2015）东二法虎民一初字第820号
 山东省邹城市人民法院 民事判决书 （2014）邹民初字节1751号 
浙江省诸暨市人民法院 民事判决书 （2010）绍诸枫民初字249号
湖南省资兴市人民法院 民事判决书 （2015）资民一初字第363号
 四川省岳池县人民法院 民事判决书 （2014）岳池民初字第190号 
