 山东省鄄城县人民法院 民事判决书 （2014）鄄民初字第1340号 
 湖南省湘潭县人民法院 民事判决书 （2015）潭民一初字第484号 
 湖南省衡南县人民法院 民事判决书 （2015）南法民一初字第22号 
 湖北省枣阳市人民法院 民事判决书 （2014）鄂枣阳杨民初字第00003号 
 广西壮族自治区玉林市玉州区人民法院 民事判决书 （2014）玉区法民初字第2284号 
湖北省武汉市武昌区人民法院 民事判决书 （2015）鄂武昌民初字第02092号
浙江省缙云县人民法院 民事判决书 （2011）丽缙民初字第268号 （2011）丽缙民初字第268号
 吉林省公主岭市人民法院 民事判决书 （2014）公民一初字第798号 
 江苏省扬州市江都区人民法院 民事判决书 （2014）扬江大民初字第0771号 
 福建省南安市人民法院 民事判决书 （2013）南民初字第6784号 
 北京市朝阳区人民法院 民事判决书 （2013）朝民初字第30911号 
山东省成武县人民法院 民事判决书 （2013）成民初字第2042号
山西省芮城县人民法院 民事判决书 （2015）芮大民初字第57号
 河南省新郑市人民法院 民事判决书 （2015）新民初字第1361号 
 四川省彭山县人民法院 民事判决书 （2014）彭山民初字第816号 
 福建省闽侯县人民法院 民事判决书 （2014）侯民初字第717号 
 河南省卫辉市人民法院 民事判决书 （2014）卫民初字第1251号 
福建省漳浦县人民法院 民事判决书 （2015）浦民初字第2791号
河南省永城市人民法院 民事判决书 （2015）永民初字第4238号
 广西壮族自治区北流市人民法院 民事判决书 （2015）北民初字第1230号 
 河南省新郑市人民法院 民事判决书 （2013）新民初字第3447号 
 浙江省平阳县人民法院 民事判决书 （2014）温平鳌民初字第462号 
修某某与李某甲离婚纠纷一审民事判决书 内蒙古自治区巴林左旗人民法院 民事判决书 （2015）巴民初字第1519号
修武县人民法院 民事判决书 （2015）修少民郇初字第6号
 湖南省石门县人民法院 民事判决书 （2014）石民磨初字第16号 
贵州省毕节市七星关区人民法院 民事判决书 （2015）黔七民初字第970号
 陕西省定边县人民法院 民事判决书 （2014）定民初字第03403号 
 江苏省盱眙县人民法院 民事判决书 （2014）盱管民初字第0281号 
吉林省吉林市龙潭区人民法院 民事判决书 （2014）龙民一初字第943号
浙江省东阳市人民法院 民事判决书 （2015）东民初字第2776号
 达拉特旗人民法院 民事判决书 （2014）达民初字第2954号 
 河南省浚县人民法院 民事判决书 （2015）浚民初字第887号 
江苏省盐城市亭湖区人民法院 民事判决书 （2015）亭民初字第261号
河南省西平县人民法院 民事判决书 （2013）西少民初字第61号
 湖北省钟祥市人民法院 民事判决书 （2014）鄂钟祥丰民一初字第00173号 
 山东省临邑县人民法院 民事判决书 （2015）临民初字第583号 
 河南省濮阳县人民法院 民事判决书 （2014）濮民初字第2853号 
 山东省单县人民法院 民事判决书 （2014）单民初字第1134号 
 江苏省洪泽县人民法院 民事判决书 （2014）泽民初字第1818号 
安徽省桐城市人民法院 民事判决书 （2015）桐民一初字第00755号
 湖南省永顺县人民法院 民事判决书 （2014）永民初字第57号 
 四川省资阳市雁江区人民法院 民事判决书 （2014）雁江民初字第00519号 
 福建省连江县人民法院 民事判决书 （2014）连民初字第52号 
 辽宁省法库县人民法院 民事判决书 （2014）法民一初字第263号 
 辽宁省庄河市人民法院 民事判决书 （2013）庄民初字第2252号 
 湖南省娄底市娄星区人民法院 民事判决书 （2013）娄星民一初字第44号 
 重庆市巫山县人民法院 民事判决书 （2014）山法民初字第00582号 
 河北省唐山市古冶区人民法院 民事判决书 （2014）古民初字第753号 
浙江省海盐县人民法院 民事判决书 （2015）嘉盐民初字第156号
山东省肥城市人民法院 民事判决书 （2015）肥民初字第2495号
