 江苏省淮安经济技术开发区人民法院 民事判决书 （2014）淮开民初字第1487号 
江苏省泗阳县人民法院 民事判决书 （2015）泗王民初字第0398号
安阳县人民法院 民事判决书 （2013）安民初字第00258号
 江苏省滨海县人民法院 民事判决书 （2015）滨民初字第0491号 
 重庆市南岸区人民法院 民事判决书 （2015）南法民初字第00145号 
 湖南省张家界市永定区人民法院 民事裁定书 （2014）张定民一初字第71-1号 
 湖北省房县人民法院 民事判决书 （2015）鄂房县民一初字第00295号 
广西壮族自治区宾阳县人民法院 民事判决书 （2015）宾民一初字第942号
湖北省秭归县人民法院 民事判决书 （2015）鄂秭归民初字第00534号
浙江省临海市人民法院 民事判决书 （2010）台临民初字第1224号
 青海省湟源县人民法院 民事判决书 （2015）源民一初字第9号 
 浙江省瑞安市人民法院 民事判决书 （2014）温瑞陶民初字第464号 
 重庆市梁平县人民法院 民事判决书 （2014）梁法民初字第02038号 
 河北省内邱县人民法院 民事判决书 （2013）内民一初字第579号 
 重庆市万州区人民法院 民事判决书 （2014）万法民初字第03076号 
 福建省寿宁县人民法院 民事判决书 （2014）寿民初字第182号 
 山东省东阿县人民法院 民事判决书 （2014）东民初字第530号 
 广东省中山市第二人民法院 民事判决书 （2014）中二法民一初字第452号 
 浙江省德清县人民法院 民事判决书 （2008）德民初字第1093号 
 广东省廉江市人民法院 民事判决书 （2015）湛廉法民一初字第241号 
 汕头市潮南区人民法院 民事判决书 （2015）汕南法民一初字第142号 
 吉林省桦甸市人民法院 民事判决书 （2014）桦民一初字第861号 
 山东省东明县人民法院 民事判决书 （2014）东民初字第1062号 
 安徽省凤台县人民法院 民事判决书 （2015）凤民一初字第01249号 
 重庆市酉阳土家族苗族自治县人民法院 民事判决书 （2015）酉法民初字第01126号 
安徽省舒城县人民法院 民事判决书 （2015）舒民一初字第00885号
 甘肃省会宁县人民法院 民事判决书 （2014）会民一初字第805号 
 湖北省通山县人民法院 民事判决书 （2014）鄂通山民初字第260号 
 甘肃省宕昌县人民法院 民事判决书 （2014）宕民一初字第114号 
 昆明市五华区人民法院 民事判决书 （2014）五法北民初字第553号 
 重庆市开县人民法院 民事判决书 （2014）开法民初字第03548号 
 河南省邓州市人民法院 民事判决书 （2014）邓法民初字第1843号 
德阳市旌阳区人民法院 民事判决书 （2015）旌民初字第3248号
安徽省界首市人民法院 民事判决书 （2015）界民一初字第01776号
 四川省富顺县人民法院 民事判决书 （2012）富民一初字第1939号 
 山东省昌乐县人民法院 民事判决书 （2014）乐阿民初字第159号 
 重庆市武隆县人民法院 民事判决书 （2014）武法民初字第00372号 
 河南省开封县人民法院 民事判决书 （2014）开民初字第460号 
新疆维吾尔自治区额敏县人民法院 民事判决书 （2015）额民一初字第00814号
 山东省济宁市任城区人民法院 民事判决书 （2015）任民初字第2591号 
四川省蓬安县人民法院 民事判决书 （2015）蓬民初字第699号
 山东省济宁市任城区人民法院 民事判决书 （2015）任民初字第675号 
 福建省福清市人民法院 民事判决书 （2014）融民初字1108号 
 河北省丰宁满族自治县人民法院 民事判决书 （2014）丰民初字第900号 
 浙江省文成县人民法院 民事判决书 （2014）温文玉民初字第35号 
湖北省通城县人民法院 民事判决书 （2015）鄂通城民初字第815号
河北省涞水县人民法院 民事判决书 （2015）涞民初字第234号
贵州省盘县人民法院 民事判决书 （2015）黔盘民初字第323号
 湖南省汨罗市人民法院 民事判决书 （2015）汨民初字第66号 
杭州市萧山区人民法院 民事判决书 （2015）杭萧瓜民初字第227号
