 浙江省瑞安市人民法院 民事判决书 （2015）温瑞民初字第1517号 
 云南省寻甸回族彝族自治县人民法院 民事判决书 （2014）寻民初字第644号 
 湖北省仙桃市人民法院 民事判决书 （2014）鄂仙桃民一初字第01096号 
 陕西省澄城县人民法院 民事判决书 （2012）澄民初字第00594号 
 江西省武宁县人民法院 民事判决书 （2014）武民一初字第986号 
 江西省广丰县人民法院 民事判决书 （2014）广民一初字第205号 
 湖北省房县人民法院 民事判决书 （2015）鄂房县民一初字第00413号 
 江苏省泰州市海陵区人民法院 民事判决书 （2014）泰海民初字第2602号 
安徽省黄山市黄山区人民法院 民事判决书 （2015）黄民一初字第00895号
 广东省吴川市人民法院 民事判决书 （2014）湛吴法塘民初字第115号 
河南省新野县人民法院 民事判决书 （2015）新民一初字第00007号
 浙江省苍南县人民法院 民事判决书 （2015）温苍龙民初字第34号 
 河北省顺平县人民法院 民事判决书 （2014）顺民初字第102号 
 广西壮族自治区合浦县人民法院 民事判决书 （2014）合民一初字第807号 
 河南省太康县人民法院 民事判决书 （2014）太民初字第390号 
浙江省台州市椒江区人民法院 民事判决书 （2010）台椒民初字第455号
 淮安市清河区人民法院 民事判决书 （2014）河民初字第2394号 
安徽省太和县人民法院 民事判决书 （2015）太民一初字第04239号
江西省贵溪市人民法院 民事判决书 （2015）贵民一初字第594号
 河南省柘城县人民法院 民事判决书 （2014）柘民初字第844号 
湖南省永顺县人民法院 民事判决书 （2015）永民初字第946号
 山东省滕州市人民法院 民事判决书 （2015）滕民初字第2164号 
河北省南皮县人民法院 民事判决书 （2015）南民初字第2588号
 十堰市茅箭区人民法院 民事判决书 （2014）鄂茅箭民一初字第01390号 
安阳县人民法院 民事判决书 （2013）安民初字第01672号
永城市人民法院 民事判决书 （2013）永民初字第686号
 陕西省扶风县人民法院 民事判决书 （2014）扶民初字第01086号 
河北省玉田县人民法院 民事判决书 （2015）玉民初字第2320号
 浙江省兰溪市人民法院 民事判决书 （2014）金兰民初字第201号 
 河北省定州市人民法院 民事判决书 （2015）定民初字第1237号 
 福建省政和县人民法院 民事判决书 （2015）政民初字第83号 
山东省嘉祥县人民法院 民事判决书 （2015）嘉民初字第884号
 浙江省舟山市定海区人民法院 民事判决书 （2014）舟定岑民初字第36号 
 山东省成武县人民法院 民事判决书 （2013）成民初字第298号 
 湖北省应城市人民法院 民事判决书 （2014）鄂应城民初字第00611号 
湖北省十堰市茅箭区人民法院 民事判决书 （2015）鄂茅箭民一初字第01412号
 江西省余干县人民法院 民事判决书 （2014）干民一初字第623号 
 河南省清丰县人民法院 民事判决书 （2014）清民初字第363号 
山东省滕州市人民法院 民事判决书 （2015）滕民初字第3028号
 湖北省京山县人民法院 民事判决书 （2015）鄂京山新民初字第00037号 
 广东省和平县人民法院 民事判决书 （2014）河和法民一初字第115号 
 江苏省东海县人民法院 民事判决书 （2014）连东双民初字第00683号 
 常州市钟楼区人民法院 民事判决书 （2013）钟民初字第3196号 
 重庆市綦江区人民法院 民事判决书 （2014）綦法民初字第02265号 
 安徽省泗县人民法院 民事判决书 （2015）泗民一初字第00018号 
 浙江省瑞安市人民法院 民事判决书 （2013）温瑞马民初字第4号 
 北京市昌平区人民法院 民事判决书 （2015）昌民初字第08781号 
 湖南省桃源县人民法院 民事判决书 （2015）桃民初字第853号 
 山东省宁阳县人民法院 民事判决书 （2014）宁民初字第2520号 
山西省灵丘县人民法院 民事判决书 （2014）灵民初字第189号
