 宁波市鄞州区人民法院 民事判决书 （2014）甬鄞民初字第2252号 
 重庆市江北区人民法院 民事判决书 （2014）江法民初字第04103号 
 安徽省滁州市南谯区人民法院 民事判决书 （2014）南民一初字第01237号 
安徽省枞阳县人民法院 民事判决书 （2014）枞民一初字第00297号
 江苏省邳州市人民法院 民事判决书 （2012）邳民初字1958号 
 重庆市石柱土家族自治县人民法院 民事判决书 （2014）石法民初字第00574号 
 湖北省宜昌市伍家岗区人民法院 民事判决书 （2013）鄂伍家岗民初字第00536号 
浙江省舟山市定海区人民法院 民事判决书 （2010）舟定岑民初字第8号
 山西省大同市南郊区人民法院 民事判决书 （2014）南民初字第347号 
 广西壮族自治区南宁市江南区人民法院 民事判决书 （2014）江民一初字第499号 
 山东省曲阜市人民法院 民事判决书 （2013）曲民初字第1461号 
 福建省福清市人民法院 民事判决书 （2014）融民初字第2780号 
 广东省高州市人民法院 民事判决书 （2013）茂高法民一初字第309号 
 湖南省辰溪县人民法院 民事判决书 （2013）辰民一初字第568号 
湖南省湘潭市雨湖区人民法院 民事判决书 （2015）雨法响民初字496号
 四川省广元市昭化区人民法院 民事判决书 （2014）昭化民初字第400号 
 连云港市新浦区人民法院 民事判决书 （2014）新民初字第1306号 
 梅州市梅县区人民法院 民事判决书 （2014）梅县法畲民初字第7号 
 福建省武平县人民法院 民事判决书 （2013）武民初字第2210号 
 江苏省扬州市江都区人民法院 民事判决书 （2014）扬江民初字第01815号 
 湖北省鄂州市华容区人民法院 民事判决书 （2014）鄂华容民初字第00254号 
山东省郯城县人民法院 民事判决书 （2015）郯民初字第1009号
 山东省蒙阴县人民法院 民事判决书 （2015）蒙民初字第1092号 
 商洛市商州区人民法院 民事判决书 （2015）商州民初字第00270号 
 广东省珠海市香洲区人民法院 民事判决书 （2014）珠香法湾民一初字第410号 
 重庆市涪陵区人民法院 民事判决书 （2014）涪法民初字第02571号 
 河南省临颍县人民法院 民事判决书 （2014）临民瓦初字第238号 
 上海市金山区人民法院 民事判决书 （2014）金民一（民）初字第3822号 
 重庆市涪陵区人民法院 民事判决书 （2014）涪法民初字第03399号 
 四川省阆中市人民法院 民事判决书 （2014）阆民初字第326号 
江苏省宜兴市人民法院 民事判决书 （2014）宜张民初字第758号
 河南省镇平县人民法院 民事判决书 （2015）镇民初字第524号 
浙江省永嘉县人民法院 民事判决书 （2015）温永民初字第599号
 云南省晋宁县人民法院 民事判决书 （2014）晋民初字第217号 
 江苏省东海县人民法院 民事判决书 （2014）连东双民初字第00721号 
河南省延津县人民法院 民事判决书 （2015）延民初字第379号
 陕西省志丹县人民法院 民事判决书 （2013）志民初字第00544号 
 山东省莒南县人民法院 民事判决书 （2014）莒十民初字第926号 
 浙江省仙居县人民法院 民事判决书 （2014）台仙横民初字第64号 
 四川省苍溪县人民法院 民事判决书 （2015）苍溪民初字第361号 
 浙江省温岭市人民法院 民事判决书 （2014）台温民初字第1586号 
 湖南省凤凰县人民法院 民事判决书 （2015）凤民初字第310号 
 贵州省习水县人民法院 民事判决书 （2014）习民初字第725号 
 福建省厦门市集美区人民法院 民事判决书 （2014）集民初字第2225号 
 河南省长葛市人民法院 民事判决书 （2014）长民初字第02306号 
 沈阳市大东区人民法院 民事判决书 （2014）大东民（一）初字第114号 
 四川省南部县人民法院 民事判决书 （2014）南民初字第4358号 
 山东省武城县人民法院 民事判决书 （2014）武民初字第741号 
 河南省清丰县人民法院 民事判决书 （2013）清民初字第509号 
 林州市人民法院 民事判决书 （2014）林姚民初字第35号 
