 潢川县人民法院 民事判决书 （2014）潢民初字第584号 
 安徽省临泉县人民法院 民事判决书 （2015）临民一初字第02747号 
 上海市宝山区人民法院 民事判决书 （2015）宝民一（民）初字第2578号 
 云南省绿春县人民法院 民事判决书 （2014）绿平民初字第11号 
 浙江省诸暨市人民法院 民事判决书 （2011）绍诸湄民初字第204号 
 福建省将乐县人民法院 民事判决书 （2014）将民初字第839号 
贵州省遵义县人民法院 民事判决书 （2015）遵县法民初字第3280号
江苏省南京市高淳区人民法院 民事判决书 （2014）高漆民初字第75号
四川省郫县人民法院 民事判决书 （2015）成郫民初字第2413号
 浙江省象山县人民法院 民事判决书 （2014）甬象石民初字第123号 
 河南省漯河市郾城区人民法院 民事判决书 （2015）郾民初字第00844号 
 山东省枣庄市薛城区人民法院 民事判决书 （2014）薛民初字第1192号 
上海市杨浦区人民法院 民事判决书 （2014）杨民一（民）初字第5670号
 四川省遂宁市船山区人民法院 民事判决书 （2015）船山民初字第132号 
 河南省唐河县人民法院 民事判决书 （2013）唐民一初字第2316号 
 湖南省祁东县人民法院 民事判决书 （2015）祁民一初字第474号 
 上海市宝山区人民法院 民事判决书 （2014）宝民一（民）初字第1702号 
四川省平昌县人民法院 民事判决书 （2015）平民初字第1563号
山东省昌乐县人民法院 民事判决书 （2012）乐阿民初字第9号
 湖南省耒阳市人民法院 民事判决书 （2013）耒民一初字第496号 
 河北省永年县人民法院 民事判决书 （2012）永民初字第714号 
甘肃省武威市凉州区人民法院 民事判决书 （2015）凉民初字第3451号
 湖南省华容县人民法院 民事判决书 （2014）华民初字第01018号 
 浙江省淳安县人民法院 民事判决书 （2011）杭淳民初字第160号 
 江苏省无锡市南长区人民法院 民事判决书 （2014）南扬民初字第350号 
 江西省安福县人民法院 民事判决书 （2014）安城民初字第118号 
 安徽省五河县人民法院 民事判决书 （2014）五民一初字第00789号 
 山东省菏泽经济开发区人民法院 民事判决书 （2014）菏开民初字第398号 
吉林省德惠市人民法院 民事判决书 （2015）德民初字第303号
 河北省满城县人民法院 民事判决书 （2013）满民初字第346号 
 湖北省钟祥市人民法院 民事判决书 （2013）鄂钟祥胡民一初字第00180号 
 湖南省隆回县人民法院 民事判决书 （2014）隆民二初字第10号 
江苏省新沂市人民法院 民事判决书 （2015）新民初字第02216号
 山东省桓台县人民法院 民事判决书 （2013）桓民初字第625号 
 上海市虹口区人民法院 民事判决书 （2013）虹民一（民）初字第3078号 
 内蒙古科尔沁左翼中旗人民法院 民事判决书 （2014）左民初字第583号 
赤峰市松山区人民法院 民事判决书 （2015）松民初字第4788号
 襄阳市襄州区人民法院 民事判决书 （2014）鄂襄州峪山民初字第00068号 
镇江市丹徒区人民法院 民事判决书 （2015）徒宝民初字第00059号
 河北省盐山县人民法院 民事判决书 （2014）盐民初字第802号 
 四川省乐山市市中区人民法院 民事判决书 （2014）乐中民初字第4688号 
 福建省顺昌县人民法院 民事判决书 （2015）顺民初字第582号 
北京市顺义区人民法院 民事判决书 （2015）顺民初字第10681号
四川省渠县人民法院 民事判决书 （2015）达渠民初字第1574号
 黑龙江省五常市人民法院 民事判决书 （2014）五民初字第158号 
 福建省福清市人民法院 民事判决书 （2013）融民初字第251号 
 山东省兰陵县人民法院 民事判决书 （2014）苍民初字第1045号 
湖南省龙山县人民法院 民事判决书 （2015）龙民初字第492号
 陕西省周至县人民法院 民事判决书 （2012）周民初字第01414号 
安徽省青阳县人民法院 民事判决书 （2015）青民一初字第00519号
