四川省兴文县人民法院 民事判决书 （2015）兴民初字第1113号
 湖南省邵阳市大祥区人民法院 民事判决书 （2014）大民初字第41号 
 四川省中江县人民法院 民事判决书 （2014）中江民初字第1534号 
山东省无棣县人民法院 民事判决书 （2015）棣民初字第842号
 四川省盐亭县人民法院 民事判决书 （2015）盐民初字第2831号 
贵州省兴义市人民法院 民事判决书 （2015）黔义民初字第00780号
 湖北省武汉市江岸区人民法院 民事判决书 （2014）鄂江岸民初字第01070号 
江苏省睢宁县人民法院 民事判决书 （2015）睢民初字第02212号
鹤壁市山城区人民法院 民事判决书 （2015）山民初字第971号
 江西省全南县人民法院 民事判决书 （2014）全民一初字第91号 
 黑龙江省密山市人民法院 民事判决书 （2014）密民初字第753号 
重庆市合川区人民法院 民事判决书 （2015）合法民初字第07068号
 山东省沾化县人民法院 民事判决书 （2014）沾河民初字第141号 
贵州省都匀市人民法院 民事判决书 （2015）都民初字第701号
 黑龙江省安达市人民法院 民事判决书 （2014）安民一初字第207号 
安徽省淮南市谢家集区人民法院 民事判决书 （2015）谢民一初字第00668号
湖南省祁阳县人民法院 民事判决书 （2015）祁民初字第296号
河北省平泉县人民法院 民事判决书 （2015）平民初字第776号
 福建省厦门市海沧区人民法院 民事判决书 （2014）海民初字第1630号 
 湖南省新田县人民法院 民事判决书 （2014）新法民一初字第101号 
 广东省佛冈县人民法院 民事判决书 （2014）清佛法迳民初字第125号 
 安徽省全椒县人民法院 民事判决书 （2014）全民一初字第01081号 
 内蒙古自治区土默特右旗人民法院 民事判决书 （2014）土民初字第1307号 
 济南市历下区人民法院 民事判决书 （2014）历民初字第720号 
 四川省西充县人民法院 民事判决书 （2014）西充民初字第2795号 
 山东省泰安市泰山区人民法院 民事判决书 （2012）泰山民初字第2553号 
 浙江省云和县人民法院 民事判决书 （2012）丽云民初字第269号 
 河北省蠡县人民法院 民事判决书 （2014）蠡民初字第385号 
 浙江省文成县人民法院 民事判决书 （2014）温文玉民初字第15号 
 天津市河北区人民法院 民事判决书 （2014）北民初字第3039号 
 甘肃省临潭县人民法院 民事判决书 （2015）潭民初字第17号 
 云南省施甸县人民法院 民事判决书 （2015）施民一初字第112号 
河南省息县人民法院 民事判决书 （2015）息民初字第663号
 湖北省武汉市江汉区人民法院 民事判决书 （2014）鄂江汉巡民初字第01098号 
 贵州省桐梓县人民法院 民事判决书 （2014）桐法民初字第2337号 
 安徽省淮北市烈山区人民法院 民事判决书 （2014）烈民一初字第00722号 
 江苏省响水县人民法院 民事判决书 （2014）响尖民初字第00299号 
 广东省高要市人民法院 民事判决书 （2014）肇要法白民初字第66号 
 常州市钟楼区人民法院 民事判决书 （2014）钟民初字第0243号 
 天津市滨海新区人民法院 民事判决书 （2014）滨港民初字第3184号 
 浙江省景宁畲族自治县人民法院 民事判决书 （2015）丽景民初字第00052号 
四川省平昌县人民法院 民事判决书 （2015）平民初字第1232号
 重庆市渝中区人民法院 民事判决书 （2014）中区法民初字第01508号 
 汝州市人民法院 民事判决书 （2014）汝民初字第784号 
河北省景县人民法院 民事判决书 （2015）景民一初字第319号
 河北省曲周县人民法院 民事判决书 （2012）曲民初字第1583号 
 罗山县人民法院 民事判决书 （2014）罗民初字第751号 
 河北省满城县人民法院 民事判决书 （2014）满民初字第947号 
 福建省南安市人民法院 民事判决书 （2014）南民初字第110号 
 河南省郸城县人民法院 民事判决书 （2012）郸民初字第1418号 
