 金华市婺城区人民法院 民事判决书 （2015）金婺汤民初字第82号 
辽宁省调兵山市人民法院 民事判决书 （2014）调民三初字第00183号
浙江省桐乡市人民法院 民事判决书 （2014）嘉桐崇民初字第589号
 湖北省丹江口市人民法院 民事判决书 （2015）鄂丹江口民初字第00095号 
 江西省余江县人民法院 民事判决书 （2015）余民一初字第169号 
 青海省大通回族土族自治县人民法院 民事判决书 （2014）大城民初字第265号 
 青海省格尔木市人民法院 民事判决书 （2013）格民初字第578号 
 安徽省潜山县人民法院 民事判决书 （2014）潜民一初字第00411号 
湖北省利川市人民法院 民事判决书 （2015）鄂利川民初字第00796号
 福建省福清市人民法院 民事判决书 （2014）融民初字第3484号 
 广东省阳西县人民法院 民事判决书 （2014）阳西法民初字第502号 
黑龙江省哈尔滨市阿城区人民法院 民事判决书 （2015）阿民二民初字第213号
浙江省天台县人民法院 民事判决书 （2015）台天民初字第1011号
 嘉兴市秀洲区人民法院 民事判决书 （2014）嘉秀民初字第516号 
 湖州市吴兴区人民法院 民事判决书 （2013）湖吴埭民初字第139号 
 四川省兴文县人民法院 民事判决书 （2015）兴民初字第211号 
 沈阳市皇姑区人民法院 民事判决书 （2014）皇民四初字第357号 
 安徽省颍上县人民法院 民事判决书 （2015）颍民一初字第01185号 
 山东省莘县人民法院 民事判决书 （2014）莘民一初字第1881号 
浙江省苍南县人民法院 民事判决书 （2010）温苍民初字第1404号
 广西壮族自治区兴业县人民法院 民事判决书 （2015）兴民一初字第23号 
 沈阳市东陵区人民法院 民事判决书 （2014）东陵民一初字第220号 
 陕西省安康市汉滨区人民法院 民事判决书 （2012）安汉民初字第00532号 
 贵州省雷山县人民法院 民事判决书 （2015）雷民初字第286号 
 北京市通州区人民法院 民事判决书 （2014）通民初字第08473号 
 重庆市潼南县人民法院 民事判决书 （2014）潼法民初字第02090号 
 福建省建瓯市人民法院 民事判决书 （2014）瓯民初字第63号 
 河南省郸城县人民法院 民事判决书 〈font face="宋体"〉（2014）〈／font〉郸民初字第1238号 
四川省邻水县人民法院 民事判决书 （2015）邻水民初字第406号
江苏省金湖县人民法院 民事判决书 （2015）金宝民初字第00304号
 江苏省宿迁市宿城区人民法院 民事判决书 （2015）宿城埠民初字第00217号 
 内蒙古科尔沁左翼后旗人民法院 民事判决书 （2014）后民初字第2646号 
福建省宁德市蕉城区人民法院 民事判决书 （2014）蕉民初字第4308号
 山东省曹县人民法院 民事判决书 （2015）曹民初字第374号 
 昆明市西山区人民法院 民事判决书 （2015）西法民初字第2526号 
 四川省内江市东兴区人民法院 民事判决书 （2015）内东民初字第530号 
 西安市莲湖区人民法院 民事判决书 （2014）莲民初字第02075号 
 山东省东阿县人民法院 民事判决书 （2015）东民初字第635号 
 山东省齐河县人民法院 民事判决书 （2014）齐宣民初字第1113号 
 辽宁省北镇市人民法院 民事判决书 （2014）北广民初字第00019号 
 湖北省恩施市人民法院 民事判决书 （2014）鄂恩施民初字第02256号 
 安阳市北关区人民法院 民事判决书 （2013）北民调初字第329号 
 安徽省萧县人民法院 民事判决书 （2015）萧民一初字第03273号 
潍坊市坊子区人民法院 民事判决书 （2013）坊民初字第563号
 山东省沾化县人民法院 民事判决书 （2014）沾下民初字第165号 
 四川省南部县人民法院 民事判决书 （2014）南民初字第1219号 
 江西省余干县人民法院 民事判决书 （2013）干民一初字第925号 
江西省乐平市人民法院 民事判决书 （2015）乐民一初字第245号
 江西省信丰县人民法院 民事判决书 （2015）信民初一字第296号 
 广西壮族自治区横县人民法院 民事判决书 （2014）横民一初字第713号 
