 福建省惠安县人民法院 民事判决书 （2014）惠民初字第4824号 
 广西壮族自治区玉林市玉州区人民法院 民事判决书 （2015）玉区法民初字第396号 
 辽宁省营口市站前区人民法院 民事判决书 （2014）站民一初字第00378号 
河南省淮滨县人民法院 民事判决书 （2014）淮民初字第01401号
安徽省蚌埠市淮上区人民法院 民事判决书 （2015）淮民一初字第00499号
 陕西省岚皋县人民法院 民事判决书 （2015）岚民初字第00045号 
 山东省肥城市人民法院 民事判决书 （2014）肥民初字第3721号 
 北京市房山区人民法院 民事判决书 （2014）房民初字第01575号 
 河北省永年县人民法院 民事判决书 （2012）永民初字第2836号 
 四川省仪陇县人民法院 民事判决书 （2014）仪民初字第1577号 
 安徽省蒙城县人民法院 民事判决书 （2014）蒙民一初字第598号 
 广西壮族自治区柳州市鱼峰区人民法院 民事判决书 （2013）鱼民初（一）字第1579号 
 江苏省如皋市人民法院 民事判决书 （2014）皋港民初字第0446号 
 青海省海东市乐都区人民法院 民事判决书 （2014）乐民初字第779号 
 广东省饶平县人民法院 民事判决书 （2014）潮平法民一初字第46号 
 湖南省新宁县人民法院 民事判决书 （2014）宁民一初字第445号 
 四川省荣县人民法院 民事判决书 （2014）荣民一初字第2058号 
 成都市武侯区人民法院 民事判决书 （2012）武侯民初字第4136号 
 重庆市綦江区人民法院 民事判决书 （2014）綦法民初字第00422号 
 四川省南部县人民法院 民事判决书 （2013）南民初字第3497号 
山东省宁阳县人民法院 民事判决书 （2015）宁民初字第1377号
河北省玉田县人民法院 民事判决书 （2015）玉民初字第4408号
山西省沁县人民法院 民事判决书 （2015）沁民初字第112号
 浙江省余姚市人民法院 民事判决书 （2013）甬余梁民初字第66号 
 山东省邹城市人民法院 民事判决书 （2014）邹民初字第398号 
 浙江省慈溪市人民法院 民事判决书 （2014）甬慈浒民初字第327号 
四川省盐亭县人民法院 民事判决书 （2015）盐民初字第2024号
 彭水苗族土家族自治县人民法院 民事判决书 （2014）彭法民初字第02033号 
 湖南省洪江市人民法院 民事判决书 （2013）洪法民一初字第575号 
 陕西省咸阳市秦都区人民法院 民事判决书 （2011）咸秦民初字第01526号 
 山东省莱西市人民法院 民事判决书 （2013）西民初字第2148号 
 北京市朝阳区人民法院 民事判决书 （2014）朝民初字第26460号 
 山东省东阿县人民法院 民事判决书 （2014）东民初字第105号 
 江苏省灌云县人民法院 民事判决书 （2014）灌杨民初字第00222号 
 湖北省通城县人民法院 民事判决书 （2014）鄂通城民初字第01040号 
四川省彭州市人民法院 民事判决书 （2015）彭州民初字第3787号
浙江省桐乡市人民法院 民事判决书 （2011）嘉桐洲民初字第14号
北京市密云县人民法院 民事判决书 （2015）密民初字第3203号
来宾市兴宾区人民法院 民事判决书 （2015）兴民初字第1761号
 山东省茌平县人民法院 民事判决书 （2014）茌民一初字第313号 
 山东省临朐县人民法院 民事判决书 （2014）临民初字第528号 
 遂宁市船山区人民法院 民事判决书 （2014）船山民初字第643号 
 天津市北辰区人民法院 民事判决书 （2014）辰民初字第3909号 
 福建省沙县人民法院 民事判决书 （2015）沙少民初字第59号 
 湖南省会同县人民法院 民事判决书 （2014）会民一初字第44号 
 中华人民共和国 吉林省延边朝鲜族自治州中级人民法院 民事判决书 （2014）延中民三初字第326号 
 辽宁省凌海市人民法院 民事判决书 （2015）凌海右民初字第00089号 
安徽省池州市贵池区人民法院 民事判决书 （2015）贵民一初字第00661号
 山东省莱州市人民法院 民事判决书 （2012）莱州民初字第762号 
 江苏省射阳县人民法院 民事判决书 （2014）射兴民初字第0272号 
