瓦房店市人民法院 民事判决书 （2015）瓦民初字第5450号
 河北省滦平县人民法院 民事判决书 （2014）滦民初字第501号 
浙江省奉化市人民法院 民事判决书 （2015）甬奉民一初字第350号
 广东省湛江市霞山区人民法院 民事判决书 （2014）湛霞法民一初字第174号 
 重庆市忠县人民法院 民事判决书 （2015）忠法民初字第01899号 
 湖南省湘乡市人民法院 民事判决书 （2015）湘法民一初字第367号 
湖南省邵东县人民法院 民事判决书 （2015）邵东民初字第2458号
 河南省平舆县人民法院 民事判决书 （2014）平民初字第00371号 
河南省睢县人民法院 民事判决书 （2013）睢民初字第823号
 贵州省盘县人民法院 民事判决书 （2015）黔盘民初字第710号 
 福建省福清市人民法院 民事判决书 （2014）融民初字第728号 
 湖南省邵阳县人民法院 民事判决书 （2015）阳民初字第138号 
 江西省鄱阳县人民法院 民事判决书 （2014）鄱民一初字第933号 
浙江省舟山市定海区人民法院 民事判决书 （2010）舟定民初字第301号
 浙江省缙云县人民法院 民事判决书 （2015）丽缙民初字第205号 
 安徽省舒城县人民法院 民事判决书 （2015）舒民一初字第00327号 
 湖南省武冈市人民法院 民事判决书 （2014）武法民初字第143号 
 河北省保定市阜平县人民法院 民事判决书 （2014）阜民初字第300号 
 陕西省武功县人民法院 民事判决书 （2013）武民初字第00871号 
 安徽省临泉县人民法院 民事判决书 （2015）临民一初字第01186号 
 南京市江宁区人民法院 民事判决书 （2012）江宁汤民初字第0323号 
 湖北省郧县人民法院 民事判决书 （2014）鄂郧县民一初字第00572号 
 甘肃省兰州市城关区人民法院 民事判决书 （2015）城民白初字第123号 
湖南省新化县人民法院 民事判决书 （2014）新法民一初字第1948号
吉林省榆树市人民法院 民事判决书 （2015）榆民初字第459号
 山东省临朐县人民法院 民事判决书 （2015）临法（冶）民初字第78号 
 湖北省宜城市人民法院 民事判决书 （2014）鄂宜城民板初字第00167号 
山东省莘县人民法院 民事判决书 （2014）莘民一初字第2645号
 沈阳市浑南区人民法院 民事判决书 （2015）浑南民一初字第271号 
 山东省茌平县人民法院 民事判决书 （2014）茌民一初字第1130号 
 四川省彭山县人民法院 民事判决书 （2014）彭山民初字第1151号 
 盘锦市兴隆台区人民法院 民事判决书 （2014）兴民一初字第00362号 
河北省巨鹿县人民法院 民事判决书 （2015）巨民一初字第740号
 葫芦岛市龙港区人民法院 民事判决书 （2015）龙民一初字第00232号 
上海市普陀区人民法院 民事判决书 （2015）普民一（民）初字第4171号
 金华市婺城区人民法院 民事判决书 （2015）金婺民初字第1108号 
 四川省梓潼县人民法院 民事判决书 （2014）梓民初字第67号 
 陕西省蓝田县人民法院 民事判决书 （2013）蓝民初字第01192号 
 四川省安岳县人民法院 民事判决书 （2014）安岳民初字第1362号 
 湖南省慈利县人民法院 民事判决书 （2014）慈民一初字第724号 
 广东省珠海市香洲区人民法院 民事判决书 （2013）珠香法民一初字第3318号 
 山东省邹城市人民法院 民事判决书 （2013）邹民初字第2479号 
 福建省永春县人民法院 民事判决书 （2015）永民初字第241号 
贵州省修文县人民法院 民事判决书 （2015）修民初字第841号
 吉林省延吉市人民法院 民事判决书 （2014）延民初字第2890号 
 河南省舞阳县人民法院 民事判决书 （2014）舞民初字第860号 
 上海市宝山区人民法院 民事判决书 （2013）宝民一（民）初字第8695号 
 广西壮族自治区贺州市八步区人民法院 民事判决书 （2015）贺八民一初字第1634号 
 山东省莱西市人民法院 民事判决书 （2014）西民初字第458号 
 湖北省江陵县人民法院 民事判决书 （2015）鄂江陵民初字第00413号 
