 湖南省宜章县人民法院 民事判决书 （2014）宜民一初字第426号 
 贵州省从江县人民法院 民事判决书 （2014）从民初字第46号 
福建省仙游县人民法院 民事判决书 （2015）仙民初字第3794号
 山西省原平市人民法院 民事判决书 （2014）原民初字第536号 
广西壮族自治区荔浦县人民法院 民事判决书 （2012）荔民初字第850号
 济南市天桥区人民法院 民事判决书 （2014）天民园初字第525号 
 河南省淅川县人民法院 民事判决书 （2014）淅上民初字第122号 
重庆市万州区人民法院 民事判决书 （2014）万法民初字第08171号
浙江省东阳市人民法院 民事判决书 （2015）东民初字第02173号
 广东省乐昌市人民法院 民事判决书 （2014）韶乐法坪民初字第2号 
 河北省曲周县人民法院 民事判决书 （2014）曲民初字第305号 
 广东省连州市人民法院 民事判决书 （2015）清连法民一初字第89号 
 山东省平度市人民法院 民事判决书 （2014）平民一初字第1807号 
 上海市崇明县人民法院 民事判决书 （2014）崇民一（民）初字第6320号 
河南省新密市人民法院 民事判决书 （2015）新密民一初字第1392号
 济南市历城区人民法院 民事判决书 （2013）历城民初字第2417号 
河南省南阳市宛城区人民法院 民事判决书 （2015）宛民初字第1054号
山东省肥城市人民法院 民事判决书 （2015）肥民初字第2079号
 河南省襄城县人民法院 民事判决书 （2013）襄民初字第1518号 
江苏省丹阳市人民法院 民事判决书 （2015）丹民初字第01560号
 河北省兴隆县人民法院 民事判决书 （2014）兴民初字第1309号 
湖北省郧西县人民法院 民事判决书 （2014）鄂郧西民一初字第00031号
 湖北省公安县人民法院 民事判决书 （2014）鄂公安民初字第00193号 
 江苏省金坛市人民法院 民事判决书 （2014）坛民初字第00867号 
 天津市静海县人民法院 民事判决书 （2014）静民初字第5539号 
 湖北省远安县人民法院 民事判决书 （2015）鄂远安民初字第00173号 
 浙江省三门县人民法院 民事判决书 （2015）台三民初字第314号 
 甘肃省临洮县人民法院 民事判决书 （2014）临新民初字第212号 
 济南市长清区人民法院 民事判决书 （2013）长民初字第1655号 
 江西省万载县人民法院 民事判决书 （2014）万株民初字第1号 
四川省中江县人民法院 民事判决书 （2015）中江民初字第2408号
 广西壮族自治区陆川县人民法院 民事判决书 （2015）陆民初字第605号 
 福建省永春县人民法院 民事判决书 （2014）永民初字第1082号 
山东省滨州市滨城区人民法院 民事判决书 （2015）滨北民初字第78号
商洛市商州区人民法院 民事判决书 （2015）商州民初字第00457号
河南省西峡县人民法院 民事判决书 （2015）西西民初字第70号
 广东省怀集县人民法院 民事判决书 （2014）肇怀法梁民初字第242号 
四川省绵阳市游仙区人民法院 民事判决书 （2015）游民初字第2732号
 陕西省澄城县人民法院 民事判决书 （2013）澄民初字第00084号 
 山西省昔阳县人民法院 民事判决书 （2014）昔民初字第316号 
沈阳市皇姑区人民法院 民事判决书 （2015）皇民四初字第430号
 四川省安县人民法院 民事判决书 （2014）安民初字第1653号 
 河北省定兴县人民法院 民事判决书 （2014）定民初字第818号 
 广东省佛山市禅城区人民法院 民事判决书 佛城法槎民初字第532号 
 贵州省六盘水市六枝特区人民法院 民事判决书 （2015）黔六特民初字第11号 
 杭州市拱墅区人民法院 民事判决书 （2013）杭拱半民初字第470号 
 南京市秦淮区人民法院 民事判决书 （2013）秦民初字第2466号 
 四川省荣县人民法院 民事判决书 （2015）荣民一初字第67号 
 四川省三台县人民法院 民事判决书 （2014）三民初字第2571号 
 甘肃省西和县人民法院 民事判决书 （2014）西民初字第512号 
