 河北省盐山县人民法院 民事判决书 （2015）盐民初字第283号 
 广西壮族自治区博白县人民法院 民事判决书 （2015）博民初字第487号 
天津市静海县人民法院 民事判决书 （2015）静民初字第6027号
四川省资中县人民法院 民事判决书 （2015）资中民初字第3224号
 安徽省淮北市相山区人民法院 民事判决书 （2015）相民一初字第00072号 
 山东省昌邑市人民法院 民事判决书 （2012）昌民初字第1884号 
 湖北省武汉市黄陂区人民法院 民事判决书 （2014）鄂黄陂盘民初字第00141号 
甘肃省庆城县人民法院 民事判决书 （2013）庆城民初字第865号
 安徽省砀山县人民法院 民事判决书 （2014）砀民一初字第01376号 
 山东省莘县人民法院 民事判决书 （2013）莘民一初字第1662号 
 山东省巨野县人民法院 民事判决书 （2013）巨民初字第1121号 
江苏省靖江市人民法院 民事判决书 （2015）泰靖生民初字第64号
 安徽省芜湖县人民法院 民事判决书 （2015）芜民一初字第00829号 
 湖南省中方县人民法院 民事判决书 （2014）方民一初字第316号 
 潍坊市坊子区人民法院 民事判决书 （2014）坊黄民初字第964号 
营口市老边区人民法院 民事判决书 （2015）营老民一初字第301号
 黑龙江省伊春市伊春区人民法院 民事判决书 （2015）伊民初字第63号 
 山东省广饶县人民法院 民事判决书 （2015）广民三初字第109号 
 重庆市合川区人民法院 民事判决书 （2014）合法民初字第05893号 
 西华县人民法院 民事判决书 （2015）西民初字第389号 
 广西壮族自治区西林县人民法院 民事判决书 （2014）西民一初字第69号 
 宁夏回族自治区灵武市人民法院 民事判决书 （2014）灵民初字第1480号 
浙江省仙居县人民法院 民事判决书 （2010）台仙民初字第1055号
四川省中江县人民法院 民事判决书 （2015）中江民初字第2232号
 江西省高安市人民法院 民事判决书 （2014）高民一初字第1610号 
 山东省栖霞市人民法院 民事判决书 （2013）栖民一初字第772号 
湖北省阳新县人民法院 民事判决书 （2015）鄂阳新民富初字第00146号
湖南省南县人民法院 民事判决书 （2015）南法民一初字第611号
 青岛市崂山区人民法院 民事判决书 （2013）崂民一初字第1096号 
 河南省清丰县人民法院 民事判决书 （2013）清民初字第1281号 
 上海市宝山区人民法院 民事判决书 （2014）宝民一（民）初字第7054号 
贵州省印江土家族苗族自治县人民法院 民事判决书 （2015）印民初字第218号
 赤峰市元宝山区人民法院 民事判决书 （2014）元民初字第366号 
 罗山县人民法院 民事判决书 （2015）罗民初字第687号 
 安徽省庐江县人民法院 民事判决书 （2014）庐江民一初字第01079号 
 福建省仙游县人民法院 民事判决书 （2015）仙民初字第2927号 
 山东省滕州市人民法院 民事判决书 （2015）滕民初字第2248号 
 广东省阳西县人民法院 民事判决书 （2014）阳西法民初字第402号 
河北省秦皇岛市北戴河区人民法院 民事判决书 （2015）北民初字第537号
 河南省南召县人民法院 民事判决书 （2014）南召民初字第889号 
 山东省郯城县人民法院 民事判决书 （2014）郯民初字第2878号 
 陕西省白水县人民法院 民事判决书 （2013）白水民初字第00560号 
四川省眉山市彭山区人民法院 民事判决书 （2015）彭山民初字第1061号
 山东省威海市环翠区人民法院 民事判决书 （2013）威环民初字第1016号 
河南省内乡县人民法院 民事判决书 （2014）内民初字第446号
 江苏省扬州市江都区人民法院 民事判决书 （2014）扬江宜民初字第00411号 
 中华人民共和国 上海市静安区人民法院 民事判决书 （2014）静民一（民）初字第2733号 
山东省邹城市人民法院 民事判决书 （2014）邹民初字第1942号
 山东省夏津县人民法院 民事判决书 （2013）夏民初字第2091号 
 山东省高青县人民法院 民事判决书 （2015）高民初字第76号 
