 广西壮族自治区武鸣县人民法院 民事判决书 （2014）武民一初字第1364号 
 江苏省涟水县人民法院 民事判决书 （2014）淮涟梁民初字第0254号 
湖南省嘉禾县人民法院 民事判决书 （2015）嘉民一初字第464号
 贵州省正安县人民法院 民事判决书 （2015）正民初字第00332号 
江苏省东海县人民法院 民事判决书 （2015）连东双民初字第00858号
 山东省莘县人民法院 民事判决书 （2014）莘民一初字第2903号 
 安徽省宁国市人民法院 民事判决书 （2014）宁民一初字第01649号 
 重庆市大渡口区人民法院 民事判决书 （2014）渡法民初字第00556号 
 山东省临朐县人民法院 民事判决书 （2014）临民初字第1077号 
湖南省新宁县人民法院 民事判决书 （2014）宁民一初字第1448号
 湖北省广水市人民法院 民事判决书 （2014）鄂广水民初字第03262号 
 山东省东平县人民法院 民事判决书 （2014）东民初字第1539号 
 山东省菏泽经济开发区人民法院 民事判决书 （2013）菏开民初字第313号 
 山东省东平县人民法院 民事判决书 （2014）东民初字第2980号 
 广东省普宁市人民法院 民事判决书 （2014）揭普法占民初字第77号 
浙江省余姚市人民法院 民事判决书 （2010）甬余民初字第2340号
 重庆市巫山县人民法院 民事判决书 （2014）山法民初字第00560号 
 陕西省凤翔县人民法院 民事判决书 （2014）凤翔民初字第00100号 
 广东省广州市番禺区人民法院 民事判决书 （2014）穗番法民一初字第325号 
 湖南省辰溪县人民法院 民事判决书 （2014）辰民一初字第460号 
 北京市东城区人民法院 民事判决书 （2014）东民初字第14791号 
 上海市松江区人民法院 民事判决书 （2014）松民一（民）初字第875号 
 浙江省临安市人民法院 民事判决书 （2014）杭临於民初字第231号 
 扶沟县人民法院 民事判决书 （2015）扶民初字第400号 
江苏省东海县人民法院 民事判决书 （2015）连东少民初字第00751号
宁夏回族自治区西吉县人民法院 民事判决书 （2015）西民初字第2746号
 广东省台山市人民法院 民事判决书 （2015）江台法斗民初字第161号 
 浙江省奉化市人民法院 民事判决书 （2014）甬奉民一初字第190号 
安徽省太和县人民法院 民事判决书 （2015）太民一初字第03001号
福建省莆田市涵江区人民法院 民事判决书 （2015）涵民初字第2896号
 浙江省青田县人民法院 民事判决书 （2014）丽青船民初字第58号 
四川省渠县人民法院 民事判决书 （2015）达渠民初字第1636号
 广东省佛冈县人民法院 民事判决书 （2015）清佛法迳民初字第32号 
 山东省东明县人民法院 民事判决书 （2013）东民初字第555号 
 山东省梁山县人民法院 民事判决书 （2014）梁民初字第548号 
 广西壮族自治区兴安县人民法院 民事判决书 （2014）兴民初字第562号 
 山东省阳谷县人民法院 民事判决书 （2013）阳民初字第599号 
 湖南省涟源市人民法院 民事判决书 （2014）涟民一初字第1019号 
 山东省桓台县人民法院 民事判决书 （2015）桓民初字第81号 
 尉氏县人民法院 民事判决书 （2014）尉民初字第749号 
 四川省江油市人民法院 民事判决书 （2013）江油民初字第3840号 
 湖北省大悟县人民法院 民事判决书 （2014）鄂大悟民初字第00056号 
 河南省确山县人民法院 民事判决书 （2014）确民初字第01226号 
 湖北省阳新县人民法院 民事判决书 （2014）鄂阳新民溪初字第00093号 
 重庆市万州区人民法院 民事判决书 （2015）万法民初字第03182号 
山东省平阴县人民法院 民事裁定书 （2014）平民初字第212号
江西省安远县人民法院 民事判决书 （2013）安民一（版）初字第79号
 河北省定兴县人民法院 民事判决书 （2015）定民初字第96号 
江苏省泗阳县人民法院 民事判决书 （2015）泗民初字第0115号
 江西省全南县人民法院 民事判决书 （2015）全民一初字第57号 
