 兰考县人民法院 民事判决书 （2014）兰民初字第813号 
淮安市清浦区人民法院 民事判决书 （2013）浦民初字第4067号
广东省东莞市第二人民法院 民事判决书 （2014）东二法厚民一初字第1022号
 福建省闽侯县人民法院 民事判决书 （2013）侯民字第2709号 
 湖北省通城县人民法院 民事判决书 （2014）鄂通城民初字第1332号 
 湖南省攸县人民法院 民事判决书 （2013）攸法民一初字第1520号 
 重庆市江津区人民法院 民事判决书 （2014）津法民初字第09212号 
 山东省东平县人民法院 民事判决书 （2014）东民初字第809号 
 湖北省潜江市人民法院 民事判决书 （2014）鄂潜江民初字第00347号 
 山东省博兴县人民法院 民事判决书 （2013）博民初字第1084号 
内蒙古自治区敖汉旗人民法院 民事判决书 （2015）敖民初字第2536号
湖南省株洲县人民法院 民事判决书 （2015）株县法民一初字第276号
 安徽省天长市人民法院 民事判决书 （2014）天民一初字第00673号 
 重庆市万州区人民法院 民事判决书 （2014）万法民初字第09346号 
 河南省周口市川汇区人民法院 民事判决书 （2014）川民初字第723号 
广西壮族自治区博白县人民法院 民事判决书 （2015）博民初字第1225号
江苏省灌云县人民法院 民事判决书 （2015）灌杨民初字第0477号
南京市秦淮区人民法院 民事判决书 （2015）秦民初字第1891号
 河北省邱县人民法院 民事判决书 （2011）邱民初字第2381号 
四川省宜宾市南溪区人民法院 民事判决书 （2015）南溪民初字第87号
山西省阳高县人民法院 民事判决书 （2015）阳民初字第211号
 辽宁省锦州市太和区人民法院 民事判决书 （2014）太松民初字第00486号 
江苏省东海县人民法院 民事判决书 （2015）连东双民初字第00197号
 安徽省临泉县人民法院 民事判决书 （2014）临民一初字第03262号 
 福建省平潭县人民法院 民事判决书 （2014）岚民初字第541号 
 河南省淮滨县人民法院 民事判决书 （2013）淮民初字第855号 
广西壮族自治区横县人民法院 民事判决书 （2015）横民一初字第1613号
 山东省青岛市市北区人民法院 民事判决书 （2014）北民初字第103号 
广东省遂溪县人民法院 民事判决书 （2015）湛遂法民一初字第238号
 山东省昌乐县人民法院 民事判决书 （2014）乐乔民初字第47号 
 浙江省临安市人民法院 民事判决书 （2015）杭临昌民初字第67号 
 四川省阆中市人民法院 民事判决书 （2014）阆民初字第981号 
浙江省桐乡市人民法院 民事判决书 （2014）嘉桐崇民初字第407号
浙江省淳安县人民法院 民事判决书 （2015）杭淳民初字第409号
 安徽省萧县人民法院 民事判决书 （2014）萧民一初字第02472号 
 陕西省富平县人民法院 民事判决书 （2014）富平民初字第03086号 
 江西省遂川县人民法院 民事判决书 （2015）遂草民初字第109号 
 广西壮族自治区永福县人民法院 民事判决书 （2014）永民初字第161号 
 内蒙古自治区克什克腾旗人民法院 民事判决书 （2015）克民初字第346号 
四川省彭州市人民法院 民事判决书 （2015）彭州民初字第2583号
 湖南省慈利县人民法院 民事判决书 慈民一初字第225号 
湖南省吉首市人民法院 民事判决书 （2013）吉民初字第620号
 湖南省溆浦县人民法院 民事判决书 （2013）溆民一初字第1186号 
浙江省龙泉市人民法院 民事判决书 （2015）丽龙民初字第178号
 杭州市萧山区人民法院 民事判决书 （2014）杭萧民初字第1922号 
重庆市南岸区人民法院 民事判决书 （2015）南法民初字第06180号
 广西壮族自治区全州县人民法院 民事判决书 （2014）全民初字第691号 
 河北省巨鹿县人民法院 民事判决书 （2014）巨民一初字第878号 
 浙江省嵊州市人民法院 民事判决书 （2013）绍嵊民初字第802号 
 广西壮族自治区桂林市象山区人民法院 民事判决书 （2014）象民初字第522号 
