 河南省南乐县人民法院 民事判决书 （2014）南民初字第1436号 
苏州市虎丘区人民法院 民事判决书 （2015）虎民初字第00203号
 天津市宝坻区人民法院 民事判决书 （2014）宝民初字第7135号 
 河北省永年县人民法院 民事判决书 （2014）永民初字第817号 
 河南省鲁山县人民法院 民事判决书 （2014）鲁民初字第1693号 
 贵州省瓮安县人民法院 民事判决书 （2014）瓮民初字第2235号 当事人基本情况及审理经过 
 河南省尉氏县人民法院 民事判决书 （2014）尉民初字第615号 
 湖北省巴东县人民法院 民事判决书 （2015）鄂巴东民初字第00591号 
卢氏县人民法院 民事判决书 （2015）卢民五初字第264号
 中华人民共和国 浙江省瑞安市人民法院 民事判决书 （2014）温瑞民初字第430号 
湖北省十堰市郧阳区人民法院 民事判决书 （2015）鄂郧阳民一初字第00129号
 湖南省安化县人民法院 民事判决书 （2014）安法民一初字第280号 
 沈阳市苏家屯区人民法院 民事判决书 （2013）苏民一初字第647号 
福建省仙游县人民法院 民事判决书 （2015）仙民初字第2045号
 江西省余干县人民法院 民事判决书 （2013）干民一初字第616号 
 濮阳市华龙区人民法院 民事判决书 （2015）华法民初字第2797号 
 安徽省凤阳县人民法院 民事判决书 （2014）凤民一初字第01555号 
四川省平昌县人民法院 民事判决书 （2015）平民初字第1179号
 湖南省常德市鼎城区人民法院 民事判决书 （2013）常鼎民初字第1995号 
 重庆市璧山县人民法院 民事判决书 （2013）璧法民初字第04950号 
 安徽省寿县人民法院 民事判决书 （2014）寿民一初字第01688号 
 湖北省公安县人民法院 民事判决书 （2014）鄂公安民初字第00501号 
 四川省广安市前锋区人民法院 民事判决书 （2015）前锋民初字第145号 
贵州省毕节市七星关区人民法院 民事判决书 （2015）黔七民初字第3822号
四川省资中县人民法院 民事判决书 （2015）资中民初字第656号
甘肃省庆阳市西峰区人民法院 民事判决书 （2015）庆西民初字第2620号
 宜昌市三峡坝区人民法院 民事判决书 （2014）鄂三峡民初字第00009号 
 广东省潮州市潮安区人民法院 民事判决书 （2013）潮安法文民一初字第60号 
 重庆市九龙坡区人民法院 民事判决书 （2013）九法民初字第05479号 
浙江省苍南县人民法院 民事判决书 （2015）温苍龙民初字第180号
安徽省芜湖市鸠江区人民法院 民事判决书 （2015）鸠民一初字第00257号
湖南省岳阳县人民法院 民事判决书 （2013）岳民初字第412号
 福建省永安市人民法院 民事判决书 （2014）永民初字第2948号 
广西壮族自治区南宁市西乡塘区人民法院 民事判决书 （2015）西民一初字第1000号
 安徽省宁国市人民法院 民事判决书 （2015）宁民一初字第00856号 
 山东省莱州市人民法院 民事判决书 （2014）莱州民初字第1175号 
四川省大竹县人民法院 民事判决书 （2015）大竹民初字第781号
山东省蒙阴县人民法院 民事判决书 （2014）蒙民初字第792号
 山东省临沭县人民法院 民事判决书 （2014）沭民一初字第1466号 
 四川省资中县人民法院 民事判决书 （2014）资中民初字第624号 
 上海市崇明县人民法院 民事判决书 （2014）崇民一（民）初字第8101号 
四川省中江县人民法院 民事判决书 （2015）中江民初字第157号
福建省福清市人民法院 民事判决书 （2014）融民初字第6432号
 浙江省平阳县人民法院 民事判决书 （2014）温平民初字第241号 
陕西省彬县人民法院 民事判决书 （2015）彬民初字第00602号
 遂宁市船山区人民法院 民事判决书 （2014）船山民初字第2273号 
河南省新郑市人民法院 民事判决书 （2015）新少民初字第149号
 河北省唐山市丰南区人民法院 民事判决书 （2014）丰芦民初字第114号 
 山东省临朐县人民法院 民事判决书 （2014）临民初字第1320号 
四川省蓬安县人民法院 民事判决书 （2015）蓬民初字第761号
