 山东省菏泽经济开发区人民法院 民事判决书 （2013）菏开民初字第877号 
 湖北省孝感市孝南区人民法院 民事判决书 （2014）鄂孝南民初字第00879号 
 河北省广平县人民法院 民事判决书 （2014）广民初字第63号 
 江苏省丹阳市人民法院 民事判决书 （2014）丹导民初字第438号 
 湖南省醴陵市人民法院 民事判决书 （2014）醴法民一初字第708号 
 湖北省南漳县人民法院 民事判决书 （2014）鄂南漳东民初字第00185号 
 河北省成安县人民法院 民事判决书 （2012）成民初字第2228号 
 河南省邓州市人民法院 民事判决书 （2014）邓法民初字第2275号 
 安徽省长丰县人民法院 民事判决书 （2014）长民一初字第02055号 
 北京市西城区人民法院 民事判决书 （2014）西民初字第0701号 
广东省化州市人民法院 民事判决书 （2015）茂化法平民初字第89号
四川省郫县人民法院 民事判决书 （2015）成郫民初字第2280号
 广西壮族自治区资源县人民法院 民事判决书 （2015）资民初字第42号 
 浙江省文成县人民法院 民事判决书 （2014）温文玉民初字第116号 
 山东省曹县人民法院 民事判决书 （2013）曹民初字第776号 
 湖南省长沙市开福区人民法院 民事判决书 （2014）开民一初字第03562号 
 贵州省镇宁布依族苗族自治县人民法院 民事判决书 （2015）镇民初字第127号 
 河北省唐山市古冶区人民法院 民事判决书 （2013）古民初字第1370号 
 辽宁省辽阳市白塔区人民法院 民事判决书 （2015）辽阳白民一初字第00270号 
 福建省福清市人民法院 民事判决书 （2013）融民初字第1363号 
福建省福清市人民法院 民事判决书 （2014）融民初字第4268号
 锡林浩特市人民法院 民事判决书 （2014）锡民一初字第948号 
 浙江省淳安县人民法院 民事判决书 （2014）杭淳民初字第441号 
 贵州省水城县人民法院 民事判决书 （2014）黔水民初字第00379号 
 陕西省甘泉县人民法院 民事判决书 （2013）甘民初字第00317号 
 湖南省祁阳县人民法院 民事判决书 （2014）祁民初字第67号 
 山东省莒县人民法院 民事判决书 （2014）莒民初字第1037号 
 重庆市奉节县人民法院 民事判决书 （2015）奉法民初字第00172号 
 湖南省耒阳市人民法院 民事判决书 （2014）耒巡民一初字第51号 
 安徽省合肥市瑶海区人民法院 民事判决书 （2014）瑶民一初字第03645号 
 甘肃省庄浪县人民法院 民事判决书 （2014）庄阳民初字第67号 
吉林省德惠市人民法院 民事判决书 （2015）德民初字第5482号
 浙江省德清县人民法院 民事判决书 （2013）湖德乾民初字第387号 
 宜昌市夷陵区人民法院 民事判决书 （2014）鄂夷陵民初字第01157号 
 济南市长清区人民法院 民事判决书 （2014）长民初字第941号 
 甘肃省嘉峪关市城区人民法院 民事判决书 （2013）嘉城民一初字第139号 
重庆市开县人民法院 民事判决书 （2015）开法民初字第03055号
 山东省临朐县人民法院 民事判决书 （2014）临民初字第21号 
山东省聊城市东昌府区人民法院 民事判决书 （2015）聊东民初字第3042号
 河南省正阳县人民法院 民事判决书 （2014）正民初字第1270号 
 山东省寿光市人民法院 民事判决书 （2014）寿民初字第4141号 
浙江省瑞安市人民法院 民事判决书 （2010）温瑞民初字第613号
 重庆市江津区人民法院 民事判决书 （2013）津法民初字第06414号 
河北省成安县人民法院 民事判决书 （2015）成民初字第629号
 昆明市盘龙区人民法院 民事判决书 （2015）盘法民龙初字第64号 
河北省雄县人民法院 民事判决书 （2015）雄民初字第1618号
 甘肃省武威市凉州区人民法院 民事判决书 （2015）凉民初字第4593号 
 吉林省舒兰市人民法院 民事判决书 （2014）舒民一初字第961号 
 辽宁省开原市人民法院 民事判决书 （2014）开老民三初字第00125号 
 山西省长治县人民法院 民事判决书 （2014）长民初字第336号 
