 河南省长垣县人民法院 民事判决书 （2014）长民初字第2766号 
 北京市大兴区人民法院 民事判决书 （2014）大民初字第13349号 
 河北省定州市人民法院 民事判决书 （2012）定民初字第2011号 
 内蒙古自治区扎兰屯市人民法院 民事判决书 （2015）扎民初字第104号 
 河南省鹿邑县人民法院 民事判决书 （2015）鹿民初字第705号 
 福建省闽清县人民法院 民事判决书 （2015）梅民初字第181号 
 广西壮族自治区贵港市港南区人民法院 民事判决书 （2014）南民初字第207号 
 山东省青州市人民法院 民事判决书 （2013）青法普民初字第132号 
 浙江省岱山县人民法院 民事判决书 （2014）舟岱衢民初字第71号 
安徽省肥西县人民法院 民事判决书 （2015）肥西民一初字第02386号
贵州省天柱县人民法院 民事判决书 （2015）天民初字第868号
 湖北省宣恩县人民法院 民事判决书 （2014）鄂宣恩民初字第01007号 
 贵州省从江县人民法院 民事判决书 （2015）从民初字第279号 
 广西壮族自治区大新县人民法院 民事判决书 （2013）新民初字第365号 
 河南省郑州市中原区人民法院 民事判决书 （2013）中民一初字第807号 
 湖北省通城县人民法院 民事判决书 （2015）鄂通城民初字第679号 
河北省永年县人民法院 民事判决书 （2015）永民初字第00711号
 安徽省利辛县人民法院 民事判决书 （2014）利民一初字第03004号 
 中华人民共和国 辽宁省大连经济技术开发区人民法院 民事判决书 （2014）开民初字第2421号 
 山东省日照市东港区人民法院 民事判决书 （2015）东民一初字第538号 
 济南市长清区人民法院 民事判决书 （2014）长民初字第2240号 
湖北省仙桃市人民法院 民事判决书 （2015）鄂仙桃民一初字第01139号
 四川省仪陇县人民法院 民事判决书 （2014）仪民初字第373号 
 安阳市北关区人民法院 民事判决书 （2014）北民初字第1331号 
 山东省寿光市人民法院 民事判决书 （2014）寿丰民初字第98号 
 重庆市九龙坡区人民法院 民事判决书 （2014）九民初字第09369号 
 广东省郁南县人民法院 民事判决书 （2015）云郁法连民初字第162号 
广西壮族自治区宜州市人民法院 民事判决书 （2015）宜民初字第888号
 安徽省寿县人民法院 民事判决书 （2014）寿民一初字第01015号 
 南通市通州区人民法院 民事判决书 （2014）通潮民初字第00427号 
 山东省文登市人民法院 民事判决书 （2014）文高民一初字第112号 
湖南省岳阳县人民法院 民事判决书 （2015）岳民初字第569号
 上海市浦东新区人民法院 民事判决书 （2014）浦民一（民）初字第6942号 
江西省于都县人民法院 民事判决书 （2015）于民一（梓）初字第883号
湖北省麻城市人民法院 民事判决书 （2015）鄂麻城民一初字第00561号
 安徽省阜阳市颍东区人民法院 民事判决书 （2014）东民一初字第00782号 
 湖北省老河口市人民法院 民事判决书 （2014）鄂老河口民初字第00679号 
 北京市大兴区人民法院 民事判决书 （2014）大民初字第11005号 
 光山县人民法院 民事判决书 （2014）光民初字第01567号 
 江苏省泰兴市人民法院 民事判决书 （2015）泰黄民初字第0369号 
 江西省宜春市袁州区人民法院 民事判决书 （2014）袁民一初字第97号 
 山西省交口县人民法院 民事判决书 （2014）交民初字第339号 
四川省眉山市彭山区人民法院 民事判决书 （2015）彭山民初字第971号
 湖南省新晃侗族自治县人民法院 民事判决书 （2015）晃民一初字第122号 
 四川省安县人民法院 民事判决书 （2014）安民初字第1427号 
 湖北省公安县人民法院 民事判决书 （2015）鄂公安民初字第00525号 
 大连市沙河口区人民法院 民事判决书 （2014）沙民初字第1517号 
 安徽省蒙城县人民法院 民事判决书 （2013）蒙民一初字第02351号 
 上海市闵行区人民法院 民事判决书 （2015）闵民一（民）初字第4951号 
 四川省广安市前锋区人民法院 民事判决书 （2015）前锋民初字第373号 
