 山东省枣庄市薛城区人民法院 民事判决书 （2013）薛民初字第2439号 
 江苏省盐城市亭湖区人民法院 民事判决书 （2013）亭民初字第3277号 
山东省泗水县人民法院 民事判决书 （2015）泗民初字第463号
 广西壮族自治区武鸣县人民法院 民事判决书 （2014）武民一初字第314号 
 四川省岳池县人民法院 民事判决书 （2014）岳池民初字第1781号 
 辽宁省朝阳市双塔区人民法院 民事判决书 （2014）朝双民初字第01296号 
 遂宁市安居区人民法院 民事判决书 （2014）安居民初字第1790号 
 河北省唐山市路北区人民法院 民事判决书 （2012）北民初字第3218号 
 河北省迁安市人民法院 民事判决书 （2013）安民初字第1263号 
 福建省宁德市寿宁县人民法院 民事判决书 （2014）寿民初字第18号 
 四川省威远县人民法院 民事判决书 （2014）威民初字第1793号 
贵州省盘县人民法院 民事判决书 （2015）黔盘民初字第2723号
四川省兴文县人民法院 民事判决书 （2015）兴民初字第1866号
 湖南省新化县人民法院 民事判决书 （2013）新法民一初字第1518号 
安徽省凤阳县人民法院 民事判决书 （2015）凤民一初字第01364号
 福建省福清市人民法院 民事判决书 （2015）融民初字第784号 
 重庆市渝北区人民法院 民事判决书 （2014）渝北法民初字第04611号 
 烟台市牟平区人民法院 民事判决书 （2014）牟民三初字第419号 
 福建省清流县人民法院 民事判决书 （2014）清民初字第524号 
吉林省磐石市人民法院 民事判决书 （2015）磐民一初字第1312号
 河北省辛集市人民法院 民事判决书 （2014）辛民初字第80165号 
 哈尔滨市道里区人民法院 民事判决书 （2013）里民一初字第01896号 民事判决书（2013）里民一初字第1896号 
江西省鹰潭市月湖区人民法院 民事判决书 （2014）月民一初字第1015号
 浙江省永嘉县人民法院 民事判决书 （2015）温永瓯民初字第75号 
江苏省海门市人民法院 民事判决书 （2015）门三民初字第0012号
 河北省晋州市人民法院 民事判决书 （2013）晋州民初字第00149号 
 重庆市渝北区人民法院 民事判决书 （2015）渝北法民初字第04617号 
 安徽省庐江县人民法院 民事判决书 （2015）庐江民一初字第00625号 
安徽省淮南市谢家集区人民法院 民事判决书 （2015）谢民一初字第00540号
安徽省五河县人民法院 民事判决书 （2015）五民一初字第01796号
 山东省济阳县人民法院 民事判决书 （2013）济阳民初字第309号 
安徽省霍邱县人民法院 民事判决书 （2013）霍民一初字01442号
福建省南安市人民法院 民事判决书 （2015）南民初字第666号
 浙江省淳安县人民法院 民事判决书 （2007）淳民一初字第1141号 
 广东省龙门县人民法院 民事判决书 （2014）惠龙法民一初字第192号 
安徽省望江县人民法院 民事判决书 （2015）望民一初字第01581号
 重庆市大足区人民法院 民事判决书 （2014）足法民初字第01444号 
 河南省长垣县人民法院 民事判决书 （2014）长民初字第717号 
 福建省福清市人民法院 民事判决书 （2013）融民初字第2906号 
 山东省诸城市人民法院 民事判决书 （2014）诸民初字第351号 
安徽省灵璧县人民法院 民事判决书 （2015）灵民初字第00233号
 安徽省宿松县人民法院 民事判决书 （2015）松民一初字第00164号 
安徽省枞阳县人民法院 民事判决书 （2015）枞民一初字第01603号
 襄阳市襄城区人民法院 民事判决书 （2015）鄂襄城民一初字第00286号 
 浙江省桐乡市人民法院 民事判决书 （2015）嘉桐崇民初字第97号 
 辽宁省建平县人民法院 民事判决书 （2014）建建民初字第01656号 
安徽省颍上县人民法院 民事判决书 （2015）颍民一初字第01267号
 河北省盐山县人民法院 民事判决书 （2014）盐民初字第1835号 
 福建省顺昌县人民法院 民事判决书 （2014）顺民初字第1682号 
 安徽省霍邱县人民法院 民事判决书 （2015）霍民一初字第00749号 
