 陕西省大荔县人民法院 民事判决书 （2014）大民初字第02236号 
 四川省芦山县人民法院 民事判决书 （2015）芦山民初字第54号 
 安徽省芜湖市弋江区人民法院 民事判决书 （2014）弋民一初字第01046号 
 浙江省余姚市人民法院 民事判决书 （2015）甬余陆民初字第238号 
湖北省监利县人民法院 民事判决书 （2015）鄂监利民初字第01798号
 四川省盐亭县人民法院 民事判决书 （2015）盐民初字第2645号 
 安徽省马鞍山市博望区人民法院 民事判决书 （2015）博民一初字第00096号 
 福建省宁德市蕉城区人民法院 民事判决书 （2015）蕉民初字第2502号 
 德阳市旌阳区人民法院 民事判决书 （2015）旌民初字第2164号 
安徽省舒城县人民法院 民事判决书 （2014）舒民一初字第01774号
 湖北省武汉市汉阳区人民法院 民事判决书 （2012）鄂汉阳江民初字第00084号 
安徽省枞阳县人民法院 民事判决书 （2015）枞民一初字第01293号
 山东省昌邑市人民法院 民事判决书 （2013）昌民初字第2371号 
 河南省舞阳县人民法院 民事判决书 （2014）舞民初字第1324号 
 广东省普宁市人民法院 民事判决书 （2015）揭普法占民初字第72号 
 四川省资阳市雁江区人民法院 民事判决书 （2014）雁江民初字第2038号 
 四川省营山县人民法院 民事判决书 （2015）营民初字第10号 
 湖北省蕲春县人民法院 民事判决书 （2014）鄂蕲春民一初字第00945号 
 福建省南平市延平区人民法院 民事判决书 （2014）延民初字第1317号 
辽宁省辽阳县人民法院 民事判决书 （2013）辽县民初字第01094号
 杭州市西湖区人民法院 民事判决书 （2008）杭西民一初字第623号 
湖北省监利县人民法院 民事判决书 （2015）鄂监利民初字第01638号
福建省福州市鼓楼区人民法院 民事判决书 （2015）鼓民初字第2834号
 浙江省富阳市人民法院 民事判决书 （2015）杭富民初字第525号 
 湖南省沅陵县人民法院 民事判决书 （2015）沅民一初字第239号 
 灵宝市人民法院 民事判决书 （2014）灵民一初字第835号 
 四川省南部县人民法院 民事判决书 （2015）南民初字第1200号 
 湖北省枝江市人民法院 民事判决书 （2015）鄂枝江民初字第00016号 
鹤壁市淇滨区人民法院 民事判决书 （2015）淇滨民初字第2131号
 上海市崇明县人民法院 民事判决书 （2014）崇民一（民）初字第6580号 
吉林省桦甸市人民法院 民事判决书 （2015）桦民一初字第477号
 江苏省涟水县人民法院 民事判决书 （2014）淮涟民初字第529号 
 河北省永年县人民法院 民事判决书 （2014）永民初字第1687号 
 四川省射洪县人民法院 民事判决书 （2014）射洪民初字第79号 
 江西省横峰县人民法院 民事判决书 （2013）横民一初字第500号 
 重庆市巫山县人民法院 民事判决书 （2014）山法民初字第01415号 
 河南省杞县人民法院 民事判决书 （2014）杞民初字第247号 
 江苏省金坛市人民法院 民事判决书 （2015）坛少民初字第00096号 
四川省绵阳市涪城区人民法院 民事判决书 （2014）涪民初字7395号
 江苏省涟水县人民法院 民事判决书 （2013）涟民初字第2176号 
 广东省兴宁市人民法院 民事判决书 （2015）梅兴法叶民初字第48号 
浙江省临海市人民法院 民事判决书 （2011）台临民初字第652号
 山东省莒县人民法院 民事判决书 （2015）莒民初字第320号 
 西安市雁塔区人民法院 民事判决书 （2015）雁民初字第03721号 
 安徽省无为县人民法院 民事判决书 （2015）无民一初字第01412号 
 四川省开江县人民法院 民事判决书 （2014）开江民初字第1582号 
 陕西省西乡县人民法院 民事判决书 （2015）西民初字第00271号 
 湖南省湘潭县人民法院 民事判决书 （2015）潭民一初字第177号 
陕西省洛川县人民法院 民事判决书 （2013）洛民初字第00307号
 江西省宜春市袁州区人民法院 民事判决书 （2015）袁民一初字第537号 
