 甘肃省岷县人民法院 民事判决书 （2015）岷梅民初字第98号 
 山东省平邑县人民法院 民事判决书 （2014）平民初字第3025号 
 江苏省如东县人民法院 民事判决书 （2013）东民初字第1839号 
 汕头市潮南区人民法院 民事判决书 （2014）汕南法民一初字第397号 
山东省莒南县人民法院 民事判决书 （2015）莒板民初字第242号
贵州省黔西县人民法院 民事判决书 （2015）黔县民初字第2376号
 江苏省兴化市人民法院 民事判决书 （2014）泰兴安民初字第274号 
 甘肃省临洮县人民法院 民事判决书 （2014）临新民初字第109号 
 湖北省洪湖市人民法院 民事判决书 （2015）鄂洪湖民初字第00458号 
 新县人民法院 民事判决书 （2014）新民初字第411号 
四川省广汉市人民法院 民事判决书 （2015）广汉民初字第1997号
 重庆市奉节县人民法院 民事判决书 （2014）奉法民初字第01550号 
 云南省绥江县人民法院 民事判决书 （2015）绥民初字第23号 
 安徽省宣城市宣州区人民法院 民事判决书 （2015）宣民一初字第01632号 
 湖北省公安县人民法院 民事判决书 （2015）鄂公安民初字第00905号 
 湖南省宁乡县人民法院 民事判决书 （2015）宁未民初字第00300号 
 山东省滕州市人民法院 民事判决书 （2014）滕民初字第2240号 
 安徽省界首市人民法院 民事判决书 （2014）界民一初字第01350号 
 山东省泗水县人民法院 民事判决书 （2013）泗民初字第428号 
山东省曹县人民法院 民事判决书 （2015）曹民初字第3449号
 烟台市牟平区人民法院 民事判决书 （2014）烟牟高民初字第95号 
 山东省乐陵市人民法院 民事判决书 （2014）乐民初字第1301号 
 四川省西充县人民法院 民事判决书 （2015）西充民初字第1012号 
 河南省正阳县人民法院 民事判决书 （2014）正民初字第01425号 
 广西壮族自治区永福县人民法院 民事判决书 （2014）永民初字第532号 
 安徽省宁国市人民法院 民事判决书 （2014）宁民一初字第03310号 
 宝鸡市金台区人民法院 民事判决书 （2014）金民初字第00457号 
 淮安市淮安区人民法院 民事判决书 （2014）淮法车民初字第1435号 
 安徽省当涂县人民法院 民事判决书 （2014）当民一初字第00209号 
 贵州省黔西县人民法院 民事判决书 （2014）黔县民初字第401号 
湖州市吴兴区人民法院 民事判决书 （2015）湖吴民初字第387号
 湖南省南县人民法院 民事判决书 （2014）南法民一初字第520号 
江西省南昌县人民法院 民事判决书 （2015）南向民初字第131号
 浙江省青田县人民法院 民事判决书 （2015）丽青民初字第436号 
 河北省围场满族蒙古族自治县人民法院 民事判决书 （2014）围民初字第1270号 
江苏省丹阳市人民法院 民事判决书 （2014）丹后民初字第750号
浙江省桐庐县人民法院 民事判决书 （2015）杭桐横民初字第70号
 河南省镇平县人民法院 民事判决书 （2014）镇民初字第310号 
甘肃省泾川县人民法院 民事判决书 （2015）泾民初字395号
 山东省郓城县人民法院 民事判决书 （2014）郓民初字第2010号 
河南省郑州市中原区人民法院 民事判决书 （2015）中民一初字第1550号
浙江省慈溪市人民法院 民事判决书 （2010）甬慈逍民初字第15号
 贵州省瓮安县人民法院 民事判决书 （2015）瓮民初字第1193号 当事人基本情况及审理经过 
 四川省广安市前锋区人民法院 民事判决书 （2015）前锋民初字第275号 
 湖北省崇阳县人民法院 民事判决书 （2013）鄂崇阳民初字第00242号 
 北京市丰台区人民法院 民事判决书 （2013）丰民初字第09599号 
 河南省郸城县人民法院 民事判决书 （2014）郸民初字第847号 
 河北省任丘市人民法院 民事判决书 （2014）任民初字第1038号 
广西壮族自治区永福县人民法院 民事判决书 （2015）永民初字第304号
 贵州省威宁彝族回族苗族自治县人民法院 民事判决书 （2014）黔威民初字第1274号 
