 安徽省淮南市潘集区人民法院 民事判决书 （2015）潘民一初字第00486号 
 重庆市九龙坡区人民法院 民事判决书 （2015）九法民初字第04006号 
浙江省龙游县人民法院 民事判决书 （2015）衢龙民初字第169号
 江西省余干县人民法院 民事判决书 （2014）干民一初字第237号 
 湖南省江华瑶族自治县人民法院 民事判决书 （2015）华法民初字第21号 
 河北省邱县人民法院 民事判决书 （2014）邱民初字第415号 
 东营市东营区人民法院 民事判决书 （2013）东民初字第1438号 
 云南省昌宁县人民法院 民事判决书 （2014）昌民一初字第94号 
贵州省独山县人民法院 民事判决书 （2015）独民初字第45号
广西壮族自治区马山县人民法院 民事判决书 （2015）马民一初字第516号
 山东省莘县人民法院 民事判决书 （2014）莘民一初字第9号 
吉林省辽源市龙山区人民法院 民事判决书 （2015）龙民初字第1567号
安徽省亳州市谯城区人民法院 民事判决书 （2015）谯民一初字第03223号
江西省永丰县人民法院 民事判决书 （2015）永民初字第949号
 广东省惠东县人民法院 民事判决书 （2014）惠东法民一初字第377号 
河北省滦南县人民法院 民事判决书 （2015）倴民初字第2578号
四川省南部县人民法院 民事判决书 （2015）南民初字第2949号
 江苏省泗阳县人民法院 民事判决书 （2015）泗民初字第0643号 
 福建省莆田市秀屿区人民法院 民事判决书 （2015）秀民初字第769号 
 贵州省金沙县人民法院 民事判决书 （2014）黔金民初字第798号 
 山东省济宁高新技术产业开发区人民法院 民事判决书 （2014）济高新区民初字第776号 
 河南省太康县人民法院 民事判决书 （2014）太民初字第2012号 
 山东省曹县人民法院 民事判决书 （2014）曹民初字第631号 
 重庆市永川区人民法院 民事判决书 （2014）永法少民初字第00203号 
 山东省莒南县人民法院 民事判决书 （2015）莒坪民初字第125号 
甘肃省东乡族自治县人民法院 民事判决书 （2015）东民初字第419号
 贵州省镇宁布依族苗族自治县人民法院 民事判决书 （2015）镇民初字第1号 
 湖南省沅陵县人民法院 民事判决书 （2013）沅民一初字第717号 
 安徽省含山县人民法院 民事判决书 （2015）含民一初字第00515号 
 河南省开封县人民法院 民事判决书 （2013）开民初字第1190号 
 贵州省凤冈县人民法院 民事判决书 （2014）凤民初字第1254号 
 四川省乐至县人民法院 民事判决书 （2013）乐至民初字第1067号 
 河南省民权县人民法院 民事判决书 （2014）民民初字第657号 
 义马市人民法院 民事判决书 （2015）义民初字第459号 
 江苏省东台市人民法院 民事判决书 （2014）东灶民初字第0364号 
 辽宁省黑山县人民法院 民事判决书 （2014）黑壕民初字第00573号 
 安徽省临泉县人民法院 民事判决书 （2014）临民一初字第00075号 
 潍坊市坊子区人民法院 民事判决书 （2013）坊黄民初字第112号 
内蒙古科尔沁左翼后旗人民法院 民事判决书 （2015）后民初字第2232号
 山东省郓城县人民法院 民事判决书 （2014）郓民初字第765号 
 江苏省金坛市人民法院 民事判决书 （2013）坛朱民初字第0483号 
 河南省郑州市中原区人民法院 民事判决书 （2014）中民一初字第478号 
 山东省寿光市人民法院 民事判决书 （2015）寿民初字第1161号 
沈阳市沈北新区人民法院 民事判决书 （2014）北新民初字第2034号
 四川省苍溪县人民法院 民事判决书 （2014）苍溪民初字第2213号 
上海市松江区人民法院 民事判决书 （2015）松民一（民）初字第9083号
 浙江省绍兴市越城区人民法院 民事判决书 （2015）绍越袍民初字第323号 
 浙江省平阳县人民法院 民事判决书 （2013）温平民初字第322号 
 陕西省礼泉县人民法院 民事判决书 （2014）礼民初字第00261号 
 江西省金溪县人民法院 民事判决书 （2015）金民一初字第124号 
