 山东省东平县人民法院 民事判决书 （2014）东民初字第463号 
 湖南省靖州苗族侗族自治县人民法院 民事判决书 （2015）靖民一初字第37号 
 河北省乐亭县人民法院 民事判决书 （2012）乐民初字第1004号 
 湖北省武汉市新洲区人民法院 民事判决书 （2015）鄂新洲旧民初字第00065号 
 湖北省麻城市人民法院 民事判决书 （2014）鄂麻城民一初字第00440号 
 四川省富顺县人民法院 民事判决书 （2013）富民一初字第648号 
 山东省临清市人民法院 民事判决书 （2011）临民一初字第2375号 
 安徽省宿州市埇桥区人民法院 民事判决书 （2015）宿埇民一初字第833号 
 重庆市巴南区人民法院 民事判决书 （2013）巴法民初字第10077号 
 滑县人民法院 民事判决书 （2014）滑焦民初字第47号 
 湖南省桑植县人民法院 民事判决书 （2014）桑法民一初字第335号 
 福建省福清市人民法院 民事判决书 （2013）融民初字第2510号 
湖南省桃江县人民法院 民事判决书 （2014）桃民一初字第1522号
 河北省迁西县人民法院 民事判决书 （2015）迁民初字第779号 
江西省靖安县人民法院 民事判决书 （2015）靖民一初字第375号
江苏省如皋市人民法院 民事判决书 （2015）皋石民初字第308号
内蒙古自治区开鲁县人民法院 民事判决书 （2015）开民初字第1826号
 安徽省蚌埠市蚌山区人民法院 民事判决书 （2014）蚌山民一初字第00009号 
 湖北省通城县人民法院 民事判决书 （2015）鄂通城民初字第426号 
 河北省邯郸县人民法院 民事判决书 （2014）邯县民初字第280号 
 山东省曹县人民法院 民事判决书 （2015）曹民初字第216号 
河南省西平县人民法院 民事判决书 （2015）西少民初字第53号
 安徽省芜湖市鸠江区人民法院 民事判决书 （2015）鸠民一初字第00071号 
 广东省阳春市人民法院 民事判决书 （2014）阳春法民一初字第586号 
 甘肃省张掖市甘州区人民法院 民事判决书 （2014）甘民初字第3106号 
 濮阳市华龙区人民法院 民事判决书 （2014）华法民初字第694号 
云南省通海县人民法院 民事判决书 （2013）通民一初字第614号
安徽省太和县人民法院 民事判决书 （2015）太民一初字第01493号
 重庆市云阳县人民法院 民事判决书 （2014）云法民初字第00885号 
 四川省富顺县人民法院 民事判决书 （2014）富民一初字第2500号 
 山东省泰安市岱岳区人民法院 民事判决书 （2014）岱民初字第616号 
 四川省泸州市江阳区人民法院 民事判决书 （2015）江阳民初字第908号 
 湖南省湘潭县人民法院 民事判决书 （2015）潭民一初字第3号 
潢川县人民法院 民事判决书 （2013）潢民初字第00177号
 陕西省西乡县人民法院 民事判决书 （2014）西民初字第00194号 
 四川省开江县人民法院 民事判决书 （2015）开江民初字第273号 
四川省巴中市恩阳区人民法院 民事判决书 （2015）恩民初字第1211号
 河北省徐水县人民法院 民事判决书 （2014）徐民初字第59号 
 安徽省宣城市宣州区人民法院 民事判决书 （2014）宣民一初字第01885号 
 江西省武宁县人民法院 民事判决书 （2014）武民一初字第818号 
 宁夏回族自治区中宁县人民法院 民事判决书 （2015）中宁民初字第370号 
 安徽省宿松县人民法院 民事判决书 （2013）松民一初字第01094号 
 安徽省滁州市南谯区人民法院 民事判决书 （2014）南民一初字第01719号 
 贵州省毕节市七星关区人民法院 民事判决书 （2015）黔七民初字第769号 
 山西省襄汾县人民法院 民事判决书 （2015）襄民初字第00093号 
 重庆市永川区人民法院 民事判决书 （2014）永法少民初字第00513号 
 天津市滨海新区人民法院 民事判决书 （2014）滨塘民初字第811号 
 江西省广昌县人民法院 民事判决书 （2015）广民初字第226号 
湖北省武穴市人民法院 民事判决书 （2015）鄂武穴民初字第01516号
 安徽省临泉县人民法院 民事判决书 （2015）临民一初字第00752号 
