 安徽省五河县人民法院 民事判决书 （2015）五民一初字第00263号 
 湖北省麻城市人民法院 民事判决书 （2015）鄂麻城民一初字第00879号 
 江苏省东台市人民法院 民事判决书 （2013）东唐民初字第0184号 
湖北省麻城市人民法院 民事判决书 （2015）鄂麻城民一初字第00836号
 浙江省淳安县人民法院 民事判决书 （2010）杭淳临民初字第10号 
 苏州工业园区人民法院 民事判决书 （2013）园少民初字第0153号 
 河北省邯郸市邯山区人民法院 民事判决书 （2014）邯山民初字第794号 
江苏省东海县人民法院 民事判决书 （2015）连东双民初字第00425号
 温县人民法院 民事判决书 （2015）温民北初字第00113号 
 山西省忻州市忻府区人民法院 民事判决书 （2015）忻民初字第4号 
 山东省巨野县人民法院 民事判决书 （2014）巨民初字第487号 
安徽省怀远县人民法院 民事判决书 （2015）怀民一初字第03384号
 浙江省建德市人民法院 民事判决书 （2014）杭建梅民初字第136号 
 河南省伊川县人民法院 民事判决书 （2014）伊一民初字第86号 
 湖南省醴陵市人民法院 民事判决书 （2015）醴法民一初字第425号 
 河南省郑州市中原区人民法院 民事判决书 （2014）中民一初字第770号 
广西壮族自治区南宁市兴宁区人民法院 民事判决书 （2015）兴民一初字第621号
 河南省方城县人民法院 民事判决书 （2014）方博民初字第6号 
 商水县人民法院 民事判决书 （2013）商民初字第1416号 
 贵州省瓮安县人民法院 民事判决书 （2014）瓮民初字第554号 
横县人民法院 民事判决书 （2015）横民一初字第1317号
 安徽省太和县人民法院 民事判决书 （2014）太民一初字第02902号 
 辽宁省盖州市人民法院 民事判决书 （2014）盖民九初字第57号 
 重庆市江津区人民法院 民事判决书 （2014）津法民初字第03439号 
广东省阳西县人民法院 民事判决书 （2015）阳西法儒民初字第28号
 湖南省耒阳市人民法院 民事判决书 （2014）耒巡民一初字第101号 
 福建省福鼎市人民法院 民事判决书 （2014）鼎民初字第1740号 
 江西省贵溪市人民法院 民事判决书 （2015）贵民一初字第327号 
 贵州省桐梓县人民法院 民事判决书 （2014）桐法民初字第1025号 
 四川省荣县人民法院 民事判决书 （2013）荣民一初字第2044号 
 浙江省仙居县人民法院 民事判决书 （2014）台仙民初字第1343号 
云南省澜沧拉祜族自治县人民法院 民事判决书 （2015）澜民初字第519号
 安徽省霍邱县人民法院 民事判决书 （2014）霍民一初字第00886号 
 安徽省泗县人民法院 民事判决书 （2015）泗民一初字第01280号 
 江苏省赣榆县人民法院 民事判决书 （2013）赣民初字第5538号 
浙江省海宁市人民法院 民事判决书 （2010）嘉海民初字第50号
 南京市秦淮区人民法院 民事判决书 （2014）秦红民初字第260号 
 重庆市綦江区人民法院 民事判决书 （2013）綦法民初字第04635号 
 河南省漯河市源汇区人民法院 民事判决书 （2014）源民四初字第164号 
 卢氏县人民法院 民事判决书 （2014）卢民二初字第70号 
 南京市白下区人民法院 民事判决书 （2012）白民初字第1480号 
 山东省曹县人民法院 民事判决书 （2013）曹民初字第1085号 
 湖北省郧县人民法院 民事判决书 （2014）鄂郧县民一初字第00489号 
江西省高安市人民法院 民事判决书 （2015）高民一初字第2191号
 陕西省武功县人民法院 民事判决书 （2013）武民初字第00768号 
 沈阳市皇姑区人民法院 民事判决书 （2014）皇民四初字第343号 
 南京市六合区人民法院 民事判决书 （2014）六东民初字第1268号 
福建省长汀县人民法院 民事判决书 （2015）汀民初字第1650号
 湖北省随县人民法院 民事判决书 （2014）鄂随县民初字第01083号 
 杭州市余杭区人民法院 民事判决书 （2012）杭余瓶民初字第57号 
