 安徽省颍上县人民法院 民事判决书 （2014）颍民一初字第00795号 
安徽省肥东县人民法院 民事判决书 （2012）肥东民一初字第01086号
 四川省大竹县人民法院 民事判决书 （2015）大竹民初字第1447号 
 安徽省舒城县人民法院 民事判决书 （2015）舒民一初字第00510号 
 安徽省肥西县人民法院 民事判决书 （2015）肥西民一初字第00126号 
 河南省永城市人民法院 民事判决书 （2014）永民初字第549号 
 河北省武安市人民法院 民事判决书 （2013）武民初字第3494号 
 四川省三台县人民法院 民事判决书 （2013）三民初字第3016号 
 安徽省宿州市埇桥区人民法院 民事判决书 （2014）宿埇民一初字第01747号 
 江西省安义县人民法院 民事判决书 （2015）安石民初字第62号 
 河南省临颍县人民法院 民事判决书 （2015）临民固初字第136号 
 黑龙江省巴彦县人民法院 民事判决书 （2014）巴民一初字第938号 
 河南省邓州市人民法院 民事判决书 （2015）邓法民初字第991号 
 陕西省旬邑县人民法院 民事判决书 （2012）旬民初字第00003号 
 贵州省贞丰县人民法院 民事判决书 （2014）贞民初字第00829号 
 江西省石城县人民法院 民事判决书 （2015）石民一初字第8号 
 黑龙江省黑河市爱辉区人民法院 民事判决书 （2014）爱民初字第714号 
 江苏省泗阳县人民法院 民事判决书 （2015）泗民初字第00069号 
天津市河东区人民法院 民事判决书 （2012）东民初字第6359号
 河北省盐山县人民法院 民事判决书 （2015）盐民初字第879号 
 湖北省通城县人民法院 民事判决书 （2015）鄂通城民初字第627号 
 江苏省扬州市江都区人民法院 民事判决书 （2014）扬江邵民初字第0091号 
甘肃省夏河县人民法院 民事判决书 （2015）夏民初字第48号
 山东省寿光市人民法院 民事判决书 （2014）寿胡民初字第738号 
 黑龙江省绥芬河市人民法院 民事判决书 （2014）绥民初字第352号 
 河南省商丘市睢阳区人民法院 民事判决书 （2013）商睢民初字第2443号 
河南省淮阳县人民法院 民事判决书 （2015）淮民初字第01650号
大连经济技术开发区人民法院 民事判决书 （2014）开民初字第4087号
 陕西省咸阳市杨陵区人民法院 民事判决书 （2013）杨民初字第00340号 
 凉城县人民法院 民事判决书 （2013）凉民初字第517号 
 山西省长治县人民法院 民事判决书 （2014）长民初字第44号 
 广东省珠海横琴新区人民法院 民事判决书 （2015）珠横法民初字第179号 
 安徽省金寨县人民法院 民事判决书 （2014）金民一初字第00829号 
 湖南省会同县人民法院 民事判决书 （2014）会民一初字第132号 
 江苏省仪征市人民法院 民事判决书 （2014）仪新民初字第0776号 
 重庆市九龙坡区人民法院 民事判决书 （2015）九法民初字第00530号 
新县人民法院 民事判决书 （2013）新民初字第167号
 安徽省宿州市埇桥区人民法院 民事判决书 （2014）宿埇民一初字第02840号 
 河南省南召县人民法院 民事判决书 （2014）南召民初字第907号 
 湖北省谷城县人民法院 民事判决书 （2013）鄂谷城石民初字第00217号 
浙江省德清县人民法院 民事判决书 （2015）湖德莫民初字第9号
 湖南省道县人民法院 民事判决书 （2014）道法民初字第994号 
 湖北省阳新县人民法院 民事判决书 （2014）鄂阳新民一初字第00052号 
四川省射洪县人民法院 民事判决书 （2015）射洪民初字第245号
 淄博市博山区人民法院 民事判决书 （2014）博民初字第821号 
湖南省华容县人民法院 民事判决书 （2013）华民初字第695号
贵州省安龙县人民法院 民事判决书 （2015）安民初字第1252号
浙江省文成县人民法院 民事判决书 （2015）温文南民初字第124号
 河北省宁晋县人民法院 民事判决书 （2014）宁民初字第261号 
 浙江省永嘉县人民法院 民事判决书 （2015）温永岩民初字第91号 
