新疆维吾尔自治区伊宁市人民法院 民事判决书 （2015）伊民初字第1678号
 广西壮族自治区陆川县人民法院 民事判决书 （2014）陆民初字第878号 
 湖南省长沙市雨花区人民法院 民事判决书 （2014）雨民初字第02460号 
 四川省岳池县人民法院 民事判决书 （2014）岳池民初字第5067号 
 湖北省阳新县人民法院 民事判决书 （2014）鄂阳新民富初字第00121号 
 河北省任丘市人民法院 民事判决书 （2014）任民初字第770号 
 江苏省宿迁市宿豫区人民法院 民事判决书 （2014）宿豫来民初字第0298号 
 甘肃省庆阳市西峰区人民法院 民事判决书 （2015）庆西民初字第22号 
彭水苗族土家族自治县人民法院 民事判决书 （2015）彭法民初字第01977号
四川省绵阳市涪城区人民法院 民事判决书 （2015）涪民初字第4752号
永城市人民法院 民事判决书 （2013）永民初字第1200号
 河南省项城市人民法院 民事判决书 （2015）项民初字第00707号 
 宁波市江北区人民法院 民事判决书 （2013）甬北慈民初字第303号 
江苏省兴化市人民法院 民事判决书 （2015）泰兴安民初字第21号
 呼和浩特市玉泉区人民法院 民事判决书 （2014）玉民二初字第00529号 
天津市津南区人民法院 民事判决书 （2015）南民一初字第2671号
 江苏省灌云县人民法院 民事判决书 （2014）灌板民初字第0073号 
 湖南省永顺县人民法院 民事判决书 （2015）永民初字第113号 
 安徽省宣城市宣州区人民法院 民事判决书 （2014）宣民一初字第02531号 
 甘肃省武威市凉州区人民法院 民事判决书 （2014）凉民初字第1号 
河南省平顶山市新华区人民法院 民事判决书 （2015）新民初字第951号
 河南省遂平县人民法院 民事判决书 （2015）遂少民初字第12号 
 湖北省随县人民法院 民事判决书 （2014）鄂随县民初字第01427号 
 湖北省通山县人民法院 民事判决书 （2014）鄂通山民初字第171号 
 江西省高安市人民法院 民事判决书 （2014）高民一初字第636号 
淮安市淮安区人民法院 民事判决书 （2014）淮法席民初字第0716号
 巴中市巴州区人民法院 民事判决书 （2014）巴州民初字第781号 
 河北省容城县人民法院 民事判决书 （2013）容民初字第252号 
 安徽省太和县人民法院 民事判决书 （2014）太民一初字第00913号 
山东省巨野县人民法院 民事判决书 （2015）巨民初字第1786号
 福建省泉州市鲤城区人民法院 民事判决书 （2014）鲤民初字第1469号 
 镇江市润州区人民法院 民事判决书 （2014）润少民初字第0124号 
贵州省赫章县人民法院 民事判决书 （2015）黔赫民初字第1534号
重庆市江津区人民法院 民事判决书 （2015）津法民初字第06313号
 安徽省芜湖县人民法院 民事判决书 （2014）芜民一初字第00411号 
 扶沟县人民法院 民事判决书 （2013）扶民初字第899号 
 辽宁省朝阳县人民法院 民事判决书 （2014）朝县民羊初字第699号 
 海口市龙华区人民法院 民事判决书 （2014）龙民一初字第159号 
 杭州市萧山区人民法院 民事判决书 （2012）杭萧瓜民初字第24号 
 中华人民共和国 湖南省湘潭市雨湖区人民法院 民事判决书 （2015）雨法民一初字第264号 
 南京市秦淮区人民法院 民事判决书 （2013）秦民初字第855号 
四川省成都市龙泉驿区人民法院 民事判决书 （2015）龙泉民初字第796号
 山西省壶关县人民法院 民事判决书 （2014）壶民初字第550号 
 安徽省界首市人民法院 民事判决书 （2014）界民一初字第00909号 
 陕西省靖边县人民法院 民事判决书 （2014）靖民初字第01639号 
 江苏省金坛市人民法院 民事判决书 （2014）坛朱民初字第0305号 
 江苏省宿迁宿豫区人民法院 民事判决书 （2013）宿豫皂民初字第0075号 
 陕西省泾阳县人民法院 民事判决书 泾民初字第00992号 
安徽省无为县人民法院 民事判决书 （2015）无民一初字第01177号
 江苏省东台市人民法院 民事判决书 （2013）东时民初字第0145号 
