贵州省纳雍县人民法院 民事判决书 （2015）黔纳民初字第923号
江苏省启东市人民法院 民事判决书 （2015）启吕民初字第00189号
 上海市徐汇区人民法院 民事判决书 （2014）徐民一（民）初字第8984号 
 湖北省武汉市江岸区人民法院 民事判决书 （2014）鄂江岸民初字第00895号 
 安徽省全椒县人民法院 民事判决书 （2014）全民一初字第01378号 
 江西省金溪县人民法院 民事判决书 （2015）金对民初字第19号 
 吉林省吉林市龙潭区人民法院 民事判决书 （2013）龙民一初字第208号 
 重庆市铜梁县人民法院 民事判决书 （2014）铜法民初字第00819号 
 安阳县人民法院 民事判决书 （2014）安民初字第02518号 
浙江省三门县人民法院 民事判决书 （2010）台三小民初字第78号
 贵州省赤水市人民法院 民事判决书 （2015）赤民初字第958号 
 湖北省房县人民法院 民事判决书 （2014）鄂房县民一初字第00085号 
江苏省东台市人民法院 民事判决书 （2015）东开民初字第0696号
 四川省泸州市纳溪区人民法院 民事判决书 （2015）纳溪民初字第966号 
河南省禹州市人民法院 民事判决书 （2015）禹民一初字第3281号
 山东省沂水县人民法院 民事判决书 （2014）沂民初字第1467号 
 山东省泗水县人民法院 民事判决书 （2013）泗民初字第404号 
连云港市海州人民法院 民事判决书 （2015）海民初字第03749号
 辽宁省锦州市古塔区人民法院 民事判决书 （2014）古民一初字第00318号 
 浙江省兰溪市人民法院 民事判决书 （2014）金兰黄民初字第21号 
 云南省文山市人民法院 民事判决书 （2014）文民一初字第466号 
 江苏省高邮市人民法院 民事判决书 （2014）邮界民初字第0167号 
吉林省榆树市人民法院 民事判决书 （2015）榆民初字第2422号
 福建省福鼎市人民法院 民事判决书 （2014）鼎民初字第2443号 
 山东省寿光市人民法院 民事判决书 （2014）寿胡民初字第1618号 
广西壮族自治区罗城仫佬族自治县人民法院 民事判决书 （2015）罗民初字第64号
 山东省淄博市淄川区人民法院 民事判决书 （2014）川民初字第3361号 
 上海市虹口区人民法院 民事判决书 （2014）虹民一（民）初字第6108号 
山东省枣庄市山亭区人民法院 民事判决书 （2015）山民初字第677号
 福建省福鼎市人民法院 民事判决书 （2015）鼎民初字第732号 
河南省唐河县人民法院 民事判决书 （2015）唐民一初字第2776号
 山东省东阿县人民法院 民事判决书 （2014）东民初字第466号 
 福建省南平市延平区人民法院 民事判决书 （2014）延民初字第2038号 
 贵州省麻江县人民法院 民事判决书 （2014）麻民初字第198号 
吉林省梅河口市人民法院 民事判决书 （2015）梅民初字第1409号
 孟州市人民法院 民事判决书 （2014）孟民二初字第00063号 
 山东省诸城市人民法院 民事判决书 （2015）诸城民初字第8号 
 湖南省溆浦县人民法院 民事判决书 （2014）溆民一初字第1225号 
 来宾市兴宾区人民法院 民事判决书 （2015）兴民初字第822号 
 陕西省合阳县人民法院 民事判决书 （2014）合民初字第00588号 
福建省周宁县人民法院 民事判决书 （2014）周民初字第35号
 安徽省宣城市宣州区人民法院 民事判决书 （2014）宣民一初字第02952号 
 陕西省陇县人民法院 民事判决书 （2015）陇民初字第00043号 
 吉林省辽源市西安区人民法院 民事判决书 （2014）辽西民初字第74号 
 西安市临潼区人民法院 民事判决书 （2014）临潼民初字第01707号 
 浙江省仙居县人民法院 民事判决书 （2013）台仙下民初字第293号 
 广西壮族自治区兴业县人民法院 民事判决书 （2014）兴民一初字第597号 
 滑县人民法院 民事判决书 （2013）滑民一初字第626号 
贵州省纳雍县人民法院 民事判决书 （2015）黔纳民初字第984号
 山东省乳山市人民法院 民事判决书 （2013）乳银民初字第134号 
