 湖南省祁阳县人民法院 民事判决书 （2014）祁民初字第1165号 
 甘肃省岷县人民法院 民事判决书 （2015）岷闾民初字第28号 
 辽宁省辽阳市白塔区人民法院 民事判决书 （2014）辽阳白民一初字第00543号 
 鞍山市铁东区人民法院 民事判决书 （2014）铁东民二初字第1776号 
 杞县人民法院 民事判决书 （2014）杞民初字第433号 
 河北省肃宁县人民法院 民事判决书 （2014）肃民初字第1151号 
 连云港市连云区人民法院 民事判决书 （2014）港少民初字第00054号 
 河南省襄城县人民法院 民事判决书 （2015）襄民初字第478号 
 镇江经济开发区人民法院 民事判决书 （2014）镇经民初字第0843号 
 四川省宜宾市翠屏区人民法院 民事判决书 （2014）翠屏民初字第707号 
江苏省常熟市人民法院 民事判决书 （2015）熟开民初字第00228号
 吉林省汪清县人民法院 民事判决书 （2015）汪民一初字第404号 
 福建省石狮市人民法院 民事判决书 （2014）狮民初字第1871号 
四川省南部县人民法院 民事判决书 （2015）南民初字第2827号
北京市平谷区人民法院 民事判决书 （2015）平民初字第03033号
 重庆市梁平县人民法院 民事判决书 （2015）梁法民初字第00441号 
 湖北省通山县人民法院 民事判决书 （2013）鄂通山民一初字第325号 
 重庆市丰都县人民法院 民事判决书 （2014）丰法民初字第00884号 
 重庆市万州区人民法院 民事判决书 （2014）万法民初字第07448号 
甘肃省环县人民法院 民事判决书 （2013）环民初字第00423号
 四川省犍为县人民法院 民事判决书 （2014）犍为民初字第678号 
 安徽省芜湖市弋江区人民法院 民事判决书 （2014）弋民一初字第00479号 
江苏省盐城市亭湖区人民法院 民事判决书 （2014）亭兴民初字第517号
湖北省安陆市人民法院 民事判决书 （2015）鄂安陆民初字第01533号
 杭州市萧山区人民法院 民事判决书 （2014）杭萧民初字第1664号 
 九江市浔阳区人民法院 民事判决书 （2015）浔民一初字第314号 
浙江省台州市椒江区人民法院 民事判决书 （2010）台椒椒北民初字第123号
 河北省河间市人民法院 民事判决书 （2014）河民初字第2336号 
 江苏省东海县人民法院 民事判决书 （2014）连东双民初字第00863号 
贵州省瓮安县人民法院 民事判决书 （2015）瓮民初字第2050号
 广西壮族自治区南丹县人民法院 民事判决书 （2014）丹民初字第210号 
山东省单县人民法院 民事判决书 （2015）单民初字第1732号
 安徽省霍山县人民法院 民事判决书 （2014）霍民初一字第00397号 
 福建省永定县人民法院 民事判决书 （2014）永民初字第637号 
 四川省筠连县人民法院 民事判决书 （2015）筠连民初字第318号 
 浙江省象山县人民法院 民事判决书 （2014）甬象西民初字第27号 
 江苏省涟水县人民法院 民事判决书 （2014）涟高民初字第798号 
 湖南省汉寿县人民法院 民事判决书 （2014）汉民初字第1203号 
安徽省肥东县人民法院 民事判决书 （2013）肥东民一初字第00257号
 山东省郯城县人民法院 民事判决书 （2014）郯民初字第1573号 
云南省姚安县人民法院 民事判决书 （2015）姚民初字第222号
重庆市大足区人民法院 民事判决书 （2015）足法民初字第00519号
 福建省莆田市涵江区人民法院 民事判决书 （2014）涵民初字第2330号 
湖北省利川市人民法院 民事判决书 （2015）鄂利川民初字第02867号
 福建省永春县人民法院 民事判决书 （2014）永民初字第1738号 
 河南省宁陵县人民法院 民事判决书 （2015）宁民初字第425号 
 安徽省无为县人民法院 民事判决书 （2014）无民一初字第01224号 
新县人民法院 民事判决书 （2013）新民初字第177号
 河北省涿鹿县人民法院 民事判决书 （2014）涿民初字第752号 
 安徽省池州市贵池区人民法院 民事判决书 （2014）贵民一初字第02707号 
