江苏省邳州市人民法院 民事判决书 （2015）邳议民初字第0226号
 浙江省杭州市余杭区人民法院 民事判决书 （2010）杭余余民初字第36号 
 呼和浩特市赛罕区人民法院 民事判决书 （2014）赛民初字第00610号 
安徽省宿松县人民法院 民事判决书 （2015）松民一初字第00994号
四川省乐至县人民法院 民事判决书 （2015）乐至民初字第1801号
重庆市渝中区人民法院 民事判决书 （2015）中区法民初字第09478号
 四川省威远县人民法院 民事判决书 （2014）威民初字第1116号 
四川省彭州市人民法院 民事判决书 （2015）彭州民初字第2670号
 江苏省宿迁市宿豫区人民法院 民事判决书 （2013）宿豫民初字第1081号 
 四川省武胜县人民法院 民事判决书 （2015）武胜民初字第1028号 
 山东省临清市人民法院 民事判决书 （2012）临民一初字第1512号 
重庆市忠县人民法院 民事判决书 （2015）忠法民初字第02899号
吉林省榆树市人民法院 民事判决书 （2015）榆民初字第3168号
安徽省当涂县人民法院 民事判决书 （2015）当民一初字第00829号
 河南省宁陵县人民法院 民事判决书 （2014）宁民初字第19号 
 江西省万载县人民法院 民事判决书 （2014）万株民初字第83号 
广东省茂名市茂南区人民法院 民事判决书 （2015）茂南法民一初字第209号
 内蒙古自治区包头市昆都仑区人民法院 民事判决书 （2015）昆民初字第1208号 
 贵州省金沙县人民法院 民事判决书 （2015）黔金民初字第704号 
 河南省南乐县人民法院 民事判决书 （2015）南民初字第385号 
 四川省合江县人民法院 民事判决书 （2013）合江民初字第683号 
 湖北省潜江市人民法院 民事判决书 （2014）鄂潜江民初字第01163号 
 安徽省泗县人民法院 民事判决书 （2014）泗民一初字第02640号 
安徽省蚌埠市禹会区人民法院 民事判决书 （2015）禹民一初字第00787号
 铁岭市银州区人民法院 民事判决书 （2014）铁银民三初字第00205号 
 天津市河东区人民法院 民事判决书 （2014）东民初字第5591号 
山东省禹城市人民法院 民事判决书 （2014）禹民初字第121号
 山东省莘县人民法院 民事判决书 （2015）莘民一初字第177号 
 福建省连城县人民法院 民事判决书 （2014）连民初字第258号 
 湖北省鄂州市鄂城区人民法院 民事判决书 （2014）鄂鄂城民初字第00669号 
 安徽省芜湖县人民法院 民事判决书 （2015）芜民一初字第01420号 
 四川省南部县人民法院 民事判决书 （2014）南民初字第129号 
湖南省安乡县人民法院 民事判决书 （2013）安民初字第1433号
 云南省宣威市人民法院 民事判决书 （2014）宣民初字第1517号 
 山东省泰安市泰山区人民法院 民事判决书 （2014）泰山民初字第1989号 
 陕西省洋县人民法院 民事判决书 （2014）洋民初字第01521号 
 叶县人民法院 民事判决书 （2014）叶民初字第1138号 
 江苏省泰兴市人民法院 民事判决书 （2014）泰虹民初字第0860号 
 福建省莆田市涵江区人民法院 民事判决书 （2014）涵民初字第4284号 
 四川省盐亭县人民法院 民事判决书 （2014）盐民初字第2040号 
 四川省仁寿县人民法院 民事判决书 （2015）仁寿民初字第584号 
 固始县人民法院 民事判决书 （2014）固民初字第1726号 
 江苏省赣榆县人民法院 民事判决书 （2013）赣石民初字第0019号 
安徽省阜南县人民法院 民事判决书 （2015）南民一初字第02432号
 南京市江宁区人民法院 民事判决书 （2014）江宁开民初字第931号 
 安徽省阜阳市颍泉区人民法院 民事判决书 （2014）泉民一初字第00150号 
 湖北省来凤县人民法院 民事判决书 （2014）鄂来凤民初字第00751号 
 江苏省如东县人民法院 民事判决书 （2015）东栟民初字第0280号 
 福建省宁化县人民法院 民事判决书 （2015）宁少民初字第20号 
 河北省涿州市人民法院 民事判决书 （2014）涿民初字第2293号 
