 四川省资中县人民法院 民事判决书 （2014）资中民初字第1880号 
 云南省会泽县人民法院 民事判决书 （2014）会民初字第979号 
兴城市人民法院 民事判决书 （2014）兴红民初字第01545号
 厦门市海沧区人民法院 民事判决书 
 重庆市合川区人民法院 民事判决书 （2015）合法民初字第02321号 
福建省福清市人民法院 民事判决书 （2014）融民初字第2733号
 三门峡市湖滨区人民法院 民事判决书 （2014）湖民一初字第780号 
 上海市虹口区人民法院 民事判决书 （2014）虹民一（民）初字第3845号 
 浙江省仙居县人民法院 民事判决书 （2015）台仙民初字第485号 
 安徽省临泉县人民法院 民事判决书 （2015）临民一初字第00273号 
 湖南省澧县人民法院 民事判决书 （2014）澧民垱初字第1030号 
 福建省厦门市湖里区人民法院 民事判决书 （2014）湖民初字第6251号 
 连云港市赣榆区人民法院 民事判决书 （2014）赣民初字第4925号 
 重庆市綦江区人民法院 民事判决书 （2014）綦法民初字第02059号 
 上海市杨浦区人民法院 民事判决书 （2014）杨民一（民）初字第4098号 
 山东省郓城县人民法院 民事判决书 （2013）郓民初字第1710号 
山西省洪洞县人民法院 民事判决书 （2014）洪民初字第1108号
 山东省德州市德城区人民法院 民事判决书 （2014）德城民初字第2075号 
 浙江省慈溪市人民法院 民事判决书 （2015）甬慈浒民初字第201号 
 江苏省高邮市人民法院 民事判决书 （2013）邮界民初字第0438号 
 浙江省余姚市人民法院 民事判决书 （2014）甬余民初字第1515号 
 新疆维吾尔自治区博乐市人民法院 民事判决书 （2011）博民一初字第638号 
福建省石狮市人民法院 民事判决书 （2015）狮民初字第2308号
 上海市闵行区人民法院 民事判决书 （2013）闵民一（民）初字第8508号 
 湖北省随县人民法院 民事判决书 （2014）鄂随县民初字第01077号 
 福建省南安市人民法院 民事判决书 （2014）南民初字第1957号 
 湖南省永州市冷水滩区人民法院 民事判决书 （2015）永冷民初字第695号 
湖南省宜章县人民法院 民事判决书 （2015）宜民一初字第406号
 福建省石狮市人民法院 民事判决书 （2014）狮民初字第217号 
 湖南省隆回县人民法院 民事判决书 （2013）隆民一初字第1608号 
江苏省无锡市北塘区人民法院 民事判决书 （2015）北民初字第0561号
 安徽省宿州市埇桥区人民法院 民事判决书 （2015）宿埇民一初字第03703号 
广东省雷州市人民法院 民事判决书 （2015）湛雷法唐民初字第19号
 江苏省赣榆县人民法院 民事判决书 （2013）赣民初字第4881号 
 湖南省涟源市人民法院 民事判决书 （2014）涟民一初字第695号 
 河北省清河县人民法院 民事判决书 （2013）清民一初字第536号 
山东省潍坊市潍城区人民法院 民事判决书 （2013）潍城于民初字第167号
安徽省芜湖市鸠江区人民法院 民事判决书 （2015）鸠民一初字第00426号
 河南省上蔡县人民法院 民事判决书 （2015）上民一初字第18号 
 湖南省新化县人民法院 民事判决书 （2013）新法民一初字第1500号 
 湖南省蓝山县人民法院 民事判决书 （2014）蓝民一初字第372号 
河南省固始县人民法院 民事判决书 （2013）固民初字第1321号
 河南省唐河县人民法院 民事判决书 （2014）唐民一初字第756号 
 山东省金乡县人民法院 民事判决书 （2014）金民初字第1003号 
 福建省晋江市人民法院 民事判决书 （2014）晋民初字第139号 
 山东省费县人民法院 民事判决书 （2014）费民初字第1698号 
 青海省大通回族土族自治县人民法院 民事判决书 （2014）大衙民初字第109号 
 浙江省景宁畲族自治县人民法院 民事判决书 （2014）丽景民初字第00455号 
重庆市秀山土家族苗族自治县人民法院 民事判决书 （2015）秀法民初字第00501号
重庆市荣昌县人民法院 民事判决书 （2015）荣法民初字第01348号
