 湖南省沅陵县人民法院 民事判决书 （2014）沅民一初字第271号 
 山东省东营市河口区人民法院 民事判决书 （2014）河民初字第1063号 
 河南省郑州市二七区人民法院 民事判决书 （2013）二七民一初字第2605号 
 江西省宜春市袁州区人民法院 民事判决书 （2014）袁民一初字第827号 
 山东省栖霞市人民法院 民事判决书 （2013）栖民一初字第237号 
湖北省竹山县人民法院 民事判决书 （2014）鄂竹山民初字第01686号
 呼和浩特市玉泉区人民法院 民事判决书 （2014）玉民二初字第00702号 
河北省任县人民法院 民事判决书 （2015）任民初字第508号
四川省眉山市彭山区人民法院 民事判决书 （2015）彭山民初字第621号
 山东省平度市人民法院 民事判决书 （2014）平民一初字第42号 
 福建省闽清县人民法院 民事判决书 （2014）梅民初字第129号 
 北京市朝阳区人民法院 民事判决书 （2014）朝民初字第7943号 
 江西省樟树市人民法院 民事判决书 （2014）樟阁民初字第115号 
四川省射洪县人民法院 民事判决书 （2015）射洪民初字第146号
嘉兴市秀洲区人民法院 民事判决书 （2010）嘉秀民初字第554号
 新疆木垒哈萨克自治县人民法院 民事判决书 （2014）木民初字第317号 
山东省郓城县人民法院 民事判决书 （2015）郓民初字第1907号
 河南省封丘县人民法院 民事判决书 （2014）封民初字01326号 
 广西壮族自治区凌云县人民法院 民事判决书 （2014）凌民一初字第513号 
 四川省中江县人民法院 民事判决书 （2013）中江民初字第2677号 
江西省都昌县人民法院 民事判决书 （2015）都民一初字第707号
 河南省舞阳县人民法院 民事判决书 （2013）舞民初字第950号 
 福建省莆田市秀屿区人民法院 民事判决书 （2015）秀民初字第1245号 
 湖北省通城县人民法院 民事判决书 （2014）鄂通城民初字第00928号 
 河北省涞水县人民法院 民事判决书 （2013）涞民初字第361号 
甘肃省民乐县人民法院 民事判决书 （2015）民民初字第26号
山东省邹城市人民法院 民事判决书 （2015）邹民初字第853号
陕西省洋县人民法院 民事判决书 （2013）洋民初字第00378号
 广东省广州市番禺区人民法院 民事判决书 （2014）穗番法楼民初字第128号 
 山东省临沂市兰山区人民法院 民事判决书 （2014）临兰民初字第775号 
四川省阆中市人民法院 民事判决书 （2015）阆民初字第2662号
上海市浦东新区人民法院 民事判决书 （2014）浦民一（民）初字第8699号
 陕西省乾县人民法院 民事判决书 （2013）乾民初字第01738号 
 安徽省马鞍山市花山区人民法院 民事判决书 （2015）花民一初字第01456号 
 山东省临清市人民法院 民事判决书 （2012）临民一初字第1176号 
 福建省福鼎市人民法院 民事判决书 （2014）鼎民初字第924号 
 浙江省嘉善县人民法院 民事判决书 （2014）嘉善西民初字第574号 
 浙江省义乌市人民法院 民事判决书 （2014）金义佛堂民初字第271号 
 湛江市麻章区人民法院 民事判决书 （2014）湛麻法民一初字第74号 
 重庆市沙坪坝区人民法院 民事判决书 （2013）沙法民初字第08805号 
 江苏省启东市人民法院 民事判决书 （2014）启开民初字第00739号 
吉林省敦化市人民法院 民事判决书 （2015）敦民初字第1627号
 河南省濮阳县人民法院 民事判决书 （2014）濮民初字第1900号 
 安阳市北关区人民法院 民事判决书 （2013）北民二初字第357号 
 江苏省海安县人民法院 民事判决书 （2014）安墩民初字第00203号 
山东省日照市东港区人民法院 民事判决书 （2015）东民一初字第2446号
 河北省定州市人民法院 民事判决书 （2015）定民初字第735号 
 湖州市吴兴区人民法院 民事判决书 （2014）湖吴康民初字第258号 
 杭州市西湖区人民法院 民事判决书 （2010）杭西民初字第493号 
 吉林省榆树市人民法院 民事判决书 （2014）榆民初字第138号 
