 汝州市人民法院 民事判决书 （2014）汝民初字第590号 
 云南省通海县人民法院 民事判决书 （2014）通民一初字第104号 
 江苏省东海县人民法院 民事判决书 （2014）东双民初字第0033号 
 河北省临西县人民法院 民事判决书 （2013）临民初字第583号 
湖北省红安县人民法院 民事判决书 （2015）鄂红安七民初字第00080号
 安徽省当涂县人民法院 民事判决书 （2014）当石民一初字第00114号 
 河南省邓州市人民法院 民事判决书 （2014）邓法民初字第1799号 
 黑龙江省青冈县人民法院 民事判决书 （2014）青法民初字第146号 
 河北省隆化县人民法院 民事判决书 （2015）隆民初字第8号 
甘肃省华亭县人民法院 刘某与谈某甲离婚纠纷一审民事判决书 （2015）华民初字第1087号
 重庆市开县人民法院 民事判决书 （2014）开法民初字第00950号 
福建省宁德市蕉城区人民法院 民事判决书 （2014）蕉民初字第4312号
 浙江省绍兴县人民法院 民事判决书 （2010）绍民初字第250号 
 重庆市云阳县人民法院 民事判决书 （2015）云法民初字第00050号 
四川省米易县人民法院 民事判决书 （2015）米易民初字第181号
 浙江省奉化市人民法院 民事判决书 （2015）甬奉民一初字第87号 
 广西壮族自治区阳朔县人民法院 民事判决书 （2014）阳民初字第282号 
 四川省三台县人民法院 民事判决书 （2014）三民初字32号 
 河南省正阳县人民法院 民事判决书 （2015）正民初字第402号 
 辽宁省岫岩满族自治县民法院 民事判决书 （2014）鞍岫民哈初字第112号 
河南省南乐县人民法院 民事判决书 （2013）南民初字第982号
重庆市石柱土家族自治县人民法院 民事判决书 （2015）石法民初字第03212号
贵州省瓮安县人民法院 民事判决书 （2015）瓮民初字第1563号
 陕西省汉阴县人民法院 民事判决书 （2014）汉阴民初字第00105号 
 山东省齐河县人民法院 民事判决书 （2015）齐焦民初字第957号 
 重庆市九龙坡区人民法院 民事判决书 （2015）九法民初字第04791号 
山东省肥城市人民法院 民事判决书 （2015）肥民初字第960号
 辽宁省朝阳县人民法院 民事判决书 （2014）朝县民羊初字第90号 
 广西壮族自治区靖西县人民法院 民事判决书 （2015）靖民一初字第369号 
 江苏省灌南县人民法院 民事判决书 （2014）南民初字第0460号 
 河南省辉县市人民法院 民事判决书 （2014）辉民初字第3079号 
 陕西省彬县人民法院 民事判决书 （2014）彬民初字第00313号 
安徽省凤阳县人民法院 民事判决书 （2015）凤民一初字第01520号
 杭州市拱墅区人民法院 民事判决书 （2010）杭拱半民初字第152号 
 浙江省松阳县人民法院 民事判决书 （2014）丽松民初字第369号 
 东营经济技术开发区人民法院 民事判决书 （2015）东开民初字第510号 
 广东省梅县人民法院 民事判决书 （2013）梅县法民一初字第83号 
 广东省化州市人民法院 民事判决书 （2014）茂化法同民初字第52号 
福建省晋江市人民法院 民事判决书 （2014）晋民初字第5852号
 贵州省福泉市人民法院 民事判决书 （2014）福民初字第806号 
 太原市小店区人民法院 民事判决书 （2015）小民初字第01836号 
 广东省惠州市惠城区人民法院 民事判决书 （2014）惠城法小民初字第346号 
 湖北省英山县人民法院 民事判决书 （2015）鄂英山民初字第00048号 
安徽省濉溪县人民法院 民事判决书 （2015）濉民一初字第03034号
滑县人民法院 民事判决书 （2012）滑焦民初字第81号
 四川省南充市嘉陵区人民法院 民事判决书 （2014）嘉民初字第163号 
 河北省衡水市桃城区人民法院 民事判决书 （2014）衡桃民一初字第79号 
 山东省陵县人民法院 民事判决书 （2013）陵民初字第1165号 
 广西壮族自治区鹿寨县人民法院 民事判决书 （2014）鹿民一初字第359号 
山东省莱州市人民法院 民事判决书 （2015）莱州沙民初字第601号
