 湖南省衡南县人民法院 民事判决书 （2015）南法民一初字第74号 
河南省新郑市人民法院 民事判决书 （2015）新民初字第3769号
连云港市海州人民法院 民事判决书 （2015）海民初字第05576号
 山东省临朐县人民法院 民事判决书 （2014）临民初字第691号 
浙江省乐清市人民法院 民事判决书 （2015）温乐荆民初字第277号
安阳县人民法院 民事判决书 安吕民初字第66号
 重庆市长寿区人民法院 民事判决书 （2015）长法民初字第04333号 
 山东省乳山市人民法院 民事判决书 （2015）乳调民初字第233号 
江西省进贤县人民法院 民事判决书 （2015）进温民初字第217号
 山东省聊城市东昌府区人民法院 民事判决书 （2013）聊东民初字第2828号 
湖北省英山县人民法院 民事判决书 （2015）鄂英山民初字第00825号
 四川省蓬溪县人民法院 民事判决书 （2015）蓬溪民初字第164号 
 嘉兴市秀洲区人民法院 民事判决书 （2013）嘉秀泾民初字第493号 
 湖南省浏阳市人民法院 民事判决书 （2015）浏民初字第1429号 
 吉林省长岭县人民法院 民事判决书 （2015）长民初字第1347号 
 河北省南皮县人民法院 民事判决书 （2014）南民初字第1733号 
 中华人民共和国 浙江省温州市瓯海区人民法院 民事判决书 （2014）温瓯民初字第127号 
 四川省富顺县人民法院 民事判决书 （2015）富民一初字第737号 
 河北省廊坊市安次区人民法院 民事判决书 （2014）廊安民初字第339号 
 甘肃省兰州市城关区人民法院 民事判决书 （2015）城民渭初字第107号 
 安徽省全椒县人民法院 民事判决书 （2015）全民一初字第00008号 
 湖南省涟源市人民法院 民事判决书 （2013）涟民一初字第916号 
 河北省永年县人民法院 民事判决书 （2014）永民初字第1646号 
 安徽省东至县人民法院 民事判决书 （2015）东民一初字第00360号 
 山东省新泰市人民法院 民事判决书 （2014）新民初字第3074号 
江苏省大丰市人民法院 民事判决书 （2015）大港民初字第0178号
 湖北省通城县人民法院 民事判决书 （2014）鄂通城民初字第00445号 
河南省民权县人民法院 民事判决书 （2013）民民初字第761号
 安徽省舒城县人民法院 民事判决书 （2015）舒民一初字第01013号 
浙江省温岭市人民法院 民事判决书 （2015）台温新民初字第198号
 重庆市云阳县人民法院 民事判决书 （2014）云法民初字第00836号 
 广西壮族自治区南宁市西乡塘区人民法院 民事判决书 （2014）西民一初字第2719号 
 河南省郑州高新技术产业开发区人民法院 民事判决书 （2014）开民初字第7012号 
 湖北省天门市人民法院 民事判决书 （2015）鄂天门民初字第00062号 
福建省泉州市鲤城区人民法院 民事判决书 （2015）鲤民初字第640号
湖北省武汉市新洲区人民法院 民事判决书 （2015）鄂新洲汪民初字第00122号
广西壮族自治区宜州市人民法院 民事判决书 （2015）宜民初字第735号
 福建省连江县人民法院 民事判决书 （2014）连民初字第2112号 
 广西壮族自治区桂平市人民法院 民事判决书 （2013）浔民初字第917号 
 福建省连江县人民法院 民事判决书 （2014）连民初字第764号 
 台州市黄岩区人民法院 民事判决书 （2014）台黄民初字第2394号 
 河南省柘城县人民法院 民事判决书 （2014）柘民初字第620号 
 福建省福清市人民法院 民事判决书 （2013）融民初字1914号 
 四川省乐至县人民法院 民事判决书 （2014）乐至民初字第1799号 
 广西壮族自治区柳城县人民法院 民事判决书 （2014）柳城民一初字第850号 
河南省信阳市浉河区人民法院 民事判决书 （2013）信浉民初字第1065号
光山县人民法院 民事判决书 （2012）光民初字第268号
 浙江省桐乡市人民法院 民事判决书 （2014）嘉桐民初字第993号 
 上海市闸北区人民法院 民事判决书 （2014）闸民一（民）初字第3624号 
 内蒙古自治区包头市青山区人民法院 民事判决书 （2013）包青民一初字第549号 
