 河南省郑州市中原区人民法院 民事判决书 （2014）中民一初字第576号 
浙江省平阳县人民法院 民事判决书 （2015）温平鳌民初字第354号
河南省遂平县人民法院 民事判决书 （2015）遂民初字第00722号
 叶县人民法院 民事判决书 （2014）叶民初字第389号 
 四川省射洪县人民法院 民事判决书 （2014）射洪民初字第2064号 
 长春市南关区人民法院 民事判决书 （2014）南民初字第1851号 
 湖南省邵阳市大祥区人民法院 民事判决书 （2015）大民初字第100号 
 河北省滦县人民法院 民事判决书 （2014）滦民初字第775号 
江西省都昌县人民法院 民事判决书 （2015）都民一初字第762号
 山东省邹城市人民法院 民事判决书 （2013）邹民初字第2339号 
 四川省自贡市大安区人民法院 民事判决书 （2013）大民一初字第508号 
 河南省长垣县人民法院 民事判决书 （2014）长民初字第990号 
广西壮族自治区玉林市玉州区人民法院 民事判决书 （2015）玉区法民初字第2313号
重庆市酉阳土家族苗族自治县人民法院 民事判决书 （2015）酉法民初字第02821号
 江西省万年县人民法院 民事判决书 （2014）万民一初字第44号 
 天津市河东区人民法院 民事判决书 （2014）东民初字第1135号 
云南省元谋县人民法院 民事判决书 （2015）元民一初字第124号
 四川省蓬溪县人民法院 民事判决书 （2014）蓬溪民初字第943号 
 山东省诸城市人民法院 民事判决书 （2014）诸相民初字第495号 
 山东省泰安市岱岳区人民法院 民事判决书 （2014）岱民初字第3089号 
 山东省曹县人民法院 民事判决书 （2014）曹民初字第2270号 
 云南省南涧彝族自治县人民法院 民事判决书 （2014）南民初字第345号 
 山东省武城县人民法院 民事判决书 （2015）武民初字第149号 
 湖北省通城县人民法院 民事判决书 鄂通城民初字第01258号 
山东省费县人民法院 民事判决书 （2015）费民初字第259号
 石家庄市井陉矿区人民法院 民事判决书 （2015）矿民一初字第00060号 
 安徽省宣城市宣州区人民法院 民事判决书 （2014）宣民一初字第01359号 
 安徽省泗县人民法院 民事判决书 （2014）泗民一初字第01300号 
 河北省高碑店市人民法院 民事判决书 （2015）高民初字第4095号 
 浙江省建德市人民法院 民事判决书 （2014）杭建梅民初字第72号 
 江苏省启东市人民法院 民事判决书 （2014）启久民初字第0775号 
 江苏省响水县人民法院 民事判决书 （2014）响陈民初字第0017号 
湖南省湘乡市人民法院 民事判决书 （2014）湘法民一初字第1173号
 广东省信宜市人民法院 民事判决书 （2014）茂信法民一初字第121号 
 淮安市淮安区人民法院 民事判决书 （2014）淮法林民初字第0382号 
 重庆市渝北区人民法院 民事判决书 （2014）渝北法民初字第08616号 
 河北省唐山市丰润区人民法院 民事判决书 （2013）丰民初字第709号 
 山东省平度市人民法院 民事判决书 （2014）平民一初字第1984号 
广东省惠州市惠城区人民法院 民事判决书 （2015）惠城法仲民初字第821号
 山东省平度市人民法院 民事判决书 （2013）平民一初字第3569号 
安徽省舒城县人民法院 民事判决书 （2014）舒民一初字第01719号
 重庆市云阳县人民法院 民事判决书 （2015）云法民初字第00151号 
 广东省龙川县人民法院 民事判决书 （2014）河龙法龙民初字第176号 
 潍坊市坊子区人民法院 民事判决书 （2014）坊埠民初字第691号 
襄阳市襄城区人民法院 民事判决书 （2015）鄂襄城民一初字第00406号
 福建省仙游县人民法院 民事判决书 （2014）仙民初字第6550号 
重庆市渝北区人民法院 民事判决书 （2015）渝北法民初字第11958号
福建省晋江市人民法院 民事判决书 （2015）晋民初字第4383号
 广东省佛山市顺德区人民法院 民事判决书 （2014）佛顺法均民初字第772号 
 江西省上饶县人民法院 民事判决书 （2015）饶民一初字第445号 
