 福建省永安市人民法院 民事判决书 （2014）永民初字第2318号 
福建省宁化县人民法院 民事判决书 （2015）宁少民初字第96号
连云港市海州区人民法院 民事判决书 （2015）海民初字第01426号
 山东省冠县人民法院 民事判决书 （2015）冠民初字第924号 
 杭州市西湖区人民法院 民事判决书 （2015）杭西泗民初字第6号 
 山西省原平市人民法院 民事判决书 （2014）原民初字第584号 
 湖南省沅陵县人民法院 民事判决书 （2014）沅民一初字第227号 
江苏省东海县人民法院 民事判决书 （2015）连东少民初字第00383号
 河南省范县人民法院 民事判决书 （2011）范民初字第00771号 
 河南省开封市祥符区人民法院 民事判决书 （2015）祥民初字第380号 
江苏省东海县人民法院 民事判决书 （2015）连东房民初字第00644号
 广东省廉江市人民法院 民事判决书 （2014）湛廉法民一初字第681号 
 四川省南部县人民法院 民事判决书 （2014）南民初字第735号 
贵州省湄潭县人民法院 民事判决书 （2015）湄民初字第1646号
 云南省鲁甸县人民法院 民事判决书 （2014）鲁民初字第590号 
 河北省赵县人民法院 民事判决书 （2014）赵民初字第00154号 
 贵州省织金县人民法院 民事判决书 （2014）黔织民初字第866号 
湖南省汨罗市人民法院 民事判决书 （2014）汨民初字第1842号
贵州省普安县人民法院 民事判决书 （2015）普民初字第1046号
 江苏省涟水县人民法院 民事判决书 （2013）涟民初字第870号 
山东省诸城市人民法院 民事判决书 （2015）诸贾民初字第437号
湖南省沅陵县人民法院 民事判决书 （2013）沅民一初字第1041号
河北省安国市人民法院 民事判决书 （2015）安民初字第8009号
 湖北省通山县人民法院 民事判决书 （2014）鄂通山民初字第327号 
 云南省石屏县人民法院 民事判决书 （2014）石民初字第647号 
北京市平谷区人民法院 民事判决书 （2015）平民初字第05355号
 山东省单县人民法院 民事判决书 （2013）单民初字第1191号 
 甘肃省武威市凉州区人民法院 民事判决书 （2014）凉民初字第184号 
 浙江省平湖市人民法院 民事判决书 （2014）嘉平民初字第1079号 
 四川省安岳县人民法院 民事判决书 （2014）安岳民初字第1363号 
 连云港市连云区人民法院 民事判决书 （2014）港少民初字第0161号 
 广西壮族自治区灵山县人民法院 民事判决书 （2013）灵民初字第10号 
 宁波市鄞州区人民法院 民事判决书 （2014）甬鄞嵩民初字第57号 
 河北省曲阳县人民法院 民事判决书 （2015）曲民初字第716号 
四川省射洪县人民法院 民事判决书 （2015）射洪民初字第1224号
 福建省平和县人民法院 民事判决书 （2014）平民初字第1478号 
 山西省原平市人民法院 民事判决书 （2014）原民初字第634号 
 贵州省思南县人民法院 民事判决书 （2014）思民初字第871号 
 湖南省益阳市赫山区人民法院 民事判决书 （2014）益赫民一初字第1753号 
 广东省广州市越秀区人民法院 民事判决书 （2014）穗越法民一初字第2766号 
河南省通许县人民法院 民事判决书 （2015）通民初字第352号
 浙江省绍兴县人民法院 民事判决书 （2008）绍民一初字第556号 
 安徽省萧县人民法院 民事判决书 （2014）萧民一初字第02255号 
西安市新城区人民法院 民事判决书 （2014）新民初字第00709号
 湖北省武汉市东西湖区人民法院 民事判决书 （2014）鄂东西湖民初字第01470号 
 海南省东方市人民法院 民事判决书 （2014）东民一初字第506号 
 浙江省淳安县人民法院 民事判决书 （2011）杭淳汾民初字第42号 
 安徽省黄山市黄山区人民法院 民事判决书 （2013）黄民一处字第00374号 
 四川省安岳县人民法院 民事判决书 （2014）安岳民初字第851号 
 广西贵港市覃塘区人民法院 民事判决书 （2013）覃民初字第1274号 
