 山东省潍坊市奎文区人民法院 民事判决书 （2014）奎梨民一初字第321号 
湖南省桃源县人民法院 民事判决书 （2015）桃民初字第1515号
浙江省遂昌县人民法院 民事判决书 （2010）丽遂民初字第161号
 福州市鼓楼区人民法院 民事判决书 （2015）鼓民初字第783号 
江苏省兴化市人民法院 民事判决书 （2015）泰兴安民初字第204号
 汝州市人民法院 民事判决书 （2014）汝民初字第2183号 
 重庆市城口县人民法院 民事判决书 （2013）城法民初字第00854号 
 山东省肥城市人民法院 民事判决书 （2014）肥民初字第75号 
 淄博市博山区人民法院 民事判决书 （2015）博民初字第30号 
贵州省黔西县人民法院 民事判决书 （2015）黔县民初字第1860号
 湖南省邵阳县人民法院 民事判决书 （2014）阳民初字第1362号 
 甘肃省临洮县人民法院 民事判决书 （2014）临民一初字第285号 
 河南省方城县人民法院 民事判决书 （2014）方杨民初字第194号 
 广西壮族自治区桂平市人民法院 民事判决书 （2013）浔民初字第1353号 
 甘肃省兰州市城关区人民法院 民事判决书 （2015）城民白初字第160号 
江苏省宿迁市宿豫区人民法院 民事判决书 （2015）宿豫来民初字第00484号
 内蒙古自治区杭锦后旗人民法院 民事判决书 （2015）杭民初字第1061号 
 浙江省绍兴县人民法院 民事判决书 （2010）绍民初字第267号 
甘肃省灵台县人民法院 民事判决书 （2015）灵民初字第307号
甘肃省山丹县人民法院 民事判决书 （2015）山民初字第1097号
 山东省威海市环翠区人民法院 民事判决书 （2014）威环民初字第1300号 
 河北省永年县人民法院 民事判决书 （2014）永民初字第1943号 
福建省南平市延平区人民法院 民事判决书 （2015）延民初字第2773号
云南省蒙自市人民法院 民事判决书 （2015）蒙民初字第1646号
 山东省郓城县人民法院 民事判决书 （2014）郓民初字第2819号 
 山东省邹平县人民法院 民事判决书 （2015）邹民初字第710号 
贵州省普定县人民法院 民事判决书 （2015）普民初字第1115号
山西省泽州县人民法院 民事判决书 （2014）泽民初字第738号
 山东省滨州市滨城区人民法院 民事判决书 （2014）滨民一初字第594号 
 上海市浦东新区人民法院 民事判决书 （2015）浦民一（民）初字第4894号 
 陕西省延长县人民法院 民事判决书 （2013）延长民初字第00402号 
 沈阳市皇姑区人民法院 民事判决书 （2014）皇民四初字第340号 
．湖南省邵阳县人民法院 民事判决书 （2015）阳民初字第736号
 重庆市铜梁县人民法院 民事判决书 （2014）铜法民初字第00752号 
 四川省西充县人民法院 民事判决书 （2014）西充民初字第700号 
 辽阳市文圣区人民法院 民事判决书 （2014）辽阳文圣民一初字第00331号 
 广西壮族自治区南宁市西乡塘区人民法院 民事判决书 （2014）西民一初字第625号 
 安徽省涡阳县人民法院 民事判决书 （2014）涡民一初字第01005号 
 湖南省邵阳市大祥区人民法院 民事判决书 （2014）大民初字第18号 
 河南省商水县人民法院 民事判决书 （2015）商民初字第416号 
 西华县人民法院 民事判决书 （2015）西民初字第279号 
 重庆市开县人民法院 民事判决书 （2014）开法民初字第00155号 
四川省阆中市人民法院 民事判决书 （2015）阆民初字第1650号
 河南省汤阴县人民法院 民事判决书 （2014）汤宜民初字第62号 
 吉林省公主岭市人民法院 民事判决书 （2014）公民一初字第589号 
 广西壮族自治区灵山县人民法院 民事判决书 （2014）灵民初字第1256号 
 河北省临城县人民法院 民事判决书 （2015）临民一初字第39号 
山西省长子县人民法院 民事判决书 （2015）长民初字第764号
中华人民共和国 广东省台山市人民法院 民事判决书 （2014）江台法民三初字第190号
 息县人民法院 民事判决书 （2014）息民初字第646号 
