 广东省陆丰市人民法院 民事判决书 （2013）汕陆法民一初字第93号 
 西华县人民法院 民事判决书 （2014）西民初字第1405号 
 青海省同仁县人民法院 民事判决书 （2014）同民一初字第17号 
山东省单县人民法院 民事判决书 （2010）单民初字第264号
河南省安阳市北关区人民法院 民事判决书 （2012）北民二初字第255号
四川省广安市广安区人民法院 民事判决书 （2015）广安民初字第1329号
 苏州市吴江区人民法院 民事判决书 （2014）吴江震民初字第0510号 
安徽省潜山县人民法院 民事判决书 （2015）潜民一初字第01482号
 重庆市万州区人民法院 民事判决书 （2013）万法民初字第08409号 
 黑龙江省大庆市大同区人民法院 民事判决书 （2014）同民初字第226号 
 福建省东山县人民法院 民事判决书 （2014）东民初字第632号 
 山东省茌平县人民法院 民事判决书 （2012）茌民一初字第146号 
 山西省壶关县人民法院 民事判决书 （2015）壶民初字第432号 
 宁城县人民法院 民事判决书 （2014）宁民初字第03631号 
 湖北省谷城县人民法院 民事判决书 （2013）鄂谷城过民初字第00083号 
 湖南省邵东县人民法院 民事判决书 （2015）邵东民初字第1262号 
 广西壮族自治区凤山县人民法院 民事判决书 （2014）凤民初字第79号 
 上海市青浦区人民法院 民事判决书 （2014）青民一（民）初字第725号 
 山东省鄄城县人民法院 民事判决书 （2014）鄄民初字第1379号 
 广西壮族自治区兴业县人民法院 民事判决书 （2013）兴民一初字第441号 
 杭州市萧山区人民法院 民事判决书 （2012）杭萧民初字第7688号 
 湖南省长沙市芙蓉区人民法院 民事判决书 （2014）芙民初字第1924号 
 山东省淄博市淄川区人民法院 民事判决书 （2014）川民初字第1131号 
 广西壮族自治区柳江县人民法院 民事判决书 （2014）江民初字第255号 
 广西壮族自治区兴业县人民法院 民事判决书 （2013）兴民一初字第258号 
 浙江省庆元县人民法院 民事判决书 （2014）丽庆民初字第325号 
 安徽省庐江县人民法院 民事判决书 （2014）庐江民一初字第01370号 
湖南省怀化市鹤城区人民法院 民事判决书 （2015）怀鹤民一初字第413号
湖北省天门市人民法院 民事判决书 （2015）鄂天门民初字第01243号
 河南省信阳市浉河区人民法院 民事判决书 （2014）信浉民初字第802号 
 浙江省德清县人民法院 民事判决书 （2012）湖德新民初字第372号 
湖北省竹山县人民法院 民事判决书 （2014）鄂竹山民初字第00155号
 开封县人民法院 民事判决书 （2014）开民初字第113号 
 山东省乳山市人民法院 民事判决书 （2012）乳银民初字第42号 
 山东省嘉祥县人民法院 民事判决书 （2014）嘉民初字第2646号 
 四川省南充市高坪区人民法院 民事判决书 （2014）高坪民初字第483号 
 河南省淇县人民法院 民事判决书 （2014）淇民初字第373号 
 重庆市石柱土家族自治县人民法院 民事判决书 （2014）石法民初字第02832号 
 湖南省平江县人民法院 民事判决书 （2014）平民初字第297号 
 广西壮族自治区柳州市柳北区人民法院 民事判决书 （2014）北民一初字第1645号 
 福建省南安市人民法院 民事判决书 （2014）南民初字第2631号 
 安徽省池州市贵池区人民法院 民事判决书 （2014）贵民一初字第00093号 
 辽宁省本溪市溪湖区人民法院 民事判决书 （2015）溪民二初字第00101号 
江苏省涟水县人民法院 民事判决书 （2015）涟高民初字第00274号
南京市六合区人民法院 民事判决书 （2014）六程民初字第1028号
 贵州省六盘水市钟山区人民法院 民事判决书 （2015）黔钟民初字第1695号 
 广西壮族自治区北海市银海区人民法院 民事判决书 （2014）银民初字第346号 
 湖北省黄梅县人民法院 民事判决书 （2015）鄂黄梅民初字第00880号 
 山东省临邑县人民法院 民事判决书 （2014）临民初字第445号 
 辽宁省东港市人民法院 民事判决书 （2013）东民初字第5022号 
