 宜昌市夷陵区人民法院 民事判决书 （2014）鄂夷陵民初字第00312号 
 河南省长垣县人民法院 民事判决书 （2014）长民初字第2854号 
 湖北省武穴市人民法院 民事判决书 （2013）鄂武穴民初字第01870号 
 安阳县人民法院 民事判决书 （2014）安民初字第02032号 
 湖南省临澧县人民法院 民事判决书 （2014）临民一初字第56号 
 山东省临朐县人民法院 民事判决书 （2014）临民初字第2321号 
 海南省儋州市人民法院 民事判决书 （2014）儋民初字第735号 
 贵州省贵阳市花溪区人民法院 民事判决书 （2014）花民初字第2697号 
四川省邛崃市人民法院 民事判决书 （2015）邛崃民初字第489号
浙江省临海市人民法院 民事判决书 （2015）台临民初字第929号
山东省日照市东港区人民法院 民事判决书 （2015）东民一初字第1284号
湖南省湘乡市人民法院 民事判决书 （2015）湘法民一初字第1319号
 安徽省宁国市人民法院 民事判决书 （2014）宁民一初字第02683号 
 山东省鄄城县人民法院 民事判决书 （2014）鄄民初字第1507号 
 河南省通许县人民法院 民事判决书 （2014）通民初字第861号 
 福建省仙游县人民法院 民事判决书 （2015）仙民初字第2231号 
 山东省莘县人民法院 民事判决书 （2014）莘民一初字第1856号 
 甘肃省永靖县人民法院 民事判决书 （2015）永靖民初字第630号 
 湖南省中方县人民法院 民事判决书 （2013）方民一初字第331号 
 湖北省通城县人民法院 民事判决书 （2014）鄂通城民初字第00690号 
 云南省禄劝彝族苗族自治县人民法院 民事判决书 （2014）禄民初字第975号 
 湖北省十堰市茅箭区人民法院 民事判决书 （2015）鄂茅箭民一初字第00091号 
淮安市清浦区人民法院 民事判决书 （2013）浦民初字第3369号
 福建省闽清县人民法院 民事判决书 （2014）梅民初字第656号 
 湖南省永顺县人民法院 民事判决书 （2014）永民初字第81号 
四川省泸州市江阳区人民法院 民事判决书 （2015）江阳民初字第1493号
 河南省陕县人民法院 民事判决书 （2013）陕民初字第1512号 
吉林省集安市人民法院 民事判决书 （2015）集民一初字第246号
 江苏省沭阳县人民法院 民事判决书 （2015）沭民初字第01269号 
 河南省辉县市人民法院 民事判决书 （2015）辉民初字第909号 
 云南省盈江县人民法院 民事判决书 （2015）盈民初字第71号 
 湖南省桂阳县人民法院 民事判决书 （2014）桂阳法少民初字第235号 
 湖南省新晃侗族自治县人民法院 民事判决书 （2015）晃民一初字第18号 
 山东省新泰市人民法院 民事判决书 （2014）新民初字第2317号 
 山东省费县人民法院 民事判决书 （2015）费民初字第1063号 
 广西壮族自治区浦北县人民法院 民事判决书 （2013）浦民初字第96号 
 南京市六合区人民法院 民事判决书 （2012）六民初字第838号 
 西安市阎良区人民法院 民事判决书 （2014）阎民初字第00038号 
 湖北省江陵县人民法院 民事判决书 （2014）鄂江陵民初字第00087号 
 湖南省新宁县人民法院 民事判决书 （2014）宁民一初字第923号 
江西省玉山县人民法院 民事判决书 （2013）玉民一初字第1410号
 河南省新郑市人民法院 民事判决书 （2014）新民初字第4353号 
 山东省曹县人民法院 民事判决书 （2013）曹民初字第548号 
 浙江省乐清市人民法院 民事判决书 （2014）温乐虹民初字第315号 
 云南省南华县人民法院 民事判决书 （2014）南民初字第100号 
 河南省南阳市卧龙区人民法院 民事判决书 （2014）宛龙蒲民初字第241号 
浙江省青田县人民法院 民事判决书 （2015）丽青温民初字第530号
吉林省吉林市昌邑区人民法院 民事判决书 （2015）昌民一初字第1683号
 山东省巨野县人民法院 民事判决书 （2013）巨民初字第550号 
 重庆市九龙坡区人民法院 民事判决书 （2015）九法民初字第02896号 
