 湖南省邵阳县人民法院 民事判决书 （2014）阳民初字第1526号 
 萍乡市湘东区人民法院 民事判决书 （2014）湘民一初字第214号 
 四川省峨眉山市人民法院 民事判决书 （2014）峨眉民初字第1647号 
 河南省兰考县人民法院 民事判决书 （2014）兰民初字第1587号 
 山东省日照市东港区人民法院 民事判决书 （2014）东民一初字第620号 
湖北省神农架林区人民法院 民事判决书 （2015）鄂神农架民初字第00320号
 山东省莱州市人民法院 民事判决书 （2014）莱州民初字第146号 
甘肃省古浪县人民法院 民事判决书 （2015）古民初字第499号
 湖州市吴兴区人民法院 民事判决书 （2015）湖吴民初字第113号 
 湖南省新邵县人民法院 民事判决书 （2014）新民初字第20号 
湖南省洞口县人民法院 民事判决书 （2015）洞民初字第457号
四川省郫县人民法院 民事判决书 （2015）成郫民初字第1946号
内蒙古自治区杭锦后旗人民法院 民事判决书 （2015）杭民初字第2604号
 襄阳市襄州区人民法院 民事判决书 （2014）鄂襄州东津民初字第00180号 
 安阳市北关区人民法院 民事判决书 （2013）北民一初字第794号 
 河北省广平县人民法院 民事判决书 （2012）广民初字第491号 
四川省射洪县人民法院 民事判决书 （2015）射洪民初字第776号
 江西省横峰县人民法院 民事判决书 （2015）横民一初字第138号 
重庆市酉阳土家族苗族自治县人民法院 民事判决书 （2015）酉法民初字第01870号
 安徽省合肥市包河区人民法院 民事判决书 （2013）包民一初字第01831号 
福建省浦城县人民法院 民事判决书 （2015）浦民初字第1237号
 安徽省枞阳县人民法院 民事判决书 （2015）枞民一初字第00963号 
 辽宁省锦州市太和区人民法院 民事判决书 （2014）太民一初字第00285号 
湖北省十堰市郧阳区人民法院 民事判决书 （2015）鄂郧阳民一初字第01108号
 山东省菏泽市牡丹区人民法院 民事判决书 （2014）菏牡民初字第584号 
湖北省监利县人民法院 民事判决书 （2015）鄂监利民初字第01420号
 安徽省颍上县人民法院 民事判决书 （2013）颍民一初字第03266号 
江苏省灌云县人民法院 民事判决书 （2015）灌少民初字第00503号
 河北省滦县人民法院 民事判决书 （2012）滦民初字第364号 
 河南省台前县人民法院 民事判决书 （2013）台民初字第01106号 
 山东省蒙阴县人民法院 民事判决书 （2014）蒙民初字第3393号 
 江苏省射阳县人民法院 民事判决书 （2014）射开民初字第00914号 
 淮安市淮安区人民法院 民事判决书 （2014）淮法少民初字第0091号 
广东省肇庆市高要区人民法院 民事判决书 （2015）肇要法新民初字第82号
 宁波市镇海区人民法院 民事判决书 （2012）甬镇民初字第1696号 
山西省大同市新荣区人民法院 民事判决书 （2014）新民初字第165号
 山东省费县人民法院 民事判决书 （2014）费民初字第1400号 
 山东省莱州市人民法院 民事判决书 （2015）莱州驿民初字第4号 
浙江省平阳县人民法院 民事判决书 （2009）温平水民初字第665号
 湖南省桃源县人民法院 民事判决书 （2014）桃民初字第1789号 
 湖南省安乡县人民法院 民事判决书 （2014）安民初字第657号 
 河南省邓州市人民法院 民事判决书 （2014）邓法民初字第753号 
 辽宁省盘山县人民法院 民事判决书 （2014）盘县民一初字第00142号 
 安徽省太湖县人民法院 民事判决书 （2014）太民一初字第01149号 
 沈阳市沈北新区人民法院 民事判决书 （2013）北新民初字第3641号 
湖南省常德市鼎城区人民法院 民事判决书 （2015）常鼎民初字第1702号
安徽省寿县人民法院 民事判决书 （2014）寿民一初字第00322号
 浙江省台州市路桥区人民法院 民事判决书 （2015）台路民初字第1442号 
 福建省古田县人民法院 民事判决书 （2014）古民初字第239号 
 河北省盐山县人民法院 民事判决书 （2014）盐民初字第14号 
