河南省孟津县人民法院 民事判决书 （2015）孟民四初字第102号
云南省瑞丽市人民法院 民事判决书 （2015）瑞民一初字第259号
 黑龙江省齐齐哈尔市碾子山区人民法院 民事判决书 （2014）碾民初字第69号 
 山东省聊城市东昌府区人民法院 民事判决书 （2014）聊东民初字第473号 
 吉林省德惠市人民法院 民事判决书 （2014）德民初字第1303号 
 广西壮族自治区玉林市玉州区人民法院 民事判决书 （2014）玉区法民初字第228号 
 江苏省赣榆县人民法院 民事判决书 （2014）赣民初字第1329号 
 河南省驻马店市驿城区人民法院 民事判决书 （2014）驿民初字第1547号 
陕西省周至县人民法院 民事判决书 （2015）周民初字第01015号
 广东省郁南县人民法院 民事判决书 （2014）云郁法连民初字第265号 
 河南省正阳县人民法院 民事判决书 （2015）正民初字第00773号 
 四川省江油市人民法院 民事判决书 （2014）江油民初字第164号 
 湖南省湘潭市雨湖区人民法院 民事判决书 （2015）雨法响民初字第59号 
湖南省长沙市望城区人民法院 民事判决书 （2015）望民初字第00910号
 贵州省遵义市汇川区人民法院 民事判决书 （2014）汇民初字第923号 
 山东省菏泽市牡丹区人民法院 民事判决书 （2013）菏牡民初字第271号 
四川省广安市广安区人民法院 民事判决书 （2015）广安民初字第831号
 四川省苍溪县人民法院 民事判决书 （2014）苍溪民初字第787号 
淮安市淮阴区人民法院 民事判决书 （2015）淮陈民初字第00507号
 河北省迁安市人民法院 民事判决书 （2014）安民初字第5144号 
 南京市溧水区人民法院 民事判决书 （2014）溧洪民初字第517号 
 河南省平舆县人民法院 民事判决书 （2015）平民初字第00294号 
 阳谷县人民法院 民事判决书 （2014）阳民初字第229号 
 中华人民共和国 广东省台山市人民法院 民事判决书 （2014）江台法民三初字第60号 
 山东省齐河县人民法院 民事判决书 （2015）齐赵民初字第1063号 
云南省巧家县人民法院 民事判决书 （2015）巧民初字第510号
陕西省蒲城县人民法院 民事判决书 （2015）蒲民初字第01569号
 重庆市奉节县人民法院 民事判决书 （2014）奉法民初字第01510号 
 湖南省溆浦县人民法院 民事判决书 （2013）溆民一初字第938号 
 山东省新泰市人民法院 民事判决书 （2014）新民初字第4375号 
 江苏省溧阳市人民法院 民事判决书 （2014）溧竹民初字第00162号 
 福建省南平市延平区人民法院 民事判决书 （2014）延民初字第3318号 
 广东省惠来县人民法院 民事判决书 （2013）揭惠法神民初字第310号 
 山东省郓城县人民法院 民事判决书 （2014）郓民初字第922号 
甘肃省兰州市七里河区人民法院 民事判决书 （2015）七民初字第90207号
 云南省沾益县人民法院 民事判决书 （2014）沾民初字第706号 
云南省罗平县人民法院 民事判决书 （2014）罗民初字第18号
 湖南省华容县人民法院 民事判决书 （2014）华民初字第738号 
 四川省井研县人民法院 民事判决书 （2013）井研民初字第1026号 
 湖南省会同县人民法院 民事判决书 （2014）会民一初字第285号 
湖南省慈利县人民法院 民事判决书 （2015）慈民一初字第388号
 浙江省台州市路桥区人民法院 民事判决书 （2015）台路金民初字232号 
广西壮族自治区平果县人民法院 民事判决书 （2015）平民一初字第811号
 安徽省含山县人民法院 民事判决书 （2015）含民一初字第00269号 
 安徽省庐江县人民法院 民事判决书 （2015）庐江民一初字第00791号 
 福建省建阳市人民法院 民事判决书 （2014）潭民初字第1913号 
 河南省封丘县人民法院 民事判决书 （2014）封民初字第02069号 
 贵州省绥阳县人民法院 民事判决书 （2014）绥民一初字第165号 
甘肃省宕昌县人民法院 民事判决书 （2015）宕民初字第419号
 河北省武安市人民法院 民事判决书 （2012）武民初字第3921号 
