青海省民和回族土族自治县人民法院 民事判决书 （2014）民民初字第522号
浙江省玉环县人民法院 民事判决书 （2012）台玉港民初字第86号
 安徽省颍上县人民法院 民事判决书 （2014）颍民一初字第01734号 
浙江省余姚市人民法院 民事判决书 （2010）甬余马民初字第55号
 福建省南平市延平区人民法院 民事判决书 （2014）延民初字第4937号 
河北省成安县人民法院 民事判决书 （2015）成民初字第01560号
 山东省邹平县人民法院 民事判决书 （2015）邹民初字第1245号 
重庆市渝北区人民法院 民事判决书 （2015）渝北法民初字第14909号
 温州市龙湾区人民法院 民事判决书 （2014）温龙民初字第611号 
 湖南省永州市零陵区人民法院 民事判决书 （2014）零民初字第1727号 
 沈阳市铁西区人民法院 民事判决书 （2015）沈铁西民一初字第315号 
 河北省清河县人民法院 民事判决书 （2013）清民一初字第189号 
 山东省临清市人民法院 民事判决书 （2013）临民一初字第1551号 
 河北省肥乡县人民法院 民事判决书 （2015）肥民初字第42号 
广西壮族自治区上林县人民法院 民事判决书 （2015）上民一初字第46号
 江西省余干县人民法院 民事判决书 （2014）干民一初字第557号 
 山东省夏津县人民法院 民事判决书 （2014）夏民初字第5081号 
 江西省万载县人民法院 民事判决书 （2014）万康民初字第187号 
 新疆维吾尔自治区库尔勒市人民法院 民事判决书 （2014）库民初字第1669号 
 安徽省东至县人民法院 民事判决书 （2014）东民一初字第00734号 
 河南省邓州市人民法院 民事判决书 （2013）邓法民初字第2048号 
浙江省乐清市人民法院 民事判决书 （2010）温乐柳民初字第410号
 甘肃省兰州市城关区人民法院 民事判决书 （2014）城民鼓初字第452号 
四川省大邑县人民法院 民事判决书 （2013）大邑民初字第129号
 山东省临邑县人民法院 民事判决书 （2015）临民初字第104号 
 安徽省颍上县人民法院 民事判决书 （2014）颍民一初字第00678号 
 四川省仪陇县人民法院 民事判决书 （2014）仪民初字第1335号 
 河北省沧县人民法院 民事判决书 （2014）沧民初字第360号 
 福建省南安市人民法院 民事判决书 （2014）南民初字第2042号 
福建省福州市仓山区人民法院 民事判决书 （2015）仓民初字第2731号
 黑龙江省五常市人民法院 民事判决书 （2014）五民初字第642号 
 河南省方城县人民法院 民事判决书 （2014）方独民初字第111号 
 吉林省九台市人民法院 民事判决书 （2014）九民初字第2570号 
江苏省睢宁县人民法院 民事判决书 （2015）睢李民初字第304号
 福建省福州市台江区人民法院 民事判决书 （2014）台民初字第2001号 
 山东省莒南县人民法院 民事判决书 （2015）莒大民初字第104号 
吉林省吉林市昌邑区人民法院 民事判决书 （2015）昌民一初字第642号
 四川省内江市东兴区人民法院 民事判决书 （2015）内东民初字第18号 
 四川省宜宾市南溪区人民法院 民事判决书 （2013）南溪民初字第103号 
河南省平舆县人民法院 民事判决书 （2015）平民初字第01858号
 四川省长宁县人民法院 民事判决书 （2010）长民初字第749号 
南京市栖霞区人民法院 民事判决书 （2015）栖民初字第1123号
重庆市铜梁区人民法院 民事判决书 （2015）铜法民初字第00605号
山东省宁津县人民法院 民事判决书 （2015）宁民初字第840号
 湖南省湘乡市人民法院 民事判决书 （2014）湘法民一初字第661号 
 中华人民共和国 吉林省延边朝鲜族自治州中级人民法院 民事判决书 （2014）延中民三初字第1034号 
湖南省长沙市岳麓区人民法院 民事判决书 （2015）岳民初字第01902号
 四川省富顺县人民法院 民事判决书 （2014）富民一初字第813号 
 甘肃省宁县人民法院 民事判决书 （2014）宁民初字第498号 
 陕西省洛南县人民法院 民事判决书 （2014）洛南民初字第00155-2号 
