 安徽省郎溪县人民法院 民事判决书 （2014）郎民一初字第00954号 
山东省莱州市人民法院 民事判决书 （2015）莱州民初字第91号
云南省宣威市人民法院 民事判决书 （2015）宣民初字第2582号
山东省寿光市人民法院 民事判决书 （2015）寿民初字第3397号
河南省许昌市魏都区人民法院 民事判决书 （2015）魏民一初字第305号
 河北省磁县人民法院 民事判决书 （2011）磁民初字第1033号 
江苏省如东县人民法院 民事判决书 （2015）东民初字第00542号
辽宁省海城市人民法院 民事判决书 （2015）海民未初字第00180号
 湖南省长沙市天心区人民法院 民事判决书 （2014）天民初字第953号 
 上海市奉贤区人民法院 民事判决书 （2014）奉民一（民）初字第749号 
 浙江省杭州市余杭区人民法院 民事判决书 （2011）杭余余民初字第45号 
 广东省惠来县人民法院 民事判决书 （2014）揭惠法靖民初字第176号 
 大连市沙河口区人民法院 民事判决书 （2014）沙民初字第862号 
福建省宁德市蕉城区人民法院 民事判决书 （2014）蕉民初字第3260号
 刘某与管某甲离婚纠纷一审民事判决书 广西壮族自治区融水苗族自治县人民法院 民事判决书 （2015）融水民一初字第85号 
 湖南省邵阳县人民法院 民事判决书 （2014）阳民初字第1297号 
江苏省泗阳县人民法院 民事判决书 （2015）泗王民初字第0289号
 山东省滕州市人民法院 民事判决书 （2013）滕民初字第3748号 
 山东省东阿县人民法院 民事判决书 （2012）东民初字第2793号 
陕西省宝鸡市渭滨区人民法院 民事判决书 （2015）渭滨民初字第00749号
福建省福清市人民法院 民事判决书 （2014）融民初字第3360号
 福建省莆田市涵江区人民法院 民事判决书 （2015）涵民初字第178号 
安徽省望江县人民法院 民事判决书 （2015）望民一初字第00926号
 湖南省宁远县人民法院 民事判决书 （2013）宁法民一初字第1133号 
 宜昌市夷陵区人民法院 民事判决书 （2013）鄂夷陵民初字第00851号 
 浙江省嘉善县人民法院 民事判决书 （2012）嘉善民初字第1878号 
 湖南省怀化市鹤城区人民法院 民事判决书 （2013）怀鹤民一初字第221号 
 广西壮族自治区凌云县人民法院 民事判决书 （2015）凌民一初字第416号 
 河北省衡水市桃城区人民法院 民事判决书 （2013）衡桃西民一初字第122号 
黑龙江省哈尔滨市南岗区人民法院 民事判决书 （2015）南民二民初字第876号
 甘肃省临洮县人民法院 民事判决书 （2014）临民一初字第280号 
 湖北省蕲春县人民法院 民事判决书 （2014）鄂蕲春民一初字第00780号 
 湖南省浏阳市人民法院 民事判决书 （2015）浏民初字第59号 
 广东省普宁市人民法院 民事判决书 （2014）揭普法民一初字第123号 
 河北省围场满族蒙古族自治县人民法院 民事判决书 （2014）围民初字第3509号 
 宁城县人民法院 民事判决书 （2014）宁民初字第03098号 
 安徽省凤阳县人民法院 民事判决书 （2015）凤民一初字第01234号 
 山西省天镇县人民法院 民事判决书 （2015）天民初字第221号 
福建省福州市晋安区人民法院 民事判决书 （2015）晋民初字第1546号
贵州省绥阳县人民法院 民事判决书 （2015）绥民初字第450号
 贵州省贵定县人民法院 民事判决书 （2015）贵民初字第61号 
山东省菏泽市牡丹区人民法院 民事判决书 （2010）菏牡民初字第27号
 石家庄市长安区人民法院 民事判决书 （2014）长民初字第2190号 
 湖北省武汉市青山区人民法院 民事判决书 （2015）鄂青山民一初字第00469号 
 山东省曹县人民法院 民事判决书 （2014）曹民初字第675号 
广西壮族自治区南宁市良庆区人民法院 民事判决书 （2015）良民一初字第214号
 浙江省嘉善县人民法院 民事判决书 （2013）嘉善民初字第442号 
 广西壮族自治区博白县人民法院 民事判决书 （2014）博民初字第1691号 
 临沧市临翔区人民法院 民事判决书 （2015）临民初字第53号 
四川省简阳市人民法院 民事判决书 （2015）简阳民初字第1441号
