贵州省普定县人民法院 民事判决书 （2015）普民初字第455号
 湖南省益阳市赫山区人民法院 民事判决书 （2015）益赫民一初字第740号 
 平凉市崆峒区人民法院 民事判决书 （2013）崆民初字第2111号 
 云南省盐津县人民法院 民事判决书 （2014）盐民初字第519号 
 江苏省盱眙县人民法院 民事判决书 （2014）盱民初字第2086号 
 贵州省普安县人民法院 民事判决书 （2015）普民初字第104号 
 安徽省合肥市包河区人民法院 民事判决书 （2014）包民一初字第01025号 
 重庆市黔江区人民法院 民事判决书 （2014）黔法民初字第02871号 
 湖北省石首市人民法院 民事判决书 （2014）鄂石首民初字第01867号 
 湖北省仙桃市人民法院 民事判决书 （2014）鄂仙桃民一初字第00208号 
 息县人民法院 民事判决书 （2014）息民初字第2057号 
 山东省青岛市黄岛区人民法院 民事判决书 （2014）黄民初字第6567号 
 河北省邢台市桥西区人民法院 民事判决书 （2014）西民初字第1489号 
 山东省鱼台县人民法院 民事判决书 （2014）鱼民初字第552号 
 青岛市崂山区人民法院 民事判决书 （2013）崂民一初字第1105号 
 宜昌市葛洲坝人民法院 民事判决书 （2014）鄂葛洲坝民初字第00018号 
浙江省三门县人民法院 民事判决书 （2010）台三健民初字第94号
广东省潮州市潮安区人民法院 民事判决书 （2015）潮安法民一初字第328号
 山东省禹城市人民法院 民事判决书 （2015）禹民初字第653号 
 福建省建宁县人民法院 民事判决书 （2014）建民初字第664号 
 河南省柘城县人民法院 民事判决书 （2014）柘民初字第1655号 
 江苏省高邮市人民法院 民事判决书 （2014）邮民初字第0387号 
浙江省宁海县人民法院 民事判决书 （2010）甬宁深民初字第75号
 浙江省绍兴县人民法院 民事判决书 （2007）绍民一初字第1682号 
 湖南省宁远县人民法院 民事判决书 （2014）宁法民一初字第43号 
 重庆市荣昌县人民法院 民事判决书 （2014）荣法民初字第03738号 
 黑龙江省肇源县人民法院 民事判决书 （2015）源茂民初字第28号 
贵州省遵义市汇川区人民法院 民事判决书 （2014）汇民初字第401号
 山东省平度市人民法院 民事判决书 （2014）平民一初字第211号 
 四川省资中县人民法院 民事判决书 （2014）资中民初字第2704号 
山东省栖霞市人民法院 民事判决书 （2015）栖城民初字第166号
 山东省宁阳县人民法院 民事判决书 （2014）宁民初字第2505号 
 赤峰市松山区人民法院 民事判决书 松民初字第2665号 
安徽省临泉县人民法院 民事判决书 （2015）临民一初字第02034号
 陕西省蓝田县人民法院 民事判决书 （2014）蓝民初字第01293号 
 北京市门头沟区人民法院 民事判决书 （2014）门民初字第739号 
 淮安经济技术开发区人民法院 民事判决书 （2014）淮开民初字第0540号 
 四川省内江市市中区人民法院 民事判决书 （2015）内中民初字第392号 
河南省郸城县人民法院 民事判决书 （2015）郸民初字第2336号
 河北省河间市人民法院 民事判决书 （2015）河民初字第1786号 
湖北省阳新县人民法院 民事判决书 （2015）鄂阳新民浮初字第00198号
湖北省竹山县人民法院 民事判决书 （2015）鄂竹山民初字第01642号
安徽省临泉县人民法院 民事判决书 （2015）临民一初字第03874号
 淮安市淮阴区人民法院 民事判决书 （2014）淮少民初字第00154号 
贵州省水城县人民法院 民事判决书 （2014）黔水民初字第00119号
浙江省绍兴县人民法院 民事判决书 （2010）绍民初字第3063号
 江苏省海安县人民法院 民事判决书 （2014）安高民初字第00349号 
 山东省鄄城县人民法院 民事判决书 （2014）鄄民初字第357号 
 扶沟县人民法院 民事判决书 （2014）扶民初字第124号 
福建省龙海市人民法院 民事判决书 （2015）龙民初字第3819号
