 重庆市长寿区人民法院 民事判决书 （2014）长法民初字第04664号 
 宜昌市夷陵区人民法院 民事判决书 （2013）鄂夷陵民初字第01152号 
 安徽省合肥市蜀山区人民法院 民事判决书 （2015）蜀民一初字第00254号 
 四川省简阳市人民法院 民事判决书 （2015）简阳民初字第1642号 
 河南省淮阳县人民法院 民事判决书 （2015）淮民初字第00691号 
 湖南省长沙市望城区人民法院 民事判决书 （2014）望民初字第01587号 
 杭州市萧山区人民法院 民事判决书 （2012）杭萧民初字第6134号 
 河南省禹州市人民法院 民事判决书 （2014）禹民一初字第2352号 
浙江省诸暨市人民法院 民事判决书 （2015）绍诸牌民初字第00017号
 湖南省永州市零陵区人民法院 民事判决书 （2013）零民初字第691号 
 河北省望都县人民法院 民事判决书 （2014）望民初字第0031号 
四川省宜宾县人民法院 民事判决书 （2015）宜宾民初字第300号
 淮安市清河区人民法院 民事判决书 （2014）河民初字第2707号 
 ˎ̥山东省茌平县人民法院 民事判决书 （2008）茌民一初字第910号 
福建省南安市人民法院 民事判决书 （2015）南民初字第2987号
 四川省中江县人民法院 民事判决书 （2014）中江民初字第1012号 
安徽省泗县人民法院 民事判决书 （2015）泗民一初字第03893号
 重庆市江北区人民法院 民事判决书 （2015）江法民初字第07724号 
 山东省临清市人民法院 民事判决书 （2013）临民一初字第860号 
 新疆维吾尔自治区沙雅县人民法院 民事判决书 （2015）沙民初字第210号 
 河北省南和县人民法院 民事判决书 （2013）南民一初字第804号 
 河北省馆陶县人民法院 民事判决书 （2013）馆民初字第159号 
 湖南省隆回县人民法院 民事判决书 （2014）隆民一初字第1140号 
 湖南省涟源市人民法院 民事判决书 （2014）涟民一初字第1403号 
广东省化州市人民法院 民事判决书 （2015）茂化法民一初字第37号
 四川省自贡市大安区人民法院 民事判决书 （2014）大民一初字第477号 
 湖北省武汉市江夏区人民法院 民事判决书 （2014）鄂江夏金民初字第00170号 
 重庆市江北区人民法院 民事判决书 （2015）江法民初字第05258号 
 南通市通州区人民法院 民事判决书 （2014）通山民初字第00391号 
 沁阳市人民法院 民事判决书 （2014）沁民西向初字第00143号 
 河南省泌阳县人民法院 民事判决书 （2015）泌民初字第00903号 
 贵州省余庆县人民法院 民事判决书 （2014）余法民初字第658号 
 安徽省芜湖市镜湖区人民法院 民事判决书 （2014）镜民一初字第02214号 
 山东省聊城市东昌府区人民法院 民事判决书 （2015）聊东民初字第498号 
 吉林省德惠市人民法院 民事判决书 （2014）德民初字第613号 
 辽宁省阜新市海州区人民法院 民事判决书 （2014）海民一初字第138号 
浙江省仙居县人民法院 民事判决书 （2010）台仙民初字第500号
山东省济宁市任城区人民法院 民事判决书 （2014）任民初字第4364号
 重庆市铜梁县人民法院 民事判决书 （2014）铜法民初字第03029号 
河北省盐山县人民法院 民事判决书 （2015）盐民初字第1671号
 山东省临清市人民法院 民事判决书 （2013）临民一初字第911号 
浙江省嵊州市人民法院 民事判决书 （2010）绍嵊民初字第496号
 河南省获嘉县人民法院 民事判决书 （2015）获民初字第724号 
 黑龙江省哈尔滨市香坊区人民法院 民事判决书 （2014）香民一初字第483号 
 南京市六合区人民法院 民事判决书 （2011）六东民初字第700号 
 江苏省句容市人民法院 民事判决书 （2014）句后民初字第0911号 
 新疆维吾尔自治区霍城县人民法院 民事判决书 （2014）霍民初字第916号 
 内蒙古自治区通辽市科尔沁区人民法院 民事判决书 （2014）科民初字第1429号 
 甘肃省张家川回族自治县人民法院 民事判决书 （2014）张龙民初字第66号 
湖南省武冈市人民法院 民事判决书 （2015）武法民初字第1465号
