 贵州省凯里市人民法院 民事判决书 （2015）凯民初字第1160号 
 江西省吉安县人民法院 民事判决书 （2014）吉民初字第1052号 
 天津市宝坻区人民法院 民事判决书 （2013）宝民初字第6071号 
 山东省莒南县人民法院 民事判决书 （2014）莒坪民初字第312号 
 江西省万安县人民法院 民事判决书 （2015）万民一初字第240号 
 吉林省舒兰市人民法院 民事判决书 （2014）舒民一初字第317号 
 河北省文安县人民法院 民事判决书 （2014）文民初字第2384号 
 贵州省遵义县人民法院 民事判决书 （2015）遵县法民初字第985号 
 山东省肥城市人民法院 民事判决书 （2012）肥民初字第3024号 
 河南省伊川县人民法院 民事判决书 （2014）伊二民初字第72号 
 福建省厦门市海沧区人民法院 民事判决书 （2014）海民初字第562号 
 山东省诸城市人民法院 民事判决书 （2015）诸皇民初字第65号 
湖北省武汉经济技术开发区人民法院 民事判决书 （2015）鄂武经开民初字第01820号
吉林省农安县人民法院 民事判决书 （2015）农民初字第642号
 广东省东莞市第一人民法院 民事判决书 （2014）东一法东民一初字第1601号 
河南省驻马店市驿城区人民法院 民事判决书 （2014）驿民初字第1097号
 南京市溧水区人民法院 民事判决书 （2015）溧民初字第1317号 
 湖南省湘潭县人民法院 民事判决书 （2014）潭民一初字第898号 
 福建省柘荣县人民法院 民事判决书 （2015）柘民初字第398号 
 淮安市淮阴区人民法院 民事判决书 （2014）淮民初字第02019号 
 宁波市鄞州区人民法院 民事判决书 （2014）甬鄞望民初字第264号 
 浙江省武义县人民法院 民事判决书 （2013）金武民初字第640号 
 陕西省岚皋县人民法院 民事判决书 （2015）岚民初字第00007号 
甘肃省临洮县人民法院 民事判决书 （2015）临民一初字第324号
河南省西峡县人民法院 民事判决书 （2015）西城民初字第636号
 江苏省东海县人民法院 民事判决书 （2014）连东民初字第01416号 
 中华人民共和国 浙江省文成县人民法院 民事判决书 （2014）温文民初字第716号 
 安徽省肥西县人民法院 民事判决书 （2015）肥西民一初字第00306号 
 福建省尤溪县人民法院 民事判决书 （2014）尤民初字第651号 
陕西省石泉县人民法院 民事判决书 （2015）石民初字第00069号
 浙江省淳安县人民法院 民事判决书 （2009）杭淳民初字第265号 
 湖北省云梦县人民法院 民事判决书 （2015）鄂云梦民初字第00153号 
 湖南省凤凰县人民法院 民事判决书 （2014）凤民初字第209号 
 湖北省仙桃市人民法院 民事判决书 （2015）鄂仙桃民一初字第00403号 
 浙江省余姚市人民法院 民事判决书 （2013）甬余泗民初字第9号 
 四川省绵竹市人民法院 民事判决书 （2014）绵竹民初字第1115号 
 重庆市北碚区人民法院 民事判决书 （2014）碚法民初字第02496号 
 杭州市余杭区人民法院 民事判决书 （2015）杭余塘民初字第50号 
 济南市天桥区人民法院 民事判决书 （2014）天民四初字第379号 
西安市雁塔区人民法院 民事判决书 （2015）雁民初字第04418号
 长春汽车经济技术开发区人民法院 民事判决书 （2013）长汽开民初字第744号 
 南京市鼓楼区人民法院 民事判决书 （2013）鼓民初字第4933号 
 重庆市长寿区人民法院 民事判决书 （2014）长法民初字第02782号 
 安徽省广德县人民法院 民事判决书 （2015）广民一初字第01429号 
 河北省唐山市古冶区人民法院 民事判决书 （2013）古民初字第752号 
河南省南阳市宛城区人民法院 民事判决书 （2015）宛民初字第2728号
杜某某诉陈某某离婚纠纷民事判决书 贵州省息烽县人民法院 民事判决书 （2015）息民初字第307号
 海南省万宁市人民法院 民事判决书 （2014）万民初字第275号 
 安徽省凤阳县人民法院 民事判决书 （2015）凤民一初字第00009号 
 四川省达州市通川区人民法院 民事判决书 （2014）通川民初字第551号 
