 河南省杞县人民法院 民事判决书 （2014）杞民初字第1266号 
 重庆市綦江区人民法院 民事判决书 （2013）綦法民初字第06547号 
 安徽省定远县人民法院 民事判决书 （2013）定民一初字第01795号 
 江苏省盱眙县人民法院 民事判决书 （2013）盱民初字第1733号 
海南省琼海市人民法院 民事判决书 （2015）琼海民一初字第882号
 广东省佛山市南海区人民法院 民事判决书 （2015）佛南法里民一初字第35号 
 河北省南皮县人民法院 民事判决书 （2015）南民初字第792号 
四川省安岳县人民法院 民事判决书 （2015）安岳民初字第2211号
 辽宁省锦州市太和区人民法院 民事判决书 （2015）太民一初字第00342号 
 辽宁省瓦房店市人民法院 民事判决书 （2014）瓦民初字第2912号 
浙江省温岭市人民法院 民事判决书 （2015）台温松民初字第94号
湖北省武汉市黄陂区人民法院 民事判决书 （2015）鄂黄陂王民初字第00099号
 湖南省新化县人民法院 民事判决书 （2015）新法民一初字第681号 
 河南省唐河县人民法院 民事判决书 （2013）唐民一初字第115号 
 四川省简阳市人民法院 民事判决书 （2015）简阳民初字第45号 
广东省普宁市人民法院 民事判决书 （2015）揭普法洪民初字第183号
 四川省乐山市五通桥区人民法院 民事判决书 （2014）五通民初字第702号 
河北省张北县人民法院 民事判决书 （2015）北民初字第299号
 四川省彭山县人民法院 民事判决书 （2015）彭山民初字第234号 
 杭州市下城区人民法院 民事判决书 （2011）杭下民初字第1336号 
重庆市黔江区人民法院 民事判决书 （2015）黔法民初字第01948号
 湖北省广水市人民法院 民事判决书 （2014）鄂广水民初字第01944号 
 新疆维吾尔自治区昌吉市人民法院 民事判决书 （2014）昌民一初字第0573号 
 吉林省延吉市人民法院 民事判决书 （2014）延民初字第3679号 
安徽省定远县人民法院 民事判决书 （2015）定民一初字第03571号
 湖南省新晃侗族自治县人民法院 民事判决书 （2015）晃民一初字第235号 
 南京市六合区人民法院 民事判决书 （2014）六东民初字第831号 
河南省延津县人民法院 民事判决书 （2015）延民初字第414号
江西省贵溪市人民法院 民事判决书 （2015）贵民一初字第978号
 天津市滨海新区人民法院 民事判决书 （2014）滨港民初字第4034号 
 江苏省兴化市人民法院 民事判决书 （2014）泰兴临民初字第0555号 
 河南省漯河市召陵区人民法院 民事判决书 （2014）召民初字第857号 
山东省定陶县人民法院 民事判决书 （2014）定民初字第147号
 四川省资阳市雁江区人民法院 民事判决书 （2014）雁江民初字第1636号 
安徽省舒城县人民法院 民事判决书 （2014）舒民一初字第01683号
 襄阳市襄州区人民法院 民事判决书 （2013）鄂襄州古驿民初字第00146号 
 安徽省宿州市埇桥区人民法院 民事判决书 （2015）宿埇民一初字第00055号 
 杭州市西湖区人民法院 民事判决书 （2013）杭西民初字第7号 
南充市顺庆区人民法院 民事判决书 （2015）顺庆民初字第2590号
 甘肃省天水市麦积区人民法院 民事判决书 （2015）麦民一初字第586号 
 江苏省徐州市贾汪区人民法院 民事判决书 （2014）贾塔民初字第00315号 
 湖南省汨罗市人民法院 民事判决书 汨民初字第1545号 
湖南省湘潭县人民法院 民事判决书 （2015）潭民一初字第1136号
 滑县人民法院 民事判决书 （2014）滑白民初字第84号 
 河南省西峡县人民法院 民事判决书 （2015）西米民初字第25号 
河南省泌阳县人民法院 民事判决书 （2015）泌民初字第01873号
山东省鄄城县人民法院 民事判决书 （2013）鄄民初字第432号
广西壮族自治区南宁市良庆区人民法院 民事判决书 （2015）良民一初字第19号
沈阳市铁西区人民法院 民事判决书 （2015）沈铁西民一初字第01435号
江苏省东海县人民法院 民事判决书 （2015）连东少民初字第00781号
