 江苏省海安县人民法院 民事判决书 （2013）安开民初字第1071号 
 林州市人民法院 民事判决书 （2013）林合民初字第174号 
 河南省上蔡县人民法院 民事判决书 （2014）上民一初字第1053号 
 河南省淮阳县人民法院 民事判决书 （2014）淮民初字第01486号 
 广西壮族自治区陆川县人民法院 民事判决书 （2015）陆民初字第926号 
陕西省神木县人民法院 民事判决书 （2015）神民初字第05064号
 安徽省霍邱县人民法院 民事判决书 （2015）霍民一初字第01317号 
 福建省长汀县人民法院 民事判决书 （2015）汀民初字第887号 
 广东省饶平县人民法院 民事判决书 （2014）潮平法钱民初字第41号 
 四川省合江县人民法院 民事判决书 （2014）合江民初字第2273号 
 河北省任丘市人民法院 民事判决书 （2014）任民初字第2480号 
 徐州市铜山区人民法院 民事判决书 （2014）铜张民初字第25号 
安徽省阜阳市颍州区人民法院 民事判决书 （2015）州民一初字第01022号
 江苏省东海县人民法院 民事判决书 （2014）东双民初字第0189号 
湖北省武汉市汉阳区人民法院 民事判决书 （2013）鄂汉阳江民初字第00169号
贵州省黔西县人民法院 民事判决书 （2015）黔县民初字第1527号
 贵州省盘县人民法院 民事判决书 （2014）黔盘民初字第2642号 
 安徽省青阳县人民法院 民事判决书 （2014）青民一初字第00528号 
 四川省威远县人民法院 民事判决书 （2015）威民初字第746号 
 安徽省肥东县人民法院 民事判决书 （2015）肥东民一初字第00947号 
天津市静海县人民法院 民事判决书 （2015）静民初字第3976号
吉林高新技术产业开发区人民法院 民事判决书 （2015）吉高新民一初字第76号
 湖北省公安县人民法院 民事判决书 （2014）鄂公安民初字第00803号 
 山东省泰安市岱岳区人民法院 民事判决书 （2014）岱民初字第965号 
湖南省益阳市赫山区人民法院 民事判决书 （2015）益赫民一初字第832号
 四川省仪陇县人民法院 民事判决书 （2014）仪民初字第627号 
 四川省仪陇县人民法院 民事判决书 （2014）仪民初字第2732号 
 福建省福鼎市人民法院 民事判决书 （2015）鼎民初字第1003号 
 安徽省亳州市谯城区人民法院 民事判决书 （2014）谯民一初字第01786号 
 浙江省乐清市人民法院 民事判决书 （2014）温乐柳民初字第302号 
 浙江省淳安县人民法院 民事判决书 （2007）淳民一初字第483号 
安徽省太和县人民法院 民事判决书 （2015）太民一初字第02235号
 河北省永清县人民法院 民事判决书 （2014）永民初字第1389号 
贵州省贵阳市花溪区人民法院 民事判决书 （2013）花民初字第602号
 湖北省团风县人民法院 民事判决书 （2014）鄂团风民初字第00922号 
 尉氏县人民法院 民事判决书 （2014）尉民初字第414号 
 河北省围场满族蒙古族自治县人民法院 民事判决书 （2015）围民初字第2115号 
 四川省邻水县人民法院 民事判决书 （2014）邻水民初字第2017号 
 河北省柏乡县人民法院 民事判决书 （2014）柏民一初字第411号 
 云南省文山市人民法院 民事判决书 （2014）文民一初字第566号 
 安徽省广德县人民法院 民事判决书 （2014）广民一初字第02532号 
 西华县人民法院 民事判决书 （2014）西民初字第225号 
江苏省如东县人民法院 民事判决书 （2015）东民初字第01016号
 贵州省凯里市人民法院 民事判决书 （2014）凯民初字第1524号 
江苏省东海县人民法院 民事判决书 （2015）连东双民初字第00741号
 福建省福清市人民法院 民事判决书 （2014）融民初字第1081号 
 湖南省茶陵县人民法院 民事判决书 （2014）茶法民一初字第351号 
山东省菏泽市牡丹区人民法院 民事判决书 （2010）菏牡民初字第20号
 四川省岳池县人民法院 民事判决书 （2014）岳池民初字第654号 
安徽省来安县人民法院 民事判决书 （2015）来民一初字第01123号
