 福建省莆田市城厢区人民法院 民事判决书 （2014）城民初字第378号 
 江西省瑞昌市人民法院 民事判决书 （2015）瑞民初字第613号 
广东省惠州市惠阳区人民法院 民事判决书 （2015）惠阳法民一初字第432号
 浙江省嘉善县人民法院 民事判决书 （2012）嘉善西民初字第19号 
 山东省诸城市人民法院 民事判决书 （2014）诸民初字第1084号 
 山西省稷山县人民法院 民事判决书 （2015）稷民三初字第112号 
 江苏省海门市人民法院 民事判决书 （2013）门包民初字第0962号 
 河南省郑州高新技术产业开发区人民法院 民事判决书 （2014）开民初字第8036号 
湖南省衡南县人民法院 民事判决书 （2015）南法向民一初字第37号
 山东省梁山县人民法院 民事判决书 （2013）梁民初字第560号 
浙江省平阳县人民法院 民事判决书 （2015）温平水民初字第359号
新疆维吾尔自治区乌苏市人民法院 民事判决书 （2015）乌民一初字第01302号
 湖北省仙桃市人民法院 民事判决书 （2013）鄂仙桃民一初字第01605号 
 河北省盐山县人民法院 民事判决书 （2014）盐民初字第2101号 
永城市人民法院 民事判决书 （2013）永民初字第1086号
安徽省肥东县人民法院 民事判决书 （2014）肥东民一初字第03512号
安徽省六安市金安区人民法院 民事判决书 六金民一初字第01127号
 浙江省慈溪市人民法院 民事判决书 （2014）甬慈浒民初字第314号 
 湖南省冷水江市人民法院 民事判决书 （2013）冷民一初字第742号 
 四川省南江县人民法院 民事判决书 （2015）南民初字第61号 
 湖北省郧县人民法院 民事判决书 （2014）鄂郧县民一初字第01121号 
 山东省临朐县人民法院 民事判决书 （2015）临法（辛）民初字第862号 
 湖南省汝城县人民法院 民事判决书 （2015）汝民初字第146号 
 福建省南安市人民法院 民事判决书 （2014）南民初字第3241号 
 山西省阳城县人民法院 民事判决书 （2014）阳民初字第1662号 
安徽省五河县人民法院 民事判决书 （2015）五民一初字第01442号
安徽省寿县人民法院 民事判决书 （2015）寿民一初字第01289号
 山东省东阿县人民法院 民事判决书 （2011）东民初字第139号 
 天津市红桥区人民法院 民事判决书 （2015）红民初字第0476号 
 四川省三台县人民法院 民事判决书 （2014）三民初字第1964号 
 陕西省周至县人民法院 民事判决书 （2012）周民初字第01407号 
 广东省鹤山市人民法院 民事判决书 （2015）江鹤法民二初字第73号 
河北省大名县人民法院 民事判决书 （2015）大民初字第721号
重庆市长寿区人民法院 民事判决书 （2015）长法民初字第04406号
 湖南省桃源县人民法院 民事判决书 （2014）桃民初字第1814号 
 河南省清丰县人民法院 民事判决书 （2015）清民初字第670号 
岫岩满族自治县人民法院 民事判决书 （2015）鞍岫民红初字第00367号
 湖北省恩施市人民法院 民事判决书 （2014）鄂恩施民初字第01106号 
 吉林省德惠市人民法院 民事判决书 （2015）德民初字第219号 
 山东省郓城县人民法院 民事判决书 （2015）郓民初字第561号 
 广东省紫金县人民法院 民事判决书 （2015）河紫法民一初字第635号 
 河北省隆尧县人民法院 民事判决书 （2014）隆民初字第900号 
 安徽省蒙城县人民法院 民事判决书 （2014）蒙民一初字第02282号 
 浙江省瑞安市人民法院 民事判决书 （2014）温瑞民初字第1349号 
中华人民共和国 湖北省襄阳高新技术产业开发区人民法院 民事判决书 （2015）鄂襄新民初字第00499号
 安徽省泾县人民法院 民事判决书 （2014）泾民一初字第00267号 
山东省郓城县人民法院 民事判决书 （2015）郓民初字第1210号
 北京市海淀区人民法院 民事判决书 （2014）海民初字第27632号 
山东省梁山县人民法院 民事判决书 （2015）梁民初字第995号
 河南省鲁山县人民法院 民事判决书 （2014）鲁民初字第2140号 
