 甘肃省临洮县人民法院 民事判决书 （2015）临窑民初字第67号 
贵州省毕节市七星关区人民法院 民事判决书 （2015）黔七民初字第1011号
昆明市呈贡区人民法院 民事判决书 （2015）呈民初字第737号
 江苏省邳州市人民法院 民事判决书 （2014）邳议民初字第0407号 
陕西省合阳县人民法院 民事判决书 （2015）合民初字第00632号
湖南省永州市冷水滩区人民法院 民事判决书 （2015）永冷民初字第1913号
 广东省乳源瑶族自治县人民法院 民事判决书 （2015）韶乳法民一初字第149号 
贵州省独山县人民法院 民事判决书 （2015）独民初字第757号
 安徽省歙县人民法院 民事判决书 （2014）歙民一初字第01102号 
 辽宁省新民市人民法院 民事判决书 （2015）新民民三初字第01873号 
 浙江省淳安县人民法院 民事判决书 （2009）杭淳民初字第628号 
 重庆市北碚区人民法院 民事判决书 （2014）碚法民初字第07630号 
 陕西省洋县人民法院 民事判决书 （2015）洋民初字第00078号 
 河北省徐水县人民法院 民事裁定书 （2014）徐民初字第1648号 
 四川省岳池县人民法院 民事判决书 （2014）岳池民初字第3453号 
江西省鄱阳县人民法院 民事判决书 （2015）鄱民一初字第161号
 长春市二道区人民法院 民事判决书 （2015）二民初字第889号 
 河南省杞县人民法院 民事判决书 （2013）杞民初字第811号 
 湖南省岳阳市岳阳楼区人民法院 民事判决书 （2014）楼民城初字第255号 
 淮安市清河区人民法院 民事判决书 （2015）河民初字第0615号 
 广西壮族自治区宜州市人民法院 民事判决书 （2015）宜民初字第1050号 
 四川省资中县人民法院 民事判决书 （2014）资中民初字第3117号 
湖南省中方县人民法院 民事判决书 （2015）方民一初字第412号
 江西省万载县人民法院 民事判决书 （2015）万康民初字第28号 
宁夏回族自治区石嘴山市大武口区人民法院 民事判决书 （2015）石大民初字第1681号
 山东省平原县人民法院 民事判决书 （2014）平民初字第1137号 
 山东省曹县人民法院 民事判决书 （2013）曹民初字第1161号 
 广东省乳源瑶族自治县人民法院 民事判决书 （2014）韶乳法民一初字第281号 
 山东省郓城县人民法院 民事判决书 （2013）郓民初字第804号 
湖南省常德市鼎城区人民法院 民事判决书 （2015）常鼎民初字第531号
 山东省昌乐县人民法院 民事判决书 （2014）乐阿民初字102号 
 福建省福清市人民法院 民事判决书 （2014）融民初字第2153号 
广东省高州市人民法院 民事判决书 （2013）茂高法长民初字第228号
 山西省朔州市朔城区人民法院 民事判决书 （2014）朔民初字第445号 
长春经济技术开发区人民法院 民事判决书 （2015）长经开民初字第00686号
河北省望都县人民法院 民事判决书 （2015）望民初字第566号
 南充市顺庆区人民法院 民事判决书 （2015）顺庆民初字第2766号 
 辽宁省盖州市人民法院 民事判决书 （2014）盖民东初字第1174号 
 河北省衡水市桃城区人民法院 民事判决书 （2014）衡桃民一初字第341号 
 山东省肥城市人民法院 民事判决书 （2015）肥民初字第345号 
 河北省博野县人民法院 民事判决书 （2015）博民初字第233号 
 四川省剑阁县人民法院 民事判决书 （2014）剑阁民初字第273号 
 湖南省汉寿县人民法院 民事判决书 （2014）汉民初字第1383号 
嘉兴市秀洲区人民法院 民事判决书 （2011）嘉秀民初字第1273号
 浙江省兰溪市人民法院 民事判决书 （2014）金兰黄民初字第72号 
 河北省南宫市人民法院 民事判决书 （2015）南民初字第308号 
安徽省南陵县人民法院 民事判决书 （2013）南民一初字第00298号
 广东省东源县人民法院 民事判决书 （2014）河东法民一初字第130号 
青海省西宁市城东区人民法院民事判决书 （2015）东民一初字第10号
 辽宁省北镇市人民法院 民事判决书 （2014）北正民初字第01845号 
