商洛市商州区人民法院 民事判决书 （2009）商区法民一初字第267号
 西安市未央区人民法院 民事判决书 （2014）未民初字第05874号 
 重庆市渝北区人民法院 民事判决书 （2014）渝北法民初字第2228号 
 山西省晋城市城区人民法院 民事判决书 （2015）城民初字第202号 
江西省修水县人民法院 民事判决书 （2015）修民初字第605号
 四川省南部县人民法院 民事判决书 （2014）南民初字第1764号 
 上海市闵行区人民法院 民事判决书 （2014）闵民一（民）初字第16109号 
 湖北省钟祥市人民法院 民事判决书 （2014）鄂钟祥石民一初字第00147号 
 浙江省松阳县人民法院 民事判决书 （2015）丽松民初字第64号 
 山东省郯城县人民法院 民事判决书 （2014）郯民初字第115号 
福建省长乐市人民法院 民事判决书 （2015）长民初字第1518号
 湖北省荆州市荆州区人民法院 民事判决书 （2015）鄂荆州区民初字第00026号 
贵州省毕节市七星关区人民法院 民事判决书 （2014）黔七民初字第2252号
 湖北省武汉市某区人民法院 民事判决书 （2014）鄂东西湖民初字第00346号 
河南省上蔡县人民法院 民事判决书 （2015）上民一初字第840号
 湖北省南漳县人民法院 民事判决书 （2014）鄂南漳武民初字第00188号 
 重庆市巴南区人民法院 民事判决书 （2015）巴法少民初字第00905号 
 福建省莆田市荔城区人民法院 民事判决书 （2014）荔民初字第3830号 
江苏省东海县人民法院 民事判决书 （2015）连东双民初字第00612号
浙江省缙云县人民法院 民事判决书 （2015）丽缙壶民初字第177号
 湖南省长沙市芙蓉区人民法院 民事判决书 （2014）芙民初字第2550号 
 吉林省梅河口市人民法院 民事判决书 （2015）梅民初字第1079号 
山东省阳信县人民法院 民事判决书 （2015）阳阳民初字第271号
江苏省东海县人民法院 民事判决书 （2015）连东房民初字第00194号
 山东省利津县人民法院 民事判决书 （2014）利民初字第1166号 
江苏省徐州市贾汪区人民法院 民事判决书 （2015）贾家民初字第0065号
 浙江省安吉县人民法院 民事判决书 （2010）湖安民初字第387号 
 广西壮族自治区临桂县人民法院 民事判决书 （2014）临民初字第338号 
 河南省太康县人民法院 民事判决书 （2014）太民初字第1571号 
 西华县人民法院 民事判决书 （2014）西民初字第230号 
 湖南省邵东县人民法院 民事判决书 （2014）邵东民初字第1956号 
江苏省丹阳市人民法院 民事判决书 （2015）丹民初字第1660号
湖南省衡阳市石鼓区人民法院 民事判决书 （2013）石民一初字第258号
 四川省岳池县人民法院 民事判决书 （2013）岳池民初字第324号 
 安徽省濉溪县人民法院 民事判决书 （2013）濉民一初字第01949号 
 江苏省邳州市人民法院 民事判决书 （2014）邳碾民初字第1066号 
 四川省泸县人民法院 民事判决书 （2015）泸泸民初字第196号 
 西安市灞桥区人民法院 民事判决书 （2014）灞民初字第00934号 
 河北省永年县人民法院 民事判决书 （2014）永民初字第395号 
 渑池县人民法院 民事判决书 （2014）渑民初字第277号 
山东省五莲县人民法院 民事判决书 （2013）莲民一初字第1149号
 河北省唐县人民法院 民事判决书 （2013）唐民初字第490号 
 江苏省丹阳市人民法院 民事判决书 （2013）丹吕民初字第0563号 
 江西省万安县人民法院 民事判决书 （2015）万民一初字第124号 
 山东省高密市人民法院 民事判决书 （2014）高民初字第2827号 
江西省上犹县人民法院 民事判决书 （2015）上民一初字第801号
 湖北省丹江口市人民法院 民事判决书 （2014）鄂丹江口民初字第01268号 
 湖南省宜章县人民法院 民事判决书 （2014）宜民一初字第410号 
 甘肃省环县人民法院 民事判决书 （2014）环民初字第636号 
 河南省商水县人民法院 民事判决书 （2014）商民初字第1070号 
