浙江省乐清市人民法院 民事判决书 （2015）温乐虹民初字第304号
 重庆市北碚区人民法院 民事判决书 （2014）碚法民初字第00309号 
 安徽省萧县人民法院 民事判决书 （2014）萧民一初字第03101号 
镇江市丹徒区人民法院 民事判决书 （2013）徒宝民初字第00002号
 福建省霞浦县人民法院 民事判决书 （2014）霞民初字第1288号 
河北省平泉县人民法院 民事判决书 （2015）平民初字第2632号
 山东省青岛市李沧区人民法院 民事判决书 （2013）李民初字第1186号 
 山东省章丘市人民法院 民事判决书 （2013）章民初字第2052号 
 河北省鸡泽县人民法院 民事判决书 （2014）鸡民初字第78号 
湖北省十堰市郧阳区人民法院 民事判决书 （2015）鄂郧阳民一初字第01485号
 安徽省砀山县人民法院 民事判决书 （2014）砀民一初字第00338号 
 湖南省长沙市望城区人民法院 民事判决书 （2013）望民初字第1624号 
大连市西岗区人民法院 民事判决书 （2015）西民初字第2016号
 甘肃省渭源县人民法院 民事判决书 （2015）渭莲民初字第0024号 
 江苏省南京市高淳区人民法院 民事判决书 （2013）高漆民初字第566号 
 山东省菏泽市牡丹区人民法院 民事判决书 （2013）菏牡民初字第3008号 
浙江省文成县人民法院 民事判决书 （2015）温文民初字第448号
 重庆市江津区人民法院 民事判决书 （2015）津法民初字第03369号 
 江苏省如东县人民法院 民事判决书 （2014）东栟民初字第0456号 
 北京市大兴区人民法院 民事判决书 （2014）大民初字第14440号 
 浙江省义乌市人民法院 民事判决书 （2013）金义佛堂民初字第40号 
 湖北省红安县人民法院 民事判决书 （2014）鄂红安七民初字第00070号 
安徽省涡阳县人民法院 民事判决书 （2015）涡民一初字第02354号
 淮安经济技术开发区人民法院 民事判决书 （2014）淮开民初字第1011号 
 河北省鸡泽县人民法院 民事判决书 （2011）鸡民初字第1015号 
 福建省霞浦县人民法院 民事判决书 （2014）霞民初字第1942号 
 湖北省通城县人民法院 民事判决书 （2015）鄂通城民初字第501号 
广东省新丰县人民法院 民事判决书 （2015）韶新法民一初字第238号
 四川省中江县人民法院 民事判决书 （2014）中江民初字第3302号 
 湖南省新邵县人民法院 民事判决书 （2014）新民初字第825号 
湖南省溆浦县人民法院 民事判决书 （2015）溆民一初字第492号
江苏省扬中市人民法院 民事判决书 （2015）扬开民初字第318号
 大连市旅顺口区人民法院 民事判决书 （2014）旅民初字第572号 
新县人民法院 民事判决书 （2015）新民初字第96号
 重庆市奉节县人民法院 民事判决书 （2014）奉法民初字第03059号 
 浙江省奉化市人民法院 民事判决书 （2013）甬奉民一初字第7号 
 葫芦岛市连山区人民法院 民事判决书 （2013）连杨民初字00105号 
 四川省武胜县人民法院 民事判决书 （2014）武胜民初字第1615号 
 山东省临清市人民法院 民事判决书 （2014）临民一初字第439号 
 安徽省桐城市人民法院 民事判决书 （2014）桐民一初字第00128号 
 山东省昌邑市人民法院 民事判决书 （2014）昌民初字第1574号 
罗山县人民法院 民事判决书 （2013）罗民初字第823号
 广西壮族自治区钦州市钦南区人民法院 民事判决书 （2014）钦南民初字第708号 
 安阳县人民法院 民事判决书 （2014）安民初字第00893号 
 上海市金山区人民法院 民事判决书 （2014）金民一（民）初字第2303号 
 山东省莱州市人民法院 民事判决书 （2014）莱州柞民初字第61号 
 内蒙古自治区土默特左旗人民法院 民事判决书 （2015）土左民初字第00354号 
河南省许昌县人民法院 民事判决书 （2015）许县灵民初字第199号
 浙江省绍兴市越城区人民法院 民事判决书 （2007）越民一初字第1770号 
鹤壁市山城区人民法院 民事判决书 （2015）山民初字第1003号
