 宁夏回族自治区固原市原州区人民法院 民事判决书 （2014）原民初字第1191号 
 山东省沂南县人民法院 民事判决书 （2014）沂南民初字第417号 
江西省高安市人民法院 民事判决书 高民一初字第358号
 浙江省桐乡市人民法院 民事判决书 （2014）嘉桐民初字第647号 
安徽省临泉县人民法院 民事判决书 （2013）临民一初字第01136号
 四川省高县人民法院 民事判决书 （2014）宜高民初字第1168号 
山东省乐陵市人民法院 民事判决书 （2015）乐民初字第824号
 江苏省溧阳市人民法院 民事判决书 （2014）溧南民初字第0120号 
 辽宁省沈阳市沈河区人民法院 民事判决书 （2015）沈河民一初字第109号 
 淮安市淮阴区人民法院 民事判决书 （2014）淮小民初字第01024号 
 河南省社旗县人民法院 民事判决书 （2015）社桥民初字第024号 
赤峰市松山区人民法院 民事判决书 （2015）松民初字第5925号
 山东省临沭县人民法院 民事判决书 （2015）沭民初字第1604号 
 河南省虞城县人民法院 民事判决书 （2015）虞民初字第1226号 
 山东省莒县人民法院 民事判决书 （2014）莒民初字第565号 
山东省高密市人民法院 民事判决书 （2015）高民初字第3262号
 浙江省湖州市南浔区人民法院 民事判决书 （2013）湖浔练民初字第627号 
 湖南省攸县人民法院 民事判决书 （2014）攸法民一初字第2246号 
江苏省宝应县人民法院 民事判决书 （2015）宝曹民初字第284号
 山东省潍坊市潍城区人民法院 民事判决书 （2015）潍城望民初字第218号 
 安徽省界首市人民法院 民事判决书 （2014）界民一初字第00045号 
湖北省英山县人民法院 民事判决书 （2015）鄂英山民初字第00530号
 江苏省扬州市江都区人民法院 民事判决书 （2013）扬江大民初字第0718号 
 四川省威远县人民法院 民事判决书 （2015）威民初字第1117号 
 山东省嘉祥县人民法院 民事判决书 （2014）嘉民初字第1872号 
山东省临邑县人民法院 民事判决书 临民初字第1067号
 四川省江油市人民法院 民事判决书 （2014）江油民初字第144号 
 淄博市博山区人民法院 民事判决书 （2014）博民初字第941号 
山东省临清市人民法院 民事判决书 （2015）临民一初字第1827号
 河北省徐水县人民法院 民事判决书 （2015）徐民初字第173号 
山东省栖霞市人民法院 民事判决书 （2015）栖臧民初字第171号
广西壮族自治区宾阳县人民法院 民事判决书 （2015）宾民一初字第638号
 江苏省射阳县人民法院 民事判决书 （2014）射民初字第1120号 
 山东省庆云县人民法院 民事判决书 （2015）庆民初字第869号 
 四川省自贡市沿滩区人民法院 民事判决书 （2015）沿滩民一初字第239号 
黄石市黄石港区人民法院 民事判决书 （2015）鄂黄石港民二初字第00213号
 杭州市余杭区人民法院 民事判决书 （2014）杭余民初字第1840号 
 张某某与杨某某离婚纠纷一审民事判决书 山西省闻喜县人民法院 民事判决书 （2014）闻民畖初字第215号 
 山东省平度市人民法院 民事判决书 （2014）平民一初字第2890号 
山东省邹城市人民法院 民事判决书 （2015）邹民初字第3631号
 甘肃省靖远县人民法院 民事判决书 （2015）靖刘民初字第76号 
福建省古田县人民法院 民事判决书 （2015）古民初字第685号
 四川省威远县人民法院 民事判决书 （2014）威民初字第1731号 
 河北省尚义县人民法院 民事判决书 （2014）尚民初字第231号 
 山东省泰安市岱岳区人民法院 民事判决书 （2014）岱民初字第1333号 
 广西壮族自治区灵山县人民法院 民事判决书 （2014）灵民初字第1582号 
 浙江省桐庐县人民法院 民事判决书 （2014）杭桐民初字第482号 
 浙江省天台县人民法院 民事判决书 （2013）台天民初字第697号 
罗山县人民法院 民事判决书 （2015）罗民初字第457号
 湖南省新化县人民法院 民事判决书 （2014）新法民一初字第1609号 
