河北省定州市人民法院 民事判决书 （2015）定民初字第1663号
安徽省界首市人民法院 民事判决书 （2015）界民一初字第00342号
山东省无棣县人民法院 民事判决书 （2015）棣民初字第1571号
 浙江省慈溪市人民法院 民事判决书 （2013）甬慈浒民初字第580号 
 湖北省蕲春县人民法院 民事判决书 （2014）鄂蕲春民一初字第01015号 
上海市闵行区人民法院 民事判决书 （2015）闵民一（民）初字第8723号
 上海市崇明县人民法院 民事判决书 （2014）崇民一（民）初字第6948号 
 山东省郓城县人民法院 民事判决书 （2015）郓民初字第1044号 
中华人民共和国广东省佛山市三水区人民法院 民事判决书 （2013）佛三法塘民初字第389号
 山东省曹县人民法院 民事判决书 （2014）曹民初字第1067号 
 广东省东莞市第二人民法院 民事判决书 （2013）东二法虎民一初字第1537号 
葫芦岛市南票区人民法院 民事判决书 （2014）南民一初字第00194号
 湖南省耒阳市人民法院 民事判决书 （2013）耒巡民灶初字第53号 
重庆市梁平县人民法院 民事判决书 （2015）梁法民初字第00945号
 浙江省淳安县人民法院 民事判决书 （2007）淳民一初字第1411号 
 山东省乳山市人民法院 民事判决书 （2014）乳调民初字第151号 
 湖北省武汉市汉阳区人民法院 民事判决书 （2013）鄂汉阳江民初字第00080号 
安徽省滁州市南谯区人民法院 民事判决书 （2015）南民一初字第01952号
 辽宁省康平县人民法院 民事判决书 （2015）康民初字第11号 
 重庆市九龙坡区人民法院 民事判决书 （2014）九法民初字第11161号 
江苏省宿迁市宿豫区人民法院 民事判决书 （2015）宿豫大民初字第0664号
 白山市江源区人民法院 民事判决书 （2014）江民一初字第225号 
 黑龙江省饶河县人民法院 民事判决书 （2014）饶民初字第195号 
 广东省广州市天河区人民法院 民事判决书 （2014）穗天法民一初字第2173号 
 河北省安国市人民法院 民事判决书 （2014）安民初字第8089号 
 重庆市大足区人民法院 民事判决书 （2014）足法民初字第01842号 
 浙江省仙居县人民法院 民事判决书 （2014）台仙白民初字第51号 
河南省商丘市睢阳区人民法院 民事判决书 （2015）商睢民初字第00749号
新县人民法院 民事判决书 （2013）新民初字第474号
河北省涿州市人民法院 民事判决书 （2015）涿民初字第1952号
 安徽省阜阳市颍泉区人民法院 民事判决书 （2014）泉民一初字第01040号 
 江苏省镇江市润州区人民法院 民事判决书 （2015）润少民初字第00120号 
 云南省马关县人民法院 民事判决书 （2014）马民初字第588号 
山东省泰安市泰山区人民法院 民事判决书 （2013）泰山民初字第2201号
 湖北省罗田县人民法院 民事判决书 （2014）鄂罗田凤民一初字第00177号 
 荆州市沙市区人民法院 民事判决书 （2015）鄂沙市民初字第00376号 
 铜川市印台区人民法院 民事判决书 （2015）铜印民初字第00147号 
 湖北省来凤县人民法院 民事判决书 （2014）鄂来凤民初字第00833号 
 四川省屏山县人民法院 民事判决书 （2013）屏山民初字第928号 
 重庆市大足区人民法院 民事判决书 （2014）足法民初字第01646号 
 河南省遂平县人民法院 民事判决书 （2015）遂民初字第00228号 
 辽宁省锦州市古塔区人民法院 民事判决书 古民一初字第00136号 
 济南高新技术产业开发区人民法院 民事判决书 （2014）高民初字第818号 
 内蒙古自治区乌海市海勃湾区人民法院 民事判决书 （2014）乌勃民一初字第02939号 
 河北省沙河市人民法院 民事判决书 （2014）沙民一初字第407号 
河南省南阳市卧龙区人民法院 民事判决书 （2015）宛龙潦民初字第295号
山东省安丘市人民法院 民事判决书 （2014）安民初字第181号
 山东省临清市人民法院 民事判决书 （2014）临民一初字第1660号 
 江西省安福县人民法院 民事判决书 （2014）安城民初字第206号 
浙江省临海市人民法院 民事判决书 （2010）台临民初字第817号
