长春市二道区人民法院 民事判决书 （2015）二民初字第1830号
 山东省高密市人民法院 民事判决书 （2015）高民初字741号 
河北省武安市人民法院 民事判决书 （2015）武民初字第76号
河南省封丘县人民法院 民事判决书 （2015）封民初字第2164号
浙江省青田县人民法院 民事判决书 （2015）丽青民初字第91号
湖北省十堰市张湾区人民法院 民事判决书 （2014）鄂张湾民一初字第01583号
 陕西省高陵县人民法院 民事判决书 （2015）高民初字第00258号 
 四川省南部县人民法院 民事判决书 （2015）南民初字第2484号 
 昆明市五华区人民法院 民事判决书 （2013）五法西民初字第442号 
 河南省洛阳市涧西区人民法院 民事判决书 （2014）涧民四初字第430号 
 广西壮族自治区容县人民法院 民事判决书 （2014）容民初字第1064号 
 山东省巨野县人民法院 民事判决书 （2013）巨民初字第1115号 
 浙江省义乌市人民法院 民事判决书 （2013）金义上溪民初字第54号 
江苏省溧水县人民法院 民事判决书 （2012）溧洪民初字第10号
 湖北省蕲春县人民法院 民事判决书 （2014）鄂蕲春民一初字第00882号 
 辽宁省大洼县人民法院 民事判决书 （2014）大洼民一初字第00570号 
新县人民法院 民事判决书 （2015）新民初字第623号
河南省方城县人民法院 民事判决书 （2014）方民初字第242号
 湖南省娄底市娄星区人民法院 民事判决书 （2014）娄星民一初字第583号 
 河北省邯郸市复兴区人民法院 民事判决书 （2014）复民初字第146号 
 辽宁省昌图县人民法院 民事判决书 （2013）昌民三初字第01565号 
 四川省雅安市名山区人民法院 民事判决书 （2015）名山民初字第136号 
天津市武清区人民法院 民事判决书 （2015）武民一初字第6299号
 山东省东明县人民法院 民事判决书 （2013）东民初字第972号 
 广西壮族自治区灵川县人民法院 民事判决书 （2013）灵民初字第503号 
 河南省郑州市中原区人民法院 民事判决书 （2014）中民一初字第589号 
 江西省永修县人民法院 民事判决书 （2014）永民一初字第333号 
 山东省滨州市滨城区人民法院 民事判决书 （2014）滨杜民初字第146号 
 广西壮族自治区 罗城仫佬族自治县人民法院 民事判决书 （2013）罗民初字第20号 
 辽宁省朝阳县人民法院 民事判决书 （2014）朝县民羊初字第1208号 
 河南省郑州市管城回族区人民法院 民事判决书 （2014）管民初字第395号 
 福建省宁德市蕉城区人民法院 民事判决书 （2014）蕉民初字第3258号 
广东省广州市越秀区人民法院 民事判决书 （2015）穗越法民一初字第717号
陕西省洋县人民法院 民事判决书 （2013）洋民初字第00413号
广东省龙川县人民法院 民事判决书 （2015）河龙法龙民初字第122号
 辽宁省建平县人民法院 民事判决书 （2014）建白民初字第04985号 
 湖北省嘉鱼县人民法院 民事判决书 （2014）鄂嘉鱼民初字第01028号 
 河北省唐山市路南区人民法院 民事判决书 （2012）南民初字第987号 
 安徽省宿州市埇桥区人民法院 民事判决书 （2014）宿埇民一初字第03290号 
 杭州市拱墅区人民法院 民事判决书 （2013）杭拱民初字第1736号 
 湖北省武穴市人民法院 民事判决书 （2013）鄂武穴民初字第02127号 
河南省尉氏县人民法院 民事判决书 （2015）尉民初字第2023号
 安徽省太和县人民法院 民事判决书 （2014）太民一初字第02506号 
 河南省延津县人民法院 民事判决书 （2014）延民初字第577号 
 湖北省武汉东湖新技术开发区人民法院 民事判决书 （2013）鄂武东开民一初字第00984号 
四川省大英县人民法院 民事判决书 （2015）大英民初字第1214号
福建省福清市人民法院 民事判决书 （2015）融民初字第4464号
 山东省莘县人民法院 民事判决书 （2014）莘民一初字第361号 
四川省岳池县人民法院 民事判决书 （2015）岳池民初字第2366号
 湖南省衡阳市石鼓区人民法院 民事判决书 （2015）石民一初字第123号 
