 山西省壶关县人民法院 民事判决书 （2014）壶民初字第230号 
 浙江省瑞安市人民法院 民事判决书 （2013）温瑞塘民初字第143号 
黑龙江省哈尔滨市呼兰区人民法院 民事判决书 （2015）呼长民初字第166号
 北京市大兴区人民法院 民事判决书 （2013）大民初字第5316号 
四川省达州市达川区人民法院 民事判决书 （2015）达达民初字第1856号
宁夏回族自治区盐池县人民法院 民事判决书 （2015）盐民初字第1079号
 安徽省萧县人民法院 民事判决书 （2015）萧民一初字第00071号 
山东省东明县人民法院 民事判决书 （2015）东民初字第525号
 福建省惠安县人民法院 民事判决书 （2014）惠民初字4963号 
广西壮族自治区阳朔县人民法院 民事判决书 （2015）阳民初字第149号
 湖北省鄂州市鄂城区人民法院 民事判决书 （2014）鄂鄂城民初字第00541号 
 安徽省马鞍山市花山区人民法院 民事判决书 （2013）花民一初字第00872号 
 陕西省富县人民法院 民事判决书 （2015）富民初字第00053号 
 重庆市忠县人民法院 民事判决书 （2013）忠法民初字第03279号 
 山东省荣成市人民法院 民事判决书 （2014）荣滕民初字第310号 
 福建省长乐市人民法院 民事判决书 （2013）长民初字第1363号 
 西安市长安区人民法院 民事判决书 （2013）长民初字第03830号 
 山东省平度市人民法院 民事判决书 （2015）平民一初字第715号 
 重庆市长寿区人民法院 民事判决书 （2015）长法民初字第04147号 
 山东省莱州市人民法院 民事判决书 （2013）莱州民初字第3395号 
 重庆市綦江区人民法院 民事判决书 （2015）綦法民初字第01973号 
 安徽省凤阳县人民法院 民事判决书 （2013）凤民一初字第01918号 
 广东省惠州市惠城区人民法院 民事判决书 （2014）惠城法小民初字第165号 
 湖北省武汉市汉阳区人民法院 民事判决书 （2015）鄂汉阳江民初字第00055号 
 湖南省冷水江市人民法院 民事判决书 （2014）冷民一初字第19号 
 山东省费县人民法院 民事判决书 （2014）费民初字第2687号 
 湖北省崇阳县人民法院 民事判决书 （2014）鄂崇阳民初字第00072号 
福建省晋江市人民法院 民事判决书 （2015）晋民初字第5538号
 湖南省常德市鼎城区人民法院 民事判决书 （2013）常鼎民初字第1970号 
 安徽省利辛县人民法院 民事判决书 （2013）利民一初字第03194号 
 灵宝市人民法院 民事判决书 （2014）灵民一初字第1942号 
 南京市栖霞区人民法院 民事判决书 （2014）栖霞民初字第35号 
安阳县人民法院 民事判决书 （2013）安民初字第00474号
 遂宁市安居区人民法院 民事判决书 （2015）安居民初字第235号 
 河南省柘城县人民法院 民事判决书 （2014）柘民初字第750号 
 河北省秦皇岛市海港区人民法院 民事判决书 （2013）海民初字第4902号 
山西省汾阳市人民法院 民事判决书 （2014）汾民初字第733号
 河南省南阳市卧龙区人民法院 民事判决书 （2014）宛龙七民初字第283号 
安徽省泗县人民法院 民事判决书 （2015）泗民一初字第04054号
 江苏省兴化市人民法院 民事判决书 （2015）泰兴开民初字第28号 
 河南省镇平县人民法院 民事判决书 （2015）镇民初字第680号 
 湖南省祁东县人民法院 民事判决书 （2015）祁民一初字第640号 
河南省柘城县人民法院 民事判决书 （2013）柘民初字第1426号
四川省安岳县人民法院 民事判决书 （2015）安岳民初字第536号
湖南省茶陵县人民法院 民事判决书 （2015）茶法民一初字第853号
 四川省南部县人民法院 民事判决书 （2014）南民初字第3919号 
 福建省上杭县人民法院 民事判决书 （2014）杭民初字第1709号 
 呼和浩特市赛罕区人民法院 民事判决书 （2014）赛民初字第00457号 
 河南省台前县人民法院 民事判决书 （2015）台民初字第00353号 
 江苏省如东县人民法院 民事判决书 （2014）东栟民初字第0872号 
