沈阳市大东区人民法院 民事判决书 ［2015］大东民一初字第514号
 重庆市合川区人民法院 民事判决书 （2013）合法民初字第06066号 
 河南省襄城县人民法院 民事判决书 （2014）襄民初字第202号 
 云南省会泽县人民法院 民事判决书 （2014）会民初字第897号 
 内蒙古科尔沁左翼后旗人民法院 民事判决书 （2014）后民初字第3862号 
 北京市朝阳区人民法院 民事判决书 （2012）朝民初字第04632号 
 山东省沂南县人民法院 民事判决书 （2015）沂南民初字第65号 
 山东省商河县人民法院 民事判决书 （2014）商民初字第894号 
 山东省东明县人民法院 民事判决书 （2014）东民初字第849号 
 山东省临沭县人民法院 民事判决书 （2014）沭民一初字第585号 
 湖南省龙山县人民法院 民事判决书 （2014）龙民初字第209号 
 辽宁省岫岩满族自治县人民法院 民事判决书 （2015）鞍岫民哈初字第202号 
 辽宁省锦州市古塔区人民法院 民事判决书 （2014）古民一初字第00333号 
辽宁省灯塔市人民法院 民事判决书 （2015）灯民初字第00980号
江苏省溧水县人民法院 民事判决书 （2012）溧民初字第351号
 山东省寿光市人民法院 民事判决书 （2014）寿羊民初字第4914号 
淄博市博山区人民法院 民事判决书 （2015）博民初字第1550号
 河南省临颍县人民法院 民事判决书 （2015）临民固初字第75号 
安徽省砀山县人民法院 民事判决书 （2015）砀民一初字第01928号
 安徽省歙县人民法院 民事判决书 （2013）歙民一初字第00601号 
 辽宁省黑山县人民法院 民事判决书 （2014）黑黑民初字第00209号 
 江苏省阜宁县人民法院 民事判决书 （2013）阜东民初字第0579号 
 江苏省兴化市人民法院 民事判决书 （2014）泰兴民初字第2304号 
 镇江经济开发区人民法院 民事判决书 （2010）镇经民初字第0784号 
河南省鲁山县人民法院 民事判决书 （2015）鲁民初字第1756号
 辽宁省台安县人民法院 民事判决书 （2015）鞍台民西初字第140号 
 湖北省南漳县人民法院 民事判决书 （2014）鄂南漳九民初字第00425号 
 江苏省滨海县人民法院 民事判决书 （2014）滨蔡民初字第0202号 
 河北省枣强县人民法院 民事判决书 （2014）枣营民一初字第440号 
 山东省庆云县人民法院 民事判决书 （2014）庆民初字第508号 
 山东省郓城县人民法院 民事判决书 （2013）郓民初字第1473号 
 宁夏回族自治区平罗县人民法院 民事判决书 （2014）平民初字第1171号 
湖南省江永县人民法院 民事判决书 （2015）江永法民初字第725号
山西省新绛县人民法院 民事判决书 （2015）新阳民初字第51号
 河南省新蔡县人民法院 民事判决书 （2013）新民初字第1150号 
安徽省绩溪县人民法院 民事判决书 （2015）绩民一初字第00941号
 福建省南安市人民法院 民事判决书 （2014）南民初字第5344号 
 安徽省舒城县人民法院 民事判决书 （2013）舒民一初字第01533号 
吉林省德惠市人民法院 民事判决书 （2015）德民初字4176号
四川省安岳县人民法院 民事判决书 （2014）安岳民初字第1530号
 连云港市连云区人民法院 民事判决书 （2015）港少民初字第0001号 
 甘肃省兰州市西固区人民法院 民事判决书 （2015）西福民初字第180号 
 江苏省镇江市京口区人民法院 民事判决书 （2013）京民初字第2631号 
 广东省佛山市三水区人民法院 民事判决书 （2014）佛三法塘民初字第432号 
山东省定陶县人民法院 民事判决书 （2015）定民初字第1342号
 江苏省泰兴市人民法院 民事判决书 （2014）泰黄民初字第0931号 
四川省宣汉县人民法院 民事判决书 （2015）宣汉民初字第435号
河南省鹿邑县人民法院 民事判决书 （2015）鹿民初字第509号
 河北省安新县人民法院 民事判决书 （2014）安民初字第21号 
陕西省洋县人民法院 民事判决书 （2015）洋民初字第01253号
