 江苏省海安县人民法院 民事判决书 （2012）安开民初字第0453号 
江苏省东海县人民法院 民事判决书 （2015）连东双民初字第00392号
 福建省清流县人民法院 民事判决书 （2014）清少民初字第33号 
济南市天桥区人民法院 民事判决书 （2014）天民四初字第581号
 湖南省湘阴县人民法院 民事判决书 （2014）湘民一初字第837号 
 安徽省寿县人民法院 民事判决书 （2015）寿民一初字第00689号 
 重庆市綦江区人民法院 民事判决书 （2014）綦法民初字第05015号 
 辽宁省朝阳县人民法院 民事判决书 （2015）朝县民木初字第853号 
 河南省淮阳县人民法院 民事判决书 （2015）淮民初字第00959号 
 广东省东莞市第三人民法院 民事判决书 （2013）东三法民一初字第9087号 
浙江省桐乡市人民法院 民事判决书 （2010）嘉桐民初字第2773号
 辽宁省辽阳市白塔区人民法院 民事判决书 （2014）辽阳白民一初字第00899号 
 湖北省赤壁市人民法院 民事判决书 （2014）鄂赤壁民初字第00170号 
福建省漳州市芗城区人民法院 民事判决书 （2014）芗民初字第4858号
 山东省滨州市滨城区人民法院 民事判决书 （2013）滨北民初字第260号 
 湖南省花垣县人民法院 民事判决书 （2014）花民初字第19号 
 襄阳市襄州区人民法院 民事判决书 （2014）鄂襄州朱集民初字第00019号 
 内蒙古自治区克什克腾旗人民法院 民事判决书 （2014）克民初字第1698号 
 福建省南安市人民法院 民事判决书 （2013）南民初字第6355号 
滑县人民法院 民事判决书 （2013）滑八民初字第122号
元宝山区人民法院 民事判决书 （2015）元民初字第1147号
安徽省太和县人民法院 民事判决书 （2015）太民一初字第00662号
 江西省玉山县人民法院 民事判决书 （2013）玉民一初字第1269号 
陕西省洋县人民法院 民事判决书 洋民初字第00370号
莱芜市钢城区人民法院 民事判决书 （2013）钢民初字第528号
 四川省资阳市雁江区人民法院 民事判决书 （2015）雁江民初字第1764号 
 海南省东方市人民法院 民事判决书 （2015）东民一初字第88号 
 河南省郸城县人民法院 民事判决书 （2014）郸民初字第766号 
浙江省乐清市人民法院 民事判决书 （2011）温乐柳民初字第42号
 河北省涉县人民法院 民事判决书 （2012）涉民初字第1332号 
安徽省霍邱县人民法院 民事判决书 （2015）霍民一初字第01458号
 四川省旺苍县人民法院 民事判决书 （2014）旺苍民初字第422号 
 辽宁省阜新市太平区人民法院 民事判决书 （2014）太民一初字第357号 
 河南省舞阳县人民法院 民事判决书 （2014）舞民初字第833号 
 四川省泸县人民法院 民事判决书 （2015）泸泸民初字第347号 
 江苏省高邮市人民法院 民事判决书 （2013）邮送民初字第0213号 
 浙江省平湖市人民法院 民事判决书 （2012）嘉平新民初字第399号 
 安徽省宿州市埇桥区人民法院 民事判决书 （2014）宿埇民一初字第06668号 
 河北省乐亭县人民法院 民事判决书 （2015）乐民初字第171号 
黑龙江省龙江县人民法院 民事判决书 （2015）龙江民初字第517号
 连云港市连云区人民法院 民事判决书 （2014）港民初字第01904号 
 广东省汕头市濠江区人民法院 民事判决书 （2013）汕濠法民一初字第131号 
 山东省曹县人民法院 民事判决书 （2014）曹民初字第2808号 
 贵州省瓮安县人民法院 民事判决书 （2015）瓮民初字第151号 当事人基本情况及审理经过 
济南市槐荫区人民法院 民事判决书 （2015）槐民初字第2004号
河北省定州市人民法院 民事判决书 （2013）定民初字第377号
河北省磁县人民法院 民事判决书 （2015）磁民初字第01512号
 湖北省武汉市江夏区人民法院 民事判决书 （2014）鄂江夏金民初字第00178号 
福建省宁化县人民法院 民事判决书 （2015）宁少民初字第127号
 青海省大通回族土族自治县人民法院 民事判决书 （2014）大长民初字第504号 
