安徽省庐江县人民法院 民事判决书 （2015）庐江民一初字第03274号
 宁波市鄞州区人民法院 民事判决书 （2014）甬鄞望民初字第5号 
 陕西省乾县人民法院 民事判决书 （2014）乾民初字第01519号 
 淮安市淮安区人民法院 民事判决书 （2013）淮法车民初字第1059号 
 江西省九江县人民法院 民事判决书 （2013）九民一初字第326号 
 广东省化州市人民法院 民事判决书 （2015）茂化法合民初字第5号 
 广西壮族自治区环江毛南族自治县人民法院 民事判决书 （2015）环民初字第1400号 
海南省临高县人民法院 民事判决书 （2015）临民一初字第411号
 江西省广丰县人民法院 民事判决书 （2014）广民一初字第1120号 
攀枝花市仁和区人民法院 民事判决书 （2015）仁和民初字第1893号
 浙江省湖州市南浔区人民法院 民事判决书 （2015）湖浔练民初字第13号 
山东省莱西市人民法院 民事判决书 （2015）西民初字第1987号
 江西省玉山县人民法院 民事判决书 （2014）玉民一初字第1265号 
 重庆市忠县人民法院 民事判决书 （2014）忠法民初字第00736号 
 宁夏回族自治区中卫市沙坡头区人民法院 民事判决书 （2014）沙民初字第27号 
 湖北省武汉市青山区人民法院 民事判决书 （2015）鄂青山民一初字第00431号 
 江西省遂川县人民法院 民事判决书 （2015）遂草民初字第50号 
湖北省房县人民法院 民事判决书 （2015）鄂房县民一初字第01091号
 江西省万安县人民法院 民事判决书 （2015）万民一初字第248号 
 辽宁省辽阳市太子河区人民法院 民事判决书 （2014）辽阳太民初字第00136号 
 四川省盐亭县人民法院 民事判决书 （2014）盐民初字第85号 
 河南省洛宁县人民法院 民事判决书 （2013）宁民初字第478号 
 山东省曹县人民法院 民事判决书 （2015）曹民初字第1435号 
浙江省永嘉县人民法院 民事判决书 （2015）温永桥民初字第71号
四川省射洪县人民法院 民事判决书 （2015）射洪民初字第683号
 湖南省新宁县人民法院 民事判决书 （2014）宁民一初字782号 
云南省盐津县人民法院 民事判决书 （2015）盐民初字第791号
 巴中市巴州区人民法院 民事判决书 （2014）巴州民初字第1329号 
 福建省南安市人民法院 民事判决书 （2014）南民初字第3045号 
 福建省南平市延平区人民法院 民事判决书 （2014）延民初字第1767号 
 新县人民法院 民事判决书 （2014）新民初字第397号 
山东省临沂市罗庄区人民法院 民事判决书 （2015）临罗民一初字第1733号
湖北省麻城市人民法院 民事判决书 （2015）鄂麻城民一初字第00711号
 湖南省溆浦县人民法院 民事判决书 （2013）溆民一初字第1135号 
 吉林省珲春市人民法院 民事判决书 （2014）珲民一初字第97号 
 广西壮族自治区博白县人民法院 民事判决书 （2014）博民初字第1317号 
四川省仪陇县人民法院 民事判决书 （2015）仪民初字第2159号
湖南省新田县人民法院 民事判决书 （2015）新法民一初字第724号
 河南省郑州市二七区人民法院 民事判决书 （2012）二七民一初字第2432号 
 山东省宁津县人民法院 民事判决书 （2015）宁民初字第512号 
 重庆市江津区人民法院 民事判决书 （2014）津法民初字第08282号 
 安徽省灵璧县人民法院 民事判决书 （2014）灵民初字第02185号 
永城市人民法院 民事判决书 （2013）永民初字第1003号
 浙江省仙居县人民法院 民事判决书 （2014）台仙横民初字第11号 
 山东省高唐县人民法院 民事判决书 （2013）高民一初字第744号 
 广东省信宜市人民法院 民事判决书 （2014）茂信法合民初字第99号 
宁夏回族自治区固原市原州区人民法院 民事判决书 （2015）原民初字第1135号
 湖北省恩施市人民法院 民事判决书 （2015）鄂恩施民初字第00580号 
 湖南省邵东县人民法院 民事判决书 （2014）邵东民初字第735号 
 山东省滕州市人民法院 民事判决书 （2014）滕民初字第3360号 
