 安徽省潜山县人民法院 民事判决书 （2015）潜民一初字第00886号 
 四川省内江市东兴区人民法院 民事判决书 （2014）内东民初字第1325号 
 天津市河东区人民法院 民事判决书 （2014）东民初字第2762号 
 浙江省台州市路桥区人民法院 民事判决书 （2015）台路金民初字第80号 
 浙江省杭州市余杭区人民法院 民事判决书 （2010）杭余余民初字第312号 
 河北省遵化市人民法院 民事判决书 （2013）遵民初字第2250号 
 湖北省阳新县人民法院 民事判决书 （2015）鄂阳新民溪初字第00043号 
 湖北省嘉鱼县人民法院 民事判决书 （2015）鄂嘉鱼民初字第00560号 
 广东省廉江市人民法院 民事判决书 （2013）湛廉法民二初字第350号 
 福建省漳浦县人民法院 民事判决书 （2014）浦民初字第10号 
 福建省武平县人民法院 民事判决书 （2014）武民初字第1169号 
 湖南省嘉禾县人民法院 民事判决书 （2014）嘉民一初字第112号 
 云南省嵩明县人民法院 民事判决书 （2014）嵩民初字第48号 
 重庆市石柱土家族自治县人民法院 民事判决书 （2014）石法民初字第00543号 
 陕西省平利县人民法院 民事判决书 （2014）平民初字第00578号 
 广东省高州市人民法院 民事判决书 （2014）茂高法民一初字第313号 
山东省枣庄市市中区人民法院 民事判决书 （2014）市中民初字第163号
 泰州市海陵区人民法院 民事判决书 （2014）泰海民初字第1194号 
 四川省内江市东兴区人民法院 民事判决书 （2014）内东民初字第1015号 
重庆市开县人民法院 民事判决书 （2015）开法民初字第04023号
 湖南省武冈市人民法院 民事判决书 （2015）武法民初字第607号 
 河南省淅川县人民法院 民事判决书 （2014）淅荆民初字第200号 
湖北省潜江市人民法院 民事判决书 （2015）鄂潜江民初字第01492号
云南省耿马傣族佤族自治县人民法院 民事判决书 （2015）耿民初字第190号
重庆市綦江区人民法院 民事判决书 （2015）綦法民初字第06241号
 四川省仪陇县人民法院 民事判决书 （2014）仪民初字第3194号 
黑龙江省哈尔滨市呼兰区人民法院 民事判决书 （2015）呼康民初字第120号
山东省平度市人民法院 民事判决书 （2015）平民一初字第225号
 山东省诸城市人民法院 民事判决书 （2014）诸贾民初字第637号 
 湖北省麻城市人民法院 民事判决书 （2014）鄂麻城民一初字第01113号 
 福建省长乐市人民法院 民事判决书 （2015）长民初字第1677号 
 吉林省敦化市人民法院 民事判决书 （2015）敦民初字第366号 
 陕西省蒲城县人民法院 民事判决书 （2014）蒲民初字第00122号 
湖北省十堰市郧阳区人民法院 民事判决书 （2015）鄂郧阳民一初字第01131号
 山东省邹城市人民法院 民事判决书 （2015）邹民初字第159号 
 湖南省保靖县人民法院 民事判决书 （2015）保民初字第113号 
 江苏省扬州市江都区人民法院 民事判决书 （2014）扬江大民初字第0033号 
 连云港市海州人民法院 民事判决书 （2014）海民初字第1337号 
 叶县人民法院 民事判决书 （2014）叶民初字第593号 
江西省东乡县人民法院 民事判决书 （2015）东民初字第539号
四川省中江县人民法院 民事判决书 （2014）中江民初字第3373号
 山东省莘县人民法院 民事判决书 （2014）莘民一初字第2437号 
 浙江省长兴县人民法院 民事判决书 （2015）湖长泗民初字第54号 
 湖北省老河口市人民法院 民事判决书 （2013）鄂老河口民初字第00039号 
 山东省临沭县人民法院 民事判决书 （2015）沭民初字第326号 
 阜阳市颍州区人民法院 民事判决书 （2015）州民一初字第00957号 
湖南省宁远县人民法院 民事判决书 （2013）宁法民一初字第715号
 安徽省阜阳市颍州区人民法院 民事判决书 （2014）州民一初字第02071号 
 河北省涿州市人民法院 民事判决书 （2014）涿民初字第1860号 
 河南省临颍县人民法院 民事判决书 （2015）临民北初字第56号 
