安徽省阜南县人民法院 民事判决书 （2015）南民一初字第02804号
江苏省灌南县人民法院 民事判决书 （2015）南少民初字第371号
 福建省长汀县人民法院 民事判决书 （2014）汀民初字第1230号 
 浙江省嵊泗县人民法院 民事判决书 （2014）舟嵊民初字第80号 
湖南省常宁市人民法院 民事判决书 （2015）常民一初字第335号
 北京市房山区人民法院 民事判决书 （2013）房民初字第09337号 
四川省宜宾市翠屏区人民法院 民事判决书 （2015）翠屏民初字第3872号
 湖北省来凤县人民法院 民事判决书 （2014）鄂来凤民初字第00217号 
 山东省莱州市人民法院 民事判决书 （2014）莱州平民初字第742号 
 湖南省桃源县人民法院 民事判决书 （2014）桃民初字第1539号 
 河南省镇平县人民法院 民事判决书 （2015）镇民初字第00395号 
 淮安市淮阴区人民法院 民事判决书 （2014）淮小民初字第0315号 
 江苏省南京市高淳区人民法院 民事判决书 （2013）高漆民初字第472号 
福建省福州市晋安区人民法院 民事判决书 （2014）晋民初字第3105号
 湖南省湘潭县人民法院 民事判决书 （2013）潭民一初字第1367号 
 河南省荥阳市人民法院 民事判决书 （2015）荥民初字第661号 
 浙江省绍兴市越城区人民法院 民事判决书 （2009）绍越民初字第3221号 
江苏省扬州市江都区人民法院 民事判决书 （2015）扬江民初字第01751号
安徽省寿县人民法院 民事判决书 （2015）寿民一初字第01742号
 四川省阆中市人民法院 民事判决书 （2013）阆民初字第4917号 
 安徽省蒙城县人民法院 民事判决书 蒙民一初字第00284号 
 福建省古田县人民法院 民事判决书 （2014）古民初字第919号 
 江西省修水县人民法院 民事判决书 （2014）修民初字第523号 
 重庆市巴南区人民法院 民事判决书 （2014）巴法民初字第00099号 
 湖南省永顺县人民法院 民事判决书 （2015）永民初字第248号 
湖南省洞口县人民法院 民事判决书 （2015）洞民初字第818号
 江苏省太仓市人民法院 民事判决书 （2014）太沙民初字第0233号 
福建省宁化县人民法院 民事判决书 （2015）宁少民初字第126号
 山东省潍坊市奎文区人民法院 民事判决书 （2014）奎梨民一初字第16号 
 黑龙江省方正县人民法院 民事判决书 （2014）方民一初字第316号 
 湖南省宁远县人民法院 民事判决书 （2015）宁法民一初字第136号 
辽宁省凌源市人民法院 民事判决书 （2015）凌民一初字第02584号
 陕西省凤翔县人民法院 民事判决书 （2014）凤翔民初字第00488号 
关于原告陈青云诉被告孙培武离婚纠纷一案 民事判决书 （2015）新民初字第0962号
 河北省曲周县人民法院 民事判决书 （2011）曲民初字第2300号 
 上海市宝山区人民法院 民事判决书 （2014）宝民一（民）初字第6681号 
中华人民共和国 广东省台山市人民法院 民事判决书 （2015）江台法民三初字第142号
 河南省新郑市人民法院 民事判决书 （2013）新民初字第3135号 
河南省濮阳县人民法院 民事判决书 （2015）濮民初字第2200号
 湖北省宜城市人民法院 民事判决书 （2014）鄂宜城民雷初字第00041号 
 宁夏回族自治区银川市金凤区人民法院 民事判决书 （2014）金民初字第84号 
 海南省儋州市人民法院 民事判决书 （2014）儋民初字第460号 
 山东省邹平县人民法院 民事判决书 （2014）邹民初字第468号 
 河南省郑州市管城回族区人民法院 民事判决书 （2014）管民初字第765号 
 山东省单县人民法院 民事判决书 （2013）单民初字第2500号 
福建省福州市仓山区人民法院 民事判决书 （2014）仓民初字第3633号
江西省上饶县人民法院 民事判决书 （2015）饶民一初字第1031号
 湖南省桃江县人民法院 民事判决书 （2014）桃民一初字第293号 
广西壮族自治区资源县人民法院 民事判决书 （2015）资民初字第371号
 四川省达州市达川区人民法院 民事判决书 （2014）达达民初字第1299号 
