 四川省富顺县人民法院 民事判决书 （2014）富民一初字第1878号 
 四川省泸县人民法院 民事判决书 （2013）泸泸民初字第1388号 
吉林省吉林市昌邑区人民法院 民事判决书 （2015）昌民一初字第682号
 广西壮族自治区兴业县人民法院 民事判决书 （2015）兴民一初字第342号 
沈阳市皇姑区人民法院 民事判决书 （2015）皇民四初字第00778号
 河北省大名县人民法院 民事判决书 （2012）大民初字第131号 
 安徽省枞阳县人民法院 民事判决书 （2014）枞民一初字第00447号 
 嘉兴市南湖区人民法院拟稿纸 案号：（2013）嘉南民初2560号案件缓急：拟稿部门：拟稿人：标题：民事判决书校对人：印刷份数：审核人： 签发人： 浙江省嘉兴市南湖区人民法院 民事判决书 （2013）嘉南民初字第2560号 
 沁阳市人民法院 民事判决书 （2014）沁民西万初字第00042号 
 平凉市崆峒区人民法院 民事判决书 （2014）崆民初字第554号 
广东省东莞市第一人民法院 民事判决书 （2015）东一法碣民一初字第581号
四川省西昌市人民法院 民事判决书 （2015）西昌民初字第1842号
湖南省嘉禾县人民法院 民事判决书 （2013）嘉民一初字第360号
 湖北省武穴市人民法院 民事判决书 （2014）鄂武穴民初字第01363号 
山东省济阳县人民法院 民事判决书 （2013）济阳民初字第822号
贵州省六盘水市钟山区人民法院 民事判决书 （2015）黔钟民初字第529号
 福建省福鼎市人民法院 民事判决书 （2014）鼎民初字第1684号 
 江苏省宿迁市宿城区人民法院 民事判决书 （2014）宿城埠民初字第00655号 
 湖南省安乡县人民法院 民事判决书 （2013）安民初字第1378号 
 河北省鹿泉市人民法院 民事判决书 （2014）鹿民一初字第01757号 
 江西省遂川县人民法院 民事判决书 （2014）遂民一初字第85号 
南京市六合区人民法院 民事判决书 （2015）六沿民初字第274号
 江苏省兴化市人民法院 民事判决书 （2014）泰兴安民初字第0730号 
 贵州省天柱县人民法院 民事判决书 （2015）天民初字第242号 
 湖南省益阳市资阳区人民法院 民事判决书 （2013）资民一初字第385号 
 台州市黄岩区人民法院 民事判决书 （2015）台黄宁民初字第24号 
安徽省亳州市谯城区人民法院 民事判决书 （2013）谯民一初字第00870号
 河南省临颍县人民法院 民事判决书 （2014）临民瓦初字第166号 
 浙江省海宁市人民法院 民事判决书 （2015）嘉海长民初字第263号 
湖北省建始县人民法院 民事判决书 （2015）鄂建始民初字第01092号
 河南省郑州市金水区人民法院 民事判决书 （2014）金民一初字第768号 
四川省中江县人民法院 民事判决书 （2015）中江民初字第2065号
陕西省西安市长安区人民法院 民事判决书 （2015）长安民初字第03410号
 甘肃省定西市安定区人民法院 民事判决书 （2015）安民一初字第231号 
 河北省邯郸市峰峰矿区人民法院 民事判决书 （2013）峰民初字第1882号 
安徽省宁国市人民法院 民事判决书 （2015）宁民一初字第02826号
 山东省即墨市人民法院 民事判决书 （2014）即民初字第1468号 
 安徽省宿州市埇桥区人民法院 民事判决书 （2015）宿埇民一初字第02618号 
 河北省曲阳县人民法院 民事判决书 （2014）曲民初字第463号 
 江苏省灌云县人民法院 民事判决书 （2015）灌杨民初字第0220号 
 河北省滦平县人民法院 民事判决书 （2013）滦民初字第1948号 
浙江省象山县人民法院 民事判决书 （2010）甬象石民初字第11号
 陕西省兴平市人民法院 民事判决书 （2014）兴民初字第00850号 
 山东省巨野县人民法院 民事判决书 （2014）巨民初字第1598号 
 河南省长葛市人民法院 民事判决书 （2014）长民初字第01803号 
湖北省崇阳县人民法院 民事判决书 （2015）鄂崇阳民初字第880号
河南省宜阳县人民法院 民事判决书 （2015）宜民六初字第130号
 湖南省桑植县人民法院 民事判决书 （2015）桑民一初字第412号 
广西壮族自治区桂平市人民法院 民事判决书 （2015）浔民初字第1103号
 山东省冠县人民法院 民事判决书 （2013）冠民初字第1326号 
