 江苏省海安县人民法院 民事判决书 （2015）安曲民初字第00019号 
 四川省资阳市雁江区人民法院 民事判决书 （2015）雁江民初字第1525号 
 江苏省建湖县人民法院 民事判决书 （2014）建高民初字第0423号 
 广东省惠东县人民法院 民事判决书 （2014）惠东法祝民初字第151号 
 湖南省浏阳市人民法院 民事判决书 （2014）浏民初字第865号 
安徽省宿松县人民法院 民事判决书 （2014）松民一初字第01466号
广西壮族自治区柳江县人民法院 民事判决书 （2015）江民初字第653号
 武陟县人民法院 民事判决书 （2014）武民北初字第00082号 
 陕西省泾阳县人民法院 民事判决书 （2012）泾民初字第00400号 
河北省孟村回族自治县人民法院 民事判决书 （2015）孟民初字第893号
安徽省马鞍山市博望区人民法院 民事判决书 （2015）博丹民一初字第00280号
福建省南安市人民法院 民事判决书 （2015）南民初字第4368号
 广西壮族自治区博白县人民法院 民事判决书 （2014）博民初字第1548号 
 社旗县人民法院 民事判决书 （2013）社城民初字第00142号 
 安徽省太和县人民法院 民事判决书 （2015）太民一初字第01354号 
潢川县人民法院 民事判决书 （2012）潢民初字第00722号
 汉中市汉台区人民法院 民事判决书 （2014）汉台民初字第00392号 
 广西壮族自治区博白县人民法院 民事判决书 （2014）博民初字第1161号 
甘肃省华亭县人民法院 朱某与张某离婚纠纷一审民事判决书 （2015）华民初字第1014号
 广东省惠东县人民法院 民事判决书 （2013）惠东法埠民初字第154号 
 杭州市滨江区人民法院 民事判决书 （2012）杭滨民初字第1174号 
 浙江省苍南县人民法院 民事判决书 （2013）温苍龙民初字第748号 
 浙江省三门县人民法院 民事判决书 （2014）台三民初字第304号 
 台州市椒江区人民法院 民事判决书 （2015）台椒民初字第1385号 
 河北省邯郸市复兴区人民法院 民事判决书 （2013）复民初字第1724号 
 河南省商丘市梁园区人民法院 民事判决书 （2014）商梁民初字第2578号 
 福建省福鼎市人民法院 民事判决书 （2014）鼎民初字第2408号 
湖北省阳新县人民法院 民事判决书 （2015）鄂阳新民富初字第00142号
 浙江省慈溪市人民法院 民事判决书 （2015）甬慈浒民初字第335号 
 福建省永春县人民法院 民事判决书 （2015）永民初字第1125号 
 江苏省丰县人民法院 民事判决书 （2014）丰顺民初字第0741号 
河北省邯郸市丛台区人民法院 民事判决书 （2015）丛民初字第1550号
四川省营山县人民法院 民事判决书 （2015）营民初字第3272号
 四川省安县人民法院 民事判决书 （2015）安民初字第328号 
 湖北省通城县人民法院 民事判决书 （2015）鄂通城民初字第12号 
浙江省苍南县人民法院 民事判决书 （2015）温苍龙民初字第260号
 山东省莱芜市莱城区人民法院 民事判决书 （2013）莱城民初字第2284号 
安徽省芜湖县人民法院 民事判决书 （2011）芜民一初字第00721号
 陕西省略阳县人民法院 民事判决书 （2015）略民初字第00251号 
 福建省惠安县人民法院 民事判决书 （2015）惠民初字第1437号 
黑龙江省齐齐哈尔市铁锋区人民法院 民事判决书 （2015）铁民初字第95号
 长春市绿园区人民法院 民事判决书 2014年绿民一初字第376号 
 广东省潮州市湘桥区人民法院 民事判决书 （2014）潮湘法民一初字第493号 
 淮安市淮阴区人民法院 民事判决书 淮小民初字第0094号 
 辽宁省灯塔市人民法院 民事判决书 （2014）灯民初字第240号 
 湖北省谷城县人民法院 民事判决书 （2013）鄂谷城城民初字第000217号 
江苏省金坛市人民法院 民事判决书 （2015）坛水民初字第0253号
 四川省达州市通川区人民法院 民事判决书 （2014）通川民初字第1776号 
 广西壮族自治区全州县人民法院 民事判决书 （2014）全民初字第745号 
 广西壮族自治区 罗城仫佬族自治县人民法院 民事判决书 （2013）罗民初字第30号 
