 河南省桐柏县人民法院 民事判决书 （2014）桐民初字第00679号 
 四川省夹江县人民法院 民事判决书 （2014）夹江民初字第1037号 
 河北省清苑县人民法院 民事判决书 （2013）清民初字第503号 
陕西省陇县人民法院 民事判决书 （2013）陇民初字第00612号
 四川省渠县人民法院 民事判决书 （2014）达渠民初字第720号 
 重庆市涪陵区人民法院 民事判决书 （2014）涪法民初字第01075号 
 四川省射洪县人民法院 民事判决书 （2014）射洪民初字第1684号 
 青海省同仁县人民法院 民事判决书 （2015）同民一初字第02号 
 河北省鸡泽县人民法院 民事判决书 （2014）鸡民初字第231号 
济南市长清区人民法院 民事判决书 （2014）长民初字第1552号
 河南省清丰县人民法院 民事判决书 （2013）清民初字第1126号 
 浙江省兰溪市人民法院 民事判决书 （2014）金兰民初字第1197号 
 湖南省溆浦县人民法院 民事判决书 （2014）溆民一初字第411号 
 福建省福清市人民法院 民事判决书 （2014）融民初字第4298号 
福建省顺昌县人民法院 民事判决书 （2015）顺民初字第1509号
 福建省永春县人民法院 民事判决书 （2014）永民初字第1376号 
 山东省沂水县人民法院 民事判决书 （2014）沂民初字第662号 
 安徽省淮北市相山区人民法院 民事判决书 （2014）相民一初字00929号 
 天津市静海县人民法院 民事判决书 （2015）静民初字第3206号 
 广东省陆河县人民法院 民事判决书 （2014）汕河法民一初字第50号 
 河北省滦县人民法院 民事判决书 （2015）滦民初字第115号 
云南省威信县人民法院 民事判决书 （2015）威民初字第605号
 辽宁省北镇市人民法院 民事判决书 （2014）北青民初字第01264号 
 广西壮族自治区陆川县人民法院 民事判决书 （2013）陆民初字第618号 
 宁波市镇海区人民法院 民事判决书 （2014）甬镇民初字第1131号 
 福建省莆田市城厢区人民法院 民事判决书 （2014）城民初字第3422号 
河北省张家口市宣化区人民法院 民事判决书 （2015）宣区民初字第762号
 四川省简阳市人民法院 民事判决书 （2015）简阳民初字第928号 
 河南省淮阳县人民法院 民事判决书 （2014）淮民初字第00425号 
 河南省内黄县人民法院 民事判决书 （2015）内井民初字第102号 
河南省沈丘县人民法院 民事判决书 （2015）沈民初字第01609号
重庆市綦江区人民法院 民事判决书 （2015）綦法民初字第03775号
 山东省菏泽市牡丹区人民法院 民事判决书 （2014）菏牡民初字第895号 
 河南省郸城县人民法院 民事判决书 （2014）郸民初字第304号 
 安徽省霍邱县人民法院 民事判决书 （2015）霍民一初字第00160号 
 福建省霞浦县人民法院 民事判决书 （2014）霞民初字第1589号 
 河北省霸州市人民法院 民事判决书 （2013）霸民初字第4208号 
 安徽省南陵县人民法院 民事判决书 （2014）南民一初字第01483号 
 湖南省桃江县人民法院 民事判决书 （2015）桃民一初字第673号 
 山东省寿光市人民法院 民事判决书 （2014）寿稻民初字第3559号 
河南省淅川县人民法院 民事判决书 （2015）淅厚民初字第92号
 偃师市人民法院 民事判决书 （2014）偃民八初字第68号 
 苏州市虎丘区人民法院 民事判决书 （2014）虎民初字第2623号 
 湖北省枣阳市人民法院 民事判决书 （2013）鄂枣阳杨民初字第00081号 
安徽省淮北市烈山区人民法院 民事判决书 （2015）烈民一初字第00056号
安徽省临泉县人民法院 民事判决书 （2015）临民一初字第03266号
彭水苗族土家族自治县人民法院 民事裁定书 （2015）彭法民初字第02041号
 山东省阳谷县人民法院 民事判决书 （2012）阳民初字第3234号 
 山东省聊城市东昌府区人民法院 民事判决书 （2014）聊东民初字第1989号 
 吉林省敦化市人民法院 民事判决书 （2014）敦民初字第2349号 
