甘肃省东乡族自治县人民法院 民事判决书 （2015）东民初字初字184号
 内蒙古自治区巴彦淖尔市临河区人民法院 民事判决书 （2014）临民初字第4183号 
 安徽省马鞍山市花山区人民法院 民事判决书 （2014）花民一初字第00488号 
四川省泸县人民法院 民事判决书 （2015）泸泸民初字第2441号
 江苏省宝应县人民法院 民事判决书 （2013）宝民初字第2134号 
重庆市长寿区人民法院 民事判决书 （2015）长法民初字第02965号
 沈阳市于洪区人民法院 民事判决书 （2015）于民一初字第00207号 
湖北省武汉市江汉区人民法院 民事判决书 （2014）鄂江汉巡民初字第01186号
 四川省宜宾市翠屏区人民法院 民事判决书 （2015）翠屏民初字第2319号 
湖南省衡阳市蒸湘区人民法院 民事判决书 （2015）衡蒸民一初字第327号
 甘肃省临洮县人民法院 民事判决书 （2014）临衙民初字第189号 
 安徽省淮南市八公山区人民法院 民事判决书 （2014）八民一初字第00330号 
 安徽省怀远县人民法院 民事判决书 （2014）怀民一初字第01386号 
安徽省凤台县人民法院 民事判决书 （2015）凤民一初字第02959号
 福建省福清市人民法院 民事判决书 （2013）融民初字197号 
 陕西省子洲县人民法院 民事判决书 （2014）子洲民初字第00111号 
 江苏省沛县人民法院 民事判决书 （2014）沛朱民初字第237号 
 湖南省祁阳县人民法院 民事判决书 （2013）祁民初字第3129号 
 福建省德化县人民法院 民事判决书 （2014）德民初字第1402号 
 广西壮族自治区灵山县人民法院 民事判决书 （2014）灵民初字第1397号 
内蒙古自治区牙克石市人民法院 民事判决书 （2015）牙民初字第635号
 湖南省常宁市人民法院 民事判决书 （2014）常民一初字第867号 
 湖北省谷城县人民法院 民事判决书 （2012）鄂谷城盛民初字第000116号 
 重庆市合川区人民法院 民事判决书 （2014）合法民初字第02519号 
 江苏省睢宁县人民法院 民事判决书 （2014）睢李民初字第077号 
河南省内黄县人民法院 民事判决书 （2015）内城民初字第241号
 山东省垦利县人民法院 民事判决书 （2014）垦民初字第486号 
 绍兴市柯桥区人民法院 民事判决书 （2015）绍柯钱民初字第8号 
 江苏省句容市人民法院 民事判决书 （2015）句少民初字第81号 
 安徽省安庆市宜秀区人民法院 民事判决书 （2015）宜秀民一初字第00620号 
 陕西省米脂县人民法院 民事判决书 （2014）米民初字第00086号 
 浙江省慈溪市人民法院 民事判决书 （2013）甬慈逍民初字第406号 
 云南省曲靖市麒麟区人民法院 民事判决书 （2014）麒民初字第611号 
 山东省泰安市岱岳区人民法院 民事判决书 （2014）岱民初字第1859号 
 安徽省天长市人民法院 民事判决书 （2013）天民一初字第01613号 
 天津市静海县人民法院 民事判决书 （2014）静民初字第426号 
 安徽省马鞍山市花山区人民法院 民事判决书 （2013）花民一初字第01140号 
江苏省金坛市人民法院 民事判决书 （2015）坛水民初字第0064号
 河北省承德市双桥区人民法院 民事判决书 （2014）双桥民初字第1047号 
 四川省开江县人民法院 民事判决书 （2014）开江民初字第993号 
 吉林省龙井市人民法院 民事判决书 （2015）龙民一初字第7号 
 徐州市铜山区人民法院 民事判决书 （2014）铜张民初字第1222号 
 宾阳县人民法院 民事判决书 （2013）宾民一初字第1833号 
 重庆市北碚区人民法院 民事判决书 （2014）碚法民初字第01497号 
 四川省江安县人民法院 民事判决书 （2013）江安民初字第286号 
 广东省广宁县人民法院 民事判决书 （2013）肇宁法江民初字第136号 
浙江省玉环县人民法院 民事判决书 （2015）台玉民初字第1299号
 山东省宁阳县人民法院 民事判决书 （2014）宁民初字第2919号 
 湖南省醴陵市人民法院 民事判决书 （2014）醴法民一初字第1562号 
山东省淄博市临淄区人民法院 民事判决书 （2015）临民初字第1737号
