 河南省荥阳市人民法院 民事判决书 （2014）荥民初字第719号 
 昆明市西山区人民法院 民事判决书 （2014）西法民初字第4430号 
 山东省邹城市人民法院 民事判决书 （2014）邹民初字第1828号 
河南省夏邑县人民法院 民事判决书 （2015）夏民初字第00866号
贵州省大方县人民法院 民事判决书 （2014）黔方民初字第1581号
 湖南省安化县人民法院 民事判决书 （2014）安法民一初字第343号 
 四川省三台县人民法院 民事判决书 （2014）三民初字第50号 
 四川省富顺县人民法院 民事判决书 （2013）富民一初字第3243号 
 大连市甘井子区人民法院 民事判决书 （2015）甘民初字第42号 
 山东省蒙阴县人民法院 民事判决书 （2015）蒙民初字第1476号 
 四川省雅安市名山区人民法院 民事判决书 （2015）名山民初字第462号 
 延安市宝塔区人民法院 民事判决书 （2014）宝民初字第01243号 
广东省汕头市澄海区人民法院 民事判决书 （2015）汕澄法莲民初字第136号
湖南省醴陵市人民法院 民事判决书 （2015）醴法民一初字第954号
 黑龙江省鸡西市城子河区人民法院 民事判决书 （2015）城民初字第67号 
 河南省西平县人民法院 民事判决书 （2013）西民初字第1587号 
 山东省诸城市人民法院 民事判决书 （2014）诸昌民初字第124号 
 天津市宝坻区人民法院 民事判决书 （2014）宝民初字第8010号 
 葫芦岛市连山区人民法院 民事判决书 （2014）连民二初字00157号 
 福建省泉州市洛江区人民法院 民事判决书 （2014）洛民初字第1059号 
 山东省临沭县人民法院 民事判决书 （2013）沭民一初字第2870号 
 杭州市西湖区人民法院 民事判决书 （2011）杭西泗民初字第120号 
 山东省济南市市中区人民法院 民事判决书 （2013）市民初字第3444号 
 淮安市清河区人民法院 民事判决书 （2015）河民初字第0529号 
江西省玉山县人民法院 民事裁定书 （2015）玉民一初字第1306号
 广东省和平县人民法院 民事判决书 （2014）河和法民一初字第388号 
湖南省江永县人民法院 民事判决书 （2015）江永法民初字第748号
 浙江省桐庐县人民法院 民事判决书 （2014）杭桐民初字第531号 
湖南省汉寿县人民法院 民事判决书 （2015）汉民初字第1160号
 浙江省乐清市人民法院 民事判决书 （2014）温乐虹民初字第301号 
保定市南市区人民法院 民事判决书 （2015）南民初字第313号
 广东省韶关市武江区人民法院 民事判决书 （2014）韶武法民一初字第1122号 
 河南省封丘县人民法院 民事判决书 （2014）封民初字第02226号 
 广东省信宜市人民法院 民事判决书 （2015）茂信法合民初字第46号 
 河南省巩义市人民法院 民事判决书 （2014）巩民初字第2526号 
 湖北省石首市人民法院 民事判决书 （2014）鄂石首民初字第00736号 
 山西省洪洞县人民法院 民事判决书 （2014）洪民初字第669号 
 辽宁省东港市人民法院 民事判决书 （2014）东民初字第01330号 
 贵州省习水县人民法院 民事判决书 （2015）习民初字第1309号 
 安徽省舒城县人民法院 民事判决书 （2014）舒民一初字第01841号 
 内黄县人民法院 民事判决书 （2014）内东民初字第57号 
湖南省汝城县人民法院 民事判决书 （2014）汝民初字第844号
浙江省新昌县人民法院 民事判决书 （2015）绍新澄民初字第61号
 中华人民共和国 福建省长乐市人民法院 民事判决书 （2013）长民初字第2207号 
 湖北省安陆市人民法院 民事判决书 （2015）鄂安陆民初字第00175号 
金华市金东区人民法院 民事判决书 （2010）金东曹民初字第23号
 江苏省沭阳县人民法院 民事判决书 （2014）沭韩民初字第0378号 
 湖南省耒阳市人民法院 民事判决书 （2014）耒巡民一初字第259号 
 福建省莆田市秀屿区人民法院 民事判决书 （2015）秀民初字第10号 
 陕西省泾阳县人民法院 民事判决书 （2013）泾民初字第01237号 
