 西安市临潼区人民法院 民事判决书 （2013）临民初字第00985号 
四川省西充县人民法院 民事判决书 （2015）西充民初字第277号
安徽省桐城市人民法院 民事判决书 （2015）桐民一初字第00680号
 襄阳市襄州区人民法院 民事判决书 （2014）鄂襄州程河民初字第00061号 
 河北省文安县人民法院 民事判决书 （2014）文民初字第1335号 
 北京市通州区人民法院 民事判决书 （2015）通民初字第02224号 
 西安市新城区人民法院 民事判决书 （2014）新民初字第01200号 
 湖北省仙桃市人民法院 民事判决书 （2015）鄂仙桃民一初字第00622号 
广东省郁南县人民法院 民事判决书 （2015）云郁法建民初字第9号
 广东省和平县人民法院 民事判决书 （2015）河和法民一初字第226号 
 福建省南安市人民法院 民事判决书 （2014）南民初字第871号 
 湖北省仙桃市人民法院 民事判决书 （2014）鄂仙桃民一初字第00155号 
 四川省剑阁县人民法院 民事判决书 （2014）剑阁民初字第579号 
 陕西省洛南县人民法院 民事判决书 （2014）洛南民初字第00119号 
 山东省临朐县人民法院 民事判决书 （2014）临民初字第769号 
山西省长治市城区人民法院 民事判决书 （2015）城五民初字第141号
 江苏省句容市人民法院 民事判决书 （2013）句少民初字第269号 
贵州省安龙县人民法院 民事判决书 （2014）安民初字第215号
 重庆市梁平县人民法院 民事判决书 （2015）梁法民初字第00394号 
 广东省四会市人民法院 民事判决书 （2014）肇四法民一初字第659号 
辽宁省本溪市溪湖区人民法院 民事判决书 （2015）溪民初字第00513号
 山东省临清市人民法院 民事判决书 （2015）临民一初字第598号 
四川省会东县人民法院 民事判决书 （2015）东民初字第1214号
江苏省泰兴市人民法院 民事判决书 （2015）泰曲民初字第0019号
 广东省从化市人民法院 民事判决书 （2014）穗从法民一初字第1192号 
浙江省永嘉县人民法院 民事判决书 （2015）温永岩民初字第256号
 遂宁市船山区人民法院 民事判决书 （2014）船山民初字第1847号 
 贵州省福泉市人民法院 民事判决书 （2014）福民初字第12号 
安徽省宁国市人民法院 民事判决书 （2015）宁民一初字第02708号
 内黄县人民法院 民事判决书 （2014）内后民初字第30号 
 湖北省武汉市青山区人民法院 民事判决书 （2014）鄂青山民一初字第00773号 
 湖北省郧县人民法院 民事判决书 （2014）鄂郧县民一初字第00379号 
 嘉兴市南湖区人民法院拟稿纸 案号：（2014）嘉南民初372号案件缓急：拟稿部门：拟稿人：标题：民事判决书校对人：印刷份数：审核人： 签发人：浙江省嘉兴市南湖区人民法院 民事判决书 （2014）嘉南民初字第372号 
 西安市长安区人民法院 民事判决书 （2013）长民初字第01964号 
广西壮族自治区平乐县人民法院 民事判决书 （2015）平民初字第157号 （2015）平民初字第157号
 江西省德兴市人民法院 民事判决书 （2015）德民一初字第33号 
山东省沾化县人民法院 民事判决书 （2013）沾下民初字第79号
 河北省衡水市桃城区人民法院 民事判决书 （2015）衡桃民一初字第72号 
安徽省蚌埠市淮上区人民法院 民事判决书 （2015）淮民一初字第00521号
 甘肃省漳县人民法院 民事判决书 （2014）漳新民初字第39号 
 福建省福清市人民法院 民事判决书 （2013）融民初字第5840号 
四川省大邑县人民法院 民事判决书 （2014）大邑民初字第1289号
四川省彭州市人民法院 民事判决书 （2012）彭州民初字第1091号
 吉林省榆树市人民法院 民事判决书 （2014）榆民初字第1844号 
 广东省阳春市人民法院 民事判决书 （2014）阳春法民一初字第675号 
 四川省广汉市人民法院 民事判决书 （2014）广汉民初字第1977号 
 广东省信宜市人民法院 民事判决书 （2015）茂信法民一初字第161号 
 南京市鼓楼区人民法院 民事判决书 （2014）鼓民初字第5815号 
 湖北省监利县人民法院 民事判决书 （2015）鄂监利民初字第00684号 
浙江省瑞安市人民法院 民事判决书 （2010）温瑞民初字第37号
