贵州省贞丰县人民法院 民事判决书 （2015）贞民初字第00645号
 福建省浦城县人民法院 民事判决书 （2014）浦民初字第250号 
安徽省明光市人民法院 民事判决书 （2015）明民一初字第01275号
 湖南省麻阳苗族自治县人民法院 民事判决书 （2014）麻民一初字第125号 
 吉林省蛟河市人民法院 民事判决书 （2014）蛟民一初字第352号 
 浙江省淳安县人民法院 民事判决书 （2013）杭淳威民初字第86号 
 湖南省会同县人民法院 民事判决书 （2015）会民一初字第125号 
 吉林省辽源市龙山区人民法院 民事判决书 （2013）龙民初字第00845号 
 福建省仙游县人民法院 民事判决书 （2014）仙民初字第5617号 
 贵州省仁怀市人民法院 民事判决书 （2014）仁民初字第314号 
 淮安市淮阴区人民法院 民事判决书 （2014）淮小民初字第0378号 
昆明市西山区人民法院 民事判决书 （2015）西法民初字第851号
 福建省福清市人民法院 民事判决书 （2013）融民初字第4135号 
 湖北省公安县人民法院 民事判决书 （2014）鄂公安民初字第01532号 
 江苏省如皋市人民法院 民事判决书 （2014）皋开民初字第0625号 
 山东省诸城市人民法院 民事判决书 （2014）诸昌民初字第391号 
 江西省玉山县人民法院 民事判决书 （2014）玉民一初字第262号 
河南省上蔡县人民法院民事判决书 （2015）上民一初字第1059号
 上海市浦东新区人民法院 民事判决书 （2014）浦民一（民）初字第785号 上海市浦东新区人民法院 民事判决书 （2014）浦民一（民）初字第785号 
 山东省淄博市淄川区人民法院 民事判决书 （2014）川民初字第2007号 
 上海市浦东新区人民法院 民事判决书 （2013）浦民一（民）初字第26700号 
 贵州省安顺市西秀区人民法院 民事判决书 （2014）西民初字第64号 
 洛阳市老城区人民法院 民事判决书 （2014）老民初字第1105号 
 福建省永泰县人民法院 民事判决书 （2014）樟民初字第728号 
 安徽省淮南市谢家集区人民法院 民事判决书 （2014）谢民一初字第00592号 
 安徽省安庆市迎江区人民法院 民事判决书 （2014）迎民一初字第00936号 
 河北省定州市人民法院 民事判决书 （2014）定民初字第414号 
 湖南省慈利县人民法院 民事判决书 （2014）慈民一初字第905号 
 河南省永城市人民法院 民事判决书 （2014）永民初字第4357号 
 昆明市呈贡区人民法院 民事判决书 （2014）呈民初字第482号 
广西壮族自治区宾阳县人民法院 民事判决书 （2015）宾民一初字第727号
 罗定市人民法院发文稿 广东省罗定市人民法院 民事判决书 （2014）云罗法民初字第1322号 
 浙江省江山市人民法院 民事判决书 （2013）衢江峡民初字第54号 
安徽省安庆市宜秀区人民法院 民事判决书 （2015）宜秀民一初字第01012号
 福建省福鼎市人民法院 民事判决书 （2014）鼎民初字第2907号 
 山东省巨野县人民法院 民事判决书 （2013）巨民初字第869号 
 广东省高州市人民法院 民事判决书 （2013）茂高法新民初字第43号 
湖北省随州市曾都区人民法院 民事判决书 （2015）鄂曾都民初字第00779号
 福建省漳平市人民法院 民事判决书 （2014）漳民初字第912号 
 湖北省英山县人民法院 民事判决书 （2014）鄂英山民初字第00401号 
陕西省宜君县人民法院 民事判决书 （2015）宜君民初字第00052号
 福建省顺昌县人民法院 民事判决书 （2015）顺民初字第314号 
 湖北省当阳市人民法院 民事判决书 （2014）鄂当阳民初字第00459号 
 浙江省苍南县人民法院 民事判决书 （2015）温苍民初字第356号 
 山东省烟台市牟平区人民法院 民事判决书 （2015）牟大民初字第40号 
 湖北省安陆市人民法院 民事判决书 （2014）鄂安陆民初字第00636号 
 青海省平安县人民法院 民事判决书 （2014）平民初字第170号 
 福建省南安市人民法院 民事判决书 （2014）南民初字第5718号 
 山东省潍坊高新技术产业开发区人民法院 民事判决书 （2015）开民初字第2号 
 中华人民共和国浙江省文成县人民法院 民事判决书 （2014）温文民初字第119号 
