 重庆市綦江区人民法院 民事判决书 （2014）綦法民初字第02320号 
 山东省海阳市人民法院 民事判决书 （2014）海民初字第1098号 
浙江省龙游县人民法院 民事判决书 （2015）衢龙小民初字第150号
 上海市松江区人民法院 民事判决书 （2014）松民一（民）初字第6077号 
 湖南省辰溪县人民法院 民事判决书 （2014）辰民一初字第349号 
湖北省郧县人民法院 民事判决书 （2013）鄂郧县民一初字第02051号
 山东省滨州市滨城区人民法院 民事判决书 （2014）滨杜民初字第969号 
四川省雷波县人民法院 民事判决书 （2015）雷波民初字第666号
辽宁省营口市鲅鱼圈区人民法院 民事判决书 （2015）鲅民一初字第00507号
南京市六合区人民法院 民事判决书 （2015）六民初字第395号
 广东省阳春市人民法院 民事判决书 （2014）阳春法民一初字第866号 
 山东省梁山县人民法院 民事判决书 （2014）梁民初字第1811号 
陕西省周至县人民法院 民事判决书 （2015）周民初字第00956号
 四川省宜宾县人民法院 民事判决书 （2013）宜宾民初字第1422号 
 湖南省永州市冷水滩区人民法院 民事判决书 （2013）永冷民初字第1698号 
 山东省青州市人民法院 民事判决书 （2013）青法谭民初字第136号 
济南市历下区人民法院 民事判决书 （2015）历民初字第1579号
湖南省新化县人民法院 民事判决书 （2014）新法民一初字第1919号
 陕西省紫阳县人民法院 民事判决书 （2014）紫民初字第00340号 
 浙江省慈溪市人民法院 民事判决书 （2013）甬慈浒民初字第755号 
浙江省永嘉县人民法院 民事判决书 （2015）温永桥民初字第90号
山东省临沂市罗庄区人民法院 民事判决书 （2013）临罗民一初字第1458号
 辽宁省彰武县人民法院 民事判决书 （2014）彰民一初字第200号 
河南省驻马店市驿城区人民法院 民事判决书 （2015）驿民初字第2895号
 湖南省沅江市人民法院 民事判决书 （2014）沅民一初字第194号 
 湖南省衡南县人民法院 民事判决书 （2015）南法江民一初字第34号 
 山西省大同市南郊区人民法院 民事判决书 （2015）南民初字第165号 
 广西壮族自治区桂林市象山区人民法院 民事判决书 （2012）象民初字第21号 
 陕西省洛川县人民法院 民事判决书 （2015）洛川民初字第00110号 
 山东省淄博市张店区人民法院 民事判决书 （2014）张民初字第595号 
 广东省紫金县人民法院 民事判决书 （2014）河紫法民一初字第981号 
湖北省崇阳县人民法院 民事判决书 （2015）鄂崇阳民初字第1818号
河南省汤阴县人民法院 民事判决书 （2013）汤菜民初字第84号
 南京市六合区人民法院 民事判决书 （2014）六程民初字第244号 
 内蒙古自治区克什克腾旗人民法院 民事判决书 （2014）克民初字第1577号 
 德州市德城区人民法院 民事判决书 （2014）德城民初字第1089号 
安徽省肥东县人民法院 民事判决书 （2015）肥东民一初字第04522号
 湖南省宁乡县人民法院 民事判决书 （2014）宁民初字第03892号 
 江苏省泰兴市人民法院 民事判决书 （2014）泰济民初字第0660号 
 广东省乳源瑶族自治县人民法院 民事判决书 （2014）韶乳法民一初字第56号 
 浙江省文成县人民法院 民事判决书 （2014）温文珊民初字第7号 
 山东省泰安市泰山区人民法院 民事判决书 （2012）泰山民初字第1167号 
 湖南省资兴市人民法院 民事判决书 （2015）资民一初字第201号 
 湖南省攸县人民法院 民事判决书 （2013）攸法民一初字第1539号 
浙江省苍南县人民法院 民事判决书 （2013）温苍龙民初字第339号
上海市闵行区人民法院 民事判决书 （2015）闵民一（民）初字第16648号
 四川省渠县人民法院 民事判决书 （2013）达渠民初字第980号 
 重庆市江津区人民法院 民事判决书 （2014）津法民初字第01812号 
山东省茌平县人民法院 民事判决书 （2015）茌民一初字第1674号
吉林省梨树县人民法院 民事判决书 （2015）梨孤民初字第441号
