贵州省贵阳市云岩区人民法院 民事判决书 （2015）云民一（一）初字第296号
 灵宝市人民法院 民事判决书 （2014）灵民一初字第787号 
 江苏省大丰市人民法院 民事判决书 （2014）大三民初字第0226号 
 山西省长治县人民法院 民事判决书 （2014）长民初字第782号 
 太原市尖草坪区人民法院 民事判决书 （2014）尖民初字第581号 
广东省广州市南沙区人民法院 民事判决书 （2015）穗南法南民初字第398号
 江苏省大丰市人民法院 民事判决书 （2014）大发民初字第0059号 
 陕西省洋县人民法院 民事判决书 2014洋民初字第00893号 
 南京市鼓楼区人民法院 民事判决书 （2013）鼓民初字第6796号 
 浙江省象山县人民法院 民事判决书 （2014）甬象石民初字第105号 
 广州市南沙区人民法院 民事判决书 （2013）穗南法万民初字第65号 
江苏省扬中市人民法院 民事判决书 （2015）扬新民初字第645号
 重庆市开县人民法院 民事判决书 （2014）开法民初字第00903号 
湖南省常德市鼎城区人民法院 民事判决书 （2013）常鼎民初字第1755号
陕西省咸阳市秦都区人民法院 民事判决书 （2015）秦民初字第02591号
兴城市人民法院 民事判决书 （2014）兴沙民初字第00325号
 安徽省含山县人民法院 民事判决书 （2014）含民一初字第00011号 
杭州市西湖区人民法院 民事判决书 （2015）杭西民初字第2417号
 德阳市旌阳区人民法院 民事判决书 （2013）旌民初字第432号 
 中华人民共和国 广东省恩平市人民法院 民事判决书 （2015）江恩民一初字第17号 
云浮市云安区人民法院 民事判决书 （2015）云安法民一初字第161号
 云南省寻甸回族彝族自治县人民法院 民事判决书 （2014）寻民初字第643号 
 吉林省安图县人民法院 民事判决书 （2014）安民初字第437号 
 天津市津南区人民法院 民事判决书 （2015）南民一初字第1301号 
安阳县人民法院 民事判决书 （2013）安民初字第00795号
福建省宁德市蕉城区人民法院 民事判决书 （2015）蕉民初字第2815号
河北省宣化县人民法院 民事判决书 （2015）宣县民初字第205号
 重庆市合川区人民法院 民事判决书 （2015）合法民初字第00158号 
江西省南昌县人民法院 民事判决书 （2015）南塘民初字第85号
安徽省临泉县人民法院 民事判决书 （2012）临民一初字第02976号
江苏省盐城市大丰区人民法院 民事判决书 （2015）大刘民初字第0354号
灵宝市人民法院 民事判决书 （2015）灵民一初字第2494号
 上海市浦东新区人民法院 民事判决书 （2015）浦民一（民）初字第5547号 
 河北省安新县人民法院 民事判决书 （2015）安民初字第390号 
 河北省馆陶县人民法院 民事判决书 （2013）馆民初字第1548号 
黑龙江省勃利县人民法院 民事判决书 （2015）勃民初字第123号
安徽省明光市人民法院 民事判决书 （2015）明民一初字第01369号
 江苏省灌云县人民法院 民事判决书 （2014）灌杨民初字第0338号 
 山东省莘县人民法院 民事判决书 （2013）莘民一初字第750号 
 重庆市石柱土家族自治县人民法院 民事判决书 （2014）石法民初字第02707号 
 江西省崇仁县人民法院 民事判决书 （2014）崇民初字第985号 
 安徽省怀远县人民法院 民事判决书 （2014）怀民一初字第03403号 
 山东省单县人民法院 民事判决书 （2013）单民初字第1870号 
 福建省建阳市人民法院 民事判决书 （2014）潭民初字第1714号 
 福建省古田县人民法院 民事判决书 （2014）古民初字第363号 
 嘉兴市秀洲区人民法院 民事判决书 （2014）嘉秀王民初字第163号 
 济南市长清区人民法院 民事判决书 （2013）长民初字第1281号 
 河南省郑州市二七区人民法院 民事判决书 （2013）二七民一初字第2338号 
 湖南省桃源县人民法院 民事判决书 （2014）桃民初字第463号 
 上海市宝山区人民法院 民事判决书 （2014）宝民一（民）初字第6366号 
