重庆市铜梁区人民法院 民事判决书 （2015）铜法民初字第01321号
 广东省茂名市茂南区人民法院 民事判决书 （2014）茂南法民一初字第657号 
湖南省益阳市资阳区人民法院 民事判决书 （2015）资民一初字第251号
 湖南省益阳市资阳区人民法院 民事判决书 （2015）资民一初字第402号 
 山东省淄博市临淄区人民法院 民事判决书 （2015）临民初字第260号 
 江苏省如皋市人民法院 民事判决书 （2013）皋开民初字第1632号 
 海南省保亭黎族苗族自治县人民法院 民事判决书 （2014）保民初字第137号 
 重庆市酉阳土家族苗族自治县人民法院 民事判决书 （2015）酉法民初字第00199号 
四川省内江市东兴区人民法院 民事判决书 （2015）内东民初字第1312号
 陕西省澄城县人民法院 民事判决书 （2013）澄民初字第00103号 
 河北省武安市人民法院 民事判决书 （2013）武民初字第1768号 
 广西壮族自治区田阳县人民法院 民事判决书 （2014）阳民一初字第175号 
包头市九原区人民法院 民事判决书 （2015）包九原民初字第389号
 河南省上蔡县人民法院 民事判决书 （2015）上民一初字第593号 
重庆市巴南区人民法院 民事判决书 （2015）巴法少民初字第00922号
 重庆市开县人民法院 民事判决书 （2014）开法民初字第02540号 
 济南市历城区人民法院 民事判决书 （2014）历城民初字第2082号 
 湖北省武汉市江汉区人民法院 民事判决书 （2012）鄂江汉巡民初字第02540号 
 山东省临清市人民法院 民事判决书 （2015）临民一初字第799号 
湖南省南县人民法院 民事判决书 （2015）南法民一初字第590号
 云南省砚山县人民法院 民事判决书 （2014）砚民初字第439号 
 浙江省海宁市人民法院 民事判决书 （2013）嘉海民初字第4804号 
 福建省顺昌县人民法院 民事判决书 （2014）顺民初字第697号 
 重庆市綦江区人民法院 民事判决书 （2014）綦法民初字第02825号 
湖北省丹江口市人民法院 民事判决书 （2015）鄂丹江口民初字第01613号
 重庆市铜梁县人民法院 民事判决书 （2014）铜法民初字第02252号 
安徽省泗县人民法院 民事判决书 （2015）泗民一初字第02575号
 重庆市大足区人民法院 民事判决书 （2015）足法民初字第00318号 
 湖北省巴东县人民法院 民事判决书 （2015）鄂巴东民初字第00541号 
 河北省隆尧县人民法院 民事判决书 （2013）隆民初字第1067号 
 江苏省扬中市人民法院 民事判决书 （2014）扬新民初字第565号 
黑龙江省肇东市人民法院 民事判决书 （2015）肇宋民初字第126号
 江苏省邳州市人民法院 民事判决书 （2014）邳铁民初字第1185号 
 辽宁省新民市人民法院 民事判决书 （2014）新民民（三）初字第3700号 
 湖南省南县人民法院 民事判决书 （2014）南法民一初字第401号 
 黑龙江省鸡西市城子河区人民法院 民事判决书 （2013）城民初字第381号 
 九江市庐山区人民法院 民事判决书 （2014）庐民一初字第487号 
 山西省繁峙县人民法院 民事判决书 （2014）繁民初字第148号 
广西壮族自治区靖西县人民法院 民事判决书 （2015）靖民一初字第569号
 山东省临沂市兰山区人民法院 民事判决书 （2014）临兰民初字第5630号 
 安徽省和县人民法院 民事判决书 （2012）和民一初字第01120号 
 重庆市铜梁县人民法院 民事判决书 （2014）铜法民初字第00387号 
 浙江省余姚市人民法院 民事判决书 （2014）甬余泗民初字第96号 
山东省乳山市人民法院 民事判决书 （2015）乳调民初字第452号
 北京市朝阳区人民法院 民事判决书 （2014）朝民初字第47468号 
 湖南省会同县人民法院 民事判决书 （2015）会民一初字第48号 
 贵州省黔西县人民法院 民事判决书 （2014）黔县民初字第67号 
 山东省武城县人民法院 民事判决书 （2014）武民初字第251号 
 江西省抚州市临川区人民法院 民事判决书 （2014）临民初字第1876号 
杭州市萧山区人民法院 民事判决书 （2010）杭萧民初字第2167号
