 宁城县人民法院 民事判决书 （2014）宁民初字第03079号 
 鹤壁市淇滨区人民法院 民事判决书 （2014）淇滨民初字第614号 
 淮安市淮安区人民法院 民事判决书 （2013）淮法少民初字第0138号 
湖北省宣恩县人民法院 民事判决书 （2015）鄂宣恩民初字第00562号
 河北省任丘市人民法院 民事判决书 （2014）任民初字第55号 
 江苏省邳州市人民法院 民事判决书 （2014）邳民初字第0932号 
 湖南省新晃侗族自治县人民法院 民事判决书 （2015）晃民一初字第26号 
 山西省芮城县人民法院 民事判决书 （2015）芮陌民初字第46号 
中华人民共和国山西省定襄县人民法院 民事判决书 （2015）定民初字第176号
浙江省天台县人民法院 民事判决书 （2010）台天民初字第341号
重庆市九龙坡区人民法院 民事判决书 （2014）九法民初字第06239号
 江苏省扬州市邗江区人民法院 民事判决书 （2013）扬邗公民初字第0383号 
 湖南省衡阳县人民法院 民事判决书 （2014）蒸民一初字第487号 
 云南省永善县人民法院 民事判决书 （2015）永民初字第336号 
 辽宁省昌图县人民法院 民事判决书 （2015）昌民三初字第00480号 
四川省威远县人民法院 民事判决书 （2015）威民初字第863号
 湖北省公安县人民法院 民事判决书 （2014）鄂公安民初字第00699号 
 江西省上犹县人民法院 民事判决书 （2014）上民一初字第251号 
 云南省大关县人民法院 民事判决书 （2014）大民初字第14号 
 广西壮族自治区那坡县人民法院 民事判决书 （2014）那民一初字第34号 
 上海市浦东新区人民法院 民事判决书 （2014）浦民一（民）初字第27959号 
甘肃省正宁县人民法院 民事判决书 （2012）正民初字第023号
广东省佛山市禅城区人民法院 民事判决书 （2013）佛城法槎民初字第56号
 安徽省桐城市人民法院 民事判决书 （2014）桐民一初字第01318号 
 四川省绵阳市涪城区人民法院 民事判决书 （2013）涪民初字第4647号 
 福建省沙县人民法院 民事判决书 （2014）沙少民初字第34号 
湖北省保康县人民法院 民事判决书 （2015）鄂保康桥民初字第0045号
山东省淄博市周村区人民法院 民事判决书 （2014）周民初字第144号
 浙江省永嘉县人民法院 民事判决书 （2015）温永瓯民初字第99号 
 重庆市潼南县人民法院 民事判决书 （2014）潼法民初字第02946号 
 湖北省阳新县人民法院 民事判决书 （2015）鄂阳新民溪初字第000031号 
江西省高安市人民法院 民事判决书 （2015）高民一初字第1472号
 河南省许昌市魏都区人民法院 民事判决书 （2013）魏七民初字第125号 
 福建省泉州市洛江区人民法院 民事判决书 （2015）洛民初字第324号 
 上海市浦东新区人民法院 民事判决书 （2014）浦民一（民）初字第38327号 
 福建省福清市人民法院 民事判决书 （2014）融民初字第1477号 
 重庆市云阳县人民法院 民事判决书 （2014）云法民初字第02376号 
 济南市历城区人民法院 民事判决书 （2013）历城民初字第2770号 
 山东省青岛市市北区人民法院 民事判决书 （2014）北民初字第1740号 
 抚顺市望花区人民法院 民事判决书 （2014）望民一初字第00189号 
 广西壮族自治区田阳县人民法院 民事判决书 （2014）阳民一初字第150号 
江西省遂川县人民法院 民事判决书 （2015）遂草民初字第142号
 河北省定州市人民法院 民事判决书 （2015）定民初字第1299号 
贵州省黔西县人民法院 民事判决书 （2015）黔县民初字第2720号
陕西省西安市长安区人民法院 民事判决书 （2012）长民初字第01226号
温州市鹿城区人民法院 民事判决书 （2015）温鹿西民初字第148号
 北京市延庆县人民法院 民事判决书 （2013）延民初字第03897号 
 山东省新泰市人民法院 民事判决书 （2013）新民初字第5811号 
河南省上蔡县人民法院民事判决书 （2013）上民一初字第1914号
 湖北省应城市人民法院 民事判决书 （2014）鄂应城民初字第00213号 
