福建省尤溪县人民法院 民事判决书 （2015）尤少民初字第109号
 吉林省梨树县人民法院 民事判决书 （2014）梨榆民初字第328号 
 江西省上饶县人民法院 民事判决书 （2015）饶民一初字第17号 
 福建省将乐县人民法院 民事判决书 （2014）将少民初字第4号 
 淄博市博山区人民法院 民事判决书 （2015）博民初字第1645号 
 淮安市淮阴区人民法院 民事判决书 （2014）淮小民初字第0344号 
安徽省池州市贵池区人民法院 民事判决书 （2015）贵民一初字第02763号
宁夏回族自治区青铜峡市人民法院 民事判决书 （2013）青民初字第799号
 江西省安远县人民法院 民事判决书 （2014）安民一（孔）初字第46号 
浙江省瑞安市人民法院 民事判决书 （2010）温瑞民初字第1207号
福建省莆田市秀屿区人民法院 民事判决书 （2015）秀民初字第2772号
河北省雄县人民法院 民事判决书 （2015）雄民初字第1739号
青海省德令哈市人民法院 民事判决书 （2015）德民初字第624号
 重庆市开县人民法院 民事判决书 （2013）开法民初字第03807号 
 山东省临邑县人民法院 民事判决书 （2014）临民初字第1049号 
福建省永泰县人民法院 民事判决书 （2015）樟民初字第296号
 安徽省六安市裕安区人民法院 民事判决书 （2013）六裕民一初字第01719号 
 福建省莆田市秀屿区人民法院 民事判决书 （2015）秀民初字第1626号 
 太原市小店区人民法院 民事判决书 （2014）小民初字第502号 
 吉林省桦甸市人民法院 民事判决书 （2014）桦民一初字第619号 
 江苏省无锡市惠山区人民法院 民事判决书 （2013）惠前民初字第0326号 
 济南市历城区人民法院 民事判决书 （2014）历城民初字第2912号 
 山东省肥城市人民法院 民事判决书 （2015）肥民初字第1667号 
 长春市绿园区人民法院 民事判决书 2014年绿民一初字第213号 
 河南省范县人民法院 民事判决书 （2014）范民初字第01753号 
福建省福清市人民法院 民事判决书 （2014）融民初字第5355号
 山东省莱州市人民法院 民事判决书 （2014）莱州民初字第1208号 
 中华人民共和国 浙江省瑞安市人民法院 民事判决书 （2014）温瑞民初字第423号 
 福建省霞浦县人民法院 民事判决书 （2014）霞民初字第2056号 
 安徽省宁国市人民法院 民事判决书 （2014）宁民一初字第00971号 
 福建省莆田市秀屿区人民法院 民事判决书 （2014）秀民初字第5179号 
河北省河间市人民法院 民事判决书 （2015）河民初字第3642号
 江苏省东海县人民法院 民事判决书 （2014）东白民初字第0037号 
 山东省五莲县人民法院 民事判决书 （2014）莲民一初字第599号 
 山东省阳谷县人民法院 民事判决书 （2012）阳民初字第3980号 
 四川省富顺县人民法院 民事判决书 （2014）富民一初字第1698号 
 湖南省安乡县人民法院 民事判决书 （2013）安民初字第955号 
 辽宁省朝阳县人民法院 民事判决书 （2015）朝县民羊初字第360号 
甘肃省庆阳市西峰区人民法院 民事判决书 （2015）庆西民初字第1218号
 台州市黄岩区人民法院 民事判决书 （2015）台黄民初字第310号 
 河北省安国市人民法院 民事判决书 （2015）安民初字第6007号 
 湖北省荆州市荆州区人民法院 民事判决书 （2014）鄂荆州区民初字第142号 
 广东省龙门县人民法院 民事判决书 （2014）惠龙法民一初字第303号 
 湖南省浏阳市人民法院 民事判决书 （2014）浏民初字第4562号 
 河北省满城县人民法院 民事判决书 （2015）满民初字第772号 
 浙江省瑞安市人民法院 民事判决书 （2012）温瑞民初字第2035号 
江苏省射阳县人民法院 民事判决书 （2015）射开民初字第01271号
 湖北省房县人民法院 民事判决书 （2014）鄂房县民一初字第00642号 
浙江省江山市人民法院 民事判决书 （2014）衢江民初字第724号
 云南省寻甸回族彝族自治县人民法院 民事判决书 （2014）寻民初字第294号 
