 北京市门头沟区人民法院 民事判决书 （2015）门民初字第1878号 
山东省高唐县人民法院 民事判决书 （2015）高民初字第1052号
 贵州省福泉市人民法院 民事判决书 （2015）福民初字第292号 
 山东省淄博市淄川区人民法院 民事判决书 （2014）川民初字第1736号 
浙江省绍兴市越城区人民法院 民事判决书 （2015）绍越民初字第700号
 四川省剑阁县人民法院 民事判决书 （2015）剑阁民初字第797号 
 重庆市云阳县人民法院 民事判决书 （2015）云法民初字第02322号 
 陕西省岐山县人民法院 民事判决书 （2014）岐民初字第00100号 
浙江省临海市人民法院 民事判决书 （2010）台临民初字第989号
 广东省高州市人民法院 民事判决书 （2014）茂高法长民初字第30号 
四川省筠连县人民法院 民事判决书 （2015）筠连民初字第262号
 双峰县人民法院 民事判决书 （2014）双民一初字第254号 
 浙江省苍南县人民法院 民事判决书 （2014）温苍金民初字第424号 
四川省盐边县人民法院 民事判决书 （2015）盐边民初字第1389号
 山东省新泰市人民法院 民事判决书 （2012）新民初字第6210号 
 湖北省武汉市青山区人民法院 民事判决书 （2014）鄂青山民一初字第00831号 
 陕西省子洲县人民法院 民事判决书 （2014）子洲民初字第00076号 
湖南省绥宁县人民法院 民事判决书 （2014）绥民初字第556号
 安徽省马鞍山市雨山区人民法院 民事判决书 （2014）雨民一初字第00664号 
 河北省隆化县人民法院 民事判决书 （2015）隆民初字第1252号 
 辽宁省大石桥市人民法院 民事判决书 （2014）大南民初字第00390号 
 湖北省武汉市江岸区人民法院 民事判决书 （2015）鄂江岸民初字第01224号 
陕西省礼泉县人民法院 民事判决书 （2015）礼民初字第00820号
 湖北省武汉市武昌区人民法院 民事判决书 （2014）鄂武昌民初字第02842号 
上海市奉贤区人民法院 民事判决书 （2015）奉民一（民）初字第6193号
江西省全南县人民法院 民事判决书 （2015）全民一初字第32号
湖南省洪江人民法院 民事判决书 （2013）怀洪民一初字第81号
 山东省东平县人民法院 民事判决书 （2014）东民初字第1459号 
 重庆市长寿区人民法院 民事判决书 （2014）长法民初字第03268号 
江苏省泗阳县人民法院 民事判决书 （2015）泗王民初字第0338号
 贵州省兴义市人民法院 民事判决书 （2014）黔义民初字第721号 
阜新蒙古族自治县人民法院民事判决书 （2015）阜县民一初字第00057号
 江苏省丹阳市人民法院 民事判决书 （2015）丹吕民初字第00068号 
 山东省寿光市人民法院 民事判决书 （2015）寿民初字第1278号 
 杭州市萧山区人民法院 民事判决书 （2012）杭萧临民初字第718号 
 中华人民共和国 吉林省延边朝鲜族自治州中级人民法院 民事判决书 （2014）延中民三初字第691号 
天津市静海县人民法院 民事判决书 （2015）静民初字第4704号
 山东省鄄城县人民法院 民事判决书 （2013）鄄民初字第508号 
 山东省肥城市人民法院 民事判决书 （2014）肥民初字第1419号 
 河北省威县人民法院 民事判决书 （2014）威民一初字第587号 
 四川省资阳市雁江区人民法院 民事判决书 （2014）雁江民初字第379号 
 重庆市黔江区人民法院 民事判决书 （2014）黔法民初字第02874号 
 江西省安义县人民法院 民事判决书 （2014）安石民初字第38号 
 南通市通州区人民法院 民事判决书 （2014）通仁民初字第0172号 
 淄博市博山区人民法院 民事判决书 （2014）博民初字第795号 
 广东省阳春市人民法院 民事判决书 （2014）阳春法民一初字第935号 
 贵州省绥阳县人民法院 民事判决书 （2014）绥民初字第227号 
 河南省方城县人民法院 民事判决书 （2014）方民初字第157号 
重庆市长寿区人民法院 民事判决书 （2015）长法民初字第05955号
重庆市开县人民法院 民事判决书 （2015）开法民初字第00752号
