 山东省滨州市滨城区人民法院 民事判决书 （2014）滨北民初字第83号 
 安徽省池州市贵池区人民法院 民事判决书 （2013）贵民一初字第02474号 
湖南省湘潭县人民法院 民事判决书 （2015）潭民一初字第626号
 福建省莆田市荔城区人民法院 民事判决书 （2014）荔民初字第2832号 
山东省日照市东港区人民法院 民事判决书 （2015）东民一初字第2487号
 广东省广州市花都区人民法院 民事判决书 （2015）穗花法山民初字第150号 
 福建省寿宁县人民法院 民事判决书 （2014）寿民初字第150号 
 江西省宜春市袁州区人民法院 民事判决书 （2014）袁民一初字第921号 
昆明市盘龙区人民法院 民事判决书 （2015）盘法派民初字第630号
 河南省驻马店市驿城区人民法院 民事判决书 （2015）驿民初字第2377号 
赣州市章贡区人民法院 民事判决书 （2015）章民四初字第1070号
 湖北省武汉市新洲区人民法院 民事判决书 （2015）鄂新洲邾民初字第00049号 
 安徽省桐城市人民法院 民事判决书 （2014）桐民一初字第01042号 
 山东省曲阜市人民法院 民事判决书 （2013）曲民初字第1356号 
 杭州市萧山区人民法院 民事判决书 （2015）杭萧瓜民初字第189号 
 广东省梅江区人民法院 民事判决书 （2014）梅江法二民初字第131号 
安徽省霍邱县人民法院 民事判决书 （2015）霍民一初字第01384号
贵州省贞丰县人民法院 民事判决书 （2015）贞民初字第887号
 福建省连江县人民法院 民事判决书 （2014）连民初字第1328号 
 广东省佛山市禅城区人民法院 民事判决书 （2014）佛城法槎民初字第209号 
 山东省费县人民法院 民事判决书 （2014）费民初字第1274号 
 重庆市黔江区人民法院 民事判决书 （2014）黔法民初字第00627号 
 湖南省安化县人民法院 民事判决书 （2015）安法民一初字第391号 
 江苏省金湖县人民法院 民事判决书 （2014）金民初字第1732号 
 湖北省随州市曾都区人民法院 民事判决书 （2014）鄂曾都民初字第01819号 
 安徽省霍邱县人民法院 民事判决书 （2014）霍民一初字第02205号 
广东省深圳市龙岗区人民法院 民事判决书 （2015）深龙法横民初字第1490号
江苏省句容市人民法院 民事判决书 （2015）句蜀民初字第217号
 山东省临朐县人民法院 民事判决书 （2015）临法（冶）民初字第210号 
 湖北省通城县人民法院 民事判决书 （2014）鄂通城民初字第1159号 
河北省晋州市人民法院 民事判决书 （2015）晋总民初字第00190号
河南省伊川县人民法院 民事判决书 （2015）伊二民初字第120号
 鹤壁市淇滨区人民法院 民事判决书 （2014）淇滨民初字第771号 
 河南省上蔡县人民法院 民事判决书 （2015）上民一初字第34号 
广东省江门市新会区人民法院 民事判决书 （2014）江新法会民初字第34号
 浙江省慈溪市人民法院 民事判决书 （2013）甬慈浒民初字第789号 
 浙江省海盐县人民法院 民事判决书 （2014）嘉盐民初字第1402号 
 河北省任丘市人民法院 民事判决书 （2015）任民初字第1772号 
 浙江省苍南县人民法院 民事判决书 （2014）温苍金民初字第195号 
 河北省成安县人民法院 民事判决书 （2013）成民初字第1599号 
 绍兴市上虞区人民法院 民事判决书 （2013）绍虞民初字第1196号 
 台州市黄岩区人民法院 民事判决书 （2013）台黄民初字第1742号 
山东省临朐县人民法院 民事判决书 （2015）临法民初字第959号
 江苏省南京市高淳区人民法院 民事判决书 （2014）高漆民初字第519号 
 江苏省金坛市人民法院 民事判决书 （2015）坛少民初字第00075号 
 江苏省沛县人民法院 民事判决书 （2014）沛朱民初字第0099号 
 安徽省无为县人民法院 民事判决书 （2015）无民一初字第00794号 
 重庆市万州区人民法院 民事判决书 （2014）万法民初字第02206号 
 南京市六合区人民法院 民事判决书 （2014）六东民初字第275号 
 广东省连平县人民法院 民事判决书 （2014）河连法民一初字第41号 
