 甘肃省兰州市城关区人民法院 民事判决书 （2013）城民渭初字第394号 
 山东省肥城市人民法院 民事判决书 （2014）肥民初字第2308号 
 江西省高安市人民法院 民事判决书 （2015）高民一初字第160号 
 浙江省永嘉县人民法院 民事判决书 （2014）温永岩民初字第416号 
 河南省淮阳县人民法院 民事判决书 （2014）淮民初字第00411号 
 重庆市荣昌县人民法院 民事判决书 （2013）荣法民初字第04104号 
福建省福安市人民法院 民事判决书 （2015）安民初字第1249号
 台州市黄岩区人民法院 民事判决书 （2014）台黄民初字第2071号 
 湖北省谷城县人民法院 判决书 （2013）鄂谷城石民初字第00022号 
中华人民共和国 福建省长乐市人民法院 民事判决书 （2014）长民初字第1249号
河南省长葛市人民法院 民事判决书 （2015）长民初字第02436号
 浙江省龙泉市人民法院 民事判决书 （2014）丽龙民初字第228号 
 陕西省淳化县人民法院 民事判决书 （2014）淳民初字第00704号 
河北省文安县人民法院 民事判决书 （2015）文民初字第3213号
 安徽省含山县人民法院 民事判决书 （2014）含民一初字第00215号 
 四川省安县人民法院 民事判决书 （2015）安民初字第55号 
 温州市龙湾区人民法院 民事判决书 （2015）温龙民初字第262号 
 广西壮族自治区兴业县人民法院 民事判决书 （2012）兴法民一初字第1473号 
陕西省志丹县人民法院 民事判决书 （2015）志民初字第01000号
 山东省东平县人民法院 民事判决书 （2014）东民初字第402号 
 江苏省宿迁市宿城区人民法院 民事判决书 （2014）宿城洋民初字第0524号 
 四川省安岳县人民法院 民事判决书 （2014）安岳民初字第1220号 
 四川省达州市达川区人民法院 民事判决书 （2014）达达民初字第1252号 
 河北省成安县人民法院 民事判决书 （2014）成民初字第843号 
上海市虹口区人民法院 民事判决书 （2015）虹民一（民）初字第3396号
河南省民权县人民法院 民事判决书 （2013）民民初字第790号
青海省海东市乐都区人民法院 民事判决书 （2015）乐民初字第451号
湖北省公安县人民法院 民事判决书 （2015）鄂公安民初字第01430号
 大连市西岗区人民法院 民事判决书 （2015）西民初字第847号 
浙江省温州市瓯海区人民法院 民事判决书 （2009）温瓯民初字第927号
 广西壮族自治区永福县人民法院 民事判决书 （2013）永民初字第630号 
福建省清流县人民法院 民事判决书 （2015）清少民初字第112号
浙江省平湖市人民法院 民事判决书 （2010）嘉平新民初字第119号
安徽省临泉县人民法院 民事判决书 （2014）临民一初字第00008号
 云南省施甸县人民法院 民事判决书 （2015）施民一初字第54号 
 安徽省桐城市人民法院 民事判决书 （2015）桐民一初字第01206号 
 湖北省武汉市东西湖区人民法院 民事判决书 （2014）鄂东西湖民初字第01035号 
 中华人民共和国 浙江省瑞安市人民法院 民事判决书 （2014）温瑞民初字第998号 
江苏省无锡市锡山区人民法院 民事判决书 （2015）锡法安民初字第0585号
 重庆市綦江区人民法院 民事判决书 （2014）綦法民初字第04160号 
重庆市铜梁区人民法院 民事判决书 （2015）铜法民初字第04110号
 宁波市鄞州区人民法院 民事判决书 （2014）甬鄞江民初字第154号 
 重庆市永川区人民法院 民事判决书 （2014）永法少民初字第00443号 
 广西壮族自治区陆川县人民法院 民事判决书 （2015）陆民初字第863号 
鹤壁市山城区人民法院 民事判决书 （2015）山民初字第841号
 德阳市旌阳区人民法院 民事判决书 （2015）旌民初字第447号 
 湖北省宜城市人民法院 民事判决书 （2014）鄂宜城民板初字第00027号 
 陕西省横山县人民法院 民事判决书 （2013）横民初字第00877号 
山东省五莲县人民法院 民事判决书 （2015）莲民一初字第1789号
河北省怀来县人民法院 民事判决书 （2015）怀民初字第619号
