 河南省陕县人民法院 民事判决书 （2014）陕民初字第1072号 
 陕西省西乡县人民法院 民事判决书 （2014）西民初字第00242号 
 河北省曲阳县人民法院 民事判决书 （2014）曲民初字第98号 
 安徽省宁国市人民法院 民事判决书 （2014）宁民一初字第01979号 
 湖北省监利县人民法院 民事判决书 （2014）鄂监利民初字第01307号 
 内蒙古自治区牙克石市人民法院 民事判决书 （2014）牙民初字第540号 
 云南省易门县人民法院 民事判决书 （2015）易民一初字第52号 
 湖南省桑植县人民法院 民事判决书 （2015）桑民一初字第241号 
新疆维吾尔自治区奇台县人民法院 民事判决书 （2015）奇民一初字第01421号
 上海市崇明县人民法院 民事判决书 （2014）崇民一（民）初字第4229号 
 湖南省郴州市苏仙区人民法院 民事判决书 （2014）郴苏民初字第360号 
 福建省莆田市荔城区人民法院 民事判决书 （2014）荔民初字第2660号 
 河北省唐山市曹妃甸区人民法院 民事判决书 （2015）曹民初字第1884号 
湖北省通城县人民法院 民事判决书 （2015）鄂通城民初字第820号
 四川省合江县人民法院 民事判决书 （2014）合江民初字第20号 
 广西壮族自治区临桂县人民法院 民事判决书 （2014）临民初字第402号 
湖北省钟祥市人民法院 民事判决书 （2015）鄂钟祥丰民一初字第00129号
 河北省怀安县人民法院 民事判决书 （2014）安民初字第538号 
 贵州省安顺市西秀区人民法院 民事判决书 （2014）西民初字第155号 
 河南省获嘉县人民法院 民事判决书 （2014）获民初字第1426号 
 浙江省平阳县人民法院 民事判决书 （2014）温平鳌民初字第846号 
 咸阳市渭城区人民法院 民事判决书 （2013）咸渭民初字第00155号 
 广东省怀集县人民法院 民事判决书 （2014）肇怀法冷民初字第131号 
 河北省怀来县人民法院 民事判决书 （2014）怀民初字第268号 
广西壮族自治区陆川县人民法院 民事判决书 （2015）陆民初字第1047号
浙江省义乌市人民法院 民事判决书 （2011）金义民初字第609号
 四川省安岳县人民法院 民事判决书 （2012）安岳民初字第1591号 
 浙江省宁海县人民法院 民事判决书 （2015）甬宁岔民初字第13号 
 浙江省松阳县人民法院 民事判决书 （2013）丽松民初字第106号 
 江西省铅山县人民法院 民事判决书 （2015）铅民一初字第287号 
 上海市宝山区人民法院 民事判决书 （2014）宝民一（民）初字第344号 
 安徽省枞阳县人民法院 民事判决书 （2014）枞民一初字第00220号 
中华人民共和国吉林省 延边朝鲜族自治州中级人民法院 民事判决书 （2015）延中民三初字第890号
 山东省荣成市人民法院 民事判决书 荣民初字第191号 
山西省晋中市榆次区人民法院 民事判决书 （2015）榆民三初字第191号
 江苏省东海县人民法院 民事判决书 （2014）连东白民初字第00517号 
湖南省耒阳市人民法院 民事判决书 （2015）耒民一初字第252号
 福建省宁化县人民法院 民事判决书 （2014）宁少民初字第65号 
安徽省望江县人民法院 民事判决书 （2015）望民一初字第00674号
 河南省项城市人民法院 民事判决书 （2014）项民初字第01506号 
 济源市人民法院 民事判决书 （2013）济民一初字第1808号 
 河北省张家口市桥东区人民法院 民事判决书 （2014）东民初字第1074号 
 安徽省桐城市人民法院 民事判决书 （2015）桐民一初字第00312号 
 重庆市万州区人民法院 民事判决书 （2012）万法民初字第09535号 
湖南省永州市零陵区人民法院 民事判决书 （2014）零民初字第1779号
江苏省句容市人民法院 民事判决书 （2015）句少民初字第196号
 福建省永春县人民法院 民事判决书 （2014）永民初字第3189号 
 阳江市江城区人民法院 民事判决书 （2014）阳城法平民初字第303号 
吉林省德惠市人民法院 民事判决书 （2015）德民初字第1028号
 吉林省桦甸市人民法院 民事判决书 （2014）桦民一初字第117号 
