 湖南省沅陵县人民法院 民事判决书 （2014）沅民一初字第710号 
 江西省余江县人民法院 民事判决书 （2013）余民初字第383号 
 山东省莱西市人民法院 民事判决书 （2013）西民初字第3572号 
 吉林省伊通满族自治县人民法院 民事判决书 （2015）伊营民初字第69号 
江苏省灌云县人民法院 民事判决书 （2015）灌板民初字第00256号
四川省安岳县人民法院 民事判决书 （2015）安岳民初字第1036号
 江苏省丹阳市人民法院 民事判决书 （2014）丹导民初字第70号 
 山东省临清市人民法院 民事判决书 （2013）临民一初字第788号 
江苏省泰兴市人民法院 民事判决书 （2014）泰曲民初字第0668号
安徽省灵璧县人民法院 民事判决书 （2015）灵民初字第02907号
 安徽省芜湖市鸠江区人民法院 民事判决书 （2014）鸠民一初字第00195号 
河南省汝南县人民法院 民事判决书 （2015）汝民初字第00611号
甘肃省合水县人民法院 民事判决书 （2012）合民初字第486号
 河南省永城市人民法院 民事判决书 （2015）永民初字第1051号 
 浙江省文成县人民法院 民事判决书 （2014）温文玉民初字第30号 
济南市历下区人民法院 民事判决书 （2015）历民初字第303号
 河北省宁晋县人民法院 民事判决书 （2014）宁民初字第1529号 
 西安市雁塔区人民法院 民事判决书 （2013）雁民初字第02490号 
 安徽省霍邱县人民法院 民事判决书 （2014）霍民一初字第01164号 
安徽省桐城市人民法院 民事判决书 （2015）桐民一初字第01991号
 湖南省湘潭县人民法院 民事判决书 （2014）潭民一初字第297号 
福建省福鼎市人民法院 民事判决书 （2015）鼎民初字第2613号
陕西省靖边县人民法院 民事判决书 （2015）靖民初字第00771号
 安徽省枞阳县人民法院 民事判决书 （2014）枞民一初字第01231号 
 重庆市秀山土家族苗族自治县人民法院 民事判决书 （2015）秀法民初字第00374号 
 河南省长垣县人民法院 民事判决书 （2014）长民初字第1272号 
贵州省贵阳市花溪区人民法院 民事判决书 （2015）花民初字第3091号
湖南省长沙市岳麓区人民法院 民事判决书 （2014）岳民初字第04279号
 浙江省建德市人民法院 民事判决书 （2014）杭建乾民初字第121号 
 辽宁省黑山县人民法院 民事判决书 （2014）黑黑民初字第01872号 
 洛阳市瀍河回族区人民法院 民事判决书 （2013）瀍民初字第324号 
山东省莘县人民法院 民事判决书 （2015）莘民一初字第1387号
河北省定州市人民法院 民事判决书 （2013）定民初字第1628号
安徽省寿县人民法院 民事判决书 （2015）寿民一初字第00868号
重庆市渝中区人民法院 民事判决书 （2015）中区法民初字第07041号
 北京市大兴区人民法院 民事判决书 （2014）大民初字第8240号 
滑县人民法院 民事判决书 （2015）滑万民初字第114号
云南省南华县人民法院 民事判决书 （2015）南民初字第203号
 四川省兴文县人民法院 民事判决书 （2014）兴僰民初字第369号 
 浙江省慈溪市人民法院 民事判决书 （2014）甬慈周民初字第91号 
 四川省达州市达川区人民法院 民事判决书 （2014）达达民初字第211号 
重庆市綦江区人民法院 民事判决书 （2015）綦法民初字第01357号
 山东省梁山县人民法院 民事判决书 （2014）梁民初字第1880号 
 贵州省普安县人民法院 民事判决书 （2015）普民初字第357号 
 南通市通州区人民法院 民事判决书 （2014）通民初字第01374号 
 内蒙古自治区乌海市海勃湾区人民法院 民事判决书 （2013）乌勃民一初字第01776号 
 安徽省潜山县人民法院 民事判决书 （2014）潜民一初字第02883号 
 山东省嘉祥县人民法院 民事判决书 （2014）嘉民初字第1106号 
 山西省长治市城区人民法院 民事判决书 （2013）城民一初字第342号 
吉林省镇赉县人民法院 民事判决书 （2015）镇民二初字第528号
