 山东省枣庄市山亭区人民法院 民事判决书 （2013）山民初字第1967号 
湖南省新邵县人民法院 民事判决书 （2015）新民初字第829号
上海市虹口区人民法院 民事判决书 （2015）虹民一（民）初字第2564号
 湖南省衡东县人民法院 民事判决书 （2013）东民一初字第750号 
 浙江省永康市人民法院 民事判决书 （2013）金永芝民初字第287号 
 北京市朝阳区人民法院 民事判决书 （2014）朝民初字第44590号 
 浙江省余姚市人民法院 民事判决书 （2013）甬余泗民初字第24号 
 云南省寻甸回族彝族自治县人民法院 民事判决书 （2014）寻民初字646号 
河北省新乐市人民法院 民事判决书 （2015）新民一初字第1184号
 河南省郑州高新技术产业开发区人民法院 民事判决书 （2012）开民初字第6000号 
 山东省庆云县人民法院 民事判决书 （2014）庆民初字第428号 
 湖北省蕲春县人民法院 民事判决书 （2014）鄂蕲春民一初字第00508号 
 河南省清丰县人民法院 民事判决书 （2014）清民初字第1287号 
 汉中市汉台区人民法院 民事判决书 （2014）汉台民初字第01292号 
 浙江省文成县人民法院 民事判决书 （2015）温文民初字第164号 
 青海省西宁市城北区人民法院 民事判决书 （2013）北民大初字第160号 
 甘肃省古浪县人民法院 民事判决书 （2014）古民初字第362号 
 江西省东乡县人民法院 民事判决书 （2014）东民初字第171号 
江西省高安市人民法院 民事判决书 （2015）高民一初字第1664号
 石家庄市长安区人民法院 民事判决书 （2014）长民初字第478号 
 广东省广州市花都区人民法院 民事判决书 （2015）穗花法炭民初字第85号 
福建省福清市人民法院 民事判决书 （2014）融民初字第1929号
 安徽省濉溪县人民法院 民事判决书 （2015）濉民一初字第00217号 
 湖北省麻城市人民法院 民事判决书 （2013）鄂麻城民一初字第01143号 
 安徽省濉溪县人民法院 民事判决书 （2015）濉民一初字第01032号 
 湖北省鹤峰县人民法院 民事判决书 （2013）鄂鹤峰民初字第00552号 
 辽宁省丹东市振兴区人民法院 民事判决书 （2014）兴民一初字第00114号 
 杭州市萧山区人民法院 民事判决书 （2014）杭萧临民初字第8号 
 新疆维吾尔自治区精河县人民法院 民事判决书 （2015）精民一初字第159号 
 四川省三台县人民法院 民事判决书 （2014）三民初字第4950号 
 广东省恩平市人民法院 民事判决书 （2015）江恩法城民初字第5号 
 浙江省义乌市人民法院 民事判决书 （2014）金义民初字第1023号 
甘肃省渭源县人民法院 民事判决书 （2015）渭莲民初字第0201号
山东省郓城县人民法院 民事判决书 （2013）郓民初字第604号
 陕西省凤翔县人民法院 民事判决书 （2013）凤翔民初字第00179号 
江苏省东海县人民法院 民事判决书 （2015）连东双民初字第00967号
 浙江省湖州市南浔区人民法院 民事判决书 （2014）湖浔练民初字第112号 
 河南省方城县人民法院 民事判决书 （2013）方博民初字第180号 
 山东省单县人民法院 民事判决书 （2013）单民初字第1480号 
 沈阳市和平区人民法院 民事判决书 （2015）沈和民一初字第01154号 
湖南省南县人民法院 民事判决书 （2015）南法民一初字第242号
 河北省邢台县人民法院 民事判决书 （2013）邢民初字第821号 
 浙江省玉环县人民法院 民事判决书 （2014）台玉民初字第1416号 
湖南省溆浦县人民法院 民事判决书 （2015）溆民一初字第845号
 河北省沙河市人民法院 民事判决书 （2015）沙民一初字第674号 
 山东省曹县人民法院 民事判决书 （2015）曹民初字第725号 
 黑龙江省依兰县人民法院 民事判决书 （2014）依民初字第484号 
 贵州省桐梓县人民法院 民事判决书 （2014）桐法民初字第541号 
安徽省金寨县人民法院 民事判决书 （2013）金民一初字第00808号
 河南省襄城县人民法院 民事判决书 （2014）襄民初字第1166号 
