 山东省鱼台县人民法院 民事判决书 （2014）鱼民初字第1433号 
 呼和浩特市回民区人民法院 民事判决书 （2014）回民二初字第00633号 
 陕西省安康市汉滨区人民法院 民事判决书 （2013）安汉民初字第02005号 
 山东省平邑县人民法院 民事判决书 （2015）平民初字第1422号 
辽宁省铁岭县人民法院 民事判决书 （2014）铁县民三初字第20号
 山东省平阴县人民法院 民事判决书 （2014）平民初字第491号 
辽宁省黑山县人民法院 民事判决书 （2015）黑新民初字第01281号
湖北省郧西县人民法院 民事判决书 （2015）鄂郧西民初字第01288号
 云南省曲靖市麒麟区人民法院 民事判决书 （2014）麒民初字第2263号 
 四川省雅安市雨城区人民法院 民事判决书 （2014）雨城民初字第7号 
 黑龙江省巴彦县人民法院 民事判决书 （2015）巴民一民初字第1113号 
 安徽省安庆市宜秀区人民法院 民事判决书 （2014）宜秀民一初字第00101号 
 湖南省安乡县人民法院 民事判决书 （2015）安民初字第625号 
 河北省沙河市人民法院 民事判决书 （2014）沙民一初字第820号 
 江苏省射阳县人民法院 民事判决书 （2014）射耦民初字第0147号 
广西壮族自治区大化瑶族自治县人民法院 民事判决书 （2015）大民初字第486号
 山东省高青县人民法院 民事判决书 （2014）高民初字第346号 
 湖北省云梦县人民法院 民事判决书 （2013）鄂云梦民初字第01130号 
 广西壮族自治区南宁市西乡塘区人民法院 民事判决书 （2014）西民一初字第646号 
 湖南省益阳市赫山区人民法院 民事判决书 （2014）益赫民一初字第1741号 
 安徽省颍上县人民法院 民事判决书 （2015）颍民一初字第00247号 
 湖北省黄梅县人民法院 民事判决书 （2014）鄂黄梅民初字第01122号 
 山东省沂南县人民法院 民事判决书 （2014）沂南民初字第951号 
 河北省张家口市桥东区人民法院 民事判决书 （2015）东民初字第341号 
 绍兴市柯桥区人民法院 民事判决书 （2014）绍柯民初字第870号 
 南京市溧水区人民法院 民事判决书 （2013）溧民初字第2262号 
 湖南省洪江市人民法院 民事判决书 （2015）洪民一初字第46号 
 罗山县人民法院 民事判决书 （2013）罗民初字第1028号 
 上海市嘉定区人民法院 民事判决书 （2014）嘉民一（民）初字第7092号 上海市嘉定区人民法院 民事判决书 （2014）嘉民一（民）初字第7902号 
 安徽省五河县人民法院 民事判决书 （2015）五民一初字第00764号 
 江苏省东台市人民法院 民事判决书 （2014）东安民初字第0548号 
湖南省祁东县人民法院 民事判决书 （2015）祁民一初字第1178号
云南省砚山县人民法院 民事判决书 （2015）砚民初字第559号
 安徽省霍邱县人民法院 民事判决书 （2013）霍民一初字第01085号 
内蒙古自治区杭锦后旗人民法院 民事判决书 （2015）杭民初字第1642号
 徐州市铜山区人民法院 民事判决书 （2014）铜茅民初字第561号 
 山西省灵丘县人民法院 民事判决书 （2015）灵民初字第134号 
 北京市顺义区人民法院 民事判决书 （2014）顺民初字第02781号 
 陕西省榆林市榆阳区人民法院 民事判决书 （2015）榆民初字第00703号 
江苏省海安县人民法院 民事判决书 （2015）安墩民初字第00434号
 河南省洛阳市涧西区人民法院 民事判决书 （2015）涧民四初字第385号 
甘肃省合水县人民法院 民事判决书 （2013）合民初字第155号
 安徽省淮南市潘集区人民法院 民事判决书 （2014）潘民一初字第01521号 
 襄阳市襄州区人民法院 民事判决书 （2014）鄂襄州古驿民初字第00138号 
河北省景县人民法院 民事判决书 （2015）景民一初字第697号
 重庆市巴南区人民法院 民事判决书 （2014）巴法民初字第00335号 
 重庆市丰都县人民法院 民事判决书 （2014）丰法民初字第01085号 
 安徽省淮北市相山区人民法院 民事判决书 （2015）相民一初字第00280号 
 河南省南阳市宛城区人民法院 民事判决书 （2015）宛民初字第699号 
 山东省兰陵县人民法院 民事判决书 （2014）苍民初字第359号 
