 四川省三台县人民法院 民事判决书 （2014）三民初字第5008号 
贵州省安龙县人民法院 民事判决书 （2015）安民初字第1023号
 安徽省东至县人民法院 民事判决书 （2015）东民一初字第00034号 
 广西壮族自治区贵港市港南区人民法院 民事判决书 （2013）南民初字第617号 
 浙江省仙居县人民法院 民事判决书 （2014）台仙横民初字第21号 
甘肃省环县人民法院 民事判决书 （2015）环民初字第1134号
 福建省南安市人民法院 民事判决书 （2015）南民初字第1968号 
 湖北省公安县人民法院 民事判决书 （2014）鄂公安民初字第00239号 
 湖南省宁远县人民法院 民事判决书 （2015）宁法民二初字第50号 
 山东省淄博市临淄区人民法院 民事判决书 （2014）临民初字第2931号 
 四川省资阳市雁江区人民法院 民事判决书 （2014）雁江民初字第1646号 
河南省商丘市睢阳区人民法院 民事判决书 （2015）商睢民初字第03479号
湖南省宁远县人民法院 民事判决书 （2014）宁法民一初字第88号
 绍兴市上虞区人民法院 民事判决书 （2015）绍虞东民初字第83号 
 江苏省东台市人民法院 民事判决书 （2014）东安民初字第0545号 
 湖南省汉寿县人民法院 民事判决书 （2014）汉民初字第418号 
 湖北省咸丰县人民法院 民事判决书 （2015）鄂咸丰民初字第00019号 
福建省福清市人民法院 民事判决书 （2015）融民初字第3137号
 山东省新泰市人民法院 民事判决书 （2015）新民初字第1589号 
 重庆市铜梁区人民法院 民事判决书 （2015）铜法民初字第02708号 
安徽省明光市人民法院 民事判决书 （2015）明民一初字第01757号
 贵州省黄平县人民法院 民事判决书 （2014）黄民初字第742号 
河南省柘城县人民法院 民事判决书 （2013）柘民初字第689号
重庆市巴南区人民法院 民事判决书 （2015）巴法少民初字第00216号
 贵州省镇宁布依族苗族自治县人民法院 民事判决书 （2014）镇民初字第691号 
 浙江省龙游县人民法院 民事判决书 （2013）衢龙小民初字第184号 
 重庆市丰都县人民法院 民事判决书 （2015）丰法民初字第00945号 
安徽省凤阳县人民法院 民事判决书 （2015）凤民一初字第02640号
山东省菏泽市牡丹区人民法院 民事判决书 （2015）菏牡民初字第1274号
 重庆市黔江区人民法院 民事判决书 （2014）黔法民初字第00248号 
 浙江省武义县人民法院 民事判决书 （2014）金武民初字第698号 
 石家庄市裕华区人民法院 民事判决书 2014年裕民一初字第00698号 
 山东省滨州市滨城区人民法院 民事判决书 （2015）滨北民初字第95号 
河南省南阳市宛城区民法院 民事判决书 （2014）宛民初字第3187号
 山东省新泰市人民法院 民事判决书 （2013）新民初字第5128号 
 新疆生产建设兵团阿拉尔垦区人民法院 民事判决书 （2014）阿民初字第5241号 
 广东省怀集县人民法院 民事判决书 （2015）肇怀法永民初字第42号 
 河南省镇平县人民法院 民事判决书 （2014）镇民初字第1230号 
 河南省长垣县人民法院 民事判决书 （2014）长民初字第3083号 
 云南省施甸县人民法院 民事判决书 （2015）施民一初字第26号 
 山东省武城县人民法院 民事判决书 （2014）武民初字第158号 
 贵州省水城县人民法院 民事判决书 （2014）黔水民初字第00112号 
江西省莲花县人民法院 民事判决书 （2015）莲良民初字第44号
 山东省昌邑市人民法院 民事判决书 （2013）昌民初字第589号 
 贵州省六盘水市六枝特区人民法院 民事判决书 （2014）黔六特民初字第212号 
北京市昌平区人民法院 民事判决书 （2015）昌民初字第07709号
 湖南省茶陵县人民法院 民事判决书 （2014）茶法民一初字第126号 
 汝南县人民法院 民事判决书 （2014）汝民初字第00782号 
宝鸡市陈仓区人民法院 民事判决书 （2015）陈民初字第01082号
 四川省渠县人民法院 民事判决书 （2014）达渠民初字第1121号 
