 咸阳市渭城区人民法院 民事判决书 （2015）渭城民初字第00825号 
 安徽省临泉县人民法院 民事判决书 （2015）临民一初字第00905号 
 河南省中牟县人民法院 民事判决书 （2014）牟民初字第2666号 
 湖北省枝江市人民法院 民事判决书 （2014）鄂枝江民初字第00847号 
贵州省贞丰县人民法院 民事判决书 （2015）贞民初字第750号
 湖北省仙桃市人民法院 民事判决书 （2014）鄂仙桃民一初字第01159号 
 陕西省蓝田县人民法院 民事判决书 （2009）蓝民初字第835号 
 浙江省慈溪市人民法院 民事判决书 （2013）甬慈周民初字第463号 
辽宁省凌源市人民法院 民事判决书 （2015）凌四民初字第1325号
 遂宁市船山区人民法院 民事判决书 （2014）船山民初字第1158号 
 浙江省海盐县人民法院 民事判决书 （2014）嘉盐民初字第1326号 
 江西省德兴市人民法院 民事判决书 （2015）德民一初字第393号 
 湖南省常宁市人民法院 民事判决书 （2014）常民一初字第253号 
 广东省惠州市惠阳区人民法院 民事判决书 （2013）惠阳法新民初字第152号 
绍兴市上虞区人民法院 民事判决书 （2015）绍虞崧民初字第83号
 广西壮族自治区阳朔县人民法院 民事判决书 （2014）阳民初字第604号 
安徽省合肥市包河区人民法院 民事判决书 （2015）包民一初字第03691号
 广东省雷州市人民法院 民事判决书 （2014）湛雷法乌民初字第35号 
四川省剑阁县人民法院 民事判决书 （2015）剑阁民初字第1453号
 徐州市云龙区人民法院 民事判决书 （2015）云民初字第23号 
 河南省信阳市平桥区人民法院 民事判决书 （2014）平民初字第1840号 
 山东省邹城市人民法院 民事判决书 （2014）邹民初字第3505号 
四川省郫县人民法院 民事判决书 （2015）成郫民初字第1752号
 湖北省应城市人民法院 民事判决书 （2014）鄂应城民初字第00147号 
 安徽省宿州市埇桥区人民法院 民事判决书 （2014）宿埇民一初第04494号 
 山东省沂源县人民法院 民事判决书 （2014）源民初字第1376号 
 重庆市涪陵区人民法院 民事判决书 （2014）涪法民初字第02448号 
 浙江省余姚市人民法院 民事判决书 （2012）甬余低民初字第114号 
 中华人民共和国 辽宁省沈阳市皇姑区人民法院 民事判决书 （2014）皇民四初字第131号 
 湖南省浏阳市人民法院 民事判决书 （2015）浏民初字第02484号 
河北省平乡县人法院 民事判决书 （2015）平民初字第604号
 新县人民法院 民事判决书 （2013）新民初字第373号 
 杞县人民法院 民事判决书 （2013）杞民初字第1772号 
 广东省佛山市三水区人民法院 民事判决书 （2014）佛三法西民初字第85号 
 四川省开江县人民法院 民事判决书 （2015）开江民初字第232号 
 四川省古蔺县人民法院 民事判决书 （2013）古蔺民初字第2131号 
 北京市怀柔区人民法院 民事判决书 （2013）怀民初字第04758号 
 河南省许昌县人民法院 民事判决书 （2013）许县枪民初字第435号 
 西华县人民法院 民事判决书 （2014）西民初字第191号 
 山东省商河县人民法院 民事判决书 （2014）商民初字第1095号 
 浙江省绍兴县人民法院 民事判决书 （2011）绍民初字第245号 
 山东省宁阳县人民法院 民事判决书 （2014）宁民初字第1517号 
 广西壮族自治区德保县人民法院 民事判决书 （2015）德民一初字第67号 
济南市历下区人民法院 民事判决书 （2015）历民初字第1770号
湖南省长沙市岳麓区人民法院 民事判决书 （2015）岳民初字第03976号
 宁夏回族自治区吴忠市利通区人民法院 民事判决书 （2014）吴利民初字第1149号 
 辽宁省海城市人民法院 民事判决书 （2014）海民牌初字第00392号 
 广西壮族自治区柳州市柳北区人民法院 民事判决书 （2013）北民一初字第1481号 
 湖北省咸宁市咸安区人民法院 民事判决书 （2014）鄂咸安民初字第04781号 
 鹤壁市山城区人民法院 民事判决书 （2015）山民初字第283号 
