 四川省洪雅县人民法院 民事判决书 （2014）洪民初字第601号 
山东省高密市人民法院 民事判决书 （2015）高民初字第3294号
江苏省东台市人民法院 民事判决书 （2015）东开民初字第0290号
 山东省邹平县人民法院 民事判决书 （2014）邹民初字第1384号 
 山西省右玉县人民法院 民事判决书 （2015）右民初字第96号 
山东省昌邑市人民法院 民事判决书 （2015）昌民初字第1757号
安阳县人民法院 民事判决书 （2012）安白民初字第00327号
 浙江省湖州市南浔区人民法院 民事判决书 （2014）湖浔练民初字第222号 
山东省德州市德城区人民法院 民事判决书 （2015）德城民初字第671号
 四川省广元市朝天区人民法院 民事判决书 （2014）朝天民初字第26号 
 四川省长宁县人民法院 民事判决书 （2012）宜长民初字第444号 
 山东省禹城市人民法院 民事判决书 （2013）禹民初字第1111号 
 四川省渠县人民法院 民事判决书 （2014）达渠民初字第635号 
山东省平邑县人民法院 民事判决书 （2015）平民初字第614号
 福建省福清市人民法院 民事判决书 （2014）融民初字第782号 
 河南省邓州市人民法院 民事判决书 （2014）邓法民初字第1072号 
 浙江省义乌市人民法院 民事判决书 （2012）金义佛堂民初字第193号 
 福建省华安县人民法院 民事判决书 （2013）华民初字第2251号 
 山东省武城县人民法院 民事判决书 （2014）武民初字第240号 
 安徽省黄山市黄山区人民法院 民事判决书 （2013）黄民一初字第00800号 
 内蒙古准格尔旗人民法院 民事判决书 （2014）准民初字第201号 
 河南省驻马店市驿城区人民法院 民事判决书 （2014）驿民初字第3495号 
 常州市钟楼区人民法院 民事判决书 （2014）钟少民初字第0114号 
浙江省常山县人民法院 民事判决书 （2015）衢常红民初字第121号
 浙江省嵊州市人民法院 民事判决书 （2012）绍嵊民初字第2079号 
 四川省宜宾市南溪区人民法院 民事判决书 （2013）南溪民初字第843号 
 山东省济南市市中区人民法院 民事判决书 （2013）市民初字第3146号 
 安徽省枞阳县人民法院 民事判决书 （2014）枞民一初字第01116号 
山西省壶关县人民法院 民事判决书 （2015）壶民初字第469号
 陕西省城固县人民法院 民事判决书 （2015）城民初字第00546号 
 山东省昌乐县人民法院 民事判决书 （2014）乐城民初字第221号 
 陕西省勉县人民法院 民事判决书 （2013）勉民初字第00277号 
 贵州省安龙县人民法院 民事判决书 （2015）安民初字第90号 
 安徽省霍山县人民法院 民事判决书 （2015）霍民一初字第142号 
 福建省福清市人民法院 民事判决书 （2013）融民初字第778号 
 江苏省如皋市人民法院 民事判决书 （2014）皋白民初字第0421号 
 湖北省利川市人民法院 民事判决书 （2014）鄂利川民初字第01531号 
重庆市綦江区人民法院 民事判决书 （2015）綦法民初字第07094号
 天津市蓟县人民法院 民事判决书 （2014）蓟民初字第2208号 
 河南省鲁山县人民法院 民事判决书 （2014）鲁民初字第1510号 
 广西壮族自治区兴安县人民法院 民事判决书 （2013）兴民初字第810号 
 新疆维吾尔自治区乌鲁木齐市新市区人民法院 民事判决书 （2015）新少民初字第8号 
 眉山市东坡区人民法院 民事判决书 （2013）眉东民初字第1596号 
 江西省分宜县人民法院 民事判决书 （2015）分杨民初字第00044号 
 云南省楚雄市人民法院 民事判决书 （2015）楚民初字第276号 
 四川省华蓥市人民法院 民事判决书 （2015）华蓥民初字第4号 
安徽省宿州市埇桥区人民法院 民事判决书 （2015）宿埇民一初字第03255号
 河北省清苑县人民法院 民事判决书 （2015）清民初字第418号 
 四川省高县人民法院 民事判决书 （2014）宜高民初字第768号 
河南省方城县人民法院 民事判决书 （2015）方民初字第79号
