 河南省驻马店市驿城区人民法院 民事判决书 （2014）驿民初字第225号 
 安徽省定远县人民法院 民事判决书 （2014）定民一初字第01603号 
安徽省淮南市潘集区人民法院 民事判决书 （2015）潘民一初字第01653号
湖南省耒阳市人民法院 民事判决书 （2015）耒巡民一初字第150号
山东省昌邑市人民法院 民事判决书 （2015）昌民初字第1718号
 青海省尖扎县人民法院 民事判决书 （2014）尖民一初字第34号 
 山西省长治县人民法院 民事判决书 （2014）长民初字第860号 
永城市人民法院 民事判决书 （2013）永民初字第1259号
贵州省三都水族自治县人民法院 民事判决书 （2015）三民初字第27号
重庆市江津区人民法院 民事判决书 （2015）津法民初字第08008号
 中华人民共和国 吉林省延边朝鲜族自治州中级人民法院 民事判决书 （2014）延中民三初字第1041号 
 山东省泗水县人民法院 民事判决书 （2014）泗民初字第1487号 
 宁波市镇海区人民法院 民事判决书 （2015）甬镇骆民初字第41号 
 河北省赤城县人民法院 民事判决书 （2014）赤民初字第273号 
 浙江省淳安县人民法院 民事判决书 （2008）淳民一初字第548号 
甘肃省秦安县人民法院 民事判决书 （2014）秦民初字第606号
 河北省定兴县人民法院 民事判决书 （2014）定民初字第741号 
 湖南省宜章县人民法院 民事判决书 （2014）宜民一初字第547号 
大连市沙河口区人民法院 民事判决书 （2015）沙民初字第2475号
 辽宁省台安县人民法院 民事判决书 （2014）鞍台民二初字第00313号 
 黑龙江省五大连池市人民法院 民事判决书 （2015）五民初字第222号 
宁城县人民法院 民事判决书 （2015）宁民初字第03921号
 贵州省沿河土家族自治县人民法院 民事判决书 （2014）沿民初字第620号 
辽宁省昌图县人民法院 民事判决书 （2015）昌民三初字第00295号
陕西省志丹县人民法院 民事判决书 （2015）志民初字第00863号
浙江省宁波市海曙区人民法院 民事判决书 （2010）甬海民初字第2280号
浙江省永嘉县人民法院 民事判决书 （2012）温某某民初字第44号
河南省商丘市睢阳区人民法院 民事判决书 （2013）商睢民初字第161号
 湖南省南县人民法院 民事判决书 （2014）南法民一初字第341号 
 福建省福鼎市人民法院 民事判决书 （2014）鼎民初字第1775号 
 云南省云县人民法院 民事判决书 （2014）云民初字第244号 
 湖南省涟源市人民法院 民事判决书 （2014）涟民一初字第62号 
 湖南省宁乡县人民法院 民事判决书 （2014）宁民初字第00999号 
浙江省宁波市海曙区人民法院 民事判决书 （2010）甬海民初字第1707号
 辽宁省庄河市人民法院 民事判决书 （2014）庄民初字第1562号 
 河南省栾川县人民法院 民事判决书 （2014）栾民初字第763号 
 山东省兰陵县人民法院 民事判决书 （2014）兰民初字第2261号 
 福建省霞浦县人民法院 民事判决书 （2014）霞民初字第1927号 
 山东省东阿县人民法院 民事判决书 （2012）东民初字第1161号 
 浙江省台州市路桥区人民法院 民事判决书 （2014）台路民初字第2622号 
 萍乡市湘东区人民法院 民事判决书 （2014）湘民一初字第128号 
滑县人民法院 民事判决书 （2015）滑焦民初字第218号
 河南省泌阳县人民法院 民事判决书 （2013）泌民初字第1785号 
 浙江省泰顺县人民法院 民事判决书 （2014）温泰民初字第479号 
广东省普宁市人民法院 民事判决书 （2015）揭普法里民初字第105号
 河北省景县人民法院 民事判决书 （2013）景民一初字第526号 
 浙江省嘉善县人民法院 民事判决书 （2009）嘉善民初字第401号 
 江西省上栗县人民法院 民事判决书 （2014）栗民二初字第455号 
 湖南省郴州市北湖区人民法院 民事判决书 （2014）郴北民一初字第1067号 
 浙江省象山县人民法院 民事判决书 （2015）甬象西民初字第39号 
