 江苏省泰兴市人民法院 民事判决书 （2014）泰虹民初字第0862号 
 青海省互助土族自治县人民法院 民事判决书 （2015）互民初字第49号 
 河南省范县人民法院 民事判决书 （2014）范民初字第01653号 
浙江省庆元县人民法院 民事判决书 （2010）丽庆民初字第85号
湖北省郧县人民法院 民事判决书 （2014）鄂郧县民一初字第00072号
 江苏省盐城市亭湖区人民法院 民事判决书 （2011）亭伍民初字第0240号 
 江西省余江县人民法院 民事判决书 （2014）余民初字第184号 
 河南省兰考县人民法院 民事判决书 （2015）兰民初字第00350号 
 山东省临沂市兰山区人民法院 民事判决书 （2014）临兰民初字第6688号 
 福建省晋江市人民法院 民事判决书 （2014）晋民初字第1927号 
 湖南省桃江县人民法院 民事判决书 （2014）桃民一初字第226号 
青海省海东市乐都区人民法院 民事判决书 （2015）乐民初字第892号
 河南省内黄县人民法院 民事判决书 （2015）内楚民初字第38号 
湖北省公安县人民法院 民事判决书 （2015）鄂公安民初字第00411号
 重庆市忠县人民法院 民事判决书 （2015）忠法民初字第02592号 
 江苏省扬州市江都区人民法院 民事判决书 （2015）扬江小民初字第0048号 
 黑龙江省肇东市人民法院 民事判决书 （2014）肇东民初字第102号 
 安徽省固镇县人民法院 民事判决书 （2015）固民一初字第00612号 
安徽省庐江县人民法院 民事判决书 （2015）庐江民一初字第03709号
 浙江省兰溪市人民法院 民事判决书 （2014）金兰永民初字第67号 
 安徽省南陵县人民法院 民事判决书 （2014）南民一初字第00556号 
山东省郯城县人民法院 民事判决书 （2015）郯民初字第2771号
 湖北省孝昌县人民法院 民事判决书 （2014）鄂孝昌民初字第00331号 
福建省龙海市人民法院 民事判决书 （2015）龙民初字第4342号
 江西省余江县人民法院 民事判决书 （2013）余民初字第633号 
 浙江省绍兴市越城区人民法院 民事判决书 （2010）绍越民初字第2926号 
 安徽省淮南市八公山区人民法院 民事判决书 （2014）八民一初字第00296号 
山东省威海经济技术开发区人民法院 民事判决书 （2015）威经技区民初字第1357号
 四川省简阳市人民法院 民事判决书 （2015）简阳民初字第1179号 
 四平市铁东区人民法院 民事判决书 （2013）东北民初字第145号 
 山东省诸城市人民法院 民事判决书 （2015）诸昌民初字第321号 
铜川市王益区人民法院 民事判决书 （2015）王民初字第00620号
河南省漯河市召陵区人民法院 民事判决书 （2015）召民初字第203号
 江苏省金湖县人民法院 民事判决书 （2014）金民初字第0620号 
 重庆市南川区人民法院 民事判决书 （2014）南川法民初字第00874号 
 湖南省平江县人民法院 民事判决书 （2015）平民初字第486号 
 襄阳市襄城区人民法院 民事判决书 （2014）鄂襄城民一初字第00707号 
 湖北省五峰土家族自治县人民法院 民事判决书 （2014）鄂五峰民初字第00181号 
辽宁省朝阳县人民法院 民事判决书 （2015）朝县民木初字第1673号
 湖北省云梦县人民法院 民事判决书 （2014）鄂云梦民初字第01342号 
江西省瑞昌市人民法院 民事判决书 （2015）瑞民初字第1251号
山东省莒县人民法院 民事判决书 （2015）莒民初字第91号
 广东省海丰县人民法院 民事判决书 （2014）汕海法民一初字第276号 
 浙江省宁海县人民法院 民事判决书 （2013）甬宁民初字第1902号 
 湖南省永州市冷水滩区人民法院 民事判决书 （2014）永冷民初字第1155号 
 四川省南部县人民法院 民事判决书 （2014）南民初字第773号 
山东省单县人民法院 民事判决书 （2015）单民初字第80号
 湖北省利川市人民法院 民事判决书 （2014）鄂利川民初字第02781号 
 宁夏回族自治区海原县人民法院 民事判决书 （2015）海民初字第1315号 
黑龙江省哈尔滨市松北区人民法院 民事判决书 （2015）松对民初字第58号
