 广东省广州市番禺区人民法院 民事判决书 （2014）穗番法楼民初字第117号 
 福建省泉州市丰泽区人民法院 民事判决书 （2014）丰民初字第4468号 
 河南省洛宁县人民法院 民事判决书 （2014）宁民初字第84号 
 台州市黄岩区人民法院 民事判决书 （2014）台黄民初字第1200号 
沈阳市大东区人民法院 民事判决书 （2015）大东民一初字第00615号
浙江省缙云县人民法院 民事判决书 （2015）丽缙民初字第728号
 福建省石狮市人民法院 民事判决书 （2015）狮民初字第2078号 
 山东省平阴县人民法院 民事判决书 （2013）平民初字第941号 
重庆市北碚区人民法院 民事判决书 （2015）碚法民初字第00709号
 山东省茌平县人民法院 民事判决书 （2014）茌民一初字第22号 
 山西省原平市人民法院 民事判决书 （2014）原民初字第162号 
中华人民共和国 福建省连江县人民法院 民事判决书 （2014）连民初字第846号
 湖北省公安县人民法院 民事判决书 （2014）鄂公安民初字第01480号 
 浙江省衢州市衢江区人民法院 民事判决书 （2014）衢杜民初字第33号 
天津市蓟县人民法院 民事判决书 （2015）蓟民初字第7262号
新疆维吾尔自治区巩留县人民法院 民事判决书 （2015）巩民初字第1353号
湖南省泸溪县人民法院 民事判决书 （2015）泸民初字第453号
 重庆市黔江区人民法院 民事判决书 （2014）黔法民初字第02639号 
 安徽省长丰县人民法院 民事判决书 （2014）长民一初字第02089号 
 河北省承德县人民法院 民事判决书 （2015）承民初字第1974号 
 湖北省咸宁市咸安区人民法院 民事判决书 （2014）鄂咸安民初字第04119号 
四川省三台县人民法院 民事判决书 （2015）三民初字第1669号
山东省菏泽市牡丹区人民法院 民事判决书 （2011）菏牡民初字第2488号
 广西壮族自治区兴业县人民法院 民事判决书 （2014）兴民一初字第10号 
 陕西省安康市汉滨区人民法院 民事判决书 （2013）安汉民初字第00545号 
山东省新泰市人民法院 民事判决书 （2015）新民初字第3255号
 湖北省郧西县人民法院 民事判决书 （2014）鄂郧西民初字第00911号 
 江苏省沭阳县人民法院 民事判决书 （2014）沭开民初字第0067号 
 广东省台山市人民法院 民事判决书 （2014）江台法海民初字第64号 
甘肃省镇原县人民法院 民事判决书 （2013）镇民初字第929号
 广东省信宜市人民法院 民事判决书 （2015）茂信法怀民初字第43号 
杭州市萧山区人民法院 民事判决书 （2015）杭萧临民初字第1360号
重庆市巴南区人民法院 民事判决书 （2015）巴法民初字第05339号
福建省福鼎市人民法院 民事判决书 （2014）鼎民初字第2905号
 重庆市大足区人民法院 民事判决书 （2015）足法民初字第05395号 
山东省淄博高新技术产业开发区人民法院 民事判决书 （2015）新民初字第235号
 河南省永城市人民法院 民事判决书 （2015）永民初字第2202号 
南京市六合区人民法院 民事判决书 （2013）六程民初字第344号
 山东省枣庄市市中区人民法院 民事判决书 （2014）市中民初字第3081号 
台州市黄岩区人民法院 民事判决书 （2011）台黄民初字第188号
 江西省铅山县人民法院 民事判决书 （2014）铅民一初字第2号 
 河北省任丘市人民法院 民事判决书 （2014）任民初字第3917号 
 江西省定南县人民法院 民事判决书 （2015）定民一初字第55号 
 上海市黄浦区人民法院 民事判决书 （2014）黄浦民一（民）初字第8389号 
河北省隆化县人民法院 民事判决书 （2015）隆民初字第1799号
 贵州省安顺市西秀区人民法院 民事判决书 （2014）西民初字第1781号 
 四川省安县人民法院 民事判决书 （2014）安民初字第368号 
 安徽省太和县人民法院 民事判决书 （2014）太民一初字第03856号 
 四川省江油市人民法院 民事判决书 （2014）江油民初字第1417号 
 浙江省乐清市人民法院 民事判决书 （2015）温乐柳民初字第137号 
