 襄阳市襄州区人民法院 民事判决书 （2014）鄂襄州黄集民初字第00077号 
湖南省耒阳市人民法院 民事判决书 （2014）耒民一初字第462号
 河北省唐山市古冶区人民法院 民事判决书 （2013）古民初字第980号 
 江西省修水县人民法院 民事判决书 （2014）修民初字第834号 
 河南省兰考县人民法院 民事判决书 （2014）兰民初字第00867号 
 辽宁省辽中县人民法院 民事判决书 （2014）辽民三初字第50号 
 浙江省三门县人民法院 民事判决书 （2013）台三健民初字第8号 
 湖南省衡阳市珠晖区人民法院 民事判决书 （2013）珠民一初字第676号 
安徽省濉溪县人民法院 民事判决书 （2015）濉民一初字第03589号
 重庆市万州区人民法院 民事判决书 （2015）万法民初字第02463号 
 河南省项城市人民法院 民事判决书 （2013）项民初字第00602号 
浙江省乐清市人民法院 民事判决书 （2015）温乐民初字第785号
 贵州省赤水市人民法院 民事判决书 （2015）赤民初字第718号 
 河北省黄骅市人民法院 民事判决书 （2014）黄民初字第44号 
 山西省朔州市朔城区人民法院 民事判决书 （2014）朔民初字第214号 
 江苏省如东县人民法院 民事判决书 （2013）东民初字第1368号 
永城市人民法院 民事判决书 （2013）永民初字第2094号
 河北省吴桥县人民法院 民事判决书 （2013）吴民初字第957号 
 江西省新建县人民法院 民事判决书 （2015）新昌民初字第10号 
 四川省安岳县人民法院 民事判决书 （2014）安岳民初字第2346号 
 甘肃省会宁县人民法院 民事判决书 （2015）会民一初字第350号 
 江苏省盐城市亭湖区人民法院 民事判决书 （2014）亭民初字第0268号 
福建省福清市人民法院 民事判决书 （2014）融民初字第1043号
 安徽省霍邱县人民法院 民事判决书 （2013）霍民一初字第02040号 
 陕西省西乡县人民法院 民事判决书 （2015）西民初字第00171号 
 广西壮族自治区合浦县人民法院 民事判决书 （2015）合民一初字第208号 
河南省上蔡县人民法院 民事判决书 （2015）上民一初字第2115号
 江苏省涟水县人民法院 民事判决书 （2014）涟高民初字第0697号 
 广东省韶关市武江区人民法院 民事判决书 （2014）韶武法民一初字第642号 
 南昌市东湖区人民法院 民事判决书 （2014）东民初字第728号 
安徽省明光市人民法院 民事判决书 （2015）明民一初字第02642号
 辽宁省抚顺市东洲区人民法院 民事判决书 （2014）抚东民一初字第00574号 
四川省苍溪县人民法院 民事判决书 （2015）苍溪民初字第1463号
 湖北省通城县人民法院 民事判决书 （2014）鄂通城民初字第00338号 
 河南省郑州高新技术产业开发区人民法院 民事判决书 （2014）开民初字第4486号 
湖北省十堰市郧阳区人民法院 民事判决书 （2015）鄂郧阳民一初字第00520号
辽宁省新民市人民法院 民事判决书 （2015）新民民一初字3587号
山东省青岛市黄岛区人民法院 民事判决书 （2015）黄民初字第4033号
湖北省阳新县人民法院 民事判决书 （2014）鄂阳新民二初字第00007号
 四川省大竹县人民法院 民事判决书 （2014）大竹民初字第642号 
湖南省长沙市岳麓区人民法院 民事判决书 （2015）岳莲民初字第00063号
 山东省栖霞市人民法院 民事判决书 （2014）栖杨民初字第75号 
安徽省颍上县人民法院 民事判决书 （2015）颍民一初字第021770号
 浙江省永康市人民法院 民事判决书 （2013）金永民初字第2019号 
 安徽省芜湖市鸠江区人民法院 民事判决书 （2013）鸠民一初字第00644号 
浙江省桐乡市人民法院 民事判决书 （2015）嘉桐乌民初字第244号
 湖南省常德市鼎城区人民法院 民事判决书 （2014）常鼎民初字第549号 
 山东省曹县人民法院 民事判决书 （2014）曹民初字第457号 
 湖北省武汉市汉阳区人民法院 民事判决书 （2012）鄂汉阳江民初字第00238号 
江苏省金湖县人民法院 民事判决书 （2014）金民初字第0402号
