 内蒙古自治区敖汉旗人民法院 民事判决书 （2014）敖民初字第3306号 
 内蒙古自治区包头市青山人民法院 民事判决书 （2014）包青民初字第1351号 
 重庆市永川区人民法院 民事判决书 （2014）永法民初字第02406号 
 吉林省磐石市人民法院 民事判决书 （2014）磐民一初字第1186号 
 土默特右旗人民法院 民事判决书 （2014）土民初字第332号 
浙江省奉化市人民法院 民事判决书 （2011）甬奉民一初字第73号
 浙江省乐清市人民法院 民事判决书 （2014）温乐虹民初字第350号 
 广东省阳春市人民法院 民事判决书 （2014）阳春法潭民初字第202号 
 江苏省灌云县人民法院 民事判决书 （2014）灌民初字第0396号 
 福建省建阳市人民法院 民事判决书 （2014）潭民初字第1739号 
 黑龙江省木兰县人民法院 民事判决书 （2014）木民初字第832号 
广东省湛江市坡头区人民法院 民事判决书 （2015）湛坡法民三初字第256号
 安徽省五河县人民法院 民事判决书 （2014）五民一初字第02038号 
 湖南省攸县人民法院 民事判决书 （2014）攸法民一初字第761号 
光山县人民法院 民事判决书 （2013）光民初字第372号
 重庆市北碚区人民法院 民事判决书 （2015）碚法民初字第00874号 
 湖北省五峰土家族自治县人民法院 民事判决书 （2015）鄂五峰民初字第00104号 
 景德镇市珠山区人民法院 民事判决书 （2014）珠民一初字第195号 
四川省彭州市人民法院 民事判决书 （2012）彭州民初字第924号
 湖南省茶陵县人民法院 民事判决书 （2014）茶法民一初字第80号 
 江苏省高邮市人民法院 民事判决书 （2014）邮民初字第0655号 
 贵州省瓮安县人民法院 民事判决书 （2014）瓮民初字第1057号 当事人基本情况及审理经过 
 四川省宜宾县人民法院 民事判决书 （2012）宜宾民初字第2027号 
 山东省临沂市兰山区人民法院 民事判决书 （2014）临兰民初字第5329号 
山东省肥城市人民法院 民事判决书 （2015）肥民初字第2733号
安徽省淮南市八公山区人民法院 民事判决书 （2015）八民一初字第01089号
 山东省临清市人民法院 民事判决书 （2013）临民一初字第161号 
 济南市历城区人民法院 民事判决书 （2013）历城民初字第2453号 
 山东省齐河县人民法院 民事判决书 （2014）齐赵民初字第440号 
 四川省邻水县人民法院 民事判决书 （2014）邻水民初字第1536号 
 江苏省宿迁市宿豫区人民法院 民事判决书 （2014）宿豫大民初字第0575号 
 江苏省宿迁市宿豫区人民法院 民事判决书 （2014）宿豫民初字第1501号 
 安徽省六安市裕安区人民法院 民事判决书 （2015）六裕民一初字第00352号 
 湖南省湘潭县人民法院 民事判决书 （2014）潭民一初字第1414号 
 江苏省阜宁县人民法院 民事判决书 （2013）阜城民初字第1476号 
 安徽省枞阳县人民法院 民事判决书 （2014）枞民一初字第01027号 
 贵州省关岭布依族苗族自治县人民法院 民事判决书 （2014）关民初字第174号 
 山东省郓城县人民法院 民事判决书 （2015）郓民初字第487号 
 浙江省瑞安市人民法院 民事判决书 （2012）温瑞塘民初字第777号 
 山东省郓城县人民法院 民事判决书 （2013）郓民初字第120号 
山东省青岛市黄岛区人民法院 民事判决书 （2015）黄民初字第6559号
 浙江省开化县人民法院 民事判决书 （2014）衢开民初字第458号 
 河南省平顶山市新华区人民法院 民事判决书 （2014）新民初字第1439号 
山东省龙口市人民法院 民事判决书 （2015）龙龙民初字第156号
济源市人民法院 民事判决书 （2015）济民一初字第1196号
 浙江省苍南县人民法院 民事判决书 （2013）温苍民初字第1196号 
河南省平舆县人民法院 民事判决书 （2015）平民初字第01951号
 广东省珠海市斗门区人民法院 民事判决书 （2013）珠斗法民一初字第876号 
福建省闽清县人民法院 民事判决书 （2014）梅民初字第264号
 安徽省泗县人民法院 民事判决书 （2015）泗民一初字第01981号 
