辽宁省抚顺市新抚区人民法院 民事判决书 （2015）新抚民一初字第00798号
浙江省苍南县人民法院 民事判决书 （2015）温苍民初字第1088号
 浙江省武义县人民法院 民事判决书 （2014）金武王民初字第54号 
河南省镇平县人民法院 民事判决书 （2015）镇民初字第1604号
 重庆市大足区人民法院 民事判决书 （2015）足法民初字第02729号 
 陕西省佳县人民法院 民事判决书 （2014）佳民初字第00516号 
重庆市奉节县人民法院 民事判决书 （2014）奉法民初字第00397号
 山东省寿光市人民法院 民事判决书 （2013）寿民初字第901号 
 湖南省新化县人民法院 民事判决书 （2013）新法民一初字第831号 
山西省闻喜县人民法院 民事判决书 （2015）闻民河初字第271号
 四川省广元市利州区人民法院 民事判决书 （2015）广利州民初字第999号 
福建省宁化县人民法院 民事判决书 （2015）宁少民初字第149号
 杭州市西湖区人民法院 民事判决书 （2010）杭西泗民初字第187号 
山东省单县人民法院 民事判决书 （2012）单民初字第1253号
 广东省罗定市人民法院 民事判决书 （2014）云罗法民初字第777号 
 河北省晋州市人民法院 民事判决书 （2014）晋东民初字第00029号 
 湖南省宁乡县人民法院 民事判决书 （2014）宁民初字第03149号 
湖南省双牌县人民法院 民事判决书 （2015）双民初字第187号
 四川省彭山县人民法院 民事判决书 （2014）彭山民初字第68号 
 河北省保定市新市区人民法院 民事判决书 （2014）新民初字第1384号 
 安徽省滁州市南谯区人民法院 民事判决书 （2014）南民一初字第01193号 
辽宁省丹东市振兴区人民法院 民事判决书 （2014）兴民一初字第00313号
河南省商丘市梁园区人民法院 民事判决书 （2015）商梁民初字第01732号
 江苏省高邮市人民法院 民事判决书 （2014）邮民初字第01404号 
河北省保定市徐水区人民法院 民事判决书 （2015）徐民初字第896号
 山东省临沂市罗庄区人民法院 民事判决书 （2015）临罗民一初字第1390号 
 宝鸡市陈仓区人民法院 民事判决书 （2013）陈民一初字第00372号 
 赤峰市元宝山区人民法院 民事判决书 （2014）元民初字第2035号 
 江苏省泰兴市人民法院 民事判决书 （2014）泰河民初字第0152号 
广西壮族自治区柳州市柳北区人民法院 民事判决书 （2015）北民一初字第903号
重庆市垫江县人民法院 民事判决书 （2015）垫法民初字第01254号
安徽省肥东县人民法院 民事判决书 （2014）肥东民一初字第03441号
 山东省东平县人民法院 民事判决书 （2014）东民初字第2055号 
 山东省枣庄市山亭区人民法院 民事判决书 （2014）山民初字第1439号 
 福建省平和县人民法院 民事判决书 （2014）平民初字第1101号 
江苏省睢宁县人民法院 民事判决书 （2015）睢凌民初字第00460号
 福建省连江县人民法院 民事判决书 （2014）连民初字第584号 
 安阳县人民法院 民事判决书 （2014）安民初字第03030号 
浙江省天台县人民法院 民事判决书 （2012）台天民初字第454号
 青海省平安县人民法院 民事判决书 （2015）平民初字第82号 
淮安市淮安区人民法院 民事判决书 （2015）淮法席民初字第00675号
山东省莱州市人民法院 民事判决书 （2013）莱州民初字第714号
河北省邱县人民法院 民事判决书 （2015）邱民初字第674号
 河北省任丘市人民法院 民事判决书 （2015）任民初字第1093号 
内蒙古自治区牙克石市人民法院 民事判决书 （2015）牙民初字第1768号
 广东省兴宁市人民法院 民事判决书 （2014）梅兴法坭民初字第113号 
 贵州省绥阳县人民法院 民事判决书 （2015）绥民初字第437号 
 广东省普宁市人民法院 民事判决书 （2014）揭普法洪民初字第157号 
 山东省临清市人民法院 民事判决书 （2015）临民一初字第15号 
 重庆市永川区人民法院 民事判决书 （2015）永法民初字第03021号 
