浙江省瑞安市人民法院 民事判决书 （2010）温瑞民初字第140号
 湖南省浏阳市人民法院 民事判决书 （2014）浏民初字第268号 
 四川省武胜县人民法院 民事判决书 （2015）武胜民初字第409号 
 湖南省新化县人民法院 民事判决书 （2014）新法民一初字第1199号 
 湖北省恩施市人民法院 民事判决书 （2014）鄂恩施民初字第01676号 
 福建省惠安县人民法院 民事判决书 （2014）惠民初字第1500号 
 安阳县人民法院 民事判决书 （2015）安民初字第00403号 
 河北省清河县人民法院 民事判决书 （2014）清民一初字第606号 
 山东省胶州市人民法院 民事判决书 （2013）胶民初字第1527号 
天津市河东区人民法院 民事判决书 （2014）东民初字第6514号
 湖南省嘉禾县人民法院 民事判决书 （2014）嘉民一初字第315号 
河南省漯河市源汇区人民法院 民事判决书 （2015）源民初字第138号
甘肃省定西市安定区人民法院 民事判决书 （2015）安巉民初字第45号
 四川省安岳县人民法院 民事判决书 （2013）安岳民初字第3333号 
 福建省莆田市涵江区人民法院 民事判决书 （2014）涵民初字第3679号 
 江苏省启东市人民法院 民事判决书 （2015）启吕民初字第00464号 
山西省岢岚县人民法院 民事判决书 （2015）岢民初字第101号
 贵州省湄潭县人民法院 民事判决书 （2014）湄民初字第251号 
 安徽省利辛县人民法院 民事判决书 （2014）利民一初字第01286号 
江苏省东海县人民法院 民事判决书 （2015）连东少民初字第00594号
重庆市长寿区人民法院 民事判决书 （2015）长法民初字第02009号
 湖南省益阳市资阳区人民法院 民事判决书 （2014）资民一初字第134号 
 江西省樟树市人民法院 民事判决书 （2014）樟张民初字第75号 
山东省平度市人民法院 民事判决书 （2015）平少民初字第428号
黑龙江省肇州县人民法院 民事判决书 （2015）州兴民初字第130号
 安徽省凤阳县人民法院 民事判决书 （2014）凤民一初字第01145号 
 甘肃省镇原县人民法院 民事判决书 （2015）镇民初字第283号 
安徽省定远县人民法院 民事判决书 （2015）定民一初字第03238号
 扶沟县人民法院 民事判决书 （2015）扶民初字第690号 
 苏州市姑苏区人民法院 民事判决书 （2013）姑苏民四初字第1376号 
 江苏省滨海县人民法院 民事判决书 （2015）滨港民初字第0139号 
 重庆市开县人民法院 民事判决书 （2014）开法民初字第04210号 
 江苏省泗阳县人民法院 民事判决书 （2014）泗民初字第1459号 
 山东省聊城市东昌府区人民法院 民事判决书 （2014）聊东民初字第1621号 
 四川省简阳市人民法院 民事判决书 （2015）简阳民初字第1297号 
安徽省马鞍山市花山区人民法院 民事判决书 （2015）花民一初字第02697号
 四川省兴文县人民法院 民事判决书 （2014）兴古民初字第35号 
 汝南县人民法院 民事判决书 （2013）汝民初字第01428号 
 江苏省赣榆县人民法院 民事判决书 （2014）赣民初字第1178号 
 重庆市渝北区人民法院 民事判决书 （2014）渝北法民初字第11826号 
重庆市合川区人民法院 民事判决书 （2015）合法民初字第08058号
浙江省苍南县人民法院 民事判决书 （2010）温苍矾民初字第16号
 湖北省五峰土家族自治县人民法院 民事判决书 （2015）鄂五峰民初字第00109号 
 湖北省鄂州市鄂城区人民法院 民事判决书 （2014）鄂鄂城民初字第00172号 
 广东省梅州市梅江区人民法院 民事判决书 （2014）梅江法民一初字第90号 
四川省营山县人民法院 民事判决书 （2015）营民初字第2187号
 浙江省绍兴市越城区人民法院 民事判决书 （2008）越民一初字第171号 
甘肃省永登县人民法院 民事判决书 （2014）永秦民初字第305号
 湖南省长沙市开福区人民法院 民事判决书 （2013）开民一初字第03272号 
 湖南省石门县人民法院 民事判决书 （2014）石民蒙初字第6号 
