 陕西省宁强县人民法院 民事判决书 （2013）宁强民初字第00535号 
 广东省广州市花都区人民法院 民事判决书 （2014）穗花法东民初字第1543号 
 陕西省澄城县人民法院 民事判决书 （2015）澄民初字第00008号 
 湖南省衡东县人民法院 民事判决书 （2014）东民一初字第329号 
 广东省中山市第二人民法院 民事判决书 （2015）中二法民一初字第79号 
 浙江省洞头县人民法院 民事判决书 （2014）温洞民初字第194号 
 广西壮族自治区临桂县人民法院 民事判决书 （2013）临民初字第251号 
 福建省连江县人民法院 民事判决书 （2014）连民初字第542号 
四川省彭州市人民法院 民事判决书 （2015）彭州民初字第3053号
 福建省福清市人民法院 民事判决书 （2013）融民初字第739号 
 江苏省张家港市人民法院 民事判决书 （2014）张塘民初字第0561号 
 北京市海淀区人民法院 民事判决书 （2013）海民初字第28125号 
广西壮族自治区苍梧县人民法院 民事判决书 （2015）苍民初字第368号
 山东省滨州市滨城区人民法院 民事判决书 （2015）滨民一初字第177号 
 襄阳市樊城区人民法院 民事判决书 （2015）鄂樊城定民初字第00050号 
 河北省成安县人民法院 民事判决书 （2013）成民初字第2032号 
 江苏省宿迁宿豫区人民法院 民事判决书 （2013）宿豫来民初字第0376号 
 湖北省宣恩县人民法院 民事判决书 （2014）鄂宣恩民初字第00171号 
 山东省菏泽经济开发区人民法院 民事判决书 （2013）菏开民初字第521号 
 河南省浚县人民法院 民事判决书 （2015）浚民初字第211号 
 重庆市奉节县人民法院 民事判决书 （2014）奉法民初字第00785号 
河北省万全县人民法院 民事判决书 （2015）万民初字第732号
 广西壮族自治区灌阳县人民法院 民事判决书 （2015）灌民初字第7号 
 灵宝市人民法院 民事判决书 （2014）灵民一初字第22号 
 广西壮族自治区贵港市覃塘区人民法院 民事判决书 （2014）覃民初字第274号 
浙江省绍兴市越城区人民法院 民事判决书 （2015）绍越袍民初字第683号
 襄阳市襄州区人民法院 民事判决书 （2014）鄂襄州张集民初字第00014号 
 福建省建阳市人民法院 民事判决书 （2014）潭民初字第151号 
 广西壮族自治区宾阳县人民法院 民事裁定书 （2014）宾民一初字第971号 
河北省丰宁满族自治县人民法院 民事判决书 （2015）丰民初字第1352号
 湖南省涟源市人民法院 民事判决书 （2013）涟民一初字第1060号 
云南省永平县人民法院 民事判决书 （2014）永民初字第236号
 江苏省张家港市人民法院 民事判决书 （2014）张凤民初字第0357号 
福建省宁德市蕉城区人民法院 民事判决书 （2015）蕉民初字第1394号
 宁夏回族自治区石嘴山市惠农区人民法院 民事判决书 （2014）石惠民初字第193号 
 安徽省寿县人民法院 民事判决书 （2014）寿民一初字第00640号 
 山东省单县人民法院 民事判决书 （2012）单民初字第745号 
 四川省高县人民法院 民事判决书 （2014）宜高民初字第1010号 
长春净月高新技术产业开发区人民法院 民事判决书 （2015）长净开民初字第344号
 义马市人民法院 民事判决书 （2013）义民初字第345号 
 ， 吉林省长岭县人民法院 民事判决书 （2014）长民初字第1120号 
陕西省洋县人民法院 民事判决书 （2015）洋民初字第01124号
 江西省东乡县人民法院 民事判决书 （2014）东民初字第738号 
 济南市历下区人民法院 民事判决书 （2014）历民初字第585号 
 安徽省望江县人民法院 民事判决书 （2014）望民一初字第01364号 
丽水市莲都区人民法院 民事判决书 （2012）丽莲碧民初字第8号
 四川省梓潼县人民法院 民事判决书 （2014）梓民初字第432号 
 山东省莘县人民法院 民事判决书 （2012）莘民一初字第2798号 
陕西省洋县人民法院 民事判决书 （2015）洋民初字第00695号
 河北省沧州市新华区人民法院 民事判决书 （2014）新民初字第169号 
