 贵州省望谟县人民法院 民事判决书 （2015）望民初字第7号 
 湖南省花垣县人民法院 民事判决书 （2014）花民初字第452号 
 哈尔滨市道里区人民法院 民事判决书 （2014）里民一民初字第1411号 
 湖南省益阳市赫山区人民法院 民事判决书 （2014）益赫民一初字第1016号 
 河北省望都县人民法院 民事判决书 （2015）望民初字第0235号 
 安徽省天长市人民法院 民事判决书 （2015）天民一初字第01030号 
 湖南省隆回县人民法院 民事判决书 （2014）隆民一初字第411号 
 浙江省绍兴县人民法院 民事判决书 （2008）绍民一初字第1487号 
 山东省曹县人民法院 民事判决书 （2015）曹民初字第1025号 
 安徽省合肥市瑶海区人民法院 民事判决书 （2014）瑶民一初字第01135号 
 河北省雄县人民法院 民事判决书 （2014）雄民初字第0746号 
 河南省泌阳县人民法院 民事判决书 （2013）泌民初字第1383号 
安徽省蒙城县人民法院 民事判决书 （2015）蒙民一初字第01711号
 江苏省宝应县人民法院 民事判决书 （2013）宝氾民初字第132号 
 湖南省长沙市开福区人民法院 民事判决书 （2015）开民一初字第01345号 
安徽省广德县人民法院 民事判决书 （2014）广民一初字第02141号
 山东省栖霞市人民法院 民事判决书 （2014）栖桃民初字第73号 
 河北省磁县人民法院 民事判决书 （2013）磁民初字第385号 
吉林省通化县人民法院 民事判决书 （2015）通民初字第512号
 山东省临清市人民法院 民事判决书 （2015）临民一初字第728号 
 四川省绵阳市游仙区人民法院 民事判决书 （2013）游民初字第686号 
 陕西省白水县人民法院 民事判决书 （2014）白水民初字第00712号 
 广东省佛山市南海区人民法院 民事判决书 （2014）佛南法桂民一初字第160号 
 湖南省双牌县人民法院 民事判决书 （2014）双民初字第485号 
山东省商河县人民法院 民事判决书 （2015）商少民初字第97号
 河北省鸡泽县人民法院 民事判决书 （2012）鸡民初字第143号 
 山西省大同市矿区人民法院 民事判决书 （2014）矿民初字第721号 
 河南省淮阳县人民法院 民事判决书 （2014）淮民初字第00105号 
 福建省仙游县人民法院 民事判决书 （2014）仙民初字第2397号 
 安徽省芜湖市三山区人民法院 民事判决书 （2015）三民一初字第00200号 
河南省许昌县人民法院 民事判决书 （2015）许县灵民初字第323号
 江苏省宿迁宿豫区人民法院 民事判决书 （2013）宿豫民初字第2023号 
 中华人民共和国 辽宁省沈阳市苏家屯区人民法院 民事判决书 （2014）苏民外初字第00066号 
 山东省沂水县人民法院 民事判决书 （2013）沂民初字第2676号 
 广西壮族自治区柳州市城中区人民法院 民事判决书 （2014）城中民一初字第1179号 
 安徽省肥东县人民法院 民事判决书 （2015）肥东民一初字第00915号 
山东省泗水县人民法院 民事判决书 （2015）泗民初字第814号
 山东省肥城市人民法院 民事判决书 （2014）肥民初字第1056号 
 四川省富顺县人民法院 民事判决书 （2013）富民一初字第674号 
 浙江省诸暨市人民法院 民事判决书 （2013）绍诸牌民初字第140号 
 四川省富顺县人民法院 民事判决书 （2014）富民一初字第1416号 
 陕西省靖边县人民法院 民事判决书 （2014）靖民初字第02930号 
 山东省商河县人民法院 民事判决书 （2015）商民初字第422号 
 江西省抚州市临川区人民法院 民事判决书 （2014）临民初字第1875号 
 四川省达州市通川区人民法院 民事判决书 （2014）通川民初字第3144号 
贵州省剑河县人民法院 民事判决书 （2015）剑民初字第406号
 广东省广州市南沙区人民法院 民事判决书 （2014）穗南法岗民初字第166号 
 江苏省常熟市人民法院 民事判决书 （2014）熟支少民初字第00093号 
浙江省临海市人民法院 民事判决书 （2010）台临民初字第773号
 山东省阳谷县人民法院 民事判决书 （2012）阳民初字第208号 
