 浙江省天台县人民法院 民事判决书 （2015）台天民初字第395号 
武陟县人民法院 民事判决书 （2015）武民东初字第00552号
长春市绿园区人民法院 民事判决书 （2015）绿民一初字第409号
 河北省隆化县人民法院 民事判决书 （2013）隆民初字第3809号 
 福建省南安市人民法院 民事判决书 （2014）南民初字第6654号 
 陕西省礼泉县人民法院 民事判决书 （2013）礼民初字第00004号 
 安徽省砀山县人民法院 民事判决书 （2014）砀民一初字第00541号 
 内蒙古自治区扎鲁特旗人民法院 民事判决书 （2014）扎鲁民初字第1382号 
 湖南省宁乡县人民法院 民事判决书 （2014）宁民初字第05522号 
安徽省芜湖县人民法院 民事判决书 （2011）芜民一初字第00053号
 四川省大竹县人民法院 民事判决书 （2014）大竹民初字第1473号 
 湖北省应城市人民法院 民事判决书 （2014）鄂应城民初字第00695号 
 河北省乐亭县人民法院 民事判决书 （2014）乐民初字第1353号 
山东省邹城市人民法院 民事判决书 （2015）邹民初字第2068号
 江苏省大丰市人民法院 民事判决书 （2015）大南民初字第00051号 
 江苏省盱眙县人民法院 民事判决书 （2014）盱桂民初字第0651号 
 河南省开封市金明区人民法院 民事判决书 （2015）金民初字第281号 
 江苏省泰兴市人民法院 民事判决书 （2014）泰河民初字第0494号 
 湖南省邵东县人民法院 民事判决书 （2015）邵东民初字第29号 
 四川省大竹县人民法院 民事判决书 （2014）大竹民初字第1545号 
安徽省淮北市杜集区人民法院 民事判决书 （2015）杜民一初字第00975号
重庆市垫江县人民法院 民事判决书 （2015）垫法民初字第00910号
 山东省茌平县人民法院 民事判决书 （2014）茌民一初字第19号 
 湖南省永州市冷水滩区人民法院 民事判决书 （2014）永冷民初字第937号 
 江苏省洪泽县人民法院 民事判决书 （2014）泽民初字第0839号 
甘肃省会宁县人民法院 民事判决书 （2015）会民一初字第222号
湖南省隆回县人民法院 民事判决书 （2015）隆民一初字第1415号
湖南省石门县人民法院 民事判决书 （2015）石民简初字第110号
 山东省莱州市人民法院 民事判决书 （2015）莱州驿民初字第123号 
江西省高安市人民法院 民事判决书 （2015）高民一初字第1492号
 河北省任丘市人民法院 民事判决书 （2014）任民初字第2671号 
江西省贵溪市人民法院 民事判决书 （2015）贵民一初字第841号
 黑龙江省方正县人民法院 民事判决书 （2015）方民初字第73号 
 内蒙古自治区杭锦后旗人民法院 民事判决书 （2015）杭民初字第54号 
 湖北省枝江市人民法院 民事判决书 （2014）鄂枝江民初字第01464号 
 河南省开封市鼓楼区人民法院 民事判决书 （2014）鼓民初字第1061号 
安徽省太和县人民法院 民事判决书 （2015）太民一初字第02984号
 江苏省射阳县人民法院 民事判决书 （2014）射开民初字第0328号 
福建省莆田市秀屿区人民法院 民事判决书 （2015）秀民初字第3212号
 湖北省恩施市人民法院 民事判决书 （2014）鄂恩施民初字第00671号 
 甘肃省靖远县人民法院 民事判决书 （2015）靖北湾民初字第106号 
 贵州省平塘县人民法院 民事判决书 （2014）平民初字第431号 
 河南省夏邑县人民法院 民事判决书 （2014）夏民初字第1056号 
 湖南省邵阳市大祥区人民法院 民事判决书 （2014）大民初字第626号 
 河北省青龙满族自治县人民法院 民事判决书 （2014）青民初字第2696号 
 山东省寿光市人民法院 民事判决书 （2013）寿民初字第1976号 
 黑龙江省哈尔滨市南岗区人民法院 民事判决书 （2014）南民一初字第749号 
 山东省莱阳市人民法院 民事判决书 （2014）莱阳城民初字第800号 
 广东省龙川县人民法院 民事判决书 （2015）河龙法鹤民初字第7号 
甘肃省镇原县人民法院 民事判决书 （2012）镇民初字第424号
