 湖南省会同县人民法院 民事判决书 （2015）会民一初字第130号 
 北京市昌平区人民法院 民事判决书 （2014）昌民初字第08562号 
 广东省陆丰市人民法院 民事判决书 （2014）汕陆法民一初字第231号 
 福建省建瓯市人民法院 民事判决书 （2015）瓯民初字第1349号 
 山东省兰陵县人民法院 民事判决书 （2013）苍民初字第2756号 
 山东省汶上县人民法院 民事判决书 （2014）汶民一初字第1120号 
 河南省商丘市睢阳区人民法院 民事判决书 （2014）商睢民初字第02070号 
浙江省东阳市人民法院 民事判决书 （2015）东民初字第2382号
 浙江省台州市路桥区人民法院 民事判决书 （2014）台路民初字第1804号 
辽宁省台安县人民法院 民事判决书 （2015）鞍台民黄初字第00109号
 江苏省灌云县人民法院 民事判决书 （2014）灌民初字第0756号 
 陕西省定边县人民法院 民事判决书 （2010）定民初字第00892号 
新宾满族自治县人民法院 民事判决书 （2015）新宾民一初字第00423号
南京市溧水区人民法院 民事判决书 （2015）溧民初字第3119号
 重庆市云阳县人民法院 民事判决书 （2015）云法民初字第00195号 
浙江省温岭市人民法院 民事判决书 （2014）台温松民初字第169号
山东省桓台县人民法院 民事判决书 （2015）桓民初字第1047号
 贵州省紫云苗族布依族自治县人民法院 民事判决书 （2014）紫民初字第93号 
广东省东源县人民法院 民事判决书 （2015）河东法灯民初字第252号
 上海市静安区人民法院 民事判决书 （2014）静民一（民）初字第769号 
 安徽省长丰县人民法院 民事判决书 （2013）长民一初字第02182号 
 河北省定州市人民法院 民事判决书 （2013）定民初字第2606号 
 山东省临清市人民法院 民事判决书 （2014）临民一初字第408号 
 潢川县人民法院 民事判决书 （2015）潢民初字第00841号 
 安徽省五河县人民法院 民事判决书 （2015）五民一初字第00409号 
 贵州省大方县人民法院 民事判决书 （2014）黔方民初字第472号 
 淮安市淮阴区人民法院 民事判决书 （2014）淮陈民初字第00642号 
 江苏省宝应县人民法院 民事判决书 （2014）宝民初字第338号 
广东省怀集县人民法院 民事判决书 （2015）肇怀法冷民初字163号
 安徽省蚌埠市蚌山区人民法院 民事判决书 （2015）蚌山民一初字第00107号 
 山东省临朐县人民法院 民事判决书 （2014）临民初字第2018号 
 湖南省宜章县人民法院 民事判决书 （2015）宜民一初字第183号 
 湖北省监利县人民法院 民事判决书 （2015）鄂监利民初字第00370号 
 河北省辛集市人民法院 民事判决书 （2014）辛民初字第463号 
 广西壮族自治区武宣县人民法院 民事判决书 （2013）武民初字第487号 
 广东省鹤山市人民法院 民事判决书 （2014）江鹤法民一初字第262号 
 台州市椒江区人民法院 民事判决书 （2015）台椒椒南民初字第13号 
内蒙古自治区乌拉特前旗人民法院 民事判决书 （2015）乌前民初字第367号
 吉林省公主岭市人民法院 民事判决书 （2014）公民一初字第187号 
 湖南省津市市人民法院 民事判决书 （2014）津民一初字第138号 
黑龙江省海伦市人民法院 民事判决书 （2015）海兴民初字第43号
江苏省新沂市人民法院 民事判决书 （2015）新窑民初字第00461号
 山东省泰安市岱岳区人民法院 民事判决书 （2015）岱民初字第346号 
 南充市顺庆区人民法院 民事判决书 （2015）顺庆民初字第2089号 
 重庆市丰都县人民法院 民事判决书 （2015）丰法民初字第01048号 
 濮阳市华龙区人民法院 民事判决书 （2014）华法民初字第6208号 
 山东省茌平县人民法院 民事判决书 （2012）茌民一初字第1201号 
 太原市小店区人民法院 民事判决书 （2014）小民初字第02707号 
 山东省齐河县人民法院 民事判决书 （2014）齐宣民初字第2198号 
 河北省满城县人民法院 民事判决书 （2014）满民初字第456号 
