 河北省清河县人民法院 民事判决书 （2013）清民一初字第754号 
 福建省福清市人民法院 民事判决书 （2013）融民初字第1677号 
 吉林省长春市朝阳区人民法院 民事判决书 （2014）朝民初字第328号 
 福建省建阳市人民法院 民事判决书 （2014）潭民初字第749号 
 江苏省盱眙县人民法院 民事判决书 （2014）盱马民初字第1002号 
 山东省日照市东港区人民法院 民事判决书 （2013）东民一初字第947号 
 湖南省株洲市天元区人民法院 民事判决书 （2014）株天法民一初字第222号 
内蒙古自治区杭锦后旗人民法院 民事判决书 （2015）杭民初字第1134号
 福建省邵武市人民法院 民事判决书 （2014）邵民初字第1565号 
 湖北省广水市人民法院 民事判决书 （2013）鄂广水民初字第02772号 
 山东省宁津县人民法院 民事判决书 （2013）宁民初字第1354号 
广东省和平县人民法院 民事判决书 （2015）河和法民一初字第178号
 陕西省大荔县人民法院 民事判决书 （2013）荔民初字第00842号 
湖北省麻城市人民法院 民事判决书 （2015）鄂麻城民一初字第01547号
内蒙古自治区翁牛特旗人民法院 民事判决书 （2015）翁民初字第2857号
 安徽省宣城市宣州区人民法院 民事判决书 （2013）宣民一初字第03596号 
 山东省单县人民法院 民事判决书 （2014）单民初字第1791号 
 大连市西岗区人民法院 民事判决书 （2014）西民初字第1568号 
江西省高安市人民法院 民事判决书 （2015）高民一初字第839号
 湖南省新宁县人民法院 民事判决书 （2015）宁民一初字第321号 
 广东省饶平县人民法院 民事判决书 （2014）潮平法饶民初字第86号 
 重庆市长寿区人民法院 民事判决书 （2013）长法民初字第01596号 
 山东省临沭县人民法院 民事判决书 （2014）沭民一初字第1973号 
 湖北省随州市曾都区人民法院 民事判决书 （2013）鄂曾都民初字第00619号 
 湖南省宁乡县人民法院 民事判决书 （2015）宁民初字第01970号 
 陕西省洋县人民法院 民事判决书 （2015）洋民初字第00532号 
 昆明市西山区人民法院 民事判决书 （2015）西法民初字第2381号 
 泸州市龙马潭区人民法院 民事判决书 （2014）龙马民初字第153号 （以正式加盖法院印章的文书为准，公开的电子文本仅供参考，不得用于非法用途） 
 河北省宁晋县人民法院 民事判决书 （2014）宁民初字第1651号 
 安徽省怀远县人民法院 民事判决书 （2015）怀民一初字第00183号 
 安徽省合肥市包河区人民法院 民事判决书 （2014）包民一初字第00612号 
 贵州省黄平县人民法院 民事判决书 （2014）黄民初字第345号 
 湖北省江陵县人民法院 民事判决书 （2015）鄂江陵民初字第00191号 
 福建省长乐市人民法院 民事判决书 （2015）长民初字第366号 
 辽宁省昌图县人民法院 民事判决书 （2014）昌民三初字第00809号 
 河北省邢台市桥西区人民法院 民事判决书 （2014）西民初字第1068号 
云南省保山市隆阳区人民法院 民事判决书 （2015）隆民初字第03127号
 江西省万安县人民法院 民事判决书 （2015）万民一初字第246号 
 湖南省桃江县人民法院 民事判决书 （2015）桃民一初字第175号 
光山县人民法院 民事判决书 （2013）光民初字第00896号
 广西壮族自治区凤山县人民法院 民事判决书 （2013）凤民初字第129号 
巴中市巴州区人民法院 民事判决书 （2015）巴州民初字第2546号
 河北省文安县人民法院 民事判决书 （2014）文民初字第1946号 
 黑龙江省杜尔伯特蒙古族自治县人民法院 民事判决书 （2014）杜胡民初字第68号 
 山东省莒县人民法院 民事判决书 （2014）莒民初字第1713号 
 福建省福清市人民法院 民事判决书 （2014）融民初字第1349号 
 河南省中牟县人民法院 民事判决书 （2015）牟民初字第40号 
 重庆市潼南县人民法院 民事判决书 （2015）潼法民初字第00170号 
 河南省夏邑县人民法院 民事判决书 （2015）夏民初字第01694号 
 河北省鸡泽县人民法院 民事判决书 （2013）鸡民初字第1004号 
