 江西省高安市人民法院 民事判决书 （2014）高民一初字第95号 
山东省冠县人民法院 民事判决书 （2015）冠民初字第1408号
 河南省唐河县人民法院 民事判决书 （2013）唐民一初字第1518号 
 安徽省濉溪县人民法院 民事判决书 （2014）濉民一初字第00626号 
 安徽省马鞍山市雨山区人民法院 民事判决书 （2014）雨民一初字第00213号 
 安徽省舒城县人民法院 民事判决书 （2014）舒民一初字第01190号 
重庆市合川区人民法院 民事判决书 （2015）合法民初字第02438号
安徽省凤阳县人民法院 民事判决书 （2015）凤民一初字第01750号
 福建省莆田市荔城区人民法院 民事判决书 （2014）荔民初字第14号 
浙江省瑞安市人民法院 民事判决书 （2015）温瑞陶民初字第150号
 广东省饶平县人民法院 民事判决书 （2015）潮平法民一初字第61号 
 山东省惠民县人民法院 民事判决书 （2014）惠民初字第1809号 
 河北省磁县人民法院 民事判决书 （2013）磁民初字第1116号 
 江苏省邳州市人民法院 民事判决书 （2013）邳民初字第4974号 
浙江省淳安县人民法院 民事判决书 （2010）杭淳汾民初字第84号
 山东省茌平县人民法院 民事判决书 （2014）茌民一初字第536号 
 湖南省安乡县人民法院 民事判决书 （2014）安民初字第827号 
 盘锦市兴隆台区人民法院 民事判决书 （2013）兴民一初字第00571号 
 徐州市铜山区人民法院 民事判决书 （2015）铜民初字第00358号 
 陕西省乾县人民法院 民事判决书 （2015）乾民初字第00090号 
 杞县人民法院 民事判决书 （2014）杞民初字第323号 
 云南省勐腊县人民法院 民事判决书 （2014）腊民一初字第93号 
山东省荣成市人民法院 民事判决书 （2011）荣人民初字第316号
 山东省蒙阴县人民法院 民事判决书 （2015）蒙民初字第751号 
 湖北省通城县人民法院 民事判决书 （2015）鄂通城民初字第325号 
 重庆市合川区人民法院 民事判决书 （2014）合法民初字第03749号 
 河南省漯河市郾城区人民法院 民事判决书 （2015）郾民初字第00858号 
 吉林省桦甸市人民法院 民事判决书 （2014）桦民一初字第1130号 
 福建省福清市人民法院 民事判决书 （2013）融民初字第5710号 
 安徽省枞阳县人民法院 民事判决书 枞民一初字第00287号 
江苏省滨海县人民法院 民事判决书 （2015）滨蔡民初字第0334号
 北京市石景山区人民法院 民事判决书 （2014）石民初字第3833号 
 山东省枣庄市台儿庄区人民法院 民事判决书 （2014）台民初字第1633号 
 上海市杨浦区人民法院 民事判决书 （2014）杨民一（民）初字第5010号 
 山西省保德县人民法院 民事判决书 （2014）保民初字第7号 
 浙江省绍兴市越城区人民法院 民事判决书 （2007）越民一初字第2760号 
湖南省东安县人民法院 民事判决书 （2015）东法民一初字第357号
 四川省自贡市贡井区人民法院 民事判决书 （2014）贡井民一初字第221号 
广西壮族自治区南宁市青秀区人民法院 民事判决书 （2014）青民一初字第2183号
 杭州市滨江区人民法院 民事判决书 （2013）杭滨民初字第1214号 
 河北省万全县人民法院 民事判决书 （2014）万民初字第130号 
连云港市海州区人民法院 民事判决书 （2015）海民初字第04382号
 山东省临沂市罗庄区人民法院 民事判决书 （2013）临罗民一初字第2992号 
 镇江经济开发区人民法院 民事判决书 （2011）镇经丁民初字第0194号 
 湖南省新邵县人民法院 民事判决书 （2014）新民初字第221号 
 河北省永清县人民法院 民事判决书 （2014）永民初字第1651号 
 沈阳市沈北新区人民法院 民事判决书 （2014）北新民初字第02956号 
 河南省中牟县人民法院 民事判决书 （2014）牟民初字第3335号 
 安徽省长丰县人民法院 民事判决书 （2013）长民一初字第00603号 
 山东省郓城县人民法院 民事判决书 （2013）郓民初字第2135号 
