 云南省祥云县人民法院 民事判决书 （2014）祥民初字第184号 
贵州省台江县人民法院 民事判决书 （2015）台民初字第428号
 贵州省石阡县人民法院 民事判决书 （2015）石民初字第95号 
 安徽省利辛县人民法院 民事判决书 （2014）利民一初字第00047号 
 安徽省合肥市庐阳区人民法院 民事判决书 （2014）庐民一初字第00647号 
山东省桓台县人民法院 民事判决书 （2015）桓民初字第543号
 山西省吕梁市离石区人民法院 民事判决书 （2014）离民一初字第697号 
 陕西省澄城县人民法院 民事判决书 （2015）澄民初字第00242号 
 湖南省会同县人民法院 民事判决书 （2015）会民一初字第304号 
 广西壮族自治区桂林市象山区人民法院 民事判决书 （2012）象民初字第393号 
河南省镇平县人民法院 民事判决书 （2015）镇民初字第01627号
 湖北省房县人民法院 民事判决书 （2013）鄂房县民一初字第02301号 
 台州市黄岩区人民法院 民事判决书 （2014）台黄民初字第264号 
 重庆市永川区人民法院 民事判决书 （2015）永法少民初字第00010号 
甘肃省庆城县人民法院 民事判决书 （2012）庆城民初字第598号
 上海市黄浦区人民法院 民事判决书 （2014）黄浦民一（民）初字第7724号 
 青岛市崂山区人民法院 民事判决书 （2013）崂民一初字第817号 
安徽省舒城县人民法院 民事判决书 （2015）舒民一初字第00796号
 四川省叙永县人民法院 民事判决书 （2013）叙永民初字第1754号 
山东省日照经济技术开发区人民法院 民事判决书 （2015）日开民一初字第661号
山东省济阳县人民法院 民事判决书 （2015）济阳少民初字第69号
 河北省成安县人民法院 民事判决书 （2011）成民初字第3194号 
 杭州市西湖区人民法院 民事判决书 （2014）杭西民初字第1409号 
河北省唐山市路南区人民法院 民事判决书 （2015）南民初字第2813号
 广西壮族自治区桂林市叠彩区人民法院 民事判决书 （2014）叠民初字第583号 
 江苏省无锡市南长区人民法院 民事判决书 （2014）南扬民初字第0200号 
黑龙江省虎林市人民法院 民事判决书 （2015）虎民初字第356号
 福建省南安市人民法院 民事判决书 （2014）南民初字第2660号 
四川省南部县人民法院 民事判决书 （2015）南民初字第3522号
青海省化隆回族自治县人民法院 民事判决书 （2014）化民初字第601号
 北京市昌平区人民法院 民事判决书 （2014）昌民初字第4597号 
 贵州省兴义市人民法院 民事判决书 （2014）黔义民初字第318号 
 安徽省潜山县人民法院 民事判决书 （2014）潜民一初字第00222号 
 遂宁市船山区人民法院 民事判决书 （2014）船山民初字第23号 
 陕西省咸阳市秦都区人民法院 民事判决书 （2013）咸秦民初字第02544号 
广东省茂名市茂南区人民法院 民事判决书 （2015）茂南法民一初字第655号
 重庆市巴南区人民法院 民事判决书 （2014）巴法少民初字第00210号 
广东省普宁市人民法院 民事判决书 （2015）揭普法池民初字第152号
 山东省宁阳县人民法院 民事判决书 （2014）宁民初字第207号 
 贵州省黔西县人民法院 民事判决书 （2015）黔县民初字第347号 
 山东省菏泽市牡丹区人民法院 民事判决书 （2014）菏牡民初字第1997号 
 山东省济宁市任城区人民法院 民事判决书 （2014）任民初字第5143号 
 签发： 年月日审阅： 年月日拟稿： 年月日印刷份数： 十份校对： 年月日浙江省三门县人民法院（）稿 浙江省三门县人民法院 民事判决书 （2013）台三健民初字第152号 
南京市浦口区人民法院 民事判决书 （2014）浦民初字第1527号
江苏省泰兴市人民法院 民事判决书 （2014）泰宣民初字第0359号
 辽源市龙山区人民法院 民事判决书 （2014）龙民初字第1306号 
 重庆市长寿区人民法院 民事判决书 （2014）长法民初字第04481号 
 重庆市江津区人民法院 民事判决书 （2015）津法民初字第04431号 
 山东省单县人民法院 民事判决书 （2015）单民初字第738号 
 扶沟县人民法院 民事判决书 （2015）扶民初字第300号 
