 河南省永城市人民法院 民事判决书 （2014）永民初字第620号 
苏州市吴中区人民法院 民事判决书 （2013）吴少民初字第0465号
 内黄县人民法院 民事判决书 （2014）内东民初字第215号 
 贵州省正安县人民法院 民事判决书 （2014）正民初字第522号 
湖南省张家界市永定区人民法院 民事判决书 （2015）张定民一初字第1779号
 浙江省桐乡市人民法院 民事判决书 （2014）嘉桐民初字第350号 
 湖南省祁东县人民法院 民事判决书 （2014）祁民一初字第48号 
 湖南省郴州市苏仙区人民法院 民事判决书 （2015）郴苏民初字第692号 
 湖南省冷水江市人民法院 民事判决书 （2013）冷民一初字第928号 
 上海市浦东新区人民法院 民事判决书 （2014）浦民一（民）初字第29203号 
 湖南省宜章县人民法院 民事判决书 （2014）宜民一初字第654号 
 河北省邯郸市临漳县人民法院 民事判决书 （2013）临民初字第3349号 
 甘肃省庄浪县人民法院 民事判决书 （2015）庄民初字第88号 
重庆市铜梁区人民法院 民事判决书 （2015）铜法民初字第04265号
 湖北省嘉鱼县人民法院 民事判决书 （2014）鄂嘉鱼民初字第1802号 
福建省政和县人民法院 民事判决书 （2015）政民初字第997号
 湖南省中方县人民法院 民事判决书 （2014）方民一初字第94号 
 宁夏回族自治区彭阳县人民法院 民事判决书 （2015）彭民初字第676号 
 山东省蓬莱市人民法院 民事判决书 （2014）蓬登民初字第282号 
 韶关市曲江区人民法院 民事判决书 （2014）韶曲法民一初字第684号 
 山东省陵县人民法院 民事判决书 （2014）陵民初字第81号 
 常州市天宁区人民法院 民事判决书 （2014）天少民初字第103号 
 福建省厦门市湖里区人民法院 民事判决书 （2014）湖民初字第4997号 
 河北省玉田县人民法院 民事判决书 （2013）玉民初字第1203号 
 淮安市淮阴区人民法院 民事判决书 （2014）淮小民初字第0767号 
 山西省翼城县人民法院 民事判决书 （2014）翼民初字第625号 
 四川省苍溪县人民法院 民事判决书 （2014）苍溪民初字第1360号 
 重庆市江津区人民法院 民事判决书 （2013）津法民初字第05583号 
 四川省叙永县人民法院 民事判决书 （2013）叙永民初字第820号 
 安徽省定远县人民法院 民事判决书 （2015）定民一初字第01024号 
 河北省赤城县人民法院 民事判决书 （2014）赤民初字第350号 
 内蒙古自治区赤峰市红山区人民法院 民事判决书 （2015）红民初字第520号 
 江西省余江县人民法院 民事判决书 （2014）余民初字第256号 
 阳江市江城区人民法院 民事判决书 （2013）阳城法平民初字第128号 
湖南省洪江市人民法院 民事判决书 （2015）洪民一初字第642号
四川省大邑县人民法院 民事判决书 （2013）大邑民初字第963号
 福建省仙游县人民法院 民事判决书 （2014）仙民初字第773号 
 浙江省平阳县人民法院 民事判决书 （2013）温平水民初字第488号 
 四川省阆中市人法院 民事判决书 （2013）阆民初字第4622号 
 福建省邵武市人民法院 民事判决书 （2015）邵民初字第1345号 
 安徽省阜阳市颍泉区人民法院 民事判决书 （2015）泉民一初字第00173号 
 云南省宣威市人民法院 民事判决书 （2014）宣民初字第466号 
浙江省临安市人民法院 民事判决书 （2010）杭临於民初字第8号
山东省陵县人民法院 民事判决书 （2013）陵民初字第385号
 重庆市垫江县人民法院 民事判决书 （2014）垫法民初字第04160号 
 甘肃省白银市平川区人民法院 民事判决书 （2014）平水民初字第9号 
 贵州省金沙县人民法院 民事判决书 （2014）黔金民初字第356号 
 重庆市铜梁区人民法院 民事判决书 （2014）铜法民初字第05696号 
 安徽省东至县人民法院 民事判决书 （2014）东民一初字第00105号 
 山东省鄄城县人民法院 民事判决书 （2013）鄄民初字第709号 
