江西省上高县人民法院 民事判决书 （2015）上锦民初字第88号
 杭州市西湖区人民法院 民事判决书 （2011）杭西泗民初字第136号 
 四川省广元市朝天区人民法院 民事判决书 （2014）朝天民初字第271号 
 襄阳市襄州区人民法院 民事判决书 （2014）鄂襄州东津民初字第00116号 
 福建省清流县人民法院 民事判决书 （2013）清民初字第734号 
 贵州省平塘县人民法院 民事判决书 （2014）平民初字第468号 
 福建省惠安县人民法院 民事判决书 （2014）惠民初字第1907号 
 新疆维吾尔自治区库尔勒市人民法院 民事判决书 （2013）库民初字第3120号 
 湖北省通城县人民法院 民事判决书 （2014）鄂通城民初字第00346号 
安徽省池州市贵池区人民法院 民事判决书 （2015）贵民一初字第00684号
 湖北省崇阳县人民法院 民事判决书 （2014）鄂崇阳民初字第00838号 
 重庆市渝北区人民法院 民事判决书 （2014）渝北法民初字第06780号 
 山东省文登市人民法院 民事判决书 （2014）文民一初字第83号 
 四川省简阳市人民法院 民事判决书 （2015）简阳民初字第1056号 
 浙江省瑞安市人民法院 民事判决书 （2012）温瑞民初字第1110号 
 安徽省临泉县人民法院 民事判决书 （2015）临民一初字第01184号 
 山西省高平市人民法院 民事判决书 （2014）高民初字第643号 
贵州省册亨县人民法院 民事判决书 （2015）册民初字第160号
河北省某某县人民法院 民事判决书 （2015）宁民初字第1574号
 河南省清丰县人民法院 民事判决书 （2012）清民初字第2841号 
浙江省文成县人民法院 民事判决书 （2015）温文民初字第469号
河南省洛阳市洛龙区人民法院 民事判决书 （2015）洛龙民初字第2347号
 山东省临沂市河东区人民法院 民事判决书 （2014）河民初字第1254号 
 甘肃省白银市平川区人民法院 民事判决书 （2014）平民二初字第218号 
 江西省奉新县人民法院 民事判决书 （2015）奉城民一初字第53号 
广东省惠来县人民法院 民事判决书 （2015）揭惠法隆民初字第33号
 安徽省泗县人民法院 民事判决书 （2015）泗民一初字第02396号 
 宁夏回族自治区吴忠市利通区人民法院 民事判决书 （2014）吴利民初字第2705号 
广东省台山市人民法院 民事判决书 （2014）江台法民三初字第166号
新县人民法院 民事判决书 （2013）新民初字第74号
 山东省宁津县人民法院 民事判决书 （2013）宁民初字第903号 
 福建省晋江市人民法院 民事判决书 （2015）晋民初字第3399号 
河南省方城县人民法院 民事判决书 （2015）方独民初字第248号
 陕西省铜川市印台区人民法院 民事判决书 （2013）铜印民初字第00449号 
 陕西省旬阳县人民法院 民事判决书 （2014）旬民初字第00608号 
 嘉兴市秀洲区人民法院 民事判决书 （2015）嘉秀巡民初字第87号 
 湖北省十堰市茅箭区人民法院 民事判决书 （2014）鄂茅箭民一初字第00833号 
湖南省南县人民法院 民事判决书 （2015）南法民一初字第654号
 云南省富宁县人民法院 民事判决书 （2015）富民一初字第96号 
 湖南省平江县人民法院 民事判决书 （2014）平民初字第2372号 
 遂宁市船山区人民法院 民事判决书 （2014）船山民初字第931号 
 武陟县人民法院 民事判决书 （2014）武民南初字第00140号 
 青海省兴海县人民法院 民事判决书 （2015）兴民初字第104号 
 安徽省萧县人民法院 民事判决书 （2015）萧民一初字第01092号 
山东省高密市人民法院 民事判决书 （2015）高民初字第1045号
 安徽省阜阳市颍州区人民法院 民事判决书 （2015）州民一初字第01499号 
 湖南省茶陵县人民法院 民事判决书 （2014）茶法民一初字第729号 
 湖南省新邵县人民法院 民事判决书 （2014）新民初字第659号 
 浙江省德清县人民法院 民事判决书 （2015）湖德武民初字第19号 
 四川省峨眉山市人民法院 民事判决书 （2015）峨眉民初字第978号 
