 河南省南召县人民法院 民事判决书 （2013）南召民初字第867号 
惠州市大亚湾经济技术开发区人民法院 民事判决书 （2012）惠湾法少民初字第1号
福建省宁化县人民法院 民事判决书 （2015）宁少民初字第135号
 广西壮族自治区永福县人民法院 民事判决书 （2013）永民初字第599号 
山东省乳山市人民法院 民事判决书 （2014）乳诸民初字第122号
 江苏省洪泽县人民法院 民事判决书 （2013）泽民初字第1430号 
 山东省巨野县人民法院 民事判决书 （2013）巨民初字第1311号 
 安徽省庐江县人民法院 民事判决书 （2014）庐江民一初字第01416号 
 河南省新安县人民法院 民事判决书 （2014）新民初字第1821号 
 长春市二道区人民法院 民事判决书 （2014）二民初字第644号 
河北省栾城县人民法院 民事判决书 （2015）栾民初字第174号
 湖南省慈利县人民法院 民事判决书 （2014）慈民一初字第1297号 
 云南省广南县人民法院 民事判决书 （2014）广民二初字第209号 
山东省微山县人民法院 民事判决书 （2015）微民初字第22号
 安徽省合肥市包河区人民法院 民事判决书 （2014）包民一初字第02322号 
 四川省江油市人民法院 民事判决书 （2013）江油民初字第3320号 
 重庆市北碚区人民法院 民事判决书 （2014）碚法民初字第01411号 
陕西省大荔县人民法院 民事判决书 （2015）大民初字第00897号
 四川省旺苍县人民法院 民事判决书 （2014）旺苍民初字第518号 
山东省费县人民法院 民事判决书 （2015）费民初字第1883号
 云南省禄劝彝族苗族自治县人民法院 民事判决书 （2015）禄民初字第577号 
 山东省郓城县人民法院 民事判决书 （2013）郓民初字第1306号 
 浙江省苍南县人民法院 民事判决书 （2015）温苍金民初字第180号 
湖南省洪江市人民法院 民事判决书 （2015）洪民一初字第636号
 湖北省公安县人民法院 民事判决书 （2014）鄂公安民初字第01181号 
 河北省枣强县人民法院 民事判决书 （2013）枣屯民一初字第403号 
 山东省单县人民法院 民事判决书 （2014）单民初字第2526号 
 石家庄高新技术产业开发区人民法院 民事判决书 （2012）石高民一初字第00434号 
 河南省虞城县人民法院 民事判决书 （2014）虞民初字第1729号 
 西藏自治区尼木县人民法院 民事判决书 （2013）尼民初字第111号 
 山东省东平县人民法院 民事判决书 （2014）东民初字第1505号 
 河北省沙河市人民法院 民事判决书 （2014）沙民一初字第109号 
 广东省梅县人民法院 民事判决书 （2013）梅县法民一初字第159号 
 江苏省东台市人民法院 民事判决书 （2013）东安民初字第0381号 
 福建省厦门市湖里区人民法院 民事判决书 （2013）湖民初字第3295号 
福建省福清市人民法院 民事判决书 （2015）融民初字第2339号
 贵州省兴义市人民法院 民事判决书 （2014）黔义民初字第1865号 
 山东省曹县人民法院 民事判决书 （2014）曹民初字第1938号 
 贵州省天柱县人民法院 民事判决书 （2014）天民初字第414号 
 贵州省贵阳市观山湖区人民法院 民事判决书 （2014）筑观法民初字第1551号 
 河南省柘城县人民法院 民事判决书 （2014）柘民初字第613号 
 湖南省永州市冷水滩区人民法院 民事判决书 （2015）永冷民初字第240号 
 上海市徐汇区人民法院 民事判决书 （2015）徐民一（民）初字第546号 
 淮安市清河区人民法院 民事判决书 （2014）河新民初字第0335号 
 江苏省建湖县人民法院 民事判决书 （2014）建民初字第1256号 
 湖南省邵阳县人民法院 民事判决书 （2013）阳民初字第1329号 
 四川省资阳市雁江区人民法院 民事判决书 （2014）雁江民初字第00075号 
 浙江省青田县人民法院 民事判决书 （2014）丽青万民初字第98号 
湖北省安陆市人民法院 民事判决书 （2015）鄂安陆民初字第01654号
四川省资中县人民法院 民事判决书 （2015）资中民初字第2148号
