 辽宁省瓦房店市人民法院 民事判决书 （2014）瓦民初字第1946号 
湖北省郧西县人民法院 民事判决书 （2015）鄂郧西民初字第01259号
 河南省通许县人民法院 民事判决书 （2014）通民初字第519号 
 四川省绵竹市人民法院 民事判决书 （2014）绵竹民初字第227号 
 湖南省张家界市武陵源区人民法院 民事判决书 （2015）张武民一初字第158号 
 福建省连城县人民法院 民事判决书 （2014）连民初字第648号 
 湖北省安陆市人民法院 民事判决书 （2014）鄂安陆民初字第00688号 
 安徽省南陵县人民法院 民事判决书 （2015）南民一初字第01021号 
 潍坊市坊子区人民法院 民事判决书 （2014）坊黄民初字第231号 
四川省邛崃市人民法院 民事判决书 （2015）邛崃民初字第1号
山西省稷山县人民法院 民事判决书 （2015）稷民三初字第236号
河南省内黄县人民法院 民事判决书 （2015）内东民初字第292号
 浙江省永嘉县人民法院 民事判决书 （2013）温永碧民初字第50号 
 安徽省淮南市八公山区人民法院 民事判决书 （2015）八民一初字第00003号 
 江苏省沭阳县人民法院 民事判决书 （2014）沭韩民初字第0211号 
 山东省章丘市人民法院 民事判决书 （2015）章民初字第1636号 
 林西县人民法院 民事判决书 （2014）林民初字第539号 
 河北省隆化县人民法院 民事判决书 （2014）隆民初字第4800号 
 湖南省新邵县人民法院 民事判决书 （2014）新民初字第1201号 
 广东省台山市人民法院 民事判决书 （2014）江台法广民初字第4号 
 四川省大竹县人民法院 民事判决书 （2015）大竹民初字第702号 
 山东省诸城市人民法院 民事判决书 （2013）诸昌民初字第751号 
 山西省潞城市人民法院 民事判决书 （2015）潞民初字第384号 
 贵州省水城县人民法院 民事判决书 （2014）黔水民初字第00159号 
 河南省舞阳县人民法院 民事判决书 （2013）舞民初字第1104号 
 安徽省芜湖市鸠江区人民法院 民事判决书 （2015）鸠民一初字第00787号 
 山东省阳信县人民法院 民事判决书 （2015）阳阳民初字第137号 
山东省莒南县人民法院 民事判决书 （2015）莒板民初字第83号
 镇江市丹徒区人民法院 民事判决书 （2014）徒宝民初字第0039号 
 浙江省绍兴县人民法院 民事判决书 （2011）绍民初字第2207号 
 山东省乐陵市人民法院 民事判决书 （2014）乐民初字第125号 
湖南省资兴市人民法院 民事判决书 （2015）资民一初字第362号
 四川省渠县人民法院 民事判决书 （2014）达渠民初字第1104号 
 山东省临沭县人民法院 民事判决书 （2014）沭民一初字第1281号 
 四川省仪陇县人民法院 民事判决书 （2014）仪民初字第2616号 
 山东省郯城县人民法院 民事判决书 （2013）郯民初字第2512号 
 山东省齐河县人民法院 民事判决书 （2015）齐民初字第822号 
 湖北省来凤县人民法院 民事判决书 （2014）鄂来凤民初字第01033号 
 福建省厦门市同安区人民法院 民事判决书 （2014）同民初字第2639号 
 安徽省太和县人民法院 民事判决书 （2014）太民一初字第02628号 
 河北省唐山市路北区人民法院 民事判决书 （2012）北民初字第3080号 
辽宁省盖州市人民法院 民事判决书 （2015）盖民九初字第1056号
浙江省温岭市人民法院 民事判决书 （2010）台温民初字第1125号
 山西省壶关县人民法院 民事判决书 （2014）壶民初字第733号 
 苏州市姑苏区人民法院 民事判决书 （2014）姑苏民四初字第0495号 
 福建省长乐市人民法院 民事判决书 （2014）长民初字第742号 
河南省正阳县人民法院 民事判决书 （2015）正民初字第1700号
福建省厦门市湖里区人民法院 民事判决书 （2015）湖民初字第4231号
浙江省慈溪市人民法院 民事判决书 （2015）甬慈浒民初字第751号
甘肃省宁县人民法院 民事判决书 （2013）宁民初字第724号
