 河南省镇平县人民法院 民事判决书 （2014）镇民初字第1137号 
甘肃省永靖县人民法院 民事判决书 （2014）永靖民初字第1199号
 湖北省南漳县人民法院 民事判决书 （2014）鄂南漳九民初字第00391号 
 四川省安岳县人民法院 民事判决书 （2014）安岳民初字第3224号 
 安徽省霍邱县人民法院 民事判决书 （2014）霍民一初字第01007号 
 广西壮族自治区玉林市玉州区人民法院 民事判决书 （2014）玉区法民初字第2385号 
 安徽省怀远县人民法院 民事判决书 （2014）怀民一初字第03809号 
 安徽省淮北市相山区人民法院 民事判决书 （2015）相民一初字第00216号 
 河北省永年县人民法院 民事判决书 （2014）永民初字第1707号 
杭州市拱墅区人民法院 民事判决书 （2015）杭拱民初字第1869号
 吉林省梅河口市人民法院 民事判决书 （2015）梅民初字第863号 
 四川省三台县人民法院 民事判决书 （2014）三民初字第2141号 
 河北省卢龙县人民法院 民事判决书 （2013）卢民初字第2314号 
 安徽省庐江县人民法院 民事判决书 （2014）庐江民一初字第00124号 
 安徽省利辛县人民法院 民事判决书 （2015）利民一初字第01591号 
 湖北省赤壁市人民法院 民事判决书 （2014）鄂赤壁民初字第00019号 
 湖南省新邵县人民法院 民事判决书 （2014）新民初字第1088号 
 江苏省宿迁宿豫区人民法院 民事判决书 （2012）宿豫大民初字第0540号 
 浙江省平湖市人民法院 民事判决书 （2012）嘉平新民初字第135号 
 云南省昆明市官渡区人民法院 民事判决书 （2014）官民一初字第1595号 
 福建省南安市人民法院 民事判决书 （2013）南民初字第6297号 
贵州省威宁彝族回族苗族自治县人民法院 民事判决书 （2015）黔威民初字第3070号
 重庆市綦江区人民法院 民事判决书 （2014）綦法民初字第06335号 
浙江省嵊州市人民法院 民事判决书 （2010）绍嵊民初字第1340号
 湖北省仙桃市人民法院 民事判决书 （2015）鄂仙桃民一初字第00048号 
 河南省邓州市人民法院 民事判决书 （2013）邓法民初字第1533号 
 湖南省桃源县人民法院 民事判决书 （2013）桃民初字第1157号 
 内蒙古自治区察哈尔右翼后旗人民法院 民事判决书 （2014）察后民初字第457号 
南京市江宁区人民法院 民事判决书 （2015）江宁淳民初字第114号
 重庆市渝中区人民法院 民事判决书 （2014）中区法民初字第03528号 
 重庆市合川区人民法院 民事判决书 （2014）合法民初字第01469号 
滑县人民法院 民事判决书 （2012）滑万民初字第190号
 浙江省绍兴县人民法院 民事判决书 （2013）绍民初字第2864号 
 连云港市海州区人民法院 民事判决书 （2014）海民初字第02052号 
重庆市云阳县人民法院 民事判决书 （2015）云法民初字第02421号
 四川省邻水县人民法院 民事判决书 （2014）邻水民初字第1079号 
浙江省慈溪市人民法院 民事判决书 （2011）甬慈范民初字第48号
 河南省许昌县人民法院 民事判决书 （2014）许县五民初字第179号 
 浙江省衢州市衢江区人民法院 民事判决书 （2014）衢杜民初字第111号 
 台州市椒江区人民法院 民事判决书 （2015）台椒民初字第14号 
 河北省永清县人民法院 民事判决书 （2014）永民初字第1309号 
广东省广州市东山区人民法院 民事判决书 （2005）东法民一初字第98号
江苏省建湖县人民法院 民事判决书 （2014）建民初字第0290号
 浙江省义乌市人民法院 民事判决书 （2012）金义佛堂民初字第197号 
 山西省大同市城区人民法院 民事判决书 （2015）城民初字第794号 
 甘肃省榆中县人民法院 民事判决书 （2014）榆民二初字第244号 
 连云港市连云区人民法院 民事判决书 （2014）港少民初字第0183号 
江苏省扬中市人民法院 民事判决书 （2013）扬新民初字第999号
安徽省临泉县人民法院 民事判决书 （2015）临民一初字笫03129号
 北京市大兴区人民法院 民事判决书 （2013）大民初字第14573号 
