 山东省临沂市兰山区人民法院 民事判决书 （2014）临兰民初字第4407号 
 山东省泰安市泰山区人民法院 民事判决书 （2015）泰山民初字第65号 
 黑龙江省大庆市让胡路区人民法院 民事判决书 （2XX4）让乘民初字第392号 
 陕西省西安市长安区人民法院 民事判决书 （2011）长民初字第452号 
辽宁省凤城市人民法院 民事判决书 （2015）凤民初字第03910号
湖南省双牌县人民法院 民事判决书 （2015）双民初字第365号
 西华县人民法院 民事判决书 （2014）西民初字第294号 
 湖北省武汉市硚口区人民法院 民事判决书 （2013）鄂硚口仁民初字第00280号 
 山东省泰安市岱岳区人民法院 民事判决书 （20140岱民初字第165号 
 山东省冠县人民法院 民事判决书 （2015）冠民初字第277号 
山东省单县人民法院 民事判决书 （2013）单民初字第1027号
 甘肃省宁县人民法院 民事判决书 （2015）宁民初字第941号 
 贵州省六盘水市钟山区人民法院 民事判决书 （2015）黔钟民初字第1063号 
 南充市顺庆区人民法院 民事判决书 （2014）顺庆民初字第409号 
 福建省武平县人民法院 民事判决书 （2014）武民初字第242号 
 安徽省砀山县人民法院 民事判决书 （2015）砀民一初字第00611号 
 四川省宜宾县人民法院 民事判决书 （2012）宜宾民初字1336号 
 广西壮族自治区钦州市钦南区人民法院 民事判决书 （2014）钦南民初字第167号 
 台山市人民法院 民事判决书 （2014）江台法城民初字第264号 
 湖南省汉寿县人民法院 民事判决书 （2015）汉民初字第305号 
 江苏省常州市戚墅堰区人民法院 民事判决书 （2014）戚民初字第61号 
 天津市宝坻区人民法院 民事判决书 （2015）宝民初字第2809号 
 辽宁省庄河市人民法院 民事判决书 （2014）庄民初字第3281号 
 山东省临邑县人民法院 民事判决书 （2015）临民初字第32号 
 山东省沂南县人民法院 民事判决书 （2014）沂南民初字第1727号 
 焦作市解放区人民法院 民事判决书 （2014）解民一初字第609号 
 广东省信宜市人民法院 民事判决书 （2015）茂信法民一初字第168号 
 山东省莱芜市莱城区人民法院 民事判决书 （2014）莱城民初字第392号 
 安徽省明光市人民法院 民事判决书 （2015）明民一初字第01032号 
 甘肃省泾川县人民法院 民事判决书 （2014）泾民初字第774号 
 江西省宜春市袁州区人民法院 民事判决书 （2013）袁民一初字第928号 
 山东省宁津县人民法院 民事判决书 （2015）宁民初字第263号 
 山东省济阳县人民法院 民事判决书 （2014）济阳民初字第1537号 
 福建省德化县人民法院 民事判决书 （2014）德民初字第657号 
 林州市人民法院 民事判决书 （2014）林合民初字第139号 
 福建省福安市人民法院 民事判决书 （2013）安民初字第1574号 
河北省隆尧县人民法院 民事判决书 （2015）隆民初字第694号
 陕西省城固县人民法院 民事判决书 （2012）城民初字第00339号 
 陕西省彬县人民法院 民事判决书 （2015）彬民初字第00246号 
 江苏省宝应县人民法院 民事判决书 （2013）宝射民初字第32号 
 山东省夏津县人民法院 民事判决书 （2014）夏民初字第5175号 
四川省都江堰市人民法院 民事判决书 （2015）都江民初字第1164号
江西省乐安县人民法院 民事判决书 （2015）乐鳌民初字第138号
 甘肃省临洮县人民法院 民事判决书 （2015）临窑民初字第43号 
 辽宁省岫岩满族自治县人民法院 民事判决书 （2014）鞍岫民杨初字第90号 
 安徽省淮南市潘集区人民法院 民事判决书 （2015）潘民一初字第01056号 
 河南省宝丰县人民法院 民事判决书 （2014）宝民初字第264号 
 重庆市綦江区人民法院 民事判决书 （2015）綦法民初字第00745号 
湖北省十堰市张湾区人民法院 民事判决书 （2015）鄂张湾民一初字第00732号
 河南省虞城县人民法院 民事判决书 （2014）虞民初字第954号 
