上海市青浦区人民法院 民事判决书 （2015）青民一（民）初字第2335号
 安徽省肥东县人民法院 民事判决书 （2014）肥东民一初字第02000号 
 河北省枣强县人民法院 民事判决书 （2014）枣营民一初字第16号 
福建省晋江市人民法院 民事判决书 （2015）晋民初字第2379号
 广西壮族自治区龙胜各族自治县人民法院 民事判决书 （2014）龙民初字第222号 
 湖北省公安县人民法院 民事判决书 （2014）鄂公安民初字第00314号 
 南京市溧水区人民法院 民事判决书 （2014）溧洪民初字第275号 
江苏省沭阳县人民法院 民事裁定书 （2013）沭民初字第3651号
甘肃省皋兰县人民法院 民事判决书 （2015）皋西民初字第8号
 四川省仁寿县人民法院 民事判决书 （2014）仁寿民初字第981号 
 湖南省澧县人民法院 民事判决书 （2014）澧民一初字第1019号 
贵州省贵阳市花溪区人民法院 民事判决书 （2015）花民初字第1077号
 江苏省灌云县人民法院 民事判决书 （2015）灌少民初字第00043号 
 江苏省泰兴市人民法院 民事判决书 （2014）泰虹民初字第0938号 
 山东省菏泽市牡丹区人民法院 民事判决书 （2014）菏牡民初字第1247号 
 重庆市黔江区人民法院 民事判决书 （2014）黔法民初字第00516号 
 辽宁省康平县人民法院 民事判决书 （2014）康民初字第584号 
 上海市金山区人民法院 民事判决书 （2014）金民一（民）初字第1064号 
 浙江省文成县人民法院 民事判决书 （2015）温文珊民初字第6号 
宁夏回族自治区中宁县人民法院 民事判决书 （2015）中宁民初字第1285号
内蒙古自治区五原县人民法院 民事判决书 （2015）五民初字第451号
 山东省曹县人民法院 民事判决书 （2013）曹民初字第1415号 
 安徽省阜阳市颍泉区人民法院 民事判决书 （2014）泉民一初字第01009号 
 安徽省来安县人民法院 民事判决书 （2014）来民一初字第01534号 
嘉兴市秀洲区人民法院 民事判决书 （2010）嘉秀王民初字第54号
吉林省吉林市昌邑区人民法院 民事判决书 （2015）昌民一初字第1232号
 湖南省浏阳市人民法院 民事判决书 （2014）浏民初字第286号 
重庆市巫溪县人民法院 民事判决书 （2015）巫法民初字第01866号
 江西省乐平市人民法院 民事判决书 （2014）乐民一初字第59号 
 安徽省怀远县人民法院 民事判决书 （2015）怀民一初字第02247号 
云南省昆明市官渡区人民法院 民事判决书 （2015）官民一初字第4096号
辽宁省宽甸满族自治县人民法院 民事判决书 （2014）宽民一初字第00654号
 湖南省双峰县人民法院 民事判决书 （2015）双民一初字第77号 
 山西省绛县人民法院 民事判决书 （2014）绛民初字第357号 
 河南省民权县人民法院 民事判决书 （2015）民民初字第00686号 
 湖南省安乡县人民法院 民事判决书 （2014）安民初字第1251号 
江苏省泰州市姜堰区人民法院 民事判决书 （2015）泰姜顾民初字第00420号
 四川省安县人民法院 民事判决书 （2015）安民初字第590号 
 宁夏回族自治区隆德县人民法院 民事判决书 （2014）隆民初字第218号 
 湖南省道县人民法院 民事判决书 （2014）道法民初字第1250号 
湖北省孝昌县人民法院 民事判决书 （2015）鄂孝昌民初字第00721号
 江苏省南京市高淳区人民法院 民事判决书 （2015）高民初字第42号 
 湖南省华容县人民法院 民事判决书 （2015）华民初字第00765号 
 山东省济宁市兖州区人民法院 民事判决书 （2014兖民初字第1855号 
 江西省赣县人民法院 民事判决书 （2014）赣民一初字第721号 
 重庆市奉节县人民法院 民事判决书 （2014）奉法民初字第03784号 
青海省门源回族自治县人民法院 民事判决书 （2015）门民一初字第603号
 湖北省崇阳县人民法院 民事判决书 （2015）鄂崇阳民初字第492号 
 湖南省长沙市芙蓉区人民法院 民事判决书 （2014）芙民初字第908号 
 湖南省新晃侗族自治县人民法院 民事判决书 （2015）晃民一初字第124号 
