 河南省杞县人民法院 民事判决书 （2012）杞民初字第1089号 
 重庆市江北区人民法院 民事判决书 （2015）江法民初字第06132号 
 山东省胶州市人民法院 民事判决书 （2014）胶民初字第3960号 
江西省永丰县人民法院 民事判决书 （2015）永民初字第500号
 湖南省汉寿县人民法院 民事判决书 （2014）汉民初字第368号 
 太原市尖草坪区人民法院 民事判决书 （2014）尖民初字第745号 
 贵州省福泉市人民法院 民事判决书 （2014）福民初字第223号 
 安徽省桐城市人民法院 民事判决书 （2015）桐民一初字第01097号 
 湖南省邵阳市大祥区人民法院 民事判决书 （2015）大民初字第36号 
 河北省孟村回族自治县人民法院 民事判决书 （2015）孟民初字第682号 
 山东省日照市岚山区人民法院 民事判决书 （2014）岚民一初字第592号 
林州市人民法院 民事判决书 （2015）林河民初字第198号
 宁波市鄞州区人民法院 民事判决书 （2014）甬鄞姜民初字第26号 
 山东省章丘市人民法院 民事判决书 （2013）章民初字第3239号 
 山东省青州市人民法院 民事判决书 （2014）青法谭民初字第225号 
淮安市淮阴区人民法院 民事判决书 （2015）淮民初字第02401号
 河南省柘城县人民法院 民事判决书 （2014）柘民初字第687号 
 重庆市巴南区人民法院 民事判决书 （2014）巴法民初字第00364号 
 湖北省蕲春县人民法院 民事判决书 （2014）鄂蕲春民一初字第00304号 
 彭水苗族土家族自治县人民法院 民事判决书 （2014）彭法民初字第01688号 
 安徽省凤阳县人民法院 民事判决书 （2015）凤民一初字第00903号 
 卫辉市人民法院 民事判决书 （2014）卫民初字第622号 
云南省西畴县人民法院 民事判决书 （2015）西民初字第48号
 河北省滦县人民法院签发文稿 签发： 核稿： 会签： 主办单位：王店子法庭 拟稿人：孙庆春 事由：民事判决 附件： 主送：原、被告 抄送：张院长、常院长 发文字第号密打印份数 打字：校对： 年月日封发：经发人： 河北省滦县人民法院 民事判决书 （2015）滦民初字第137号 
 重庆市铜梁县人民法院 民事判决书 （2014）铜法民初字第00605号 
 重庆市垫江县人民法院 民事判决书 （2014）垫法民初字第02111号 
南通市通州区人民法院 民事判决书 （2014）通余民初字第0102号
 山东省滨州市滨城区人民法院 民事判决书 （2015）滨北民初字第2号 
浙江省玉环县人民法院 民事判决书 （2015）台玉港民初字第340号
江西省乐平市人民法院 民事判决书 （2015）乐民一初字第509号
 王某与房某离婚纠纷一案一审民事判决书 山东省平原县人民法院 民事判决书 平民初字第650号 
 江苏省东台市人民法院 民事判决书 （2015）东安民初字第0137号 
 湖北省武汉市黄陂区人民法院 民事判决书 （2014）鄂黄陂罗民初字第00059号 
安徽省利辛县人民法院 民事判决书 （2015）利民一初字第02021号
 河北省肥乡县人民法院 民事判决书 （2014）肥民初字第1182号 
 浙江省永嘉县人民法院 民事判决书 （2013）温永岩民初字第263号 
 陕西省安塞县人民法院 民事判决书 （2014）安民初字第00689号 
 陕西省榆林市榆阳区人民法院 民事判决书 （2014）榆民初字第00686号 
 河北省肥乡县人民法院 民事判决书 （2015）肥民初字第777号 
 安徽省凤阳县人民法院 民事判决书 （2013）凤民一初字第01719号 
 湖北省建始县人民法院 民事判决书 （2014）鄂建始民初字第00937号 
 山东省汶上县人民法院 民事判决书 （2014）汶民一初字第1764号 
 山东省荣成市人民法院 民事判决书 （2014）荣民初字第913号 
 河南省郑州市二七区人民法院 民事判决书 （2014）二七民一初字第3493号 
 重庆市云阳县人民法院 民事判决书 （2014）云法民初字第00892号 
 湖南省醴陵市人民法院 民事判决书 （2015）醴法民一初字第781号 
 四川省南部县人民法院 民事判决书 （2015）南民初字第81号 
河北省玉田县人民法院 民事判决书 （2015）玉民初字第2434号
 湖北省松滋市人民法院 民事判决书 （2014）鄂松滋民初字第00939号 
浙江省桐乡市人民法院 民事判决书 （2015）嘉桐崇民初字第449号
