 安徽省岳西县人民法院 民事判决书 （2014）岳民一初字第00960号 
安徽省临泉县人民法院 民事判决书 （2013）临民一初字第01494号
天津市和平区人民法院 民事判决书 （2015）和民一初字第0272号
山东省泰安市岱岳区人民法院 民事判决书 （2015）岱民初字第1603号
 巴中市巴州区人民法院 民事判决书 （2013）巴州民初字第2881号 
云南省弥勒市人民法院 民事判决书 （2015）弥民一初字第999号
 贵州省天柱县人民法院 民事判决书 （2014）天民初字第229号 
武汉市青山区人民法院 民事判决书 （2015）鄂青山民一初字第00826号
 安徽省当涂县人民法院 民事判决书 （2014）当石民一初字第00158号 
山东省沾化县人民法院 民事判决书 （2013）沾下民初字第16号
 云南省晋宁县人民法院 民事判决书 （2014）晋民初字第557号 
浙江省桐乡市人民法院 民事判决书 （2015）嘉桐民初字第979号
 陕西省榆林市榆阳区人民法院 民事判决书 （2015）榆民初字第03043号 
广西壮族自治区那坡县人民法院 民事判决书 （2015）那民一初字第603号
巍山彝族回族自治县人民法院 民事判决书 （2014）巍民初字第292号
 江苏省灌云县人民法院 民事判决书 （2015）灌民初字第00022号 
 上海市金山区人民法院 民事判决书 （2013）金民一（民）初字第4070号 
 安徽省宿州市埇桥区人民法院 民事判决书 （2014）宿埇民一初字第02981号 
 四川省盐亭县人民法院 民事判决书 （2014）盐民初字第1034号 
 河南省永城市人民法院 民事判决书 （2014）永民初字638号 
 陕西省延川县人民法院 民事判决书 （2013）延民初字第00457号 
 安徽省望江县人民法院 民事判决书 （2014）望民一初字第00198号 
 福建省莆田市城厢区人民法院 民事判决书 （2015）城民初字20号 
 浙江省武义县人民法院 民事判决书 （2014）金武民初字第635号 
江苏省常州市武进区人民法院 民事判决书 （2015）武前民初字第229号
 江西省广丰县人民法院 民事判决书 （2014）广民一初字第582号 
 广东省中山市第一人民法院 民事判决书 （2014）中一法坦民一初字第569号 
 安徽省寿县人民法院 民事判决书 （2013）寿民一初字第01178号 
 湖南省桑植县人民法院 民事判决书 （2014）桑法民一初字第42号 
 四川省古蔺县人民法院 民事判决书 （2014）古蔺民初字第2693号 
 安徽省芜湖市弋江区人民法院 民事判决书 （2014）弋民一初字第00794号 
淮安市淮阴区人民法院 民事判决书 （2015）淮民初字第01710号
四川省泸县人民法院 民事判决书 （2015）泸泸民初字第1152号
 山东省招远市人民法院 民事判决书 （2013）招民初字第2240号 
 杭州市西湖区人民法院 民事判决书 （2014）杭西民初字第2144号 
广东省大埔县人民法院 民事判决书 （2015）梅埔法民一初字第162号
 山西省晋中市榆次区人民法院 民事判决书 （2014）榆民一初字第211号 
 山东省泗水县人民法院 民事判决书 （2013）泗民初字第1739号 
 常州市钟楼区人民法院 民事判决书 （2014）钟少民初字第0353号 
 重庆市开县人民法院 民事判决书 （2014）开法民初字第00837号 
江苏省东海县人民法院 民事判决书 （2015）连东白民初字第00373号
 浙江省诸暨市人民法院 民事判决书 （2012）绍诸民初字第855号 
 重庆市巫山县人民法院 民事判决书 （2014）山法民初字第01662号 
 广东省遂溪县人民法院 民事判决书 （2014）湛遂法民一初字第418号 
安徽省明光市人民法院 民事判决书 （2015）明民一初字第02196号
 江苏省扬州市江都区人民法院 民事判决书 （2015）扬江大民初字第00349号 
山西省广灵县人民法院 民事判决书 （2015）广民初字第108号
 湖南省益阳市赫山区人民法院 民事判决书 （2014）益赫民一初字第795号 
河南省柘城县人民法院 民事判决书 （2015）柘民初字第1686号
 湖南省桂东县人民法院 民事判决书 （2015）桂民一初字第17号 
