 河南省商城县人民法院 民事判决书 （2014）商民初字第672号 
 贵州省安顺市西秀区人民法院 民事判决书 （2014）西民初字第326号 
辽宁省营口市站前区人民法院 民事判决书 （2015）站民一初字第00160号
 浙江省诸暨市人民法院 民事判决书 （2013）绍诸民初字第139号 
 四川省仪陇县人民法院 民事判决书 （2014）仪民初字第3359号 
博爱县人民法院 民事判决书 （2015）博少民初字第19号
 重庆市巴南区人民法院 民事判决书 （2015）巴法少民初字第00159号 
 浙江省文成县人民法院 民事判决书 （2014）温文民初字第431号 
 江苏省射阳县人民法院 民事判决书 （2014）射兴民初字第0789号 
 山东省邹城市人民法院 民事判决书 （2014）邹民初字第1359号 
广东省信宜市人民法院 民事判决书 （2015）茂信法合民初字第127号
 湖北省枣阳市人民法院 民事判决书 （2014）鄂枣阳兴民初字第00044号 
 广东省英德市人民法院 民事判决书 （2014）清英法民一初字第223号 
 河南省临颍县人民法院 民事判决书 （2014）临民固初字第264号 
 山东省菏泽市牡丹区人民法院 民事判决书 （2015）菏牡民初字第750号 
 商洛市商州区人民法院 民事判决书 （2014）商州民初字第00374号 
浙江省淳安县人民法院 民事判决书 （2011）杭淳汾民初字第13号
 四川省仁寿县人民法院 民事判决书 （2015）仁寿民初字第589号 
 安徽省砀山县人民法院 民事判决书 （2014）砀民一初字第01421号 
 河北省大名县人民法院 民事判决书 （2012）大民初字第2117号 
 四川省中江县人民法院 民事判决书 （2014）中江民初字第1306号 
 安徽省泗县人民法院 民事判决书 （2015）泗民一初字第02219号 
 山西省长子县人民法院 民事判决书 （2014）长民初字第54号 
 河北省肥乡县人民法院 民事判决书 （2015）肥民初字第567号 
河南省固始县人民法院 民事判决书 （2015）固民初字2214号
 河南省舞阳县人民法院 民事判决书 （2014）舞民初字第145号 
 河北省任丘市人民法院 民事判决书 （2014）任民初字第814号 
 山东省东明县人民法院 民事判决书 （2014）东民初字第55号 
河北省张北县人民法院 民事判决书 （2014）北民初字第793号
 山东省禹城市人民法院 民事判决书 （2014）禹民初字第287号 
 湖南省邵阳市双清区人民法院 民事判决书 （2014）双民初字第830号 
安徽省芜湖市镜湖区人民法院 民事判决书 （2014）镜民一初字第00546号
 江苏省东海县人民法院 民事判决书 （2014）东双民初字第0199号 
 内蒙古自治区牙克石市人民法院 民事判决书 （2014）牙民初字第1539号 
杭州市萧某区人民法院 民事判决书 （2010）杭萧民初字第317号
 山东省嘉祥县人民法院 民事判决书 （2014）嘉民初字第289号 
 淮安市淮阴区人民法院 民事判决书 （2015）淮徐民初字第00212号 
 河南省西峡县人民法院 民事判决书 （2014）西丁民初字第26号 
 江苏省灌南县人民法院 民事判决书 （2014）南民初字第0851号 
 河南省新蔡县人民法院 民事判决书 （2014）新民初字第1066号 
 河北省任丘市人民法院 民事判决书 （2015）任民初字第474号 
 湖南省东安县人民法院 民事判决书 （2014）东法民一初字第138号 
 湖南省衡阳市蒸湘区人民法院 民事判决书 （2014）衡蒸民一初字第89号 
 广西壮族自治区田阳县人民法院 民事判决书 （2015）阳民一初字第242号 
 西安市雁塔区人民法院 民事判决书 （2014）雁民初字第01693号 
 重庆市奉节县人民法院 民事判决书 （2014）奉法民初字第03362号 
 安徽省枞阳县人民法院 民事判决书 （2014）枞民一初字第00984号 
 湖南省湘潭县人民法院 民事判决书 （2015）潭民一初字第46号 
 福建省福州市台江区人民法院 民事判决书 （2014）台民初字第1090号 
 山东省茌平县人民法院 民事判决书 （2013）茌民一初字第1269号 
