 陕西省紫阳县人民法院 民事判决书 （2011）紫民初字第00640号 
 湖南省桃江县人民法院 民事判决书 （2014）桃民一初字第746号 
 浙江省安吉县人民法院 民事判决书 （2014）湖安民初字第1109号 
 四川省泸州市纳溪区人民法院 民事判决书 （2012）纳溪民初字第1572号 
 湖南省岳阳县人民法院 民事判决书 （2014）岳民初字第434号 
 上海市杨浦区人民法院 民事判决书 （2014）杨民一（民）初字第4536号 
河北省张北县人民法院 民事判决书 （2014）北民初字第1371号
 河北省辛集市人民法院 民事判决书 （2014）辛民初字第445号 
 四川省合江县人民法院 民事判决书 （2013）合江民初字第527号 
 连云港市连云区人民法院 民事判决书 （2015）港少民初字第0111号 
 浙江省杭州市余杭区人民法院 民事判决书 （2010）杭余民初字第1090号 
 山东省泰安市岱岳区人民法院 民事判决书 （2015）岱民初字第747号 
 山东省青岛市黄岛区人民法院 民事判决书 （2014）黄民初字第6127号 
 湖北省石首市人民法院 民事判决书 （2014）鄂石首民初字第00710号 
四川省射洪县人民法院 民事判决书 （2015）射洪民初字第742号
 湖南省新宁县人民法院 民事判决书 （2014）宁民一初字第924号 
 贵州省贵阳市云岩区人民法院 民事判决书 （2014）云民三初字第853号 
 湖州市吴兴区人民法院 民事判决书 （2015）湖吴环民初字第167号 
 山东省汶上县人民法院 民事判决书 （2014）汶民一初字第1793号 
安徽省淮南市谢家集区人民法院 民事判决书 （2015）谢民一初字第01330号
北京市海淀区人民法院 民事判决书 （2015）海民初字第10142号
 湖南省长沙市岳麓区人民法院 民事判决书 （2013）岳民初字第02551号 
 西华县人民法院 民事判决书 （2013）西民初字第1020号 
河北省大厂回族自治县人民法院 民事判决书 （2015）大厂民初字第308号
安徽省颍上县人民法院 民事判决书 （2015）颍民一初字第03757号
湖北省枣阳市人民法院 民事判决书 （2015）鄂枣阳鹿民初字第00068号
 湖北省蕲春县人民法院 民事判决书 （2014）鄂蕲春民一初字第00797号 
 内蒙古科尔沁左翼中旗人民法院 民事判决书 （2013）左民初字第3277号 
 河北省张北县人民法院 民事判决书 （2014）北民初字第197号 
山东省郯城县人民法院 民事判决书 （2015）郯民初字第3472号
 安徽省肥西县人民法院 民事判决书 （2015）肥西民一初字第00979号 
 福建省武平县人民法院 民事判决书 （2014）武民初字第2141号 
 河南省西平县人民法院 民事判决书 （2014）西民初字第354号 
 陕西省宜君县人民法院 民事判决书 （2013）君民初字第00173号 
 湖北省鹤峰县人民法院 民事判决书 （2014）鄂鹤峰民初字第00275号 
 山东省临沭县人民法院 民事判决书 （2014）沭民一初字第649号 
 浙江省海宁市人民法院 民事判决书 （2015）嘉海许民初字第284号 
 沈阳市大东区人民法院 民事判决书 （2013）大东民一初字第659号 
 安徽省临泉县人民法院 民事判决书 （2014）临民一初字第01193号 
 安徽省南陵县人民法院 民事判决书 （2015）南民一初字第00597号 
贵州省安顺市平坝区人民法院 民事判决书 （2015）平民初字第1396号
山东省枣庄市台儿庄区人民法院 民事判决书 （2015）台民初字第173号
 ˎ̥山东省茌平县人民法院 民事判决书 （2011）茌民一初字第1195号 
 安徽省长丰县人民法院 民事判决书 （2013）长民一初字第01939号 
 福建省南安市人民法院 民事判决书 （2015）南民初字第663号 
 山东省德州市德城区人民法院 民事判决书 （2013）德城民初字第2506号 
浙江省慈溪市人民法院 民事判决书 （2011）甬慈逍民初字第75号
 贵州省都匀市人民法院 民事判决书 （2014）都民初字第420号 
福建省厦门市海沧区人民法院 民事判决书 （2014）海民初字第2883号
 温县人民法院 民事判决书 （2014）温民祥初字第00244号 
