甘肃省山丹县人民法院 民事判决书 （2015）山民初字第1042号
济南市长清区人民法院 民事判决书 （2015）长民初字第662号
 宁夏回族自治区银川市兴庆区人民法院 民事判决书 （2014）兴民初字第1242号 
山东省临朐县人民法院 民事判决书 （2015）临法（营）民初字第1613号
 河南省郑州市二七区人民法院 民事判决书 （2013）二七民一初字第0510号 
 北京市延庆县人民法院 民事判决书 （2015）延民初字第02458号 
四川省彭州市人民法院 民事判决书 （2012）彭州民初字第1191号
渭南市临渭区人民法院 民事判决书 （2015）临渭民初字第02711号
 河北省阜城县人民法院 民事判决书 （2015）阜民一初字第44号 
 河南省泌阳县人民法院 民事判决书 （2015）泌民初字第00628号 
 北京市朝阳区人民法院 民事判决书 （2014）朝民初字第22077号 
 林州市人民法院 民事判决书 （2014）林姚民初字第226号 
 河南省郑州市中原区人民法院 民事判决书 （2015）中民一初字第134号 
 江苏省赣榆县人民法院 民事判决书 （2014）赣海民初字第0190号 
河北省定州市人民法院 民事判决书 （2015）定民初字第1875号
 浙江省富阳市人民法院 民事判决书 （2014）杭富民初字第2085号 
 福建省南安市人民法院 民事判决书 （2014）南民初字第1971号 
 江苏省邳州市人民法院 民事判决书 （2014）邳议民初字第0291号 
广东省和平县人民法院 民事判决书 （2015）河和法民一初字第247号
湖南省浏阳市人民法院 民事判决书 （2015）浏民初字第2193号
 重庆市酉阳土家族苗族自治县人民法院 民事判决书 （2015）酉法民初字第00870号 
山东省日照市东港区人民法院 民事判决书 （2015）东民一初字第1782号
湖南省隆回县人民法院 民事判决书 （2015）隆民二初字第209号
 贵州省遵义市红花岗区人民法院 民事判决书 （2015）红民南初字第253号 
湖北省云梦县人民法院 民事判决书 （2015）鄂云梦民初字第00859号
 河北省张北县人民法院 民事判决书 （2014）北民初字第135号 
四川省广元市昭化区人民法院 民事判决书 （2015）昭化民初字第531号
 江苏省如皋市人民法院 民事判决书 （2014）皋石民初字第0032号 
 鹤壁市淇滨区人民法院 民事判决书 （2015）淇滨民初字第1467号 
江苏省扬州市江都区人民法院 民事判决书 （2015）扬江宜民初字第00147号
 山东省成武县人民法院 民事判决书 （2013）成民初字第1410号 
福建省古田县人民法院 民事判决书 （2015）古民初字第471号
浙江省绍兴县人民法院 民事判决书 （2009）绍民初字第5048号
 福建省福州市台江区人民法院 民事判决书 （2014）台民初字第1686号 
 云南省嵩明县人民法院 民事判决书 （2014）嵩民初字第170号 
安徽省涡阳县人民法院 民事判决书 （2015）涡民一初字第01508号
河南省中牟县人民法院 民事判决书 （2015）牟民初字第1983号
 山东省齐河县人民法院 民事判决书 （2014）齐焦民初字第1961号 
 山东省沂南县人民法院 民事判决书 （2014）沂南民初字第282号 
安徽省繁昌县人民法院 民事判决书 （2013）繁民一初字第01248号
 四川省邛崃市人民法院 民事判决书 （2014）邛崃民初字第894号 
 江苏省泰兴市人民法院 民事判决书 （2014）泰黄民初字第0312号 
 安徽省池州市贵池区人民法院 民事判决书 （2014）贵民一初字第00612号 
 河北省永年县人民法院 民事判决书 （2013）永民初字第1933号 
 河南省许昌县人民法院 民事判决书 （2014）许灵民初字第104号 
 湖南省临湘市人民法院 民事判决书 （2014）临民初字第251号 
 扶沟县人民法院 民事判决书 （2014）扶民初字第712号 
 吉林省松原市宁江区人民法院 民事判决书 （2014）宁民初字第1900号 
 河南省孟津县人民法院 民事判决书 （2015）孟民四初字第97号 
 河南省宁陵县人民法院 民事判决书 （2014）宁民初字第450号 
