 湖南省桃源县人民法院 民事判决书 （2014）桃民初字第1261号 
江西省抚州市临川区人民法院 民事判决书 （2015）临民初字第397号
 福建省莆田市荔城区人民法院 民事判决书 （2013）荔民初字第1270号 
 河南省舞阳县人民法院 民事判决书 （2014）舞民初字第144号 
 湖南省石门县人民法院 民事判决书 （2015）石民三初字第96号 
 河南省获嘉县人民法院 民事判决书 （2014）获民初字第339号 
 重庆市秀山土家族苗族自治县人民法院 民事判决书 （2014）秀法民初字第01481号 
湖北省洪湖市人民法院 民事判决书 （2015）鄂洪湖民初字第00604号
 林州市人民法院 民事判决书 （2014）林河民初字第45号 
 四川省隆昌县人民法院 民事判决书 （2014）隆昌民初字第1662号 
 湖北省通城县人民法院 民事判决书 （2014）鄂通城民初字第1265号 
 贵州省六盘水市钟山区人民法院 民事判决书 （2014）黔钟民初字第2452号 
 固始县人民法院 民事判决书 （2014）固民初字第2270号 
 湖北省随州市曾都区人民法院 民事判决书 （2014）鄂曾都民初字第01136号 
 广西壮族自治区灵川县人民法院 民事判决书 （2014）灵民初字第461号 
 河北省馆陶县人民法院 民事判决书 （2012）馆民初字第2080号 
 福建省南安市人民法院 民事判决书 （2014）南民初字第1083号 
山东省阳谷县人民法院 民事判决书 （2015）阳民初字第2248号
浙江省余姚市人民法院 民事判决书 （2015）甬余低民初字第122号
 四川省资中县人民法院 民事判决书 （2014）资中民初字第156号 
黑龙江省铁力市人民法院 民事判决书 （2015）铁民初字第488号
 内蒙古自治区扎兰屯市人民法院 民事判决书 （2014）扎民初字第90号 
 河北省霸州市人民法院 民事判决书 （2014）霸民初字第4276号 
 湖北省仙桃市人民法院 民事判决书 （2015）鄂仙桃民一初字第00856号 
云南省保山市隆阳区人民法院 民事判决书 （2015）隆民初字第02974号
 山东省新泰市人民法院 民事判决书 （2014）新民初字第2659号 
 江苏省赣榆县人民法院 民事判决书 （2013）赣石民初字第0074号 
 山东省齐河县人民法院 民事判决书 （2015）齐晏民初字第600号 
 湖北省保康县人民法院 民事判决书 （2014）鄂保康歇民初字第00003号 
 湖北省竹山县人民法院 民事判决书 （2014）鄂竹山民初字第00454号 
 甘肃省宁县人民法院 民事判决书 （2015）宁民初字第446号 
山西省大同市新荣区人民法院 民事判决书 （2014）新民初字第91号
 河南省正阳县人民法院 民事判决书 （2015）正民初字第515号 
 四川省渠县人民法院 民事判决书 （2014）达渠民初字第2010号 
 河南省巩义市人民法院 民事判决书 （2014）巩民初字第3857号 
 湖南省保靖县人民法院 民事判决书 （2014）保民初字第22号 
 湖北省鹤峰县人民法院 民事判决书 （2014）鄂鹤峰民初字第00670号 
 上海市宝山区人民法院 民事判决书 （2015）宝民一（民）初字第698号 
 汝南县人民法院 民事判决书 （2014）汝民初字第00926号 
 河北省巨鹿县人民法院 民事判决书 （2014）巨民一初字第106号 
 福建省惠安县人民法院 民事判决书 （2014）惠民初字6656号 
河南省南阳市卧龙区人民法院 民事判决书 （2015）宛龙潦民初字第137号
 河北省雄县人民法院 民事判决书 （2015）雄民初字第0329号 
 上海市浦东新区人民法院 民事判决书 （2014）浦民一（民）初字第16501号 
 广东省江门市新会区人民法院 民事判决书 （2015）江新法会民初字第158号 
 陕西省旬邑县人民法院 民事判决书 （2014）旬邑民初字第00085号 
 甘肃省永登县人民法院 民事判决书 （2014）永秦民初字第65号 
 叶县人民法院 民事判决书 （2013）叶民常初字第292号 
 黑龙江省林口县人民法院 民事判决书 （2015）林民初字第48号 
 重庆市南岸区人民法院 民事判决书 （2015）南法少民初字第00171号 
