 河南省郸城县人民法院 民事判决书 （2014）郸民初字第637号 
南充市顺庆区人民法院 民事判决书 （2015）顺庆民初字第1285号
 四川省岳池县人民法院 民事判决书 （2013）岳池民初字第1486号 
 湖北省武汉市江汉区人民法院 民事判决书 （2014）鄂江汉巡民初字第01160号 
 淮安市淮阴区人民法院 民事判决书 （2014）淮陈民初字第00550号 
河南省内乡县人民法院 民事判决书 （2015）内民初字第01119号
 安徽省淮南市谢家集区人民法院 民事判决书 （2014）谢民一初字第01099号 
 山东省宁阳县人民法院 民事判决书 （2014）宁民初字第844号 
 安徽省亳州市谯城区人民法院 民事判决书 （2014）谯民一初字第01789号 
 安徽省六安市裕安区人民法院 民事判决书 （2014）六裕民一初字第00157号 
 浙江省义乌市人民法院 民事判决书 （2012）金义佛堂民初字第22号 
山东省蓬莱市人民法院 民事判决书 （2015）蓬登民初字第904号
 福建省福清市人民法院 民事判决书 （2014）融民初字1275号 
 湖南省长沙市天心区人民法院 民事判决书 （2014）天民初字第1732号 
 山东省单县人民法院 民事判决书 （2013）单民初字第2028号 
河南省泌阳县人民法院 民事判决书 （2015）泌少民初字第00030号
 重庆市南岸区人民法院 民事判决书 （2013）南法民初字第04969号 
陕西省米脂县人民法院 民事判决书 （2015）米民初字第00340号
 内蒙古自治区开鲁县人民法院 民事判决书 （2014）开民初字第837号 
 福建省连城县人民法院 民事判决书 （2014）连民初字第616号 
 浙江省慈溪市人民法院 民事判决书 （2014）甬慈逍民初字第125号 
 河南省许昌县人民法院 民事判决书 （2015）许县五民初字第163号 
 福建省晋江市人民法院 民事判决书 （2015）晋民初字第3430号 
 安徽省芜湖市鸠江区人民法院 民事判决书 （2015）鸠民一初字第00417号 
 福建省福清市人民法院 民事判决书 （2014）融民初字第1814号 
 河北省南宫市人民法院 民事判决书 （2014）南民初字第918号 
 重庆市渝北区人民法院 民事判决书 （2014）渝北法民初字第1393号 
 吉林省德惠市人民法院 民事判决书 （2015）德民初字第306号 
山东省齐河县人民法院 民事判决书 （2015）齐晏民初字第1129号
山东省寿光市人民法院 民事判决书 （2015）寿民初字第2295号
 山东省莒南县人民法院 民事判决书 （2015）莒板民初字第129号 
重庆市合川区人民法院 民事判决书 （2015）合法民初字第02063号
 河南省开封市金明区人民法院 民事判决书 （2014）金民初字第1314号 
 上海市虹口区人民法院 民事判决书 （2014）虹民一（民）初字第479号 
 湖南省益阳市资阳区人民法院 民事判决书 （2014）资民一初字第59号 
沈阳市苏家屯区人民法院 民事判决书 （2015）苏民一初字第945号
 江苏省徐州市云龙区人民法院 民事判决书 （2015）云民初字第37号 
四川省都江堰市人民法院 民事判决书 （2015）都江民初字第1837号
云南省建水县人民法院 民事判决书 （2015）建民初字第446号
 江西省奉新县人民法院 民事判决书 （2014）奉民一初字第372号 
河南省新野县人民法院 民事判决书 （2015）新五民初字第00017号
新疆生产建设兵团金银川垦区人民法院 民事判决书 （2013）金民初字第134号
 淮安经济技术开发区人民法院 民事判决书 （2013）淮开民初字第1381号 
 广东省陆丰市人民法院 民事判决书 （2014）汕陆法民一初字第199号 
 山东省临沭县人民法院 民事判决书 （2014）沭民一初字第1579号 
 湖北省宣恩县人民法院 民事判决书 （2014）鄂宣恩民初字第00731号 
 安徽省和县人民法院 民事判决书 （2015）和民一初字第00001号 
开封市顺河回族区人民法院 民事判决书 （2014）顺民初字第423号
 湖南省中方县人民法院 民事判决书 （2014）方民一初字第277号 
安徽省涡阳县人民法院 民事判决书 （2015）涡民一初字第01753号
