 安徽省宁国市人民法院 民事判决书 （2015）宁民一初字第00732号 
 北京市平谷区人民法院 民事判决书 （2015）平民初字第03604号 
 湖南省邵阳县人民法院 民事判决书 （2013）阳民初字第1510号 
 浙江省临安市人民法院 民事判决书 （2014）杭临民初字第2488号 
 福建省武平县人民法院 民事判决书 （2015）武民初字第910号 
陕西省洋县人民法院 民事判决书 （2015）洋民初字第01061号
 四川省自贡市大安区人民法院 民事判决书 （2014）大民一初字第1007号 
 重庆市巫山县人民法院 民事判决书 （2014）山法民初字第02396号 
 安徽省芜湖县人民法院 民事判决书 （2015）芜民一初字第01069号 
 河南省新密市人民法院 民事判决书 （2014）新密民一初字第937号 
山东省昌乐县人民法院 民事判决书 （2014）乐城民初字第215号
 重庆市开县人民法院 民事判决书 （2013）开法民初字第02828号 
 河北省临西县人民法院 民事判决书 （2014）临民初字第381号 
 淮安市淮安区人民法院 民事判决书 （2014）淮法车民初字第508号 
 广东省紫金县人民法院 民事判决书 （2014）河紫法民一初字第993号 
 浙江省淳安县人民法院 民事判决书 （2011）杭淳民初字第58号 
 河南省正阳县人民法院 民事判决书 （2014）正民初字第01255号 
 河南省南乐县人民法院 民事判决书 （2015）南民初字第158号 
 中华人民共和国 吉林省延边朝鲜族自治州中级人民法院 民事判决书 （2014）延中民三初字第1112号 
浙江省苍南县人民法院 民事判决书 （2015）温苍龙民初字第644号
江苏省海安县人民法院 民事判决书 （2013）安墩民初字第0330号
贵州省大方县人民法院 民事判决书 （2015）黔方民初字第750号
 襄阳市樊城区人民法院 民事判决书 （2014）鄂樊城王民初字第00233号 
 山东省阳信县人民法院 民事判决书 （2015）阳阳民初字第45号 
 甘肃省宁县人民法院 民事判决书 （2014）宁民初字第1094号 
 广东省揭西县人民法院 民事判决书 （2015）揭西法金民初字第20号 
 山东省德州市陵城区人民法院 民事判决书 （2015）陵民初字第709号 
 甘肃省永昌县人民法院 民事判决书 （2014）永民一初字第466号 
 广东省梅县人民法院 民事判决书 （2013）梅县法大民初字第29号 
 辽宁省新民市人民法院 民事判决书 （2015）新民民三初字148号 
 福建省晋江市人民法院 民事判决书 （2014）晋民初字第288号 
 中华人民共和国 浙江省瑞安市人民法院 民事判决书 （2009）温瑞民初字第2530号 
江苏省金坛市人民法院 民事判决书 （2015）坛水民初字第0276号
 太原市万柏林区人民法院 民事判决书 （2014）万民初字第01724号 
广西壮族自治区桂林市秀峰区人民法院 民事判决书 （2015）秀民初字第263号
 浙江省江山市人民法院 民事判决书 （2015）衢江民初字第232号 
安徽省宿松县人民法院 民事判决书 （2015）松民一初字第01851号
辽宁省朝阳县人民法院 民事判决书 （2015）朝县民廿初字第1493号
 元阳县人民法院 民事判决书 （2014）元民一初字第372号 
 广东省龙川县人民法院 民事判决书 （2015）河龙法龙民初字第76号 
 四川省岳池县人民法院 民事判决书 （2015）岳池民初字第71号 
连云港市连云区人民法院 民事判决书 （2015）港少民初字第0179号
 内蒙古科尔沁左翼中旗人民法院 民事判决书 （2014）左民初字第250号 
 云南省云龙县人民法院 民事判决书 （2014）云民初字第275号 
 江苏省句容市人民法院 民事判决书 （2015）句后民初字第0421号 
 湖北省竹山县人民法院 民事判决书 （2015）鄂竹山民初字第00561号 
 宁夏回族自治区吴忠市红寺堡区人民法院 民事判决书 （2014）吴红民初字第1174号 
 山东省茌平县人民法院 民事判决书 （2011）茌民一初字第669号 
 河南省正阳县人民法院 民事判决书 （2014）正民初字第000708号 
 贵州省麻江县人民法院 民事判决书 （2014）麻民初字第12号 
