 河南省永城市人民法院 民事判决书 （2015）永民初字第2024号 
 山东省寿光市人民法院 民事判决书 （2014）寿羊民初字第1085号 
 河北省任丘市人民法院 民事判决书 （2013）任民初字第2937号 
 广东省阳春市人民法院 民事判决书 （2015）阳春法潭民初字第4号 
 重庆市渝中区人民法院 民事判决书 （2014）中区法民初字第08904号 
 山东省寿光市人民法院 民事判决书 （2015）寿羊民初字第326号 
 湖北省嘉鱼县人民法院 民事判决书 （2014）鄂嘉鱼民初字第00145号 
贵州省水城县人民法院 民事判决书 （2015）黔水民初字第02556号
 安徽省潜山县人民法院 民事判决书 （2015）潜民一初字第00112号 
 四川省三台县人民法院 民事判决书 （2014）三民初字第2146号 
 陕西省礼泉县人民法院 民事判决书 （2014）礼民初字第00286号 
 福建省福鼎市人民法院 民事判决书 （2014）鼎民初字第1112号 
 山西省石楼县人民法院 民事判决书 （2014）石民初字第38号 
湖北省石首市人民法院 民事判决书 （2015）鄂石首民初字第01344号
 河北省张北县人民法院 民事判决书 （2013）北民初字第847号 
 安徽省庐江县人民法院 民事判决书 （2015）庐江民一初字第01306号 
江苏省兴化市人民法院 民事判决书 （2015）泰兴安民初字第818号
 山东省昌乐县人民法院 民事判决书 （2014）乐城民初字第36号 
 陕西省合阳县人民法院 民事判决书 （2012）合民初字第00010号 
 重庆市江北区人民法院 民事判决书 （2014）江法民初字第05751号 
 安徽省泗县人民法院 民事判决书 （2015）泗民一初字第00976号 
 四川省岳池县人民法院 民事判决书 （2013）岳池民初字第2号 
 上海市闵行区人民法院 民事判决书 （2014）闵民一（民）初字第13438号 
 湖北省嘉鱼县人民法院 民事判决书 （2014）鄂嘉鱼民初字第00441号 
 连云港市连云区人民法院 民事判决书 （2015）港少民初字第0110号 
 广东省化州市人民法院 民事判决书 （2014）茂化法民一初字第417号 
 浙江省绍兴市越城区人民法院 民事判决书 （2014）绍越民初字第3890号 
 河南省唐河县人民法院 民事判决书 （2014）唐民一初字第1335号 
广西壮族自治区荔浦县人民法院 民事判决书 （2012）荔民初字第667号
 湖北省武汉市江岸区人民法院 民事判决书 （2014）鄂江岸民初字第01472号 
湖北省咸宁市咸安区人民法院 民事判决书 （2015）鄂咸安民初字第01964号
 山东省邹城市人民法院 民事判决书 （2014）邹民初字第588号 
 广西壮族自治区河池市金城江区人民法院 民事判决书 （2014）金民初字第1621号 
 河北省邯郸市邯山区人民法院 民事判决书 （2014）邯山民初字第591号 
四川省仪陇县人民法院 民事判决书 （2015）仪民初字第2923号
 河南省项城市人民法院 民事判决书 （2015）项民初字第00588号 
济南市长清区人民法院 民事判决书 （2014）长民初字第16号
 安徽省池州市贵池区人民法院 民事判决书 （2015）贵民一初字第02339号 
湖北省十堰市茅箭区人民法院 民事判决书 （2014）鄂茅箭民一初字第02482号
 四川省营山县人民法院 民事判决书 （2014）营民初字第655号 
福建省泉州市鲤城区人民法院 民事判决书 （2015）鲤民初字第3565号
 河北省任丘市人民法院 民事判决书 （2014）任民初字第290号 
 河北省宁晋县人民法院 民事判决书 （2014）宁民初字第741号 
 铜川市王益区人民法院 民事判决书 （2014）王民初字第00275号 
湖南省隆回县人民法院 民事判决书 （2015）隆民一初字第962号
 上海市浦东新区人民法院 民事判决书 （2013）浦民一（民）初字第30896号 
 湖北省建始县人民法院 民事判决书 （2014）鄂建始民初字第00893号 
 重庆市渝北区人民法院 民事判决书 （2014）渝北法民初字第02760号 
 河南省镇平县人民法院 民事判决书 （2015）镇民初字第0054号 
南充市顺庆区人民法院 民事判决书 （2015）顺庆民初字第4802号
