 陕西省佳县人民法院 民事判决书 （2014）佳民初字第00475号 
 河北省邱县人民法院 民事判决书 （2015）邱民初字第136号 
 贵州省贵阳市观山湖区人民法院 民事判决书 （2014）筑观法民初字第1779号 
 安徽省阜阳市颍州区人民法院 民事判决书 （2015）州民一初字第00992号 
 湖南省宁乡县人民法院 民事判决书 （2013）宁民初字第03465号 
 云南省曲靖市麒麟区人民法院 民事判决书 （2014）麒民初字第45号 
 安徽省太和县人民法院 民事判决书 （2014）太民一初字第01775号 
福建省福清市人民法院 民事判决书 （2014）融民初字第6079号
 辽宁省大洼县人民法院 民事判决书 （2014）大洼民一初字第00369号 
河南省信阳市平桥区人民法院 民事判决书 （2013）平民初字第1632号
湖南省宁远县人民法院 民事判决书 （2013）宁法民一初字第852号
湖南省邵阳县人民法院 民事判决书 （2015）阳民初字第251号
 广西壮族自治区罗城仫佬族自治县人民法院 民事判决书 （2013）罗民初字第2号 
 重庆市綦江区人民法院 民事判决书 （2014）綦法民初字第02165号 
湖北省鄂州市鄂城区人民法院 民事判决书 （2015）鄂鄂城民初字第00451号
 浙江省嵊州市人民法院 民事判决书 （2014）绍嵊崇民初字第55号 
 安徽省肥东县人民法院 民事判决书 （2014）肥东民一初字第02587号 
湖南省汉寿县人民法院 民事判决书 （2015）汉民初字第1263号
湖南省祁东县人民法院 民事判决书 （2015）祁民一初字第51号
 山东省临沂市兰山区人民法院 民事判决书 （2013）临兰民初字第6803号 
河北省河间市人民法院 民事判决书 （2015）河民初字第3616号
 山东省枣庄市山亭区人民法院 民事判决书 （2013）山民初字第616号 
 湖南省新田县人民法院 民事判决书 （2014）新法民一初字第467号 
 辽宁省岫岩满族自治县人民法院 民事判决书 （2014）鞍岫民杨初字第8号 
 南京市浦口区人民法院 民事判决书 （2014）浦桥民初字第417号 
 浙江省杭州市江干区人民法院 民事判决书 （2012）杭江民初字第1207号 
 四川省米易县人民法院 民事判决书 （2015）米易民初字第477号 
 辽宁省台安县人民法院 民事判决书 （2014）鞍台民二初字第00106号 
 北京市朝阳区人民法院 民事判决书 （2013）朝民初字第28855号 
 河南省濮阳县人民法院 民事判决书 （2014）濮民初字第1947号 
 福建省泰宁县人民法院 民事判决书 （2014）泰民初字第536号 
 安徽省界首市人民法院 民事判决书 （2015）界民一初字第00540号 
 福建省安溪县人民法院 民事判决书 （2015）安民初字第202号 
 四川省邻水县人民法院 民事判决书 （2013）邻水民初字第3657号 
四川省绵阳市游仙区人民法院 民事判决书 （2015）游民初字第3035号
 江苏省灌云县人民法院 民事判决书 （2014）灌民初字第0183号 
 辽宁省本溪市溪湖区人民法院 民事判决书 （2015）溪民初字第00217号 
 湖南省宁乡县人民法院 民事判决书 （2014）宁民初字第05764号 
 贵州省罗甸县人民法院 民事判决书 （2014）罗民初字第16号 
 浙江省青田县人民法院 民事判决书 （2015）丽青温民初字第50号 
湖南省邵阳县人民法院 民事判决书 （2014）阳民初字第1446号
 湖北省五峰土家族自治县人民法院 民事判决书 （2015）鄂五峰民初字第00003号 
 河北省清河县人民法院 民事判决书 （2014）清民一初字第668号 
黑龙江省肇东市人民法院 民事判决书 （2015）肇民初字第187号
山东省平原县人民法院 民事判决书 （2015）平民初字第443号
 甘肃省武威市凉州区人民法院 民事判决书 （2014）凉民初字第730号 
 山东省泰安市岱岳区人民法院 民事判决书 （2013）岱民初字第2542号 
 河南省新县人民法院 民事判决书 （2014）新民初字第56号 
 新县人民法院 民事判决书 （2014）新民初字第320号 
 沈阳市和平区人民法院 民事判决书 （2014）沈和民一初字第01465号 
