 广东省广州市番禺区人民法院 民事判决书 （2013）穗番法楼民初字第373号 
 广东省英德市人民法院 民事判决书 （2014）清英法望民初字第115号 
南京市建邺区人民法院 民事判决书 （2012）建民初字第769号
 河北省安新县人民法院 民事判决书 （2015）安民初字第464号 
 安徽省潜山县人民法院 民事判决书 （2015）潜民一初字第00698号 
 南京市六合区人民法院 民事判决书 （2014）六民初字第493号 
 河北省魏县人民法院 民事判决书 （2014）魏民初字第57号 
 云南省禄劝彝族苗族自治县人民法院 民事判决书 （2014）禄民初字第340号 
济南市历城区人民法院 民事判决书 （2015）历城少民初字第181号
 上海市虹口区人民法院 民事判决书 （2013）虹民一（民）初字第5084号 
 湖北省武汉市江夏区人民法院 民事判决书 （2015）鄂江夏民一初字第00036号 
 杭州市余杭区人民法院 民事判决书 （2012）杭余塘民初字第223号 
南京市六合区人民法院 民事判决书 （2015）六民初字第30号
 河北省磁县人民法院 民事判决书 （2011）磁民初字第461号 
 内蒙古乌兰察布市集宁区人民法院 民事判决书 （2014）集民初字第479号 
 江西省瑞金市人民法院 民事判决书 （2015）瑞民一初字第92号 
 河北省任丘市人民法院 民事判决书 （2015）任民初字第1915号 
河北省邱县人民法院 民事判决书 （2015）邱民初字第148号
 江苏省丰县人民法院 民事判决书 （2014）丰民初字第0390号 
 湖北省汉川市人民法院 民事判决书 （2014）鄂汉川民初字第00858号 
 浙江省临海市人民法院 民事判决书 （2014）台临民初字第2096号 
贵州省遵义市汇川区人民法院 民事判决书 （2015）汇民初字第3547号
湖北省宣恩县人民法院 民事判决书 （2013）鄂宣恩民初字第00903号
黑龙江省五常市人民法院 民事判决书 （2015）五民初字第968号
 江苏省如皋市人民法院 民事判决书 （2013）皋港民初字第0838号 
云南省保山市隆阳区人民法院 民事判决书 （2015）隆民初字第02377号
 福建省厦门市翔安区人民法院 民事判决书 （2014）翔民初字第2164号 
 安徽省临泉县人民法院 民事判决书 〈font face="宋体"〉（2014〈／font〉）临民一初字第03299号 
 贵州省盘县人民法院 民事判决书 （2014）黔盘民初字第2501号 
 山东省单县人民法院 民事判决书 （2013）单民初字第1297号 
 甘肃省武山县人民法院 民事判决书 （2014）武民初字第752号 
 江苏省如皋市人民法院 民事判决书 （2014）皋搬民初字第0395号 
 广东省新兴县人民法院 民事判决书 （2014）云新法集民初字第16号 
 杭州市萧山区人民法院 民事判决书 （2012）杭萧民初字第7336号 
 湖南省辰溪县人民法院 民事判决书 （2014）辰民一初字第405号 
广东省博罗县人民法院 民事判决书 （2015）惠博法湖民初字第43号
 湖南省江永县人民法院 民事判决书 （2015）江永法民初字第450号 
 福建省永春县人民法院 民事判决书 （2014）永民初字第1970号 
 福建省平和县人民法院 民事判决书 （2014）平民初字第1733号 
山东省菏泽市牡丹区人民法院 民事判决书 （2015）菏牡民初字第1991号
陕西省洋县人民法院 民事判决书 （2015）洋民初字第00835号
 云南省文山市人民法院 民事判决书 （2014）文马民初字第252号 
 甘肃省会宁县人民法院 民事判决书 （2015）会民一初字第507号 
 河南省夏邑县人民法院 民事判决书 （2014）夏民初字第728号 
 湖南省花垣县人民法院 民事判决书 （2014）花民初字第268号 
 陕西省白水县人民法院 民事判决书 （2013）白水民初字第00557号 
 山东省巨野县人民法院 民事判决书 （2014）巨民初字第868号 
 山东省泰安市泰山区人民法院 民事判决书 （2013）泰山民初字第2037号 
 浙江省杭州市江干区人民法院 民事判决书 （2014）杭江九民初字第96号 
 安徽省固镇县人民法院 民事判决书 （2014）固民一初字第01391号 
