安徽省亳州市谯城区人民法院 民事判决书 （2014）谯民一初字第01219号
 重庆市长寿区人民法院 民事判决书 （2014）长法民初字第05877号 
 安徽省黄山市黄山区人民法院 民事判决书 （2015）黄民一初字第00598号 
河北省衡水市桃城区人民法院 民事判决书 （2015）衡桃民一初字第485号
 山东省诸城市人民法院 民事判决书 （2015）诸贾民初字第19号 
 江苏省丰县人民法院 民事判决书 （2014）丰民初字第1585号 
 广东省陆丰市人民法院 民事判决书 （2014）汕陆法甲民初字第46号 
 山东省郯城县人民法院 民事判决书 （2015）郯民初字第747号 
贵州省遵义县人民法院 民事判决书 （2015）遵县法民初字第1984号
 广东省中山市第二人民法院 民事判决书 （2015）中二法民一初字第2号 
 山东省莒县人民法院 民事判决书 （2014）莒民初字第1385号 
 河北省乐亭县人民法院 民事判决书 （2014）乐民初字第822号 
 广西壮族自治区永福县人民法院 民事判决书 （2014）永民初字第465号 
 山东省齐河县人民法院 民事判决书 （2014）齐宣民初字第24号 
 安徽省舒城县人民法院 民事判决书 （2014）舒民一初字第00937 
 四川省洪雅县人民法院 民事判决书 （2013）洪民初字第145号 
 内黄县人民法院 民事判决书 （2014）内井民初字185号 
 河南省商丘市梁园区人民法院 民事判决书 （2014）商梁民初字第2256号 
 西安市碑林区人民法院 民事判决书 （2013）碑民初字第00370号 
 河南省夏邑县人民法院 民事判决书 （2015）夏民初字第02002号 
 湖北省宜都市人民法院 民事判决书 （2015）鄂宜都民初字第00109号 
 浙江省海宁市人民法院 民事判决书 （2014）嘉海袁民初字第126号 
 宁夏回族自治区西吉县人民法院 民事判决书 （2013）西民初字第1417号 
江西省余江县人民法院 民事判决书 （2015）余民一初字第254号
 湖南省新晃侗族自治县人民法院 民事判决书 （2014）晃民一初字第48号 
 湖南省隆回县人民法院 民事判决书 （2014）隆法民一初字第987号 
 山西省阳城县人民法院 民事判决书 （2014）阳民初字第530号 
 江苏省赣榆县人民法院 民事判决书 （2013）赣民初字第3289号 
 河南省许昌县人民法院 民事判决书 （2013）许灵民初字第261号 
 贵州省务川仡佬族苗族自治县人民法院 民事判决书 （2014）务民初字第159号 
 河南省柘城县人民法院 民事判决书 （2014）柘民初字第287号 
河南省郑州市金水区人民法院 民事判决书 （2014）金民一初字第3048号
 山东省临朐县人民法院 民事判决书 （2014）临民初字第2838号 
 浙江省嘉善县人民法院 民事判决书 （2010）嘉善民初字第55号 
 湖北省竹山县人民法院 民事判决书 （2014）鄂竹山民初字第00198号 
 安徽省涡阳县人民法院 民事判决书 （2014）涡民一初字第00625号 
 安徽省马鞍山市花山区人民法院 民事判决书 （2014）花民一初字第03117号 
 重庆市云阳县人民法院 民事判决书 （2014）云法民初字第00312号 
 河南省开封县人民法院 民事判决书 （2014）开民初字第1052号 
 河南省西平县人民法院 民事判决书 （2014）西民初字第319号 
山西省左云县人民法院 民事判决书 （2014）左民初字第107号
 浙江省苍南县人民法院 民事判决书 （2013）温苍民初字第1653号 
 四川省宣汉县人民法院 民事判决书 （2015）宣汉民初字第298号 
 贵州省普安县人民法院 民事判决书 （2015）普民初字第16号 
 福建省莆田市城厢区人民法院 民事判决书 （2015）城民初字第539号 
黑龙江省林口县人民法院 民事判决书 （2015）林民初字第697号
 湖南省岳阳市岳阳楼区人民法院 民事判决书 （2013）楼民一初字第643号 
 鹤壁市淇滨区人民法院 民事判决书 （2014）淇滨民初字第569号 
 湖南省中方县人民法院 民事判决书 （2014）方民一初字第422号 
 湖南省湘潭县人民法院 民事判决书 （2014）潭民一初字第1698号 
