 浙江省绍兴县人民法院 民事判决书 （2008）绍民一初字第347号 
 山东省诸城市人民法院 民事判决书 （2015）诸皇民初字第36号 
安徽省定远县人民法院 民事判决书 （2015）定民一初字第03244号
 河北省藁城市人民法院 民事判决书 （2014）藁民初字第02745号 
 广西壮族自治区桂林市秀峰区人民法院 民事判决书 （2014）秀民初字第1111号 
 湖北省江陵县人民法院 民事判决书 （2014）鄂江陵民初字第00465号 
 湖南省韶山市人民法院 民事判决书 （2014）韶民一初字第187号 
云南省安宁市人民法院 民事判决书 （2015）安民初字第1544号
 福建省古田县人民法院 民事判决书 （2014）古民初字第143号 
 四川省达州市达川区人民法院 民事判决书 （2014）达达民初字第3445号 
 河南省唐河县人民法院 民事判决书 （2014）唐民一初字第2374号 
安徽省泗县人民法院 民事判决书 （2015）泗民一初字第02760号
江苏省溧水县人民法院 民事判决书 （2011）溧民初字第1925号
 四川省富顺县人民法院 民事判决书 （2014）富民一初字第55号 
 安徽省泗县人民法院 民事判决书 （2014）泗民一初字第00123号 
温州市龙湾区人民法院 民事判决书 （2010）温龙民初字第278号
 湖北省通山县人民法院 民事判决书 （2015）鄂通山民初字第180号 
 徽省濉溪县人民法院 民事判决书 （2013）濉民一初字第02169号 
 湖北省咸丰县人民法院 民事判决书 （2014）鄂咸丰民初字第00642号 
江苏省南京市高淳区人民法院 民事判决书 （2015）高漆民初字第184号
 四川省西充县人民法院 民事判决书 （2014）西充民初字第1138号 
 山东省诸城市人民法院 民事判决书 （2014）诸民初字第1198号 
 浙江省富阳市人民法院 民事判决书 （2012）杭富民初字第2249号 
 山东省龙口市人民法院 民事判决书 （2012）龙民三初字第567号 
 山东省阳谷县人民法院 民事判决书 （2015）阳民初字第309号 
 安徽省亳州市谯城区人民法院 民事判决书 （2014）谯民一初字第00032号 
 河南省南乐县人民法院 民事判决书 （2014）南民初字第757号 
 湖南省桂阳县人民法院 民事判决书 （2015）桂阳法少民初字第00282号 
 江苏省盐城市亭湖区人民法院 民事判决书 （2015）亭新民初字第0422号 
 南京市江宁区人民法院 民事判决书 （2014）江宁汤民初字第341号 
 江苏省宿迁市宿豫区人民法院 民事判决书 （2014）宿豫大民初字第0272号 
 重庆市渝北区人民法院 民事判决书 （2014）渝北法民初字第12271号 
 湖南省辰溪县人民法院 民事判决书 （2014）辰民一初字第581号 
 河北省馆陶县人民法院 民事判决书 （2015）馆民初字第803号 
 湖北省阳新县人民法院 民事判决书 （2014）鄂阳新民溪初字第00018号 
 甘肃省宕昌县人民法院 民事判决书 （2014）宕民初字第37号 
 天津市东丽区人民法院 民事判决书 （2014）丽民初字第5491号 
 四川省泸县人民法院 民事判决书 （2013）泸泸民初字第1865号 
 江西省崇仁县人民法院 民事判决书 （2015）崇民初字第13号 
 重庆市合川区人民法院 民事判决书 （2014）合法民初字第01090号 
 山东省单县人民法院 民事判决书 （2013）单民初字第169号 
河南省驻马店市驿城区人民法院 民事判决书 （2013）驿民初字第2522号
 金华市婺城区人民法院 民事判决书 （2014）金婺民初字第2642号 
 广东省台山市人民法院 民事判决书 （2013）江台法民一初字第1464号 
 四川省合江县人民法院 民事判决书 （2015）合江民初字第667号 
 安徽省枞阳县人民法院 民事判决书 （2014）枞民一初字第01669号 
 山东省宁阳县人民法院 民事判决书 （2012）宁民初字第547号 
江苏省灌云县人民法院 民事判决书 （2015）灌少民初字第00066号
 广东省电白县人民法院 民事判决书 （2014）茂电法那民初字第3号 
四川省彭州市人民法院 民事判决书 （2012）彭州民初字第9号
