 江苏省丹阳市人民法院 民事判决书 （2014）丹导民初字第206号 
 河南省太康县人民法院 民事判决书 （2014）太民初字第898号 
江苏省东海县人民法院 民事判决书 （2015）连东少民初字第00678号
安徽省阜南县人民法院 民事判决书 （2015）南民一初字第02486号
 河南省新郑市人民法院 民事判决书 （2015）新民初字第1584号 
广东省惠东县人民法院 民事判决书 （2015）惠东法民一初字第775号
 安徽省合肥市包河区人民法院 民事判决书 （2015）包民一初字第00503号 
 山东省乳山市人民法院 民事判决书 （2013）乳诸民初字第106号 
 福建省永定县人民法院 民事判决书 （2014）永民初字第1759号 
 湖南省城步苗族自治县人民法院 民事判决书 （2014）城民初字第108号 
 内蒙古自治区兴和县人民法院 民事判决书 （2014）兴民初字第738号 
 湖北省武汉市洪山区人民法院 民事判决书 （2014）鄂洪山和民初字第00213号 
 河南省许昌市魏都区人民法院 民事判决书 （2015）魏半民初字第222号 
 太原市万柏林区人民法院 民事判决书 （2014）万民初字第445号 
 杭州市余杭区人民法院 民事判决书 （2012）杭余塘民初字第213号 
 贵州省贵阳市观山湖区人民法院 民事判决书 （2015）筑观法民初字第894号 
 黑龙江省安达市人民法院 民事判决书 （2014）安民一初字第99号 
 四川省江油市人民法院 民事判决书 （2014）江油民初字第4369号 
 河北省孟村回族自治县人民法院 民事判决书 （2015）孟民初字第520号 
新疆生产建设兵团奎屯垦区人民法院 民事判决书 （2015）奎垦民一初字第13号
 安徽省蚌埠市龙子湖区人民法院 民事判决书 （2014）龙民一初字第00309号 
 安徽省芜湖市镜湖区人民法院 民事判决书 （2014）镜民一初字第00830号 
 上海市浦东新区人民法院 民事判决书 （2014）浦民一（民）初字第27641号 
沈阳市沈北新区人民法院 民事判决书 （2013）北新民初字第3057号
 广东省佛山市三水区人民法院 民事判决书 （2014）佛三法塘民初字第329号 
 广东省德庆县人民法院 民事判决书 （2015）肇德法播民初字第71号 
河北省魏县人民法院 民事判决书 （2015）魏民初字第662号
河南省柘城县人民法院 民事判决书 （2015）柘民初字第1815号
 安徽省合肥市蜀山区人民法院 民事判决书 （2014）蜀民一初字第01331号 
 江西省玉山县人民法院 民事判决书 （2014）玉民一初字第666号 
 湖北省黄梅县人民法院 民事判决书 （2015）鄂黄梅民初字第00667号 
 四川省南部县人民法院 民事判决书 （2015）南民初字第1871号 
 福建省厦门市翔安区人民法院 民事判决书 （2015）翔民初字第855号 
 广东省海丰县人民法院 民事判决书 （2015）汕海法民一初字第57号 
 贵州省盘县人民法院 民事判决书 （2015）黔盘民初字第1891号 
 内蒙古科尔沁左翼中旗人民法院 民事判决书 （2015）左民初字第02016号 
 广西壮族自治区陆川县人民法院 民事判决书 （2013）陆民初字第797号 
浙江省永嘉县人民法院 民事判决书 （2012）温某某民初字第14号
 安徽省庐江县人民法院 民事判决书 （2014）庐江民一初字第02998号 
 福建省松溪县人民法院 民事判决书 （2015）松民初字第369号 
 安徽省六安市裕安区人民法院 民事判决书 （2012）六裕民一初字第01237号 
 福建省平潭县人民法院 民事判决书 （2014）岚民初字第554号 
 陕西省吴起县人民法院 民事判决书 （2013）吴民初字第00163号 
 福建省武平县人民法院 民事判决书 （2014）武民初字第254号 
 安徽省界首市人民法院 民事判决书 （2015）界民一初字第00757号 
 光山县人民法院 民事判决书 （2014）光民初字第00270号 
 上海市嘉定区人民法院 民事判决书 （2014）嘉民一（民）初字第5377号 
福建省武平县人民法院 民事判决书 （2015）武民初字第2274号
 广东省清远市清新区人民法院 民事判决书 （2014）清新禾法民初字第115号 
 湖北省武汉市江夏区人民法院 民事判决书 （2015）鄂江夏金民初字第00018号 
