 湖南省邵东县人民法院 民事判决书 （2015）邵东民初字第1542号 
 光山县人民法院 民事判决书 （2014）光民初字第00746号 
安徽省颍上县人民法院 民事判决书 （2015）颍民一初字第04021号
 湖南省辰溪县人民法院 民事判决书 （2015）辰民一初字第135号 
陕西省延川县人民法院 民事判决书 （2015）延川民初字第00382号
 山东省莘县人民法院 民事判决书 （2014）莘民一初字第1203号 
 贵州省安顺市西秀区人民法院 民事判决书 （2014）西民初字第18号 
湖南省会同县人民法院 民事判决书 （2015）会民一初字第206号
 湖南省道县人民法院 民事判决书 （2014）道法民初字第418号 
 四川省威远县人民法院 民事判决书 （2014）威民初字第1813号 
绵阳市游仙区人民法院 民事判决书 （2015）游民初字第2002号
 宝鸡市陈仓区人民法院 民事判决书 （2013）陈民一初字第00401号 
 延安市宝塔区人民法院 民事判决书 （2012）宝民初字第01666号 
 湖北省京山县人民法院 民事判决书 （2015）鄂京山隆民初字第00009号 
 湖北省谷城县人民法院 民事判决书 （2013）鄂谷城冷民初字第00212号 
 福建省福州市马尾区人民法院 民事判决书 （2014）马民初字第1140号 
 广东省四会市人民法院 民事判决书 （2014）肇四法大民初字第38号 
 浙江省慈溪市人民法院 民事判决书 （2013）甬慈周民初字第476号 
陕西省洋县人民法院 民事判决书 （2013）洋民初字第01195号
 福建省福清市人民法院 民事判决书 （2013）融民初字第671号 
 广东省增城市人民法院 民事判决书 （2014）穗增法民一初字第1497号 
杭州市富阳区人民法院 民事判决书 （2015）杭富城民初字第85号
 济南市天桥区人民法院 民事判决书 （2013）天民四初字第389号 
 河北省武安市人民法院 民事判决书 （2014）武民初字第476号 
 安徽省萧县人民法院 民事判决书 （2014）萧民一初字第02510号 
 浙江省德清县人民法院 民事判决书 （2012）湖德乾民初字第138号 
 四川省平昌县人民法院 民事判决书 （2014）平民初字第1225号 
 江苏省盱眙县人民法院 民事判决书 （2014）盱桂民初字第0012号 
 连云港市连云区人民法院 民事判决书 （2014）港民初字第0146号 
 河南省永城市人民法院 民事判决书 （2014）永民初字第576号 
 辽宁省本溪市平山区人民法院 民事判决书 （2014）平民一初字第00260号 
 四川省盐边县人民法院 民事判决书 （2014）盐边民初字第215号 
 四川省什邡市人民法院 民事判决书 （2014）什邡民初字第116号 
 云南省陆良县人民法院 民事判决书 （2014）陆民初字第790号 
安徽省桐城市人民法院 民事判决书 （2015）桐民一初字第01601号
 河北省馆陶县人民法院 民事判决书 （2013）馆民初字第1327号 
 山东省单县人民法院 民事判决书 （2013）单民初字第609号 
 河北省卢龙县人民法院 民事判决书 （2014）卢民初字第798号 
 南京市江宁区人民法院 民事判决书 （2014）江宁禄民初字第299号 
江苏省泰兴市人民法院 民事判决书 （2015）泰黄民初字第0930号
 西安市临潼区人民法院 民事判决书 （2013）临民初字第00115号 
 贵州省关岭布依族苗族自治县人民法院 民事判决书 （2014）关民初字第324号 
 山东省阳谷县人民法院 民事判决书 （2013）阳民初字第1447号 
安徽省太和县人民法院 民事判决书 （2015）太民一初字第02718号
 山西省长治县人民法院 民事判决书 （2015）长民初字第332号 
 湖南省永顺县人民法院 民事判决书 （2015）永民初字第140号 
 河南省新郑市人民法院 民事判决书 （2014）新民初字第1337号 
 山东省新泰市人民法院 民事判决书 （2014）新民初字第2369号 
 广东省深圳市福田区人民法院 民事判决书 （2014）深福法民一初字第3379号 
 贵州省兴仁县人民法院 民事判决书 （2014）仁民初字第1484号 
