 湖北省云梦县人民法院 民事判决书 （2014）鄂云梦民初字第00097号 
山东省单县人民法院 民事判决书 （2015）单民初字第742号
 江西省余干县人民法院 民事判决书 （2014）干民一初字第982号 
 重庆市石柱土家族自治县人民法院 民事判决书 （2015）石法民初字第01533号 
 山东省临沭县人民法院 民事判决书 （2014）沭民一初字第150号 
 山东省梁山县人民法院 民事判决书 （2014）梁民初字第3281号 
安徽省蒙城县人民法院 民事判决书 （2015）蒙民一初字第01053号
 贵州省天柱县人民法院 民事判决书 （2015）天民初字第403号 
 山东省临朐县人民法院 民事判决书 （2015）临法民初字第1252号 
江西省抚州市临川区人民法院 民事判决书 （2015）临民初字第1368号
吉林省农安县人民法院 民事判决书 （2015）农民初字第2732号
 河南省平顶山市卫东区人民法院 民事判决书 （2015）卫民初字第561号 
 吉林省珲春市人民法院 民事判决书 （2014）珲民一初字第145号 
 浙江省平阳县人民法院 民事判决书 （2015）温平水民初字第116号 
甘肃省武威市凉州区人民法院 民事判决书 （2015）凉民初字第4219号
山西省阳高县人民法院 民事判决书 （2015）阳民初字第66号
山东省郓城县人民法院 民事判决书 （2013）郓民初字第315号
 贵州省紫云苗族布依族自治县人民法院 民事判决书 （2015）紫民初字第178号 
 广东省阳春市人民法院 民事判决书 （2014）阳春法民一初字第470号 
 广东省东莞市第三人民法院 民事判决书 （2013）东三法民一初字第7562号 
 安徽省桐城市人民法院 民事判决书 （2014）桐民一初字第00224号 
湖南省娄底市娄星区人民法院 民事判决书 （2015）娄星民一初字第559号
 沈阳市沈北新区人民法院 民事判决书 （2014）北新民初字第5014号 
 山东省东阿县人民法院 民事判决书 （2013）东民初字第724号 
 甘肃省民勤县人民法院 民事判决书 （2014）民民初字第23号 
 海口市龙华区人民法院 民事判决书 （2013）龙民一初字第777号 
 北京市通州区人民法院 民事判决书 （2014）通民初字第02925号 
 四川省威远县人民法院 民事判决书 （2014）威民初字第848号 
湖南省溆浦县人民法院 民事判决书 （2015）溆民一初字第942号
 安徽省临泉县人民法院 民事判决书 （2015）临民一初字第00184号 
 辽宁省建平县人民法院 民事判决书 （2014）建朱民初字第05591号 
 重庆市黔江区人民法院 民事判决书 （2014）黔法民初字第00523号 
 福建省莆田市秀屿区人民法院 民事判决书 （2014）秀民初字第5211号 
 四川省简阳市人民法院 民事判决书 （2014）简阳民初字第1807号 
 山东省阳信县人民法院 民事判决书 （2014）阳阳民初字第47号 
 浙江省慈溪市人民法院 民事判决书 （2013）甬慈浒民初字第548号 
 浙江省淳安县人民法院 民事判决书 （2011）杭淳临民初字第55号 
 江苏省丰县人民法院 民事判决书 （2014）丰顺民初字第0086号 
 辽源市龙山区人民法院 民事判决书 （2014）龙民初字第219号 
 黑龙江省五常市人民法院 民事判决书 （2014）五民初字第665号 
 江西省新余市渝水区人民法院 民事判决书 （2014）渝民初字第02583号 
 四川省江油市人民法院 民事判决书 （2014）江油民初字第5463号 
河北省武邑县人民法院 民事判决书 （2015）武审民一初字第777号
 黑龙江省佳木斯市前进区人民法院 民事判决书 （2014）佳前民初字第97号 
四川省大邑县人民法院 民事判决书 （2013）大邑民初字第145号
 山东省日照市东港区人民法院 民事判决书 （2014）东民一初字第3602号 
 山东省平度市人民法院 民事判决书 （2015）平民一初字第2027号 
 山东省即墨市人民法院 民事判决书 （2013）即民初字第2294号 
湖北省宣恩县人民法院 民事判决书 （2015）鄂宣恩民初字第00575号
 上海市浦东新区人民法院 民事判决书 （2014）浦民一（民）初字第18260号 
