 北京市朝阳区人民法院 民事判决书 （2014）朝民初字第11330号 
 四川省仁寿县人民法院 民事判决书 （2015）仁寿民初字第686号 
湖南省永顺县人民法院 民事判决书 （2015）永民初字第804号
 河南省郑州市中原区人民法院 民事判决书 （2015）中民一初字第613号 
 河北省吴桥县人民法院 民事判决书 （2014）吴民初字第129号 
 河南省荥阳市人民法院 民事判决书 （2014）荥民初字第502号 
安徽省广德县人民法院 民事判决书 （2015）广民一初字第02176号
 河北省无极县人民法院 民事判决书 （2013）无民初字第01171号 
河南省永城市人民法院 民事判决书 （2013）永民初字第2902号
 福建省尤溪县人民法院 民事判决书 （2014）尤少民初字第70号 
鞍山市铁东区人民法院 民事判决书 （2014）铁东民二初字第1696号
 山东省诸城市人民法院 民事判决书 （2015）诸贾民初字第74号 
 湖南省浏阳市人民法院 民事判决书 （2014）浏民初字第403号 
山东省单县人民法院 民事判决书 （2012）单民初字第2241号
 安徽省怀远县人民法院 民事判决书 （2014）怀民一初字第00356号 
 河北省滦南县人民法院 民事判决书 （2015）倴民初字第964号 
安徽省来安县人民法院 民事判决书 （2013）来民一初字第01325号
 湖北省罗田县人民法院 民事判决书 （2013）鄂罗田凤民一初字第000229号 
湖南省桃江县人民法院 民事判决书 （2015）桃民一初字第626号
 北京市朝阳区人民法院 民事判决书 （2013）朝民初字第31512号 
 河北省涿州市人民法院 民事判决书 （2014）涿民初字第930号 
 山东省济宁市任城区人民法院 民事判决书 （2015）任民初字第4615号 
 河南省邓州市人民法院 民事判决书 （2015）邓法民二初字第36号 
 湖北省罗田县人民法院 民事判决书 （2014）鄂罗田匡民一初字第00061号 
福建省平潭县人民法院 民事判决书 （2015）岚民初字第1407号
 河北省唐山市路北区人民法院 民事判决书 （2012）北民初字第2461号 
 重庆市潼南县人民法院 民事判决书 （2015）潼法民初字第00264号 
陕西省洋县人民法院 民事判决书 （2013）洋民初字第00553号
湖南省永州市零陵区人民法院 民事判决书 （2014）零民初字第1504号
 江西省上高县人民法院 民事判决书 （2014）上敖民初字第19号 
 临桂县人民法院 民事判决书 （2015）临民初字第395号 
 广东省阳西县人民法院 民事判决书 （2015）阳西法民初字第148号 
 北京市房山区人民法院 民事判决书 （2014）房民初字第03305号 
 湖南省嘉禾县人民法院 民事判决书 （2014）嘉民一初字第267号 
 宁夏回族自治区西吉县人民法院 民事判决书 （2015）西民初字第250号 
 横县人民法院 民事判决书 （2015）横民一初字第1120号 
 安徽省宿州市埇桥区人民法院 民事判决书 （2015）宿埇民一初字第01606号 
 湖北省应城市人民法院 民事判决书 （2014）鄂应城民初字第00938号 
 安徽省肥西县人民法院 民事判决书 （2014）肥西民一初字第01616号 
 山东省平度市人民法院 民事判决书 （2014）平民一初字第159号 
 安徽省凤阳县人民法院 民事判决书 （2014）凤民一初字第00578号 
 江苏省太仓市人民法院 民事判决书 （2015）太少民初字第00155号 
 内蒙古自治区扎兰屯市人民法院 民事判决书 （2014）扎民初字第474号 
 德阳市旌阳区人民法院 民事判决书 （2014）旌民初字第140号 
 重庆市合川区人民法院 民事判决书 （2013）合法民初字第06392号 
沈阳市浑南区人民法院 民事判决书 ［2015］浑南民一初字第00999号
 湖南省衡阳市雁峰区人民法院 民事判决书 （2014）雁民一初字第249号 
 平凉市崆峒区人民法院 民事判决书 （2015）崆民初字第516号 
 贵州省仁怀市人民法院 民事判决书 （2015）仁民初字第593号 
平顶山市湛河区人民法院 民事判决书 （2015）湛民一初字第192号
