 重庆市大足区人民法院 民事判决书 （2014）足法民初字第01453号 
 辽宁省海城市人民法院 民事判决书 （2014）海民未初字第00342号 
 临沧市临翔区人民法院 民事判决书 （2014）临民初字第756号 
 贵州省大方县人民法院 民事判决书 （2014）黔方民初字第1396号 
 四川省南部县人民法院 民事判决书 （2015）南民初字第1832号 
 安徽省怀远县人民法院 民事判决书 （2014）怀民一初字第02076号 
 湖南省祁东县人民法院 民事判决书 （2014）祁民一初字第889号 
 重庆市巫山县人民法院 民事判决书 （2014）山法民初字第01699号 
浙江省仙居县人民法院 民事判决书 （2010）台仙民初字第613号
 金华市婺城区人民法院 民事判决书 （2015）金婺北民初字第46号 
湖南省永兴县人民法院 民事判决书 （2015）永民初字第1424号
 安徽省马鞍山市花山区人民法院 民事判决书 （2013）花民一初字第03129号 
山东省莱芜市莱城区人民法院 民事判决书 （2013）莱城民初字第75号
 湖北省宣恩县人民法院 民事判决书 （2014）鄂宣恩民初字第00229号 
云南省开远市人民法院 民事判决书 （2015）开民一初字第221号
 湖北省随县人民法院 民事判决书 （2014）鄂随县民初字第00671号 
 山东省成武县人民法院 民事判决书 （2013）成民初字第1540号 
 山东省栖霞市人民法院 民事判决书 （2014）栖臧民初字第151号 
林州市人民法院 民事判决书 （2015）林镇民初字第231号
 广西壮族自治区柳州市鱼峰区人民法院 民事判决书 （2015）鱼民初（一）字第167号 
 甘肃省徽县人民法院 民事判决书 （2014）徽民一初字第97号 
 河北省广宗县人民法院 民事判决书 （2013）广法民一初字第00462号 
 湖南省桃源县人民法院 民事判决书 （2014）桃民初字第1819号 
 福建省屏南县人民法院 民事判决书 （2014）屏民初字第477号 
山东省临朐县人民法院 民事判决书 （2015）临法（营）民初字第2130号
 安徽省和县人民法院 民事裁定书 （2013）和民一初字第00990号 
 广东省广州市荔湾区人民法院 民事判决书 （2015）穗荔法民一初字第62号 
 湖北省仙桃市人民法院 民事判决书 （2014）鄂仙桃民一初字第00178号 
 山东省临朐县人民法院 民事判决书 （2015）临法（九）民初字第1085号 
 河北省徐水县人民法院 民事判决书 （2014）徐民初字第1818号 
 河北省承德市双滦区人民法院 民事判决书 （2014）双滦民初字第745号 
 河南省西峡县人民法院 民事判决书 （2014）西双民初字第46号 
 阳江市江城区人民法院 民事判决书 （2014）阳城法闸民初字第58号 
 山东省临清市人民法院 民事判决书 （2013）临民一初字第1576号 
 四川省乐至县人民法院 民事判决书 （2014）乐至民初字第225号 
 江西省兴国县人民法院 民事判决书 （2014）兴民一初字第846号 
 莱芜市钢城区人民法院 民事判决书 （2013）钢民初字第670号 
重庆市合川区人民法院 民事判决书 （2015）合法民初字第01329号
 河南省永城市人民法院 民事判决书 （2014）永民初字第4287号 
陕西省延长县人民法院 民事判决书 （2015）延长民初字第00019号
 福建省尤溪县人民法院 民事判决书 （2014）尤民初字第1449号 
 重庆市綦江区人民法院 民事判决书 （2015）綦法民初字第02831号 
安徽省芜湖市鸠江区人民法院 民事判决书 （2015）鸠民一初字第01068号
 北京市怀柔区人民法院 民事判决书 （2014）怀民初字第03752号 
 南京市浦口区人民法院 民事判决书 （2014）浦民初字第2998号 
 山东省聊城市东昌府区人民法院 民事判决书 （2014）聊东民初字第7号 
 重庆市潼南县人民法院 民事判决书 （2014）潼法民初字第02002号 
云南省马龙县人民法院 民事判决书 （2015）马民初字第532号
云南省澜沧拉祜族自治县人民法院 民事判决书 （2015）澜民初字第748号
 杭州市萧山区人民法院 民事判决书 （2013）杭萧临民初字第611号 
