 河北省抚宁县人民法院 民事判决书 （2014）抚民一初字第1957号 
 河北省枣强县人民法院 民事判决书 （2014）枣城民一初字第151号 
 湖北省宜城市人民法院 民事判决书 （2015）鄂宜城民南初字第00036号 
 湖南省益阳市资阳区人民法院 民事判决书 （2013）资民一初字第631号 
江苏省新沂市人民法院 民事判决书 （2015）新马民初字第00856号
 河南省沈丘县人民法院 民事判决书 （2013）沈民初字第1108号 
 杭州市萧山区人民法院 民事判决书 （2013）杭萧临民初字第530号 
 山东省临清市人民法院 民事判决书 （2012）临民一初字第14号 
 湖北省罗田县人民法院 民事判决书 （2015）鄂罗田河民一初字第00022号 
 山西省长治市城区人民法院 民事判决书 （2014）城民一初字第44号 
湖北省潜江市人民法院 民事判决书 （2015）鄂潜江民初字第01558号
四川省蒲江县人民法院 民事判决书 （2015）蒲江民初字第532号
 江苏省泰兴市人民法院 民事判决书 （2014）泰济民初字第0332号 
 浙江省绍兴市越城区人民法院 民事判决书 （2014）绍越民初字第1126号 
 四川省泸州市江阳区人民法院 民事判决书 （2012）江阳民初字第351号 
 广东省台山市人民法院 民事判决书 （2014）江台法海民初字第112号 
 河北省冀州市人民法院 民事判决书 （2014）冀民一初字第646号 
 广东省增城市人民法院 民事判决书 （2015）穗增法民一初字第58号 
 湖北省武汉市黄陂区人民法院 民事判决书 （2014）鄂黄陂祁民初字第00049号 
 广西壮族自治区桂林市七星区人民法院 民事判决书 （2013）星民初字第1326号 
山东省邹城市人民法院 民事判决书 （2015）邹民初字第1989号
沈阳市沈北新区人民法院 民事判决书 （2015）北新民初字第00861号
北京市顺义区人民法院 民事判决书 （2015）顺民初字第11652号
 四川省剑阁县人民法院 民事判决书 （2015）剑阁民初字第639号 
 吉林省扶余市人民法院 民事判决书 （2014）扶民初字第2438号 
山东省莒县人民法院 民事判决书 （2014）莒民初字第172号
福建省宁德市蕉城区人民法院 民事判决书 （2015）蕉民初字第1705号
福建省平和县人民法院 民事判决书 （2015）平民初字第837号
 江西省乐平市人民法院 民事判决书 （2014）乐民一初字第128号 
 浙江省安吉县人民法院 民事判决书 （2010）湖安良民初字第45号 
 安徽省临泉县人民法院 民事判决书 （2014）临民一初字第02798号 
 安徽省庐江县人民法院 民事判决书 （2015）庐江民一初字第00424号 
 广西壮族自治区田东县人民法院 民事判决书 （2014）东民一初字第853号 
 山东省青岛市黄岛区人民法院 民事判决书 （2014）黄民初字第5972号 
 云南省镇雄县人民法院 民事判决书 （2014）镇民初字第1012号 
 福建省惠安县人民法院 民事判决书 （2014）惠民初字第1571号 
河南省内乡县人民法院 民事判决书 （2015）内民初字第92号
 重庆市荣昌县人民法院 民事判决书 （2014）荣法民初字第02899号 
 浙江省温岭市人民法院 民事判决书 （2014）台温民初字第1462号 
 中华人民共和国四川省仁寿县人民法院 民事判决书 （2014）仁寿民初字第76号 
 广东省廉江市人民法院 民事判决书 （2014）湛廉法民二初字第585号 
四川省广元市利州区人民法院 民事判决书 （2015）广利州民初字第167号
 海南省文昌市人民法院 民事判决书 （2014）文民初字第118号 
 湖南省桃江县人民法院 民事判决书 （2014）桃民一初字第1010号 
 青海省互助土族自治县人民法院 民事判决书 （2014）互民初字第315号 
 连云港市海州区人民法院 民事判决书 （2014）海民巡初字第0047号 
 湖北省枣阳市人民法院 民事判决书 （2014）鄂枣阳兴民初字第00172号 
 湖北省孝感市孝南区人民法院 民事判决书 （2013）鄂孝南民初字第02074号 
 浙江省安吉县人民法院 民事判决书 （2011）湖安民初字第579号 
林州市人民法院 民事判决书 （2015）林采民初字第116号
