四川省达州市达川区人民法院 民事判决书 （2015）达达民初字第3418号
重庆市垫江县人民法院 民事判决书 （2014）垫法民初字第03536号
 浙江省绍兴县人民法院 民事判决书 （2011）绍平民初字第141号 
 大连经济技术开发区人民法院 民事判决书 （2014）开民初字第3061号 
 四川省南部县人民法院 民事判决书 （2014）南民初字第3308号 
安徽省枞阳县人民法院 民事判决书 （2014）枞民一初字第00309号
山西省黎城县人民法院 民事判决书 （2015）黎民初字第355号
 杭州市萧山区人民法院 民事判决书 （2012）杭萧瓜民初字第291号 
 安阳县人民法院 民事判决书 （2014）安民初字第02069号 
 山东省郯城县人民法院 民事判决书 （2015）郯民初字第1005号 
 河南省郑州市金水区人民法院 民事判决书 （2014）金民一初字第3571号 
 湖北省红安县人民法院 民事判决书 （2014）鄂红安永民初字第00048号 
山东省东阿县人民法院 民事判决书 （2015）东民初字第1156号
 江苏省丰县人民法院 民事判决书 （2014）丰顺民初字第0189号 
 四川省珙县人民法院 民事判决书 （2014）宜珙民初字第577号 
安阳县人民法院 民事判决书 （2015）安民初字第01958号
 安徽省蚌埠市蚌山区人民法院 民事判决书 （2015）蚌山民一初字第00752号 
 广东省高州市人民法院 民事判决书 （2015）茂高法大民初字第29号 
 山东省巨野县人民法院 民事判决书 （2013）巨民初字第1639号 
上海市宝山区人民法院 民事判决书 （2015）宝民一（民）初字第9889号
 天津市河北区人民法院 民事判决书 （2015）北民初字第648号 
 江苏省金湖县人民法院 民事判决书 （2015）金宝民初字第00301号 
 宝鸡市陈仓区人民法院 民事判决书 （2014）陈民初字第00792号 
 重庆市大渡口区人民法院 民事判决书 （2014）渡法民初字第02918号 
 江苏省大丰市人民法院 民事判决书 （2014）大西民初字第0185号 
 北京市石景山区人民法院 民事判决书 （2015）石民初字第79号 
 广东省汕头市龙湖区人民法院 民事判决书 （2014）汕龙法外民初字第3号 
福建省宁德市蕉城区人民法院 民事判决书 （2015）蕉民初字第5217号
山东省高青县人民法院 民事判决书 （2015）高民初字第625号
广西壮族自治区靖西县人民法院 民事判决书 （2015）靖民一初字第328号
 内蒙古自治区克什克腾旗人民法院 民事判决书 （2014）克民初字第235号 
 重庆市潼南县人民法院 民事判决书 （2014）潼法民初字第02852号 
浙江省余姚市人民法院 民事判决书 （2010）甬余泗民初字第2号
 江苏省靖江市人民法院 民事判决书 （2014）泰靖生民初字第791号 
义马市人民法院 民事判决书 （2015）义民初字第29号
湖南省桂阳县人民法院 民事判决书 （2015）桂阳法民初字第622号
 福建省龙海市人民法院 民事判决书 （2014）龙民初字第2030号 
 四川省威远县人民法院 民事判决书 （2015）威民初字第942号 
 广西壮族自治区灵川县人民法院 民事判决书 （2014）灵民初字第832号 
 安徽省临泉县人民法院 民事判决书 （2015）临民一初字第00808号 
 河南省淅川县人民法院 民事判决书 （2014）淅荆民初字第118号 
 湖南省桑植县人民法院 民事判决书 （2013）桑法民一初字第98号 
安徽省肥东县人民法院 民事判决书 （2015）肥东民一初字第03763号
泰安市泰山区人民法院 民事判决书 （2015）泰山民初字第916号
 扶沟县人民法院 民事判决书 （2014）扶民初字第1270号 
 陕西省旬阳县人民法院 民事判决书 （2013）旬民初字第00202号 
 江苏省盐城市亭湖区人民法院 民事判决书 （2014）亭伍民初字第0456号 
四川省射洪县人民法院 民事判决书 （2015）射洪民初字第396号
 山东省阳谷县人民法院 民事判决书 （2012）阳民初字第4013号 
 彭水苗族土家族自治县人民法院 民事判决书 （2014）彭法民初字第02577号 
