福建省漳州市芗城区人民法院 民事判决书 （2015）芗民初字第5820号
 河南省获嘉县人民法院 民事判决书 （2013）获民初字第1339号 
安徽省庐江县人民法院 民事判决书 （2015）庐江民一初字第01168号
浙江省临海市人民法院 民事判决书 （2015）台临民初字第1233号
 广东省开平市人民法院 民事判决书 （2013）江开法民一初字第638号 
 阳江市江城区人民法院 民事判决书 （2014）阳城法民一初字第442号 
 安徽省固镇县人民法院 民事判决书 （2015）固民一初字第0477号 
安徽省临泉县人民法院 民事判决书 （2013）临民一初字第0410号
安徽省太和县人民法院 民事判决书 （2015）太民一初字第01402号
 广东省潮州市潮安区人民法院 民事判决书 （2014）潮安法古民一初字第5号 
甘肃省镇原县人民法院 民事判决书 （2015）镇民初字第1540号
宁城县人民法院 民事判决书 （2015）宁民初字第01521号
 山东省平邑县人民法院 民事判决书 （2014）平民初字第1542号 
 昆明市五华区人民法院 民事判决书 （2015）五法西民初字第53号 
 湖北省麻城市人民法院 民事判决书 （2015）鄂麻城民一初字第01097号 
 贵州省瓮安县人民法院 民事判决书 （2015）瓮民初字第785号 当事人基本情况及案件审理经过 
 山东省平度市人民法院 民事判决书 （2014）平民一初字第312号 
浙江省慈溪市人民法院 民事判决书 （2010）甬慈逍民初字第309号
 福建省建阳市人民法院 民事判决书 （2014）潭民初字第1130号 
 湖北省五峰土家族自治县人民法院 民事判决书 （2014）鄂五峰民初字第00079号 
 河南省许昌市魏都区人民法院 民事判决书 （2014）魏民一园初字第167号 
湖南省株洲市芦淞区人民法院 民事判决书 （2015）芦法民一初字第550号
 重庆市铜梁区人民法院 民事判决书 （2015）铜法民初字第01483号 
 河南省登封市人民法院 民事判决书 （2015）登民一初字第958号 
 广东省南雄市人民法院 民事判决书 （2014）韶雄法民三初字第17号 
 湖北省孝感市孝南区人民法院 民事判决书 （2014）鄂孝南民初字第01140号 
广东省连平县人民法院 民事判决书 （2015）河连法忠民初字第28号
山西省长子县人民法院 民事判决书 （2015）长民初字第681号
 河南省襄城县人民法院 民事判决书 （2014）襄民初字第379号 
 安徽省临泉县人民法院 民事判决书 （2014）临民一初字第03069号 
 四川省盐亭县人民法院 民事判决书 （2014）盐民初字第2269号 
 浙江省常山县人民法院 民事判决书 （2014）衢常民初字第314号 
 河北省枣强县人民法院 民事判决书 （2012）枣屯民一初字第204号 
上海市宝山区人民法院 民事判决书 （2015）宝民一（民）初字第6214号
 山东省汶上县人民法院 民事判决书 （2014）汶民一初字第2009号 
 连云港市海州区人民法院 民事判决书 （2013）海民初字第0179号 
 山东省阳谷县人民法院 民事判决书 （2015）阳民初字第1168号 
 awq杭州市拱墅区人民法院 民事判决书 （2014）拱民初字第1413号 
四川省绵竹市人民法院 民事判决书 （2015）绵竹民初字第2215号
 安徽省舒城县人民法院 民事判决书 （2014）舒民一初字第00538号 
 广东省乳源瑶族自治县人民法院 民事判决书 （2014）韶乳法桥民初字第19号 
 山东省临邑县人民法院 民事判决书 （2013）临民初字第1300号 
 鹤壁市淇滨区人民法院 民事判决书 （2015）淇滨民初字第537号 
新疆维吾尔自治区乌鲁木齐市头屯河区人民法院 民事判决书 （2014）头少民初字第92号
贵州省紫云苗族布依族自治县人民法院 民事判决书 （2015）紫民初字第438号
 山东省寿光市人民法院 民事判决书 （2014）寿田民初字第1357号 
辽宁省铁岭县人民法院 民事判决书 （2014）铁县民三初字第00273号
 安徽省颍上县人民法院 民事判决书 （2015）颍民一初字第00110号 
湖南省南县人民法院 民事判决书 （2015）南法民一初字第106号
 陕西省武功县人民法院 民事判决书 （2014）武民初字第00236号 
