 河南省镇平县人民法院 民事判决书 （2014）镇民初字第443号 
 福建省福清市人民法院 民事判决书 （2013）融民初字第2307号 
云南省元阳县人民法院 民事判决书 （2015）元民一初字第56号
 山东省莘县人民法院 民事判决书 （2013）莘民一初字第45号 
 河北省泊头市人民法院 民事判决书 （2014）泊民初字第1276号 
 山东省青州市人民法院 民事判决书 （2014）青法弥民初字第232号 
江西省铅山县人民法院 民事判决书 （2015）铅民一初字第777号
 江苏省句容市人民法院 民事判决书 （2014）句后民初字第1328号 
 吉林省吉林市昌邑区人民法院 民事判决书 （2013）昌民一初字第1433号 
 湖北省恩施市人民法院 民事判决书 （2015）鄂恩施民初字第00131号 
 江苏省徐州市贾汪区人民法院 民事判决书 （2013）贾家民初字第610号 
 河南省郑州市二七区人民法院 民事判决书 （2013）二七民一初字第1116号 
 四川省三台县人民法院 民事判决书 （2014）三民初字第4447号 
 湖北省保康县人民法院 民事判决书 （2015）鄂保康城民初字第00082号 
 内蒙古科尔沁左翼中旗人民法院 民事判决书 （2014）左民初字第940号 
河南省息县人民法院 民事判决书 （2015）息民初字第43号
广东省湛江市霞山区人民法院 民事判决书 （2015）湛霞法民一初字第434号
浙江省义乌市人民法院 民事判决书 （2015）金义苏溪民初字第152号
 贵州省岑巩县人民法院 民事判决书 （2014）岑民初字第247号 
 四川省武胜县人民法院 民事判决书 （2014）武胜民初字第3767号 
 广西壮族自治区鹿寨县人民法院 民事判决书 （2013）鹿民一初字第825号 
 广东省普宁市人民法院 民事判决书 （2014）揭普法大民初字第2号 
 浙江省慈溪市人民法院 民事判决书 （2014）甬慈浒民初字第115号 
 湖南省会同县人民法院 民事判决书 （2015）会民一初字第153号 
湖南省湘阴县人民法院 民事判决书 （2014）湘民一初字第1073号
 浙江省安吉县人民法院 民事判决书 （2010）湖安孝民初字第159号 
 重庆市梁平县人民法院 民事判决书 （2015）梁法民初字第00856号 
 山东省嘉祥县人民法院 民事判决书 （2015）嘉民初字第156号 
 上海市宝山区人民法院 民事判决书 （2014）宝民一（民）初字第5775号 
湖南省华容县人民法院 民事判决书 （2015）华民初字第01258号
 湖南省新邵县人民法院 民事判决书 （2015）新民初字第355号 
 福建省尤溪县人民法院 民事判决书 （2014）尤少民初字第51号 
 辽宁省义县人民法院 民事判决书 （2014）义民大初字第01109号 
 山东省莒南县人民法院 民事判决书 （2014）莒坪民初字第105号 
 浙江省淳安县人民法院 民事判决书 （2010）杭淳民初字第544号 
 湖北省麻城市人民法院 民事判决书 （2014）鄂麻城民一初字第01094号 
安徽省定远县人民法院 民事判决书 （2015）定民一初字第02537号
温州市鹿城区人民法院 民事判决书 （2015）温鹿西民初字第96号
 安徽省长丰县人民法院 民事判决书 （2015）长民一初字第00241号 
安徽省庐江县人民法院 民事判决书 （2015）庐江民一初字第01954号
 山东省乐陵市人民法院 民事判决书 （2014）乐民初字第2号 
广西壮族自治区临桂县人民法院 民事判决书 （2015）临少民初字第81号
湖南省安化县人民法院 民事判决书 （2015）安法民一初字第735号
 江苏省仪征市人民法院 民事判决书 （2014）仪陈民初字第00329号 
永城市人民法院 民事判决书 （2013）永民初字第689号
 杭州市萧山区人民法院 民事判决书 （2012）杭萧民初字第4120号 
湖南省邵东县人民法院 民事判决书 （2015）邵东民初字第247号
 云南省寻甸回族彝族自治县人民法院 民事判决书 （2014）寻民初字第911号 
 福建省霞浦县人民法院 民事判决书 （2015）霞民初字第669号 
 北京市丰台区人民法院 民事判决书 （2014）丰民初字第11100号 
