 湖南省城步苗族自治县人民法院 民事判决书 （2014）城民初字第2号 
 湖南省桃江县人民法院 民事判决书 （2014）桃民一初字第701号 
河北省定州市人民法院 民事判决书 （2014）定民初字第3243号
 重庆市忠县人民法院 民事判决书 （2014）忠法民初字第00882号 
 包头市东河区人民法院 民事判决书 （2014）包东民初字第1308号 
 四川省资中县人民法院 民事判决书 （2014）资中民初字第1973号 
吉林省扶余市人民法院 民事判决书 （2015）扶民初字第2602号
福建省上杭县人民法院 民事判决书 （2015）杭民初字第988号
 湖北省天门市人民法院 民事判决书 （2014）鄂天门民初字第00984号 
浙江省三门县人民法院 民事判决书 （2015）台三民初字第705号
 山东省禹城市人民法院 民事判决书 （2014）禹民初字第275号 
安徽省怀远县人民法院 民事判决书 （2015）怀民一初字第03342号
宁夏回族自治区固原市原州区人民法院 民事判决书 （2015）原民初字第355号
湖北省丹江口市人民法院 民事判决书 （2015）鄂丹江口民初字第01569号
 广西壮族自治区全州县人民法院 民事判决书 （2015）全民初字第1104号 
 河南省信阳市平桥区人民法院 民事判决书 （2014）平民初字第1852号 
 四川省仪陇县人民法院 民事判决书 （2014）仪民初字第1162号 
 广东省佛山市高明区人民法院 民事判决书 （2014）佛明法民一初字第948号 
 湖南省新邵县人民法院 民事判决书 （2014）新民初字第14号 
 元宝山区人民法院 民事判决书 （2014）元民初字第706号 
 四川省什邡市人民法院 民事判决书 （2014）什邡民初字第143号 
 安徽省宁国市人民法院 民事判决书 （2014）宁民一初字第01330号 
 河北省赵县人民法院 民事判决书 （2015）赵民初字第00165号 
南充市顺庆区人民法院 民事判决书 （2015）顺庆民初字第967号
 安徽省固镇县人民法院 民事判决书 （2014）固民一初字第01082号 
 广西壮族自治区宾阳县人民法院 民事判决书 （2015）宾民一初字第283号 
 巴中市巴州区人民法院 民事判决书 （2014）巴州民初字第1572号 
 山东省东阿县人民法院 民事判决书 （2014）东民初字第1360号 
 新疆维吾尔自治区沙湾县人民法院 民事判决书 （2014）沙民一初字第29号 
 河南省开封县人民法院 民事判决书 （2013）开民初字第1432号 
云南省元江哈尼族彝族傣族自治县人民法院 民事判决书 （2015）元民一初字第348号
 广西壮族自治区南宁市西乡塘区人民法院 民事判决书 （2014）西民一初字第2425号 
甘肃省古浪县人民法院 民事判决书 （2015）古民初字第723号
 辽宁省开原市人民法院 民事判决书 （2014）开老民三初字第00022号 
 湖南省洪江市人民法院 民事判决书 （2014）洪法民一初字第46号 
黑龙江省五常市人民法院 民事判决书 （2014）五民初字第1450号
 安徽省濉溪县人民法院 民事判决书 （2014）濉民一初字第01850号 
 山东省临沂市兰山区人民法院 民事判决书 （2013）临兰民初字第1395号 
 广东省阳西县人民法院 民事判决书 （2014）阳西法民初字第328号 
 河南省禹州市人民法院 民事判决书 （2015）禹民一初字第1094号 
 镇江经济开发区人民法院 民事判决书 （2011）镇经民初字第0195号 
江苏省射阳县人民法院 民事判决书 （2015）射开民初字第00472号
 连云港市连云区人民法院 民事判决书 （2014）港民初字第0831号 
 福建省厦门市湖里区人民法院 民事判决书 （2014）湖民初字第2973号 
 四川省绵阳市游仙区人民法院 民事判决书 （2014）游民初字第3045号 
浙江省余姚市人民法院 民事判决书 （2010）甬余陆民初字第144号
 浙江省温岭市人民法院 民事判决书 （2014）台温箬民初字第239号 
甘肃省宁县人民法院 民事判决书 （2015）宁民初字第495号
 福建省福州市晋安区人民法院 民事判决书 （2015）晋民初字第867号 
 吉林省榆树市人民法院 民事判决书 （2015）榆民初字第742号 
