 山东省诸城市人民法院 民事判决书 （2015）诸皇民初字第141号 
 山东省阳谷县人民法院 民事判决书 （2013）阳民初字第1561号 
 河北省藁城市人民法院 民事判决书 （2014）藁民初字第01278号 
 浙江省松阳县人民法院 民事判决书 （2014）丽松民初字第346号 
 云南省威信县人民法院 民事判决书 （2014）威民初字第561号 
 安阳县人民法院 民事判决书 （2014）安民初字第02240号 
 四川省渠县人民法院 民事判决书 （2012）达渠民初字第1863号 
南京市玄武区人民法院 民事判决书 （2014）玄少民初字第269号
江苏省金湖县人民法院 民事判决书 （2015）金民初字第01479号
 福建省古田县人民法院 民事判决书 （2014）古民初字第388号 
 湖南省茶陵县人民法院 民事判决书 （2014）茶法民一初字第440号 
贵州省贵阳市云岩区人民法院 民事判决书 （2015）云民一（一）初字第319号
山东省成武县人民法院 民事判决书 （2013）成民初字第353号
 湖南省桃江县人民法院 民事判决书 （2014）桃民一初字第429号 
 安徽省界首市人民法院 民事判决书 （2015）界民一初字第01204号 
 镇江市丹徒区人民法院 民事判决书 （2014）徒辛民初字第00513号 
南京市溧水区人民法院 民事判决书 （2014）溧民初字第2538号
 江西省九江县人民法院 民事判决书 （2014）九民一初字第391号 
广西壮族自治区桂林市秀峰区人民法院 民事判决书 （2015）秀民初字第317号
 甘肃省合水县人民法院 民事判决书 （2014）合民初字第386号 
 湖南省沅陵县人民法院 民事判决书 （2013）沅民一初字第792号 
 江西省上饶县人民法院 民事判决书 （2015）饶民一初字第153号 
 四川省宣汉县人民法院 民事判决书 （2014）宣汉民初字第494号 
 福建省福鼎市人民法院 民事判决书 （2013）鼎民初字第1264号 
 湖北省秭归县人民法院 民事判决书 （2013）鄂秭归民初字第01033号 
浙江省义乌市人民法院 民事判决书 （2010）金义苏溪民初字第76号
 安徽省马鞍山市雨山区人民法院 民事判决书 （2014）雨民一初字第01304号 
 甘肃省庆阳市西峰区人民法院 民事判决书 （2014）庆西民初字第814号 
 吉林省梅河口市人民法院 民事判决书 （2014）梅民初字第1625号 
湖南省邵东县人民法院 民事判决书 （2015）邵东民初字第1580号
山东省金乡县人民法院 民事判决书 （2014）金民初字第2045号
 重庆市荣昌县人民法院 民事判决书 （2014）荣法民初字第03611号 
山东省博兴县人民法院 民事判决书 （2015）博民初字第1141号
湖北省利川市人民法院 民事判决书 （2015）鄂利川民初字第02187号
 河南省西平县人民法院 民事判决书 （2015）西民初字第0114号 
 河北省隆尧县人民法院 民事判决书 （2014）隆民初字第1046号 
 四川省三台县人民法院 民事判决书 （2014）三民初字第1291号 
 安徽省凤台县人民法院 民事判决书 （2015）凤民一初字第01038号 
 贵州省遵义市汇川区人民法院 民事判决书 （2014）汇民初字第1752号 
 九江市浔阳区人民法院 民事判决书 （2014）浔民一初字第223号 
安徽省阜南县人民法院 民事判决书 （2015）南民一初字第02246号
广东省广州市增城区人民法院 民事判决书 （2015）穗增法民一初字第1608号
 四川省营山县人民法院 民事判决书 （2014）营民初字第65号 
 黑龙江省哈尔滨市香坊区人民法院 民事判决书 （2014）香民五民字第33号 
 安徽省利辛县人民法院 民事判决书 （2014）利民一初字第01450号 
 湖北省阳新县人民法院 民事判决书 （2014）鄂阳新民浮初字第00144号 
云南省彝良县人民法院 民事判决书 （2015）彝民初字第615号
 湖南省桃源县人民法院 民事判决书 （2014）桃民初字第1224号 
 焦作市山阳区人民法院 民事判决书 （2015）山少民三初字第00048号 
 山东省章丘市人民法院 民事判决书 （2014）章民初字第2397号 
