 贵州省紫云苗族布依族自治县人民法院 民事判决书 （2015）紫民初字第129号 
湖北省汉川市人民法院 民事判决书 （2015）鄂汉川民初字第00541号
 湖南省洞口县人民法院 民事判决书 （2014）洞民初字第1422号 
 河北省曲阳县人民法院 民事判决书 （2014）曲民初字第583号 
 安徽省芜湖市镜湖区人民法院 民事判决书 （2014）镜民一初字第01629号 
 河南省许昌市魏都区人民法院 民事判决书 （2012）魏民一初字第351号 
 安徽省泗县人民法院 民事判决书 （2014）泗民一初字第03097号 
广东省惠东县人民法院 民事判决书 （2015）惠东法祝民初字第69号
 湖北省武汉市江夏区人民法院 民事判决书 （2013）鄂江夏金民初字第00145号 
重庆市綦江区人民法院 民事判决书 （2015）綦法民初字第04844号
 上海市嘉定区人民法院 民事判决书 （2015）嘉民一（民）初字第3457号 
 福建省华安县人民法院 民事判决书 （2014）华民初字第29号 
 福建省仙游县人民法院 民事判决书 （2015）仙民初字第2047号 
〈style type="text／css"〉 {C}〈。--TABLE{border-collapse：collapse；border：none；mso-border-alt：solidblack．5pt；mso-yfti-tbllook：1184；mso-padding-alt：0cm5．4pt0cm5．4pt；mso-border-insideh：．5ptsolidblack；mso-border-insidev：．5ptsolidblack}TD{border：solidblack1．0pt；}--〉〈／style〉 沈阳市苏家屯区人民法院 民事判决书 ［2015］苏民一初字第1536号
陕西省榆林市榆阳区人民法院 民事判决书 （2015）榆民初字第04449号
 北京市大兴区人民法院 民事判决书 （2014）大民初字第11401号 
 辽宁省北镇市人民法院 民事判决书 （2014）北青民初字第00131号 
甘肃省岷县人民法院 民事判决书 （2015）岷蒲民初字第43号
 重庆市开县人民法院 民事判决书 （2014）开法民初字第00782号 
 广东省龙川县人民法院 民事判决书 （2014）河龙法鹤民初字第2号 
 山东省东阿县人民法院 民事判决书 （2013）东民初字第620号 
江苏省东海县人民法院 民事判决书 （2015）连东双民初字第01080号
 广东省增城市人民法院 民事判决书 （2014）穗增法民一初字第1395号 
广东省紫金县人民法院 民事判决书 （2015）河紫法民一初字第1094号
广东省珠海市香洲区人民法院 民事判决书 （2014）珠香法湾民一初字第139号
江西省遂川县人民法院 民事判决书 （2015）遂草民初字第168号
 杭州市余杭区人民法院 民事判决书 （2014）杭余民初字第714号 
 四川省资阳市雁江区人民法院 民事判决书 （2015）雁江民初字第1338号 
江苏省东台市人民法院 民事判决书 （2015）东开民初字第0772号
 广西壮族自治区宾阳县人民法院 民事判决书 （2014）宾民一初字第1368号 
 山东省菏泽市牡丹区人民法院 民事判决书 （2013）菏牡民初字第3356号 
河北省安国市人民法院 民事判决书 （2015）安民初字第5108号
 广东省信宜市人民法院 民事判决书 （2015）茂信法合民初字第55号 
重庆市云阳县人民法院 民事判决书 （2015）云法民初字第02968号
 湖南省邵阳市北塔区人民法院 民事判决书 （2014）北民一初字第148号 
 江苏省盱眙县人民法院 民事判决书 （2014）盱马民初字第1060号 
重庆市丰都县人民法院 民事判决书 （2013）丰法民初字第03337号
 江苏省如东县人民法院 民事判决书 （2015）东洋民初字第00207号 
 河南省巩义市人民法院 民事判决书 （2014）巩民初字第3110号 
重庆市江津区人民法院 民事判决书 （2015）津法民初字第08818号
 重庆市云阳县人民法院 民事判决书 （2014）云法民初字第02581号 
 湖北省应城市人民法院 民事判决书 （2014）鄂应城民初字第00196号 
 河北省蔚县人民法院 民事判决书 （2014）蔚民初字第227号 
 江苏省丰县人民法院 民事判决书 （2014）丰民初字第0899号 
 河南省项城市人民法院 民事判决书 （2014）项民初字第00800号 
 安徽省庐江县人民法院 民事判决书 （2015）庐江民一初字第01005号 
 重庆市九龙坡区人民法院 民事判决书 （2014）九法民初字第03350号 
重庆市开县人民法院 民事判决书 （2015）开法民初字第01189号
江苏省泗阳县人民法院 民事判决书 （2015）泗新民初字第0593号
湖北省松滋市人民法院 民事判决书 （2015）鄂松滋民初字第01675号
