 河北省玉田县人民法院 民事判决书 （2013）玉民初字第3597号 
 辽宁省康平县人民法院 民事判决书 （2015）康民初字第242号 
广西壮族自治区北海市银海区人民法院 民事判决书 （2015）银民初字第433号
 湖南省南县人民法院 民事判决书 （2013）南法民一初字第668号 
重庆市石柱土家族自治县人民法院 民事判决书 （2015）石法民初字第03096号
重庆市璧山区人民法院 民事判决书 （2015）璧法民初字第01303号
 广西壮族自治区藤县人民法院 民事判决书 （2014）藤民初字第758号 
重庆市巴南区人民法院 民事判决书 （2015）巴法少民初字第00081号
 山东省武城县人民法院 民事判决书 （2014）武民初字第201号 
湖南省邵阳市大祥区人民法院 民事判决书 （2015）大民初字第306号
 山东省临沂市罗庄区人民法院 民事判决书 （2013）临罗民一初字第1934号 
 兴城市人民法院 民事判决书 （2014）兴沙民初字第00086号 
湖南省慈利县人民法院 民事判决书 （2015）慈民一初字第715号
山东省冠县人民法院 民事判决书 （2014）冠民初字第2209号
 河北省定州市人民法院 民事判决书 （2014）定民初字第809号 
 重庆市九龙坡区人民法院 民事判决书 （2014）九法民初字第00315号 
 广西壮族自治区横县人民法院 民事判决书 （2014）横民一初字第1620号 
山东省单县人民法院 民事判决书 （2014）单民初字第1271号
 湖北省武汉市汉阳区人民法院 民事判决书 （2012）鄂汉阳江民初字第00054号 
湖北省竹山县人民法院 民事判决书 （2015）鄂竹山民初字第01333号
 湖南省株洲市荷塘区人民法院 民事判决书 （2014）株荷法民一初字第983号 
 甘肃省庆城县人民法院 民事判决书 （2014）庆城民初字第528号 
 河南省鹿邑县人民法院 民事判决书 （2015）鹿民初字第764号 
广东省韶关市曲江区人民法院 民事判决书 （2015）韶曲法民一初字第635号
 山东省昌邑市人民法院 民事判决书 （2012）昌民初字第1673号 
重庆市忠县人民法院 民事判决书 （2015）忠法民初字第02818号
 湖南省江华瑶族自治县人民法院 民事判决书 （2013）华法民一初字第541号 
 山东省聊城市东昌府区人民法院 民事判决书 （2014）聊东民初字第1312号 
 河南省孟津县人民法院 民事判决书 （2015）孟民四初字第56号 
 林州市人民法院 民事判决书 （2013）林合民初字第27号 
 山东省济宁市兖州区人民法院 民事判决书 （2015）兖民初字第927号 
 湖南省郴州市北湖区人民法院 民事判决书 （2015）郴北民一初字第361号 
 陕西省彬县人民法院 民事判决书 （2015）彬民初字第00020号 
 重庆市合川区人民法院 民事判决书 （2014）合法民初字第01513号 
 江西省石城县人民法院 民事判决书 （2014）石民一初字第555号 
 湖北省安陆市人民法院 民事判决书 （2014）鄂安陆民初字第00127号 
重庆市开县人民法院 民事判决书 （2015）开法民初字第01341号
 河南省南乐县人民法院 民事判决书 （2013）南民初字第593号 
 云南省保山市隆阳区人民法院 民事判决书 （2015）隆民初字第00472号 
山东省寿光市人民法院 民事判决书 （2015）寿民初字第1638号
湖北省安陆市人民法院 民事判决书 （2015）鄂安陆民初字第01247号
 重庆市潼南县人民法院 民事判决书 （2014）潼法民初字第00894号 
四川省阆中市人民法院 民事判决书 （2015）阆民初字第1776号
 广西壮族自治区陆川县人民法院 民事判决书 （2015）陆民初字第250号 
 福建省福清市人民法院 民事判决书 （2014）融民初字第2653号 
 贵州省遵义市红花岗区人民法院 民事判决书 （2014）红民一初字第842号 
 安徽省定远县人民法院 民事判决书 （2015）定民一初字第00883号 
 重庆市云阳县人民法院 民事判决书 （2015）云法民初字第01362号 
 西安市碑林区人民法院 民事判决书 （2014）碑民初字第03263号 
四川省宜宾市南溪区人民法院 民事判决书 （2015）南溪民初字第633号
