 重庆市大足区人民法院 民事判决书 （2014）足法民初字第02737号 
山东省枣庄市山亭区人民法院 民事判决书 （2014）山民初字第240号
来宾市兴宾区人民法院 民事判决书 （2015）兴民初字第821号
 河北省曲阳县人民法院 民事判决书 （2014）曲民初字第88号 
 湖南省永兴县人民法院 民事判决书 （2015）永民初字第423号 
江苏省泗阳县人民法院 民事判决书 （2015）泗民初字第01284号
黑龙江省鹤岗市兴安区人民法院 民事判决书 （2015）兴安民初字第120号
江西省南昌县人民法院 民事判决书 （2015）南向民初字第57号
 广西壮族自治区永福县人民法院 民事判决书 （2014）永民初字第278号 
 重庆市奉节县人民法院 民事判决书 （2014）奉法民初字第02896号 
 浙江省温岭市人民法院 民事判决书 （2014）台温民初字第581号 
 上海市松江区人民法院 民事判决书 （2015）松民一（民）初字第778号 
赤峰市松山区人民法院 民事判决书 （2015）松民初字第6953号
 山东省泰安市泰山区人民法院 民事判决书 （2014）泰山民初字第2039号 
四川省蒲江县人民法院 民事判决书 （2015）蒲江民初字第787号
 浙江省绍兴县人民法院 民事判决书 （2012）绍民初字第4207号 
 湖北省随县人民法院 民事判决书 （2014）鄂随县民初字第01001号 
浙江省遂昌县人民法院 民事判决书 （2015）丽遂民初字第63号
 山东省莘县人民法院 民事判决书 （2014）莘民一初字第2412号 
 河南省汝南县人民法院 民事判决书 （2014）汝民初字第01038号 
 江西省安义县人民法院 民事判决书 （2014）安石民初字第68号 
江西省南昌县人民法院 民事判决书 （2015）南三民初字第75号
广西壮族自治区桂林市象山区人民法院 民事判决书 （2014）象民初字第1063号
 浙江省慈溪市人民法院 民事判决书 （2015）甬慈逍民初字第324号 
湖北省枣阳市人民法院 民事判决书 （2015）鄂枣阳兴民初字第00120号
 安徽省亳州市谯城区人民法院 民事判决书 （2014）谯民一初字第03250号 
 安徽省歙县人民法院 民事判决书 （2014）歙民一初字第01338号 
 河北省遵化市人民法院 民事判决书 （2013）遵民初字第928号 
 徐州市铜山区人民法院 民事判决书 （2014）铜民初字第2252号 
 安徽省界首市人民法院 民事判决书 （2015）界民一初字第00855号 
北京市大兴区人民法院 民事判决书 （2014）大民初字第13142号
 上海市青浦区人民法院 民事判决书 （2013）青民一（民）初字第1111号 
济源市人民法院 民事判决书 （2015）济民一初字第3940号
 云南省鹤庆县人民法院 民事判决书 （2015）鹤民一初字第81号 
 湖北省武汉市黄陂区人民法院 民事判决书 （2014）鄂黄陂祁民初字第00012号 
 陕西省汉阴县人民法院 民事判决书 （2015）汉阴民初字第00042号 
 辽宁省岫岩满族自治县人民法院 民事判决书 （2015）鞍岫民黄初字第44号 
 湖南省常德市鼎城区人民法院 民事判决书 （2014）常鼎民初字第1711号 
 广西壮族自治区德保县人民法院 民事判决书 （2014）德民一初字第145号 
江苏省靖江市人民法院 民事判决书 （2014）泰靖生民初字第0387号
 ˎ̥山东省茌平县人民法院 民事判决书 （2011）茌民一初字第197号 
河南省遂平县人民法院 民事判决书 （2015）遂民初字第00776号
 黑龙江省牡丹江市西安区人民法院 民事判决书 （2014）牡西民初字第29号 
 北京市昌平区人民法院 民事判决书 （2013）昌民初字第10369号 
 河北省满城县人民法院 民事判决书 （2014）满民初字第983号 
 湖南省洞口县人民法院 民事判决书 （2014）洞民初字第1466号 
 浙江省仙居县人民法院 民事判决书 （2015）台仙白民初字第12号 
 安徽省泗县人民法院 民事判决书 （2015）泗民一初字第00302号 
 吉林省和龙市人民法院 民事判决书 （2013）和民初字第843号 
 广西壮族自治区宜州市人民法院 民事判决书 （2014）宜民初字第2026号 
