福建省浦城县人民法院 民事判决书 （2015）浦民初字第1607号
 广东省饶平县人民法院 民事判决书 （2014）潮平法浮民初字第40号 
重庆市秀山土家族苗族自治县人民法院 民事判决书 （2015）秀法民初字第00051号
 贵州省六盘水市六枝特区人民法院 民事判决书 （2014）黔六特民初字第1407号 
 河北省定兴县人民法院 民事判决书 （2014）定民初字第34号 
 广东省遂溪县人民法院 民事判决书 （2014）湛遂法杨民初字第265号 
 云南省师宗县人民法院 民事判决书 （2014）师民初字第744号 
 安徽省凤阳县人民法院 民事判决书 （2015）凤民一初字第00118号 
 山东省平阴县人民法院 民事判决书 （2015）平少民初字第25号 
 湖北省老河口市人民法院 民事判决书 （2014）鄂老河口民初字第02923号 
 吉林省辽源市龙山区人民法院 民事判决书 （2014）龙民初字第00876号 
 江苏省沛县人民法院 民事判决书 （2014）沛大民初字第0208号 
云南省昆明市官渡区人民法院 民事判决书 （2015）官民一初字第2442号
 四川省渠县人民法院 民事判决书 （2014）达渠民初字第1847号 
 吉林省靖宇县人民法院 民事判决书 （2014）靖民一初字第299号 
 江苏省句容市人民法院 民事判决书 （2014）句后民初字第1080号 
辽宁省西丰县人民法院 民事判决书 （2014）西平民三初字第00109号
 辽宁省昌图县人民法院 民事判决书 （2013）昌民三初字第01473号 
 贵州省思南县人民法院 民事判决书 （2014）思民初字第1080号 
 山东省平度市人民法院 民事判决书 （2013）平民一初字第2488号 
湖北省洪湖市人民法院 民事判决书 （2015）鄂洪湖民初字第00237号
辽宁省开原市人民法院 民事判决书 （2015）开老民三初字第00069号
 安徽省肥东县人民法院 民事判决书 （2014）肥东民一初字第01730号 
 四川省阆中市人民法院 民事判决书 （2015）阆民初字第468号 
 北京市朝阳区人民法院 民事判决书 （2014）朝民初字第08679号 
广东省茂名市茂南区人民法院 民事判决书 （2015）茂南法民一初字第432号
 山东省齐河县人民法院 民事判决书 （2014）齐民初字第106号 
 河南省襄城县人民法院 民事判决书 （2014）襄民初字第537号 
 山东省广饶县人民法院 民事判决书 （2013）广民一初字第183号 
 河北省唐山市开平区人民法院 民事判决书 （2013）开民初字第31号 
安徽省舒城县人民法院 民事判决书 （2013）舒民一初字第00307号
 山东省郯城县人民法院 民事判决书 （2014）郯民初字第1091号 
 福建省武平县人民法院 民事判决书 （2014）武民初字第2322号 
 南京市雨花台区人民法院 民事判决书 （2014）雨民初字第911号 
江苏省江阴市人民法院 民事判决书 （2015）澄滨民初字第00037号
甘肃省渭源县人民法院 民事判决书 （2015）渭会民初字第00249号
山东省郯城县人民法院 民事判决书 （2015）郯民初字第4169号
福建省福清市人民法院 民事判决书 （2015）融民初字第536号
 黑龙江省哈尔滨市香坊区人民法院 民事判决书 （2014）香民二初字第72号 
 浙江省桐庐县人民法院 民事判决书 （2014）杭桐民初字第614号 
 舟山市定海区人民法院 民事判决书 （2013）舟定民初字第1081号 
甘肃省礼县人民法院 民事判决书 （2015）礼民初字第00456号
 温州市鹿城区人民法院 民事判决书 （2014）温鹿藤民初字第79号 
重庆市巫溪县人民法院 民事判决书 （2015）巫法民初字第01409号
上海市杨浦区人民法院 民事判决书 （2014）杨民一（民）初字第5919号
 河南省方城县人民法院 民事判决书 （2015）方民初字第231号 
山东省泗水县人民法院 民事判决书 （2014）泗民初字第1896号
 山东省聊城市东昌府区人民法院 民事判决书 （2014）聊东民初字第2849号 
 福建省南平市延平区人民法院 民事判决书 （2014）延民初字第339号 
 河南省郸城县人民法院 民事判决书 （2014）郸民初字第2109号 
