 广东省龙川县人民法院 民事判决书 （2014）河龙法龙民初字第98号 
 浙江省永嘉县人民法院 民事判决书 （2014）温永瓯民初字第202号 
黑龙江省海伦市人民法院 民事判决书 （2015）海富民初字第48号
 山东省龙口市人民法院 民事判决书 （2014）龙北民初字第142号 
 四川省珙县人民法院 民事判决书 （2014）宜珙民初字第2507号 
 浙江省仙居县人民法院 民事判决书 （2014）台仙民初字第1066号 
 四川省盐边县人民法院 民事判决书 （2015）盐边民初字第526号 
 山东省龙口市人民法院 民事判决书 （2013）龙石民初字第146号 
 惠州市大亚湾经济技术开发区人民法院 民事判决书 （2014）惠湾法少民初字第46号 
 南京市秦淮区人民法院 民事判决书 （2014）秦民初字第1391号 
 江西省高安市人民法院 民事判决书 （2015）高民一初字第90号 
河北省保定市清苑区人民法院 民事判决书 （2015）清民初字第732号
 江苏省盐城市亭湖区人民法院 民事判决书 （2015）亭东民初字第00002号 
 河南省正阳县人民法院 民事判决书 （2014）正民初字第1802号 
 湖南省邵东县人民法院 民事判决书 （2014）邵东民初字第1941号 
 安徽省当涂县人民法院 民事判决书 （2014）当民一初字第00004号 
 河南省新密市人民法院 民事判决书 （2015）新密民一初字第789号 
 河南省南阳市卧龙区人民法院 民事判决书 （2014）宛龙安民初字第16号 
 辽宁省建平县人民法院 民事判决书 （2014）建建民初字第01078号 
 重庆市大足区人民法院 民事判决书 （2014）足法民初字第00267号 
 天津市东丽区人民法院 民事判决书 （2014）丽民初字第4059号 
 湖南省绥宁县人民法院 民事判决书 （2014）绥民初字第417号 
河南省商丘市梁园区人民法院 民事判决书 （2015）商梁民初字第00880号
 河北省永清县人民法院 民事判决书 （2014）永民初字第502号 
 河南省镇平县人民法院 民事判决书 （2015）镇民初字第993号 
山东省日照市东港区人民法院 民事判决书 （2014）东民一初字第4278号
福建省福清市人民法院 民事判决书 （2014）融民初字第1978号
 湖南省道县人民法院 民事判决书 （2015）道法民初字第319号 
 重庆市云阳县人民法院 民事判决书 （2015）云法民初字第00097号 
广西壮族自治区玉林市玉州区人民法院 民事判决书 （2015）玉区法民初字第650号
 四川省彭山县人民法院 民事判决书 （2014）彭山民初字第626号 
 广东省饶平县人民法院 民事判决书 （2014）潮平法饶民初字第75号 
 重庆市忠县人民法院 民事判决书 （2014）忠法民初字第00011号 
辽宁省抚顺市东洲区人民法院 民事判决书 （2015）抚东民一初字第00604号
 河北省魏县人民法院 民事判决书 （2012）魏民初字第00578号 
 浙江省余姚市人民法院 民事判决书 （2012）甬余民初字第2739号 
 安阳县人民法院 民事判决书 （2014）安民初字第01447号 
 重庆市酉阳土家族苗族自治县人民法院 民事判决书 （2015）酉法民初字第00029号 
江苏省南京市高淳区人民法院 民事判决书 （2015）高漆民初字第81号
 安徽省来安县人民法院 民事判决书 （2014）来民一初字第00494号 
云南省宣威市人民法院 民事判决书 （2015）宣民初字第15号
 北京市丰台区人民法院 民事判决书 （2013）丰民初字第14763号 
 湖北省英山县人民法院 民事判决书 （2014）鄂英山民初字第00476号 
安徽省宁国市人民法院 民事判决书 （2015）宁民一初字第02066号
 陕西省神木县人民法院 民事判决书 （2013）神民初字00518号 
 四川省西充县人民法院 民事判决书 （2014）西充民初字第3134号 
 河北省秦皇岛市海港区人民法院 民事判决书 （2012）海民初字第2602号 
 福建省尤溪县人民法院 民事判决书 （2014）尤民初字第1208号 
 河南省宁陵县人民法院 民事判决书 （2014）宁民初字第161号 
 福建省晋江市人民法院 民事判决书 （2014）晋民初字第2658号 
