 湖北省房县人民法院 民事判决书 （2015）鄂房县民一初字第00013号 
江苏省东台市人民法院 民事判决书 （2015）东开民初字第0758号
 贵州省仁怀市人民法院 民事判决书 （2015）仁民初字第652号 
 山东省诸城市人民法院 民事判决书 （2014）诸皇民初字第101号 
 江苏省宝应县人民法院 民事判决书 （2014）宝民初字第2068号 
 湖北省郧县人民法院 民事判决书 （2014）鄂郧县民一初字第00208号 
 四川省富顺县人民法院 民事判决书 （2013）富民一初字第651号 
 河南省开封县人民法院 民事判决书 （2014）开民初字第634号 
 山东省广饶县人民法院 民事判决书 （2015）广民一初字第108号 
 韶关市曲江区人民法院 民事判决书 （2014）韶曲法民一初字第1012号 
 湖南省浏阳市人民法院 民事判决书 （2014）浏民初字第5261号 
 青海省大通回族土族自治县人民法院 民事判决书 （2014）大长民初字第467号 
 四川省宣汉县人民法院 民事判决书 （2014）宣汉民初字第1043号 
 重庆市江津区人民法院 民事判决书 （2013）津法民初字第05667号 
 江西省万年县人民法院 民事判决书 （2015）万民一初字282号 
 河南省商水县人民法院 民事判决书 （2014）商民初字第710号 
安徽省太和县人民法院 民事判决书 （2015）太民一初字第00930号
 湖南省邵东县人民法院 民事判决书 （2014）邵东民初字第1585号 
浙江省苍南县人民法院 民事判决书 （2010）温苍金民初字第482号
安徽省安庆市大观区人民法院 民事判决书 （2015）观民一初字第01056号
 广西壮族自治区陆川县人民法院 民事判决书 （2014）陆民初字第1768号 
河南省镇平县人民法院 民事判决书 （2015）镇民初字第0839号
 安徽省马鞍山市雨山区人民法院 民事判决书 （2013）雨民一初字第00512号 
 山东省平度市人民法院 民事判决书 （2014）平民一初字第696号 
四川省营山县人民法院 民事判决书 （2015）营民初字第1297号
河北省威县人民法院 民事判决书 （2015）威民一初字第1329号
 陕西省紫阳县人民法院 民事判决书 （2015）紫民初字第00314号 
 台州市椒江区人民法院 民事判决书 （2013）台椒民初字第1749号 
浙江省开化县人民法院 民事判决书 （2011）衢开民初字第142号
 贵州省贵阳市白云区人民法院 民事判决书 （2014）白民初字第874号 
 山东省淄博市临淄区人民法院 民事判决书 （2014）临民初字第1113号 
 贵州省兴仁县人民法院 民事判决书 （2014）仁民初字第194号 
 重庆市江津区人民法院 民事判决书 （2014）津法民初字第04838号 
 湖南省汉寿县人民法院 民事判决书 （2014）汉民初字第1246号 
 罗山县人民法院 民事判决书 （2015）罗民初字第65号 
 兰考县人民法院 民事判决书 （2014）兰民初字第478号 
 上海市宝山区人民法院 民事判决书 （2014）宝民一（民）初字第1050号 
 甘肃省靖远县人民法院 民事判决书 （2015）靖五民初字第70号 
四川省筠连县人民法院 民事判决书 （2015）筠连民初字第1373号
 安徽省六安市金安区人民法院 民事判决书 （2014）六金民一初字第00217号 
 山东省曲阜市人民法院 民事判决书 （2013）曲民初字第755号 
 山东省济宁市任城区人民法院 民事判决书 （2014）任民初字第276号 
 河南省洛宁县人民法院 民事判决书 （2014）宁民初字第291号 
 浙江省杭州市余杭区人民法院 民事判决书 （2010）杭余民初字第32号 
 福建省泉州市洛江区人民法院 民事判决书 （2014）洛民初字第879号 
 湖北省恩施市人民法院 民事判决书 （2014）鄂恩施民初字第02190号 
 浙江省淳安县人民法院 民事判决书 （2010）杭淳民初字第591号 
 四川省西充县人民法院 民事判决书 （2013）西充民初字第104号 
 湖南省保靖县人民法院 民事判决书 （2014）保民初字第23号 
 河北省吴桥县人民法院 民事判决书 （2014）吴民初字第698号 
