 栗某与刘某某离婚纠纷一审民事判决书 山东省平原县人民法院 民事判决书 平民初字第129号 
 四川省大竹县人民法院 民事判决书 （2015）大竹民初字第1050号 
 山东省临沂市兰山区人民法院 民事判决书 （2015）临兰民初字第2069号 
 江苏省金坛市人民法院 民事判决书 （2014）坛水民初字第0165号 
 山东省青岛市市北区人民法院 民事判决书 （2014）北民初字第501号 
湖北省来凤县人民法院 民事判决书 （2015）鄂来凤民初字第00556号
 安徽省肥东县人民法院 民事判决书 （2014）肥东民一初字第03053号 
 山东省汶上县人民法院 民事判决书 （2014）汶民一初字第3243号 
 浙江省乐清市人民法院 民事判决书 （2014）温乐民初字第922号 
 山东省临沂市罗庄区人民法院 民事判决书 （2013）临罗民一初字第834号 
 社旗县人民法院 民事判决书 （2014）社兴民初字第110号 
 四川省西充县人民法院 民事判决书 （2014）西充民初字第1957号 
 湖南省慈利县人民法院 民事判决书 （2014）慈民一初字第742号 
 卫辉市人民法院 民事判决书 （2014）卫民初字第1737号 
 广西壮族自治区容县人民法院 民事判决书 （2014）容民初字第1664号 
 福建省福清市人民法院 民事判决书 （2013）融民初字第1241号 
重庆市永川区人民法院 民事判决书 （2015）永法民初字第03134号
 山东省夏津县人民法院 民事判决书 （2014）夏民初字第7279号 
 给内蒙古自治区五原县人民法院 民事判决书 （2015）五民初字第80号 
 山东省鄄城县人民法院 民事判决书 （2014）鄄民初字第232号 
 安徽省望江县人民法院 民事判决书 （2014）望民一初字第00389号 
 河南省新安县人民法院 民事判决书 （2015）新民初字第1082号 
湖南省桃江县人民法院 民事判决书 （2015）桃民一初字第436号
 安徽省凤阳县人民法院 民事判决书 （2015）凤民一初字第00703号 
重庆市大足区人民法院 民事判决书 （2015）足法民初字第00312号
 安徽省明光市人民法院 民事判决书 （2014）明民一初字第01241号 
〈style type="text／css"〉 {C}〈。--TABLE{border-collapse：collapse；border：none；mso-border-alt：solidblack．5pt；mso-yfti-tbllook：1184；mso-padding-alt：0cm5．4pt0cm5．4pt；mso-border-insideh：．5ptsolidblack；mso-border-insidev：．5ptsolidblack}TD{border：solidblack1．0pt；}--〉〈／style〉 广东省惠东县人民法院 民事判决书 （2015）惠东法祝民初字第29号
 宁夏回族自治区中卫市沙坡头区人民法院 民事判决书 （2014）沙民初字第624号 
商洛市商州区人民法院 民事判决书 商州民初字第00739号
浙江省上虞市人民法院 民事判决书 （2010）绍虞民初字第1835号
 河北省元氏县人民法院 民事判决书 （2013）元民一初字第01089号 
 安徽省亳州市谯城区人民法院 民事判决书 （2014）谯民一初字第00949号 
 重庆市江北区人民法院 民事判决书 （2015）江法民初字第03412号 
 河北省新乐市人民法院 民事判决书 （2015）新民一初字第461号 
湖南省会同县人民法院 民事判决书 （2015）会民一初字第97号
 辽宁省大洼县人民法院 民事判决书 （2013）大洼民一初字第01334号 
 连云港市海州区人民法院 民事判决书 （2014）海民初字第01798号 
 安徽省马鞍山市花山区人民法院 民事判决书 （2013）花民一初字第01228号 
 宁夏回族自治区固原市原州区人民法院 民事判决书 （2015）原民初字第898号 
 山东省鱼台县人民法院 民事判决书 （2014）鱼民初字第427号 
河南省内黄县人民法院 民事判决书 （2015）内城民初字第271号
 安阳县人民法院 民事判决书 （2014）安民初字第00905号 
 天津市滨海新区人民法院 民事判决书 （2015）滨汉民初字第2461号 
 固始县人民法院 民事判决书 （2014）固民初字第465号 
 镇江市丹徒区人民法院 民事判决书 （2014）徒宝民初字第0049号 
安徽省池州市贵池区人民法院 民事判决书 （2015）贵民一初字第02544号
四川省高县人民法院 民事判决书 （2015）宜高民初字第795号
 四川省泸州市江阳区人民法院 民事判决书 （2011）江阳民初字第1908号 
 甘肃省岷县人民法院 民事判决书 （2014）岷梅民初字第272号 
 宁夏回族自治区中宁县人民法院 民事判决书 （2014）中宁民初字第462号 
