滑县人民法院 民事判决书 （2013）滑民一初字第32号
 重庆市渝中区人民法院 民事判决书 （2012）中区法民初字第04578号 
宝鸡市陈仓区人民法院 民事判决书 （2015）陈民初字第01407号
四川省宜宾市南溪区人民法院 民事判决书 （2015）南溪民初字第684号
山东省寿光市人民法院 民事判决书 （2015）寿民初字第2686号
 河北省肥乡县人民法院 民事判决书 （2014）肥民初字第173号 
关于原告李军与被告罗伟离婚纠纷一案民事判决书 （2013）武民初字第01670号
 安阳县人民法院 民事判决书 （2014）安民初字第01585号 
 河北省隆化县人民法院 民事判决书 （2015）隆民初字第1063号 
福建省长乐市人民法院 民事判决书 （2015）长民初字第1610号
 山东省安丘市人民法院 民事判决书 （2014）安民初字第707号 
 四川省中江县人民法院 民事判决书 （2014）中江民初字第1082号 
 重庆市酉阳土家族苗族自治县人民法院 民事判决书 （2015）酉法民初字第00565号 
河北省河间市人民法院 民事判决书 （2015）河民初字第1787号
甘肃省庆城县人民法院 民事判决书 （2013）庆城民初字第1094号
 河北省玉田县人民法院 民事判决书 （2013）玉民初字第3776号 
安徽省庐江县人民法院 民事判决书 （2015）庐江民一初字第02729号
浙江省江山市人民法院 民事判决书 （2011）衢江民初字第253号
 河南省西平县人民法院 民事判决书 （2015）西民初字第0208号 
 江苏省东台市人民法院 民事判决书 （2015）东唐民初字第0071号 
 安徽省岳西县人民法院 民事判决书 （2014）岳民一初字第01570号 
 湖北省巴东县人民法院 民事判决书 （2013）鄂巴东民初字第00663号 
 江苏省金湖县人民法院 民事判决书 （2015）金宝民初字第00229号 
 湖北省秭归县人民法院 民事判决书 （2014）鄂秭归民初字第00617号 
 广东省台山市人民法院 民事判决书 （2015）江台法水民初字第20号 
吉林省临江市人民法院 民事判决书 （2014）临民一初字第150号
 贵州省贞丰县人民法院 民事判决书 （2015）贞民初字第00533号 
四川省内江市东兴区人民法院 民事判决书 （2015）内东民初字第1571号
湖南省冷水江市人民法院 民事判决书 （2014）冷民一初字第74号
四川省简阳市人民法院 民事判决书 （2014）简阳民初字第3322号
安徽省安庆市大观区人民法院 民事判决书 （2015）观民一初字第00560号
 湖南省长沙市开福区人民法院 民事判决书 （2014）开民一初字第04052号 
重庆市长寿区人民法院 民事判决书 （2015）长法民初字第07597号
 山东省胶州市人民法院 民事判决书 （2014）胶民初字第1098号 
 贵州省贞丰县人民法院 民事判决书 （2015）贞民初字第00331号 
 上海市松江区人民法院 民事判决书 （2014）松民一（民）初字第7343号 
 浙江省慈溪市人民法院 民事判决书 （2015）甬慈周民初字第206号 
 陕西省西乡县人民法院 民事判决书 （2014）西民初字第00300号 
江苏省宜兴市人民法院 民事判决书 （2015）宜徐民初字第0307号
河北省滦平县人民法院 民事判决书 （2011）滦民初字第2622号
江西省浮梁县人民法院 民事判决书 （2015）浮鹅民初字第40号
 山东省烟台市牟平区人民法院 民事判决书 （2014）牟大民初字第230号 
 四川省巴中市恩阳区人民法院 民事判决书 （2014）恩民初字第352号 
 湖南省中方县人民法院 民事判决书 （2015）方民一初字第191号 
 江苏省泰兴市人民法院 民事判决书 （2014）泰黄民初字第1718号 
广东省台山市人民法院 民事判决书 （2015）江台法海民初字第6号
 福建省柘荣县人民法院 民事判决书 （2015）柘民初字第186号 
 湖南省安仁县人民法院 民事判决书 （2014）安民初字第327号 
 福建省莆田市城厢区人民法院 民事判决书 （2014）城民初字第2896号 
湖北省武汉市江岸区人民法院 民事判决书 （2015）鄂江岸民初字第01675号
