徐州市铜山区人民法院 民事判决书 （2015）铜民初字第02847号
 河北省行唐县人民法院 民事判决书 （2014）行民一初字第00527号 
 山西省阳高县人民法院 民事判决书 （2014）阳民初字第324号 
 贵州省仁怀市人民法院 民事判决书 （2015）仁民初字第936号 
北京市海淀区人民法院 民事判决书 （2014）海民初字第13977号
 湖南省醴陵市人民法院 民事判决书 （2015）醴法民一初字第54号 
 河北省景县人民法院 民事判决书 （2014）景民一初字第891号 
 广西壮族自治区横县人民法院 民事判决书 （2015）横民一初字第201号 
 中华人民共和国 湖北省武汉市武昌区人民法院 民事判决书 （2013）鄂武昌民初字第04137号 
 河南省永城市人民法院 民事判决书 （2014）永民初字第2397号 
 四川省遂宁市船山区人民法院 遂宁市船山区人民法院 民事判决书 （2015）船山民初字第42号 
湖南省常德市鼎城区人民法院 民事判决书 （2015）常鼎民初字第1534号
 山东省章丘市人民法院 民事判决书 （2013）章民初字第971号 
 河南省遂平县人民法院 民事判决书 （2014）遂民初字第841号 
杭州市富阳区人民法院 民事判决书 （2015）杭富龙民初字第40号
 福建省安溪县人民法院 民事判决书 （2014）安民初字第2548号 
中华人民共和国上海市嘉定区人民法院 民事判决书 （2014）嘉民一（民）初字第1563号
 广西壮族自治区兴业县人民法院 民事判决书 （2014）兴民一初字652号 
福建省福清市人民法院 民事判决书 （2014）融民初字第5022号
 广西壮族自治区桂林市象山区人民法院 民事判决书 （2012）象民初字第37号 
 安徽省蒙城县人民法院 民事判决书 （2014）蒙民一初字第00790号 
 河北省元氏县人民法院 民事判决书 （2013）元民一初字第00794号 
 渭南市临渭区人民法院 民事判决书 （2015）临渭民初字第01391号 
 沈阳市沈北新区人民法院 民事判决书 （2015）北新民初字第707号 
浙江省龙泉市人民法院 民事判决书 （2011）丽龙民初字第728号
 浙江省瑞安市人民法院 民事判决书 （2013）温瑞民初字第451号 
 四川省洪雅县人民法院 民事判决书 （2014）洪民初字第537号 
 安徽省阜南县人民法院 民事判决书 （2015）南民一初字第01579号 
 福建省永泰县人民法院 民事判决书 （2014）樟民初字第1124号 
山东省无棣县人民法院 民事判决书 （2015）棣民初字第1097号
 江苏省宿迁市宿豫区人民法院 民事判决书 （2015）宿豫皂民初字第00083号 
 宜昌市夷陵区人民法院 民事判决书 （2014）鄂夷陵民初字第00802号 
 山东省临清市人民法院 民事判决书 （2015）临民一初字第334号 
 江苏省扬州市广陵区人民法院 民事判决书 （2015）扬广民初字第463号 
广西壮族自治区隆安县人民法院 民事判决书 （2015）隆民一初字第27号
 湖南省沅江市人民法院 民事判决书 （2013）沅民一初字第1081号 
 江苏省邳州市人民法院 民事判决书 （2013）邳碾民初字第0916号 
 天津市武清区人民法院 民事判决书 （2013）武民一初字第7905号 
安徽省颍上县人民法院 民事判决书 （2015）颍民一初字第01454号
 湖北省恩施市人民法院 民事判决书 （2014）鄂恩施民初字第00684号 
 湖北省赤壁市人民法院 民事判决书 （2014）鄂赤壁民初字第00713号 
 福建省浦城县人民法院 民事判决书 （2015）浦民初字第484号 
 黑龙江省哈尔滨市道外区人民法院 民事判决书 （2014）外民二初字第262号 
江苏省滨海县人民法院 民事判决书 （2015）滨正民初字第0226号
 四川省泸州市纳溪区人民法院 民事判决书 （2015）纳溪民初字第947号 
 德阳市旌阳区人民法院 民事判决书 （2015）旌民初字第310号 
浙江省桐乡市人民法院 民事判决书 （2014）嘉桐崇民初字第593号
 湖北省丹江口市人民法院 民事判决书 （2015）鄂丹江口民初字第00161号 
 白山市江源区人民法院 民事判决书 （2014）江民一初字第536号 
格尔木市人民法院 民事判决书 （2014）格民初字第431号
