吉林省舒兰市人民法院 民事判决书 （2015）舒民一初字第1466号
 四川省雅安市名山区人民法院 民事判决书 （2014）名山民初字第419号 
 河南省郑州市惠济区人民法院 民事判决书 （2013）惠民一初字第358号 
山东省寿光市人民法院 民事判决书 （2015）寿民初字第2804号
 江西省峡江县人民法院 民事判决书 （2014）峡民初字第454号 
 济南市历城区人民法院 民事判决书 （2015）历城民初字第333号 
安徽省萧县人民法院 民事判决书 （2015）萧民一初字第00928号
 河北省行唐县人民法院 民事判决书 （2013）行民一初字第01810号 
山东省潍坊市奎文区人民法院 民事判决书 （2012）奎梨民一初字第607号
安徽省怀远县人民法院 民事判决书 （2015）怀民一初字第03660号
安徽省蚌埠市禹会区人民法院 民事判决书 （2015）禹民一初字第00736号
 浙江省永嘉县人民法院 民事判决书 （2012）温永城民初字第271号 
 四川省峨边彝族自治县人民法院 民事判决书 （2014）峨边民初字第130号 
 安徽省寿县人民法院 民事判决书 （2014）寿民一初字第01659号 
江苏省扬中市人民法院 民事判决书 （2015）扬新民初字第486号
 福建省闽侯县人民法院 民事判决书 （2014）侯民初字第459号 
 福建省屏南县人民法院 民事判决书 （2014）屏民初字第337号 
 四川省雅安市名山区人民法院 民事判决书 （2014）名山民初字第1068号 
湖北省武穴市人民法院 民事判决书 （2015）鄂武穴民初字第01791号
 辽宁省辽阳市宏伟区人民法院 民事判决书 （2014）辽宏民一初字第00034号 
 湖南省华容县人民法院 民事判决书 （2013）华民初字第909号 
 福建省安溪县人民法院 民事判决书 （2014）安民初字第3260号 
 浙江省文成县人民法院 民事判决书 （2014）温文玉民初字第61号 
南京市白下区人民法院 民事判决书 （2012）白民初字第1124号
 河北省南和县人民法院 民事判决书 （2013）南民一初字第830号 
 宁波市鄞州区人民法院 民事判决书 （2013）甬鄞邱民初字第201号 
安徽省阜阳市颍东区人民法院 民事判决书 （2015）东民一初字第01081号
 山东省泰安市泰山区人民法院 民事判决书 （2014）泰山民初字第2100号 
 河南省舞阳县人民法院 民事判决书 （2015）舞民初字第6号 
 河北省涿州市人民法院 民事判决书 （2013）涿民初字第3342号 
 河北省巨鹿县人民法院 民事判决书 （2014）巨民一初字第354号 
 福建省周宁县人民法院 民事判决书 （2014）周民初字第717号 
贵州省余庆县人民法院 民事判决书 （2015）余法民初字第00061号
 河北省唐山市丰润区人民法院 民事判决书 （2012）丰民初字第3172号 
 山东省临沂市罗庄区人民法院 民事判决书 （2014）临罗民一初字第1888号 
 陕西省勉县人民法院 民事判决书 （2014）勉民初字第00408号 
山东省郓城县人民法院 民事判决书 （2013）郓民初字第511号
 吉林省珲春市人民法院 民事判决书 （2013）珲民一初字第833号 
河南省许昌县人民法院 民事判决书 （2015）许县灵民初字第346号
 重庆市綦江区人民法院 民事判决书 （2014）綦法民初字第07923号 
 山西省泽州县人民法院 民事判决书 （2014）泽民初字第1号 
 广东省台山市人民法院 民事判决书 （2014）江台法广民初字第245号 
山东省莱芜市莱城区人民法院 民事判决书 （2015）莱城民初字第697号
 四川省达州市通川区人民法院 民事判决书 （2015）通川民初字第1605号 
 山东省济宁市兖州区人民法院 民事判决书 （2015）兖民初字第1438号 
 四川省安岳县人民法院 民事判决书 （2015）安岳民初字第70号 
 长春市朝阳区人民法院 民事判决书 （2014）朝民初字第336号 
河南省虞城县人民法院 民事判决书 （2015）虞民初字第2487号
 山东省齐河县人民法院 民事判决书 （2014）齐赵民初字第903号 
 福建省永春县人民法院 民事判决书 （2014）永民初字第66号 
