 福建省寿宁县人民法院 民事判决书 （2014）寿民初字第441号 
 山东省临邑县人民法院 民事判决书 （2015）临民初字第211号 
 广西壮族自治区来宾市兴宾区人民法院 民事判决书 （2014）兴民初字第368号 
 四川省开江县人民法院 民事判决书 （2014）开江民初字第1027号 
 湖北省老河口市人民法院 民事判决书 （2015）鄂老河口民初字第00499号 
 山东省费县人民法院 民事判决书 （2014）费民初字第2288号 
 安徽省亳州市谯城区人民法院 民事判决书 （2015）谯民一初字第00957号 
 长治市郊区人民法院 民事判决书 （2014）郊民初字第200号 
 湖北省江陵县人民法院 民事判决书 （2014）鄂江陵民初字第00428号 
 湖北省武穴市人民法院 民事判决书 （2014）鄂武穴民初字第01021号 
 江苏省昆山市人民法院 民事判决书 （2015）昆巴少民初字第0010号 
 河南省唐河县人民法院 民事判决书 （2014）唐民一初字第2158号 
湖南省衡山县人民法院 民事判决书 （2015）山沙民一初字第51号
重庆市万州区人民法院 民事判决书 （2015）万法民初字第03165号
光山县人民法院 民事判决书 （2015）光民初字第01222号
广东省龙门县人民法院 民事判决书 （2014）惠龙法民一初字第181号
山东省临沂市兰山区人民法院 民事判决书 （2015）临兰民初字第4294号
甘肃省永登县人民法院 民事判决书 （2015）永民初字第995号
 息县人民法院 民事判决书 （2014）息民初字第1165号 
 江西省遂川县人民法院 民事判决书 （2015）遂巡民初字第12号 
 重庆市荣昌县人民法院 民事判决书 （2014）荣法民初字第04389号 
江苏省兴化市人民法院 民事判决书 （2015）泰兴西民初字第0697号
 四川省绵阳市游仙区人民法院 民事判决书 （2014）游民初字第5495号 
贵州省遵义市红花岗区人民法院 民事判决书 （2014）红民一初字第2211号
 浙江省平湖市人民法院 民事判决书 （2012）嘉平民初字第1845号 
 湖南省辰溪县人民法院 民事判决书 （2013）辰民一初字第653号 
 山东省单县人民法院 民事判决书 （2015）单民初字第1251号 
四川省岳池县人民法院 民事判决书 （2014）岳池民初字第4969号
河南省鹿邑县人民法院 民事判决书 （2015）鹿民初字第124号
福建省宁德市蕉城区人民法院 民事判决书 （2014）蕉民初字第4389号
四川省泸县人民法院 民事判决书 （2015）泸泸民初字第537号
 安徽省阜阳市颍东区人民法院 民事判决书 （2014）东民一初字第00780号 
 辽宁省盖州市人民法院 民事判决书 （2014）盖民九初字第492号 
山东省淄博市临淄区人民法院 民事判决书 （2015）临民初字第2609号
 广西壮族自治区桂林市叠彩区人民法院 民事判决书 （2014）叠民初字第838号 
 浙江省遂昌县人民法院 民事判决书 （2013）丽遂民初字第376号 
叶县人民法院民事判决书 （2015）叶民初字第981号
四川省兴文县人民法院 民事判决书 （2015）兴民初字第2292号
 云南省泸西县人民法院 民事判决书 （2014）泸民一初字第98号 
济南市槐荫区人民法院 民事判决书 （2015）槐民初字第114号
 杭州市西湖区人民法院 民事判决书 （2012）杭西民初字第1655号 
四川省广安市广安区人民法院 民事判决书 （2015）广安民初字第1016号
 江苏省盱眙县人民法院 民事判决书 （2015）盱马民初字第00487号 
 山东省临沂市罗庄区人民法院 民事判决书 （2015）临罗民一初字第828号 
湖南省益阳市赫山区人民法院 民事判决书 （2015）益赫民一初字第687号
 山东省博兴县人民法院 民事判决书 （2015）博民初字第356号 
 湖北省赤壁市人民法院 民事判决书 （2014）鄂赤壁民初字第00686号 
江苏省大丰市人民法院 民事判决书 （2015）大港民初字第0135号
 山东省定陶县人民法院 民事判决书 （2014）定民初字第105号 
广东省清远市清新区人民法院 民事判决书 （2015）清新法太民初字第84号
