 广西壮族自治区钦州市钦南区人民法院 民事判决书 （2014）钦南民初字第541号 
 山东省利津县人民法院 民事判决书 （2014）利民初字第417号 
吉林省舒兰市人民法院 民事判决书 （2015）舒民一初字第341号
辽宁省盖州市人民法院 民事判决书 （2015）盖民九初字第2917号
甘肃省酒泉市肃州区人民法院 民事判决书 （2015）酒肃民二初字第515号
 宁夏回族自治区平罗县人民法院 民事判决书 （2014）平民初字第1165号 
四川省达州市通川区人民法院 民事判决书 （2015）通川民初字第3738号
 广西壮族自治区灵山县人民法院 民事判决书 （2014）灵民初字第1331号 
 陕西省礼泉县人民法院 民事判决书 （2014）礼民初字第01114号 
湖北省石首市人民法院 民事判决书 （2015）鄂石首民初字第00782号
宁夏回族自治区西吉县人民法院 民事判决书 （2015）西民初字第1287号
 陕西省礼泉县人民法院 民事判决书 （2014）礼民初字第01006号 
 浙江省仙居县人民法院 民事判决书 （2014）台仙民初字第200号 
重庆市大渡口区人民法院 民事判决书 （2015）渡法民初字第02761号
安徽省阜南县人民法院 民事判决书 （2015）南民一初字第00947号
 山东省临沭县人民法院 民事判决书 （2015）沭民初字第1017号 
 杭州市余杭区人民法院 民事判决书 （2014）杭余良商初字第213号 
 山东省莘县人民法院 民事判决书 （2013）莘民一初字第616号 
湖南省慈利县人民法院 民事判决书 （2014）慈民一初字第74号
潢川县人民法院 民事判决书 （2015）潢民初字第01146号
 湖北省利川市人民法院 民事判决书 （2014）鄂利川民初字第00191号 
 北京市海淀区人民法院 民事判决书 （2014）海民初字第19611号 
 河南省封丘县人民法院 民事判决书 （2015）封民初字第653号 
 湖北省武汉市江夏区人民法院 民事判决书 （2014）鄂江夏民一初字第00766号 
 重庆市南岸区人民法院 民事判决书 （2014）南法民初字第09254号 
 山东省泰安市岱岳区人民法院 民事判决书 （2014）岱民初字第432号 
贵州省黔西县人民法院 民事判决书 （2015）黔县民初字第3691号
 光山县人民法院 民事判决书 （2014）光民初字第00834号 
 湖北省宜城市人民法院 民事判决书 （2015）鄂宜城民鄢初字第00173号 
 山东省单县人民法院 民事判决书 （2014）单民初字第1741号 
 河北省三河市人民法院 民事判决书 （2013）三民初字第4205号 
 江西省鄱阳县人民法院 民事判决书 （2015）鄱民一初字第319号 
 广东省英德市人民法院 民事判决书 （2014）清英法西民初字第68号 
 罗山县人民法院 民事判决书 （2013）罗民初字第1168号 
 湖北省保康县人民法院 民事判决书 （2014）鄂保康马民初字第00067号 
 福州市鼓楼区人民法院 民事判决书 （2015）鼓民初字第269号 
 山东省临朐县人民法院 民事判决书 （2013）临民初字第2547号 
 湖南省衡阳县人民法院 民事判决书 （2014）蒸民一初字第492号 
 济南市历城区人民法院 民事判决书 （2015）历城民初字第818号 
 固始县人民法院 民事判决书 （2014）固民初字第46号 
 河南省虞城县人民法院 民事判决书 （2015）虞民初字第1091号 
 湖北省武汉市江岸区人民法院 民事判决书 （2014）鄂江岸民初字第01303号 
 内蒙古科尔沁左翼中旗人民法院 民事判决书 （2015）左民初字第53号 
 福建省长乐市人民法院 民事判决书 （2014）长民初字第3993号 
四川省大邑县人民法院 民事判决书 （2013）大邑民初字第812号
四川省大邑县人民法院 民事判决书 （2013）大邑民初字第809号
 安徽省庐江县人民法院 民事判决书 （2014）庐江民一初字第01998号 
 重庆市梁平县人民法院 民事判决书 （2014）梁法民初字第00256号 
 湖南省永顺县人民法院 民事判决书 （2015）永民初字第10号 
湖北省安陆市人民法院 民事裁定书 （2015）鄂安陆民初字第01426号
