河南省邓州市人民法院 民事判决书 （2014）邓法民初字第2538号
 安徽省亳州市谯城区人民法院 民事判决书 （2013）谯民一初字第03078号 
 山东省莒县人民法院 民事判决书 （2015）莒民初字第336号 
 浙江省余姚市人民法院 民事判决书 （2014）甬余民初字第1571号 
 山东省莘县人民法院 民事判决书 （2014）莘民一初字第2136号 
 渭南市临渭区人民法院 民事判决书 （2013）临民初字第00816号 
河北省迁安市人民法院 民事判决书 （2015）安民初字第3620号
 陕西省岐山县人民法院 民事判决书 （2014）岐民初字第00117号 
 河北省肃宁县人民法院 民事判决书 （2013）肃民初字第1490号 
 北京市通州区人民法院 民事判决书 （2015）通民初字第02570号 
 福建省福清市人民法院 民事判决书 （2013）融民初字第3767号 
 山东省莱州市人民法院 民事判决书 （2014）莱州民初字第854号 
 湖南省常德市武陵区人民法院 民事判决书 （2014）武民初字第01611号 
 渑池县人民法院 民事判决书 （2013）渑民初字第234号 
 山东省临沂市兰山区人民法院 民事判决书 （2014）临兰民初字第3711号 
 湖南省隆回县人民法院 民事判决书 （2014）隆民一初字第616号 
 辽宁省康平县人民法院 民事判决书 （2014）康民初字第1728号 
山东省德州市陵城区人民法院 民事判决书 （2015）陵民初字第91号
 福建省平潭县人民法院 民事判决书 （2014）岚民初字第911号 
 扶沟县人民法院 民事判决书 （2014）扶民初字第1311号 
 江苏省灌云县人民法院 民事判决书 （2014）灌民初字第00758号 
 重庆市江北区人民法院 民事判决书 （2014）江法民初字第04124号 
 贵州省贵阳市乌当区人民法院 民事判决书 （2014）乌民初字第302号 
 安徽省五河县人民法院 民事判决书 （2014）五民一初字第01295号 
 陕西省富平县人民法院 民事判决书 （2014）富平民初字第01172号 
 浙江省平阳县人民法院 民事判决书 （2014）温平民初字第112号 
 云南省云龙县人民法院 民事判决书 （2014）云民初字第155号 
 甘肃省天水市秦州区人民法院 民事判决书 （2015）天秦小民初字第47号 
 安徽省巢湖市人民法院 民事判决书 （2015）巢民一初字第01235号 
 安徽省庐江县人民法院 民事判决书 （2014）庐江民一初字第00971号 
 湖北省潜江市人民法院 民事判决书 （2014）鄂潜江民初字第00196号 
茂名市电白区人民法院 民事判决书 （2015）茂电法民四初字第302号
 林州市人民法院 民事判决书 （2014）林镇民初字第280号 
陕西省洋县人民法院 民事判决书 （2015）洋民初字第00996号
兴城市人民法院 民事判决书 （2014）兴沙民初字第00135号
 陕西省汉阴县人民法院 民事判决书 （2014）汉阴民初字第00227号 
 河南省夏邑县人民法院 民事判决书 （2015）夏民初字第00319号 
 河北省宁晋县人民法院 民事判决书 （2014）宁民初字第1553号 
 广西壮族自治区龙胜各族自治县人民法院 民事判决书 （2014）龙民初字第13号 
 福建省永定县人民法院 民事判决书 （2013）永民初字第1996号 
 福建省厦门市思明区人民法院 民事判决书 （2014）思民初字第13716号 
 陕西省西乡县人民法院 民事判决书 （2014）西民初字第00579号 
 河北省高碑店市人民法院 民事判决书 （2014）高民初字第4091号 
 江苏省金湖县人民法院 民事判决书 （2014）金民初字第1164号 
 广州市天河区人民法院 民事判决书 （2014）穗天法民一初字第1245号 
 浙江省温岭市人民法院 民事判决书 （2014）台温民初字第68号 
浙江省开化县人民法院 民事判决书 （2015）衢开马民初字第52号
河南省新蔡县人民法院 民事判决书 （2015）新民初字第710号
山东省平阴县人民法院 民事判决书 （2015）平少民初字第175号
湖南省安化县人民法院 民事判决书 （2015）安法民一初字第764号
