 湖南省湘潭县人民法院 民事判决书 （2014）潭民一初字第648号 
 湖南省武冈市人民法院 民事判决书 （2015）武法民初字第1091号 
 辽宁省锦州市古塔区人民法院 民事判决书 （2015）古民初字第00162号 
江苏省泗阳县人民法院 民事判决书 （2015）泗王民初字第0552号
 江苏省高邮市人民法院 民事判决书 （2014）邮三民初字第00815号 
 福建省柘荣县人民法院 民事判决书 （2015）柘民初字第175号 
安徽省芜湖经济技术开发区人民法院 民事判决书 （2015）芜经开民一初字第00526号
 大连市旅顺口区人民法院 民事判决书 （2014）旅民初字第2195号 
 山东省宁津县人民法院 民事判决书 （2015）宁民初字第412号 
 吉林省农安县人民法院 民事判决书 （2014）吉农民初字第5787号 
 重庆市南岸区人民法院 民事判决书 （2014）南法民初字第09336号 
 山东省临清市人民法院 民事判决书 （2015）临民一初字第266号 
 ．河南省郑州市金水区人民法院 民事判决书 （2014）金民一初字第2960号 
 安徽省太和县人民法院 民事判决书 （2014）太民一初字第01548号 
 湖北省宜城市人民法院 民事判决书 （2014）鄂宜城民南初字第00074号 
 济南市长清区人民法院 民事判决书 （2013）长民初字第2581号 
 浙江省苍南县人民法院 民事判决书 （2014）温苍龙民初字第202号 
 台州市椒江区人民法院 民事判决书 （2014）台椒民初字第12号 
 贵州省三都水族自治县人民法院 民事判决书 （2014）三民初字第354号 
 贵州省遵义市红花岗区人民法院 民事判决书 （2014）红民一初字第1095号 
 白山市江源区人民法院 民事判决书 （2014）江民一初字第226号 
 福建省政和县人民法院 民事判决书 （2014）政民初字第549号 
 辽宁省西丰县人民法院 民事判决书 （2014）西平民三初字第00052号 
 安徽省宣城市宣州区人民法院 民事判决书 （2014）宣民一初字第00549号 
 湖北省武汉市新洲区人民法院 民事判决书 （2014）鄂新洲汪民初字第00039号 
 广东省广宁县人民法院 民事判决书 （2014）肇宁法新民初字第224号 
 湖北省宣恩县人民法院 民事判决书 （2013）鄂宣恩民初字第00889号 
 安徽省庐江县人民法院 民事判决书 （2015）庐江民一初字第00442号 
 贵州省长顺县人民法院 民事判决书 （2015）长民初字第39号 
 湖北省十堰市茅箭区人民法院 民事判决书 （2014）鄂茅箭民一初字第02014号 
 河北省肥乡县人民法院 民事判决书 （2015）肥民初字第730号 
光山县人民法院 民事判决书 （2013）光民初字第00056号
 四川省达州市达川区人民法院 民事判决书 （2015）达达民初字第519号 
 山东省鄄城县人民法院 民事判决书 （2015）鄄民初字第123号 
 安徽省长丰县人民法院 民事判决书 （2013）长民一初字01974号 
 江苏省东海县人民法院 民事判决书 （2015）连东房民初字第00295号 
 山东省滕州市人民法院 民事判决书 （2014）滕民初字第4732号 
 福建省宁德市蕉城区人民法院 民事判决书 （2014）蕉民初字第1189号 
 安徽省砀山县人民法院 民事判决书 （2015）砀民一初字第00660号 
 福建省建瓯市人民法院 民事判决书 （2014）瓯民初字第1915号 
 河北省万全县人民法院 民事判决书 （2015）万民初字第297号 
 江苏省丰县人民法院 民事判决书 （2015）丰民初字第1041号 
 福建省泉州市鲤城区人民法院 民事判决书 （2014）鲤民初字第555号 
 连云港市海州人民法院 民事判决书 （2015）海民初字第01818号 
云南省威信县人民法院 民事判决书 （2015）威民初字第117号
 江苏省靖江市人民法院 民事判决书 （2014）泰靖园民初字第0368号 
湖北省安陆市人民法院 民事判决书 （2015）鄂安陆民初字第01739号
湖南省沅江市人民法院 民事判决书 （2013）沅民一初字第1215号
 湖南省湘潭县人民法院 民事判决书 （2014）潭民一初字第462号 
 河南省镇平县人民法院 民事判决书 （2015）镇民初字第055号 
