 浙江省瑞安市人民法院 民事判决书 （2014）温瑞民初字第973号 
贵州省瓮安县人民法院 民事判决书 （2014）瓮民初字第242号
贵州省湄潭县人民法院 民事判决书 （2015）湄民初字第927号
山西省高平市人民法院 民事判决书 （2015）高民初字第807号
河南省柘城县人民法院 民事判决书 （2013）柘民初字第1379号
 福建省仙游县人民法院 民事判决书 （2015）仙民初字第2001号 
黑龙江省五大连池市人民法院 民事判决书 （2015）五民初字第593号
山东省邹城市人民法院 民事判决书 （2015）邹民初字第1587号
 云南省威信县人民法院 民事判决书 （2014）威民初字第373号 
浙江省安吉县人民法院 民事判决书 （2015）湖安孝民初字第129号
 河北省巨鹿县人民法院 民事判决书 （2014）巨民一初字第45号 
 广东省吴川市人民法院 民事判决书 （2014）湛吴法民二初字第142号 
杭州市西湖区人民法院 民事判决书 （2014）杭西民初字第1043号
 山东省曲阜市人民法院 民事判决书 （2014）曲民初字第676号 
河北省雄县人民法院 民事判决书 （2015）雄民初字第0705号
福建省永春县人民法院 民事判决书 （2015）永民初字第3079号
 河北省赵县人民法院 民事判决书 （2013）赵民初字第01248号 
 广西壮族自治区凌云县人民法院 民事判决书 （2014）凌民一初字第541号 
 陕西省城固县人民法院 民事判决书 （2014）城民初字第01580号 
 福建省闽清县人民法院 民事判决书 （2014）梅民初字第1158号 
 山东省平邑县人民法院 民事判决书 （2015）平民初字第284号 
 湖南省慈利县人民法院 民事判决书 （2015）慈民一初字第1780号 
安徽省马鞍山市花山区人民法院 民事判决书 （2015）花民一初字第00959号
 山东省沂水县人民法院 民事判决书 （2014）沂民初字第3147号 
 山东省临清市人民法院 民事判决书 （2015）临民一初字第65号 
 安徽省五河县人民法院 民事判决书 （2014）五民一初字第00461号 
 江苏省兴化市人民法院 民事判决书 （2014）泰兴临民初字第359号 
四川省峨眉山市人民法院 民事判决书 （2015）峨眉民初字第493号
 河南省通许县人民法院 民事判决书 （2013）通民初字第1368号 
 山东省泰安市岱岳区人民法院 民事判决书 （2015）岱民初字第151号 
 福建省惠安县人民法院 民事判决书 （2015）惠民初字第3989号 
广东省徐闻县人民法院 民事判决书 （2013）湛徐法海民初字第150号
 南京市秦淮区人民法院 民事判决书 （2011）秦红民初字第256号 
江西省乐平市人民法院 民事判决书 （2015）乐民一初字第497号
 湖南省常德市鼎城区人民法院 民事判决书 （2014）常鼎民初字第2013号 
吉林高新技术产业开发区人民法院 民事判决书 （2014）吉高新民一初字第106号
 广西壮族自治区龙胜各族自治县人民法院 民事判决书 （2013）龙民初字第289号 
 安徽省望江县人民法院 民事判决书 （2015）望民一初字第00178号 
 北京市房山区人民法院 民事判决书 （2014）房民初字第09381号 
吉林省榆树市人民法院 民事判决书 （2015）榆民初字第2382号
内蒙古自治区喀喇沁旗人民法院 民事判决书 （2015）喀民初字第2603号
杭州市余杭区人民法院 民事判决书 （2015）杭余民初字第2368号
 淮安市淮安区人民法院 民事判决书 （2014）淮法林民初字第0352号 
滑县人民法院 民事判决书 （2013）滑民一初字第74号
 广西壮族自治区宜州市人民法院 民事判决书 （2014）宜民初字第1239号 
安徽省蒙城县人民法院 民事判决书 （2015）蒙民一初字第03163号
 山东省泗水县人民法院 民事判决书 （2014）泗民初字第1912号 
 湖南省溆浦县人民法院 民事判决书 （2014）溆民一初字第512号 
河南省新密市人民法院 民事判决书 （2015）新密民一初字第3709号
 山东省临清市人民法院 民事判决书 （2015）临民一初字第658号 
