 杭州市滨江区人民法院 民事判决书 （2014）杭滨民初字第1054号 
云南省澜沧拉祜族自治县人民法院 民事判决书 （2015）澜民初字第558号
 〈strong〉淮安经济技术开发区人民法院〈／strong〉 〈strong〉民事判决书〈／strong〉 （2015）淮开民初字第0755号 
 山东省乳山市人民法院 民事判决书 乳城民初字第860号 
 青岛市崂山区人民法院 民事判决书 （2013）崂民一初字第197号 
 江苏省高邮市人民法院 民事判决书 （2014）邮民初字第0942号 
 河北省平乡县人民法院 民事判决书 （2013）平民初字第797号 
 四川省渠县人民法院 民事判决书 （2013）达渠民初字第118号 
 杭州市西湖区人民法院 民事判决书 （2014）杭西民初字第211号 
 固始县人民法院 民事判决书 （2014）固民初字第877号 
连云港市赣榆区人民法院 民事判决书 （2015）赣少民初字第00451号
贵州省雷山县人民法院 民事判决书 （2015）雷民初字第648号
 陕西省泾阳县人民法院 民事判决书 （2014）泾民初字第01005号 
安徽省枞阳县人民法院 民事判决书 （2015）枞民一初字第00605号
 徐州市铜山区人民法院 民事判决书 （2014）铜茅民初字第715号 
 中华人民共和国 浙江省瑞安市人民法院 民事判决书 （2011）温瑞民初字第2999号 
 铜川市印台区人民法院 民事判决书 （2014）铜印民初字第00510号 
 山东省郓城县人民法院 民事判决书 （2014）郓民初字第865号 
 济南市天桥区人民法院 民事判决书 （2014）天民园初字第330号 
河北省河间市人民法院 民事判决书 （2015）河民初字第2888号
 四川省阆中市人民法院 民事判决书 （2014）阆民初字第5431号 
 南京市建邺区人民法院 民事判决书 （2014）建民初字第941号 
 山东省临朐县人民法院 民事判决书 （2014）临民初字第1070号 
 宁波市镇海区人民法院 民事判决书 （2014）甬镇骆民初字第79号 
重庆市忠县人民法院 民事判决书 （2015）忠法民初字第02297号
 徐州市铜山区人民法院 民事判决书 （2014）铜郑民初字第01317号 
 南京市溧水区人民法院 民事判决书 （2014）溧洪民初字第725号 
 山东省枣庄市山亭区人民法院 民事判决书 （2013）山民初字第2122号 
 眉山市东坡区人民法院 民事判决书 （2013）眉东民初字第82号 
 宁夏回族自治区西吉县人民法院 民事判决书 （2014）西民初字第141号 
 山东省莒县人民法院 民事判决书 （2014）莒民初字第3853号 
 贵州省赤水市人民法院 民事判决书 （2015）赤民初字第1066号 
 重庆市綦江区人民法院 民事判决书 （2014）綦法民初字第07733号 
 福建省长乐市人民法院 民事判决书 （2013）长民初字第2363号 
 江西省瑞金市人民法院 民事判决书 （2014）瑞民一初字第473号 
湖南省沅江市人民法院 民事判决书 （2015）沅民一初字第547号
 河南省鲁山县人民法院 民事判决书 （2014）鲁民初字第469号 
 湖北省公安县人民法院 民事判决书 （2015）鄂公安民初字第00489号 
 辽宁省康平县人民法院 民事判决书 （2015）康民初字第430号 
江苏省泰兴市人民法院 民事判决书 （2015）泰济民初字第0089号
福建省福清市人民法院 民事判决书 （2015）融民初字第517号
 南京市六合区人民法院 民事判决书 （2014）六东民初字第223号 
 安徽省宿州市埇桥区人民法院 民事判决书 （2014）宿埇民一初字第02042号 
 广东省信宜市人民法院 民事判决书 （2015）茂信法合民初字第5号 
 河北省阜城县人民法院 民事判决书 （2014）阜民一初字第198号 
 江苏省句容市人民法院 民事判决书 （2014）句少民初字第71号 
江苏省射阳县人民法院 民事判决书 （2015）射民初字第00439号
浙江省海宁市人民法院 民事判决书 （2013）嘉海民初字第3210号
山东省德州市陵城区人民法院 民事判决书 （2015）陵民初字第648号
 连云港市赣榆区人民法院 民事判决书 （2014）赣民初字第5306号 
