 福建省长乐市人民法院 民事判决书 （2013）长民初字第2237号 
江苏省溧水县人民法院 民事判决书 （2012）溧民初字第269号
 湖南省安化县人民法院 民事判决书 （2014）安法民一初字第693号 
吉林省吉林市昌邑区人民法院 民事判决书 （2015）昌民一初字第1274号
 南京市白下区人民法院 民事判决书 （2012）白民初字第723号 
 广西壮族自治区来宾市兴宾区人民法院 民事判决书 （2014）兴民初字第2836号 
甘肃省武威市凉州区人民法院 民事判决书 （2015）凉民初字第3490号
湖南省新化县人民法院 民事判决书 （2015）新法民一初字第519号
 河北省武安市人民法院 民事判决书 （2013）武民初字第2753号 
 黑龙江省东宁县人民法院 民事判决书 （2014）东道民初字第11号 
 河北省唐山市路北区人民法院 民事判决书 （2014）北民初字第4711号 
 浙江省文成县人民法院 民事判决书 （2013）温文民初字第377号 
 福建省南安市人民法院 民事判决书 （2014）南民初字第2083号 
 山东省济阳县人民法院 民事判决书 （2014）济阳民初字第1242号 
 江西省金溪县人民法院 民事判决书 （2014）金对民初字第85号 
 湖北省武汉市汉阳区人民法院 民事判决书 （2011）阳江民初字第00155号 
 内蒙古自治区包头市青山区人民法院 民事判决书 （2013）包青民一初字第501号 
 云南省威信县人民法院 民事判决书 （2014）威民初字第431号 
 浙江省海盐县人民法院 民事判决书 （2013）嘉盐民初字第1028号 
 四川省马边彝族自治县人民法院 民事判决书 （2014）马边民初字第7号 
 江苏省南京市高淳区人民法院 民事判决书 （2014）高漆民初字第216号 
安徽省怀远县人民法院 民事判决书 （2015）怀民一初字第03333号
 北京市通州区人民法院 民事判决书 （2014）通民初字第18613号 
陕西省泾阳县人民法院 民事判决书 （2015）泾民初字第01600号
 山东省商河县人民法院 民事判决书 （2014）商民初字第197号 
河南省许昌县人民法院 民事判决书 （2014）许县长民初字第24号
 山东省曹县人民法院 民事判决书 （2015）曹民初字第1029号 
 江苏省盐城市亭湖区人民法院 民事判决书 （2014）亭东民初字第00675号 
吉林省敦化市人民法院 民事判决书 （2015）敦民初字第2100号
 北京市昌平区人民法院 民事判决书 （2014）昌民初字第11895号 
上海市浦东新区人民法院 民事判决书 （2015）浦民一（民）初字第19276号
 辽宁省阜新市海州区人民法院 民事判决书 （2014）海民一初字第372号 
 安徽省凤阳县人民法院 民事判决书 （2014）凤民一初字第00597号 
 山东省临清市人民法院 民事判决书 （2014）临民一初字第1541号 
 云南省通海县人民法院 民事判决书 （2014）通民一初字第232号 
常州市金坛区人民法院 民事判决书 （2015）坛少民初字第00200号
 内蒙古自治区扎兰屯市人民法院 民事判决书 （2014）扎民初字第289号 
 江苏省海安县人民法院 民事判决书 （2013）安曲民初字第0295号 
 江西省余干县人民法院 民事判决书 （2015）干民一初字第306号 
天津市宝坻区人民法院 民事判决书 （2014）宝民初字第7172号
 广东省台山市人民法院 民事判决书 （2015）江台法斗民初字第113号 
 安徽省望江县人民法院 民事判决书 （2014）民一初字第00905号 
 广东省新兴县人民法院 民事判决书 （2015）云新法天民初字第60号 
 河北省唐山市古冶区人民法院 民事判决书 （2012）古民初字第423号 
 杭州市萧山区人民法院 民事判决书 （2015）杭萧民初字第2242号 
重庆市潼南区人民法院 民事判决书 （2015）潼法民初字第03118号
敖汉旗人民法院 民事判决书 （2015）敖民初字第2047号
徐州市铜山区人民法院 民事判决书 （2015）铜民初字第0681号
 长春汽车经济技术开发区人民法院 民事判决书 （2014）长汽开民初字第192号 
 福建省南安市人民法院 民事判决书 （2013）南民初字第3652号 
