 福建省泉州市鲤城区人民法院 民事判决书 （2014）鲤民初字第3846号 
 福建省莆田市荔城区人民法院 民事判决书 （2015）荔民初字第1014号 
 安徽省巢湖市人民法院 民事判决书 （2013）巢民一初字第00938号 
 四川省广元市昭化区人民法院 民事判决书 （2014）昭化民初字第382号 
 广东省四会市人民法院 民事判决书 （2014）肇四法民一初字第283号 
安徽省庐江县人民法院 民事判决书 （2015）庐江民一初字第01368号
 西安市阎良区人民法院 民事判决书 （2015）阎民初字第00598号 
 安徽省青阳县人民法院 民事判决书 （2014）青民一初字第00563号 
 安徽省合肥市瑶海区人民法院 民事判决书 （2014）瑶民一初字第01674号 
 河南省通许县人民法院 民事判决书 （2014）通民初字第1073号 
 山东省平原县人民法院 民事判决书 （2015）平民初字第184号 
 江苏省东海县人民法院 民事判决书 （2014）连东双民初字第00534号 
 太原市小店区人民法院 民事判决书 （2014）小民初字第286号 
 河北省肃宁县人民法院 民事判决书 （2013）肃民初字第1157号 
山东省邹城市人民法院 民事判决书 （2015）邹民初字第1928号
河南省新蔡县人民法院 民事判决书 （2015）新民初字第376号
 山东省广饶县人民法院 民事判决书 （2014）广民三初字第334号 
河南省漯河市召陵区人民法院 民事判决书 （2013）召民初字第1218号
四子王旗人民法院 民事判决书 （2015）四民初字第393号
安徽省枞阳县人民法院 民事判决书 （2015）枞民一初字第01472号
 安徽省池州市贵池区人民法院 民事判决书 （2015）贵民一初字第00284号 
 浙江省慈溪市人民法院 民事判决书 （2015）甬慈浒民初字第389号 
 福建省厦门市湖里区人民法院 民事判决书 （2014）湖民初字第5847号 
 江苏省兴化市人民法院 民事判决书 （2014）泰兴临民初字第1134号 
 西安市阎良区人民法院 民事判决书 （2013）阎民一初字第00554号 
 广西壮族自治区西林县人民法院 民事判决书 （2014）西民一初字第147号 
 四川省丹棱县人民法院 民事判决书 （2012）丹民初字第70号 
四川省成都市龙泉驿区人民法院 民事判决书 （2015）龙泉民初字第4222号
甘肃省临洮县人民法院 民事判决书 （2015）临衙民初字第314号
黑龙江省五大连池市人民法院 民事判决书 （2015）五民初字第1114号
四川省眉山市彭山区人民法院 民事判决书 （2015）彭山民初字第1198号
 四川省南江县人民法院 民事判决书 （2013）南民初字第3196号 
 湖南省长沙市开福区人民法院 民事判决书 （2014）开民一初字第03271号 
 江苏省昆山市人民法院 民事判决书 （2015）昆民初字第185号 
 福建省永春县人民法院 民事判决书 （2015）永民初字第1229号 
 重庆市永川区人民法院 民事判决书 （2015）永法少民初字第00359号 
 河南省项城市人民法院 民事判决书 （2012）项民初字第01394号 
 山西省潞城市人民法院 民事判决书 （2014）潞民初字第976号 
 重庆市江津区人民法院 民事判决书 （2014）津法民初字第00235号 
江苏省东海县人民法院 民事判决书 （2015）连东房民初字第00527号
 上海市徐汇区人民法院 民事判决书 （2014）徐民一（民）初字第7037号 
新疆维吾尔自治区乌鲁木齐市米东区人民法院 民事判决书 （2015）米东少民初字第489号
 湖北省蕲春县人民法院 民事判决书 （2014）鄂蕲春民一初字第01188号 
 广西壮族自治区融安县人民法院 民事判决书 （2013）融民一初字第612号 
 湖南省辰溪县人民法院 民事判决书 （2015）辰民一初字第170号 
 沈阳市和平区人民法院 民事判决书 （2015）沈和民一初字第00018号 
 湖南省石门县人民法院 民事判决书 （2015）石民简初字第16号 
 安徽省定远县人民法院 民事判决书 （2013）定民一初字第02458号 
 广东省兴宁市人民法院 民事判决书 （2014）梅兴法叶民初字第161号 
 河北省武安市人民法院 民事判决书 （2013）武民初字第143号 
