 安徽省马鞍山市博望区人民法院 民事判决书 （2015）博民一初字第00217号 
 广东省和平县人民法院 民事判决书 （2014）河和法民一初字第235号 
 上海市长宁区人民法院 民事判决书 （2013）长民四（民）初字第1725号 
 江苏省南京市高淳区人民法院 民事判决书 （2015）高民初字第129号 
江苏省海门市人民法院 民事判决书 （2015）门四民初字第00370号
 浙江省海盐县人民法院 民事判决书 （2013）嘉盐民初字第58号 
 云南省禄劝彝族苗族自治县人民法院 民事判决书 （2015）禄民初字第965号 
湖南省永顺县人民法院 民事判决书 （2015）永民初字第501号
 河北省承德市双滦区人民法院 民事判决书 （2014）双滦民初字第944号 
 安徽省南陵县人民法院 民事判决书 （2014）南民一初字第00997号 
 辽宁省黑山县人民法院 民事判决书 （2014）黑虎民初字第00698号 
 连云港市海州人民法院 民事判决书 （2015）海民初字第01267号 
 福建省福鼎市人民法院 民事判决书 （2015）鼎民初字第65号 
 湖北省宜城市人民法院 民事判决书 （2014）鄂宜城民鄢初字第00232号 
 淮安市清河区人民法院 民事判决书 （2015）河民初字第0564号 
 四川省乐至县人民法院 民事判决书 （2014）乐至民初字第1967号 
四川省中江县人民法院 民事判决书 （2015）中江民初字第1877号
 福建省仙游县人民法院 民事判决书 （2015）仙民初字第1757号 
江苏省溧阳市人民法院 民事判决书 （2015）溧天民初字第00585号
洛阳市老城区人民法院 民事判决书 （2015）老民初字第370号
 云南省鲁甸县人民法院 民事判决书 （2015）鲁民初字第279号 
 淮安市清河区人民法院 民事判决书 （2014）河民初字第1414号 
 江苏省宿迁市宿豫区人民法院 民事判决书 （2014）宿豫民初字第0902号 
 山东省夏津县人民法院 民事判决书 （2015）夏民初字第5016号 
 四川省自贡市贡井区人民法院 民事判决书 （2014）贡井民一初字第329号 
 广东省梅县人民法院 民事判决书 （2013）梅县法大民初字第66号 
 温州市鹿城区人民法院 民事判决书 （2013）温鹿藤民初字第49号 
浙江省新昌县人民法院 民事判决书 （2011）绍新民初字第227号
 山东省陵县人民法院 民事判决书 （2013）陵民初字第1077号 
 湖南省常德市鼎城区人民法院 民事判决书 （2015）常鼎民初字第262号 
 广西壮族自治区象州县人民法院 民事判决书 （2014）象民初字第955号 
 福建省惠安县人民法院 民事判决书 （2014）惠民初字第4678号 
 吉林省永吉县人民法院 民事判决书 （2013）永民一初字第625号 
 广西壮族自治区容县人民法院 民事判决书 （2014）容民初字第280号 
浙江省象山县人民法院 民事判决书 （2015）甬象徐民初字第62号
 江苏省射阳县人民法院 民事判决书 （2014）射民初字第01567号 
 辽宁省义县人民法院 民事判决书 （2015）义民二初字第00778号 
 广东省南雄市人民法院 民事判决书 （2014）韶雄法民三初字第236号 
四川省乐至县人民法院 民事判决书 （2015）乐至民初字第2095号
 山东省临清市人民法院 民事判决书 （2013）临民一初字第1341号 
 湖南省隆回县人民法院 民事判决书 （2013）隆民二初字第418号 
江苏省泗阳县人民法院 民事判决书 （2015）泗民初字第0349号
 四川省营山县人民法院 民事判决书 （2015）营民初字第885号 
 河北省盐山县人民法院 民事判决书 （2014）盐民初字第2010号 
 江苏省泗洪县人民法院 民事判决书 （2014）洪界民初字第00558号 
 中华人民共和国 吉林省延边朝鲜族自治州中级人民法院 民事判决书 （2015）延中民三初字第274号 
 贵州省黔西县人民法院 民事判决书 （2014）黔县民初字第245号 
 福建省石狮市人民法院 民事判决书 （2015）狮民初字第2857号 
连云港市海州区人民法院 民事判决书 （2015）海民初字第01703号
 福建省建瓯市人民法院 民事判决书 （2014）瓯民初字第2293号 
