 河北省魏县人民法院 民事判决书 （2015）魏民初字第377号 
 贵州省贵阳市云岩区人民法院 民事判决书 （2014）云民一初字第319号 
 安徽省亳州市谯城区人民法院 民事判决书 （2013）谯民一初字第01777号 
河北省武邑县人民法院 民事判决书 （2015）武清民一初字第312号
 湖南省芷江侗族自治县人民法院 民事判决书 （2013）芷民一初字第269号 
 云南省广南县人民法院 民事判决书 （2014）广民二初字第60号 
广西壮族自治区梧州市万秀区人民法院 民事判决书 （2015）万民初字第1517号
 四川省仁寿县人民法院 民事判决书 （2015）仁寿民初字第101号 
四川省西充县人民法院 民事判决书 （2015）西充民初字第221号
 杭州市拱墅区人民法院 民事判决书 （2013）杭拱半民初字第64号 
福建省南平市建阳区人民法院 民事判决书 （2015）潭民初字第2833号
 南京市江宁区人民法院 民事判决书 （2013）江宁民初字第3413号 
 广西壮族自治区陆川县人民法院 民事判决书 （2014）陆民初字第12号 
 甘肃省靖远县人民法院 民事判决书 （2014）靖大民初字第62号 
 贵州省遵义市红花岗区人民法院 民事判决书 （2014）红民一初字第1143号 
 甘肃省庆阳市西峰区人民法院 民事判决书 （2014）庆西民初字第450号 
 湖南省新化县人民法院 民事判决书 （2014）新法民一初字第1338号 
 连云港市海州区人民法院 民事判决书 （2015）海民初字第01849号 
 甘肃省酒泉市肃州区人民法院 民事判决书 （2014）酒肃巡初字第396号 
 山西省运城市盐湖区人民法院 民事判决书 （2012）运盐民初字第1607号 
 安徽省利辛县人民法院 民事判决书 （2015）利民一初字第01067号 
 安徽省合肥市包河区人民法院 民事判决书 （2014）包民一初字第01204号 
 安徽省萧县人民法院 民事判决书 （2014）萧民一初字第03158号 
 江西省东乡县人民法院 民事判决书 （2014）东民初字第776号 
 湖南省武冈市人民法院 民事判决书 （2014）武法民初字第199号 
 湖南省株洲市荷塘区人民法院 民事判决书 （2014）株荷法民一初字第413号 
 河南省泌阳县人民法院 民事判决书 （2014）泌民初字第01674号 
 湖南省宁乡县人民法院 民事判决书 （2014）宁民初字第02911号 
黑龙江省嫩江县人民法院 民事判决书 （2015）嫩民初字第310号
 云南省元江哈尼族彝族傣族自治县人民法院 民事判决书 （2015）元民一初字第87号 
四川省广安市广安区人民法院 民事判决书 （2015）广安民初字第1690号
 广东省湛江市霞山区人民法院 民事判决书 （2014）湛霞法民一初字第129号 
 江西省高安市人民法院 民事判决书 （2014）高民一初字第635号 
 陕西省蓝田县人民法院 民事判决书 （2013）蓝民初字第00710号 
 广西壮族自治区南丹县人民法院 民事判决书 （2014）丹民初字第405号 
 四川省盐亭县人民法院 民事判决书 （2015）盐民初字第296号 
广西壮族自治区扶绥县人民法院 民事判决书 （2014）扶民初字第594号
 北京市平谷区人民法院 民事判决书 （2013）平民初字第04320号 
浙江省衢州市柯城区人民法院 民事判决书 （2011）衢柯花民初字第6号
浙江省兰溪市人民法院 民事判决书 （2015）金兰永民初字第98号
中华人民共和国 辽宁省沈阳市苏家屯区人民法院 民事判决书 （2014）苏民外初字第00075号
 河北省香河县人民法院 民事判决书 （2014）香民初字第895号 
 长春经济技术开发区人民法院 民事判决书 （2014）长经开民初字第1498号 
湖北省十堰市郧阳区人民法院 民事判决书 （2015）鄂郧阳民一初字第00469号
 四川省三台县人民法院 民事判决书 （2014）三民初字第1833号 
黎川县人民法院 民事判决书 （2015）黎民初字第200号
 浙江省淳安县人民法院 民事判决书 （2013）杭淳威商初字第19号 
 山东省胶州市人民法院 民事判决书 （2013）胶民初字第25号 
 连云港市新浦区人民法院 民事判决书 （2014）新民初字第0918号 
山东省鄄城县人民法院 民事判决书 （2013）鄄民初字第1488号
