 河南省卫辉市人民法院 民事判决书 （2013）卫民初字第942号 
 河南省虞城县人民法院 民事判决书 （2015）虞民初字第452号 
安徽省芜湖市鸠江区人民法院 民事判决书 （2015）鸠民一初字第00984号
 上海市徐汇区人民法院 民事判决书 （2013）徐民一（民）初字第8434号 
 山东省泰安市岱岳区人民法院 民事判决书 （2014）岱民初字第1302号 
 河北省唐山市路北区人民法院 民事判决书 （2015）北民初字第1296号 
 山东省平邑县人民法院 民事判决书 （2013）平民初字第3227号 
 上海市浦东新区人民法院 民事判决书 （2015）浦民一（民）初字第2534号 
甘肃省镇原县人民法院 民事判决书 （2015）镇民初字第567号
河南省上蔡县人民法院 民事判决书 （2015）上民一初字第2103号
 福建省宁化县人民法院 民事判决书 （2014）宁少民初字第60号 
四川省旺苍县人民法院 民事判决书 （2015）旺苍民初字第1230号
 上海市松江区人民法院 民事判决书 （2014）松民一（民）初字第4331号 
 河南省淮阳县人民法院 民事判决书 （2015）淮民初字第00026号 
 宁夏回族自治区石嘴山市大武口区人民法院 民事判决书 （2014）石大民初字第303号 
 湖南省洞口县人民法院 民事判决书 （2014）洞民初字第1619号 
 湖北省崇阳县人民法院 民事判决书 （2014）鄂崇阳民初字第00628号 
江苏省宿迁市宿城区人民法院 民事判决书 （2015）宿城民初字第1766号
 贵州省务川仡佬族苗族自治县人民法院 民事判决书 （2015）务民初字第365号 
 浙江省桐庐县人民法院 民事判决书 （2012）杭桐民初字第554号 
南京市江宁区人民法院 民事判决书 （2015）江宁淳民初字第757号
 湖北省松滋市人民法院 民事判决书 （2014）鄂松滋民初字第01730号 
重庆市大足区人民法院 民事判决书 （2015）足法民初字第01595号
 金华市婺城区人民法院 民事判决书 （2014）金婺白民初字第19号 
四川省盐亭县人民法院 民事判决书 （2015）盐民初字第2826号
 湖北省咸宁市咸安区人民法院 民事判决书 （2015）鄂咸安民初字第00062号 
湖北省武汉市江汉区人民法院 民事判决书 （2015）鄂江汉巡民初字第00703号
昆明市盘龙区人民法院 民事判决书 （2015）盘法水民初字第72号
广东省信宜市人民法院 民事判决书 （2015）茂信法合民初字第219号
湖南省邵阳市双清区人民法院 民事判决书 （2015）双民初字第614号
 河南省商丘市睢阳区人民法院 民事判决书 （2015）商睢民初字第02204号 
四川省乐山市市中区人民法院 民事判决书 （2015）乐中民初字第2657号
 西安市碑林区人民法院 民事判决书 （2013）碑民二初字第00996号 
 山东省齐河县人民法院 民事判决书 （2014）齐宣民初字第1141号 
 上海市浦东新区人民法院 民事判决书 （2014）浦民一（民）初字第27787号 
 江苏省泰兴市人民法院 民事判决书 （2014）泰河民初字第0965号 
 辽宁省抚顺市东洲区人民法院 民事判决书 （2014）抚东民一初字第00062号 
 重庆市巫山县人民法院 民事判决书 （2014）山法民初字第02082号 
安徽省望江县人民法院 民事判决书 （2015）望民一初字第01460号
 山东省枣庄市山亭区人民法院 民事判决书 （2014）山民初字第1074号 
 浙江省兰溪市人民法院 民事判决书 （2015）金兰民初字第397号 
 重庆市武隆县人民法院 民事判决书 （2015）武法民初字第01349号 
福建省永春县人民法院 民事判决书 （2015）永民初字第1250号
 湖北省利川市人民法院 民事裁定书 （2013）鄂利川民初字第01670号 
甘肃省正宁县人民法院 民事判决书 （2011）正民初字第508号
 江苏省张家港市人民法院 民事判决书 （2014）张开少民初字第00074号 
 青海省大通回族土族自治县人民法院 民事判决书 （2014）大民一初字第563号 
山东省平度市人民法院 民事判决书 （2015）平少民初字第620号
 淮安市淮安区人民法院 民事判决书 （2014）淮法车民初字第1561号 
 陕西省礼泉县人民法院 民事判决书 （2014）礼民初字第01077号 
