河南省沈丘县人民法院 民事判决书 （2014）沈民初字第1556号
 江西省安远县人民法院 民事判决书 （2013）安民一（版）初字第109号 
 浙江省临安市人民法院 民事判决书 （2014）杭临民初字第2519号 
 广西壮族自治区兴业县人民法院 民事判决书 （2014）兴民一初字第508号 
 甘肃省天祝藏族自治县人民法院 民事判决书 （2015）天法民初字第03号 
浙江省温岭市人民法院 民事判决书 （2010）台温民初字第172号
 浙江省温岭市人民法院 民事判决书 （2014）台温溪民初字第31号 
 湖南省衡山县人民法院 民事判决书 （2014）山萱民一初字第1号 
 山东省青岛市黄岛区人民法院 民事判决书 （2014）黄民初字第8383号 
 贵州省织金县人民法院 民事判决书 （2015）黔织民初字第522号 
 上海市嘉定区人民法院 民事判决书 （2014）嘉民一（民）初字第4647号 上海市嘉定区人民法院 民事判决书 （2014）嘉民一（民）初字第4647号 
 息县人民法院 民事判决书 （2015）息民初字第701号 
湖南省中方县人民法院 民事判决书 （2015）方民一初字第341号
 安徽省来安县人民法院 民事判决书 （2014）来民一初字第01116号 
江苏省宜兴市人民法院 民事判决书 （2015）宜张民初字第0580号
 山东省聊城市东昌府区人民法院 民事判决书 （2014）聊东民初字第4045号 
四川省邛崃市人民法院 民事判决书 （2015）邛崃民初字第414号
 山东省郓城县人民法院 民事判决书 （2013）郓民初字第1764号 
 安徽省庐江县人民法院 民事判决书 （2015）庐江民一初字第01729号 
安徽省淮北市相山区人民法院 民事判决书 （2015）相民一初字第01290号
 河北省巨鹿县人民法院 民事判决书 （2014）巨民一初字第356号 
四川省中江县人民法院 民事判决书 （2015）中江民初字第790号
 江苏省南京市高淳区人民法院 民事判决书 （2014）高漆民初字第468号 
 商城县人民法院 民事判决书 （2014）商民初字第117号 
湖南省保靖县人民法院 民事判决书 （2015）保民初字第349号
 成都市武侯区人民法院 民事判决书 （2014）武侯民初字第3337号 
 河南省鹿邑县人民法院 民事判决书 （2013）鹿民初字第189号 
 内蒙古自治区扎鲁特旗人民法院 民事判决书 （2014）扎鲁民初字第291号 
江西省会昌县人民法院 民事判决书 （2015）会民一初字第55号
 湖北省老河口市人民法院 民事判决书 （2013）鄂老河口民初字第00149号 
 江苏省涟水县人民法院 民事判决书 （2014）淮涟高民初字第85号 
 山东省安丘市人民法院 民事判决书 （2014）安民初字第779号 
 安徽省泗县人民法院 民事判决书 （2014）泗民一初字第00853号 
 内蒙古自治区通辽市科尔沁区人民法院 民事判决书 （2014）科民初字第865号 
河南省新密市人民法院 民事判决书 （2015）新密民一初字第290号
 河北省河间市人民法院 民事判决书 （2014）河民初字第1816号 
 福建省惠安县人民法院 民事判决书 （2014）惠民初字第6171号 
 广西壮族自治区陆川县人民法院 民事判决书 （2013）陆民初字第2577号 
 湖南省沅陵县人民法院 民事判决书 （2014）沅民一初字第313号 
 重庆市梁平县人民法院 民事判决书 （2015）梁法民初字第01729号 
 陕西省富平县人民法院 民事判决书 （2014）富平民初字第02892号 
 四川省长宁县人民法院 民事判决书 （2013）长民初字第518号 
 新疆维吾尔自治区库尔勒市人民法院 民事判决书 （2014）库普民初字第70号 
辽宁省桓仁满族自治县人民法院 民事判决书 （2015）桓民初字第00520号
 山东省聊城市东昌府区人民法院 民事判决书 （2013）聊东民初字第1094号 
广东省信宜市人民法院 民事判决书 （2015）茂信法民一初字第244号
 辽宁省盘山县人民法院 民事判决书 （2014）盘县民一初字第01052号 
 安徽省临泉县人民法院 民事判决书 （2015）临民一初字第02262号 
 安徽省肥东县人民法院 民事判决书 （2014）肥东民一初字第01564号 
 福建省仙游县人民法院 民事判决书 （2014）仙民初字第4803号 
