四川省广元市利州区人民法院 民事判决书 （2015）广利州民初字第3617号
 北京市海淀区人民法院 民事判决书 （2013）海民初字第21403号 
 湖南省益阳市资阳区人民法院 民事判决书 （2014）资民一初字第468号 
广西壮族自治区陆川县人民法院 民事判决书 （2015）陆民初字第1406号
 安徽省桐城市人民法院 民事判决书 （2014）桐民一初字第00515号 
广东省高州市人民法院 民事判决书 （2015）茂高法金民初字第252号
 广西壮族自治区灵山县人民法院 民事判决书 （2014）灵民初字第1780号 
 湖北省秭归县人民法院 民事判决书 （2015）鄂秭归民初字第00079号 
湖南省涟源市人民法院 民事判决书 （2014）涟民一初字第1173号
湖北省咸丰县人民法院 民事判决书 （2015）鄂咸丰民初字第00393号
 贵州省水城县人民法院 民事判决书 （2014）黔水民初字第1253号 
湖北省罗田县人民法院 民事判决书 （2015）鄂罗田匡民一初字第00107号
 北京市东城区人民法院 民事判决书 （2013）东民初字第06790号 
 河北省滦南县人民法院 民事判决书 （2014）倴民初字第941号 
 潍坊市坊子区人民法院 民事判决书 （2014）坊埠民初字第986号 
天津市滨海新区人民法院 民事判决书 （2015）滨港民初字第1320号
 湖北省利川市人民法院 民事判决书 （2015）鄂利川民初字第00614号 
 四川省西充县人民法院 民事判决书 （2014）西充民初字第1893号 
 湖南省石门县人民法院 民事判决书 （2013）石民太初字第71号 
 广东省中山市第一人民法院 民事判决书 （2014）中一法三民一初字第861号 
山东省昌邑市人民法院 民事判决书 （2015）昌民初字第732号
安徽省阜南县人民法院 民事判决书 （2015）南民一初字第01108号
四川省武胜县人民法院 民事判决书 （2015）武胜民初字第1476号
 河南省驻马店市驿城区人民法院 民事判决书 （2014）驿民初字第25号 
四川省自贡市自流井区人民法院 民事判决书 （2015）自流民初字第2560号
 重庆市城口县人民法院 民事判决书 （2014）城法民初字第00015号 
 湖南省道县人民法院 民事判决书 （2013）道法民初字第1222号 
湖南省桃江县人民法院 民事判决书 （2015）桃民一初字第412号
 山东省五莲县人民法院 民事判决书 （2015）莲民一初字第114号 
 广西壮族自治区永福县人民法院 民事判决书 （2014）永民初字第76号 
陕西省大荔县人民法院 民事判决书 （2015）大民初字第01178号
浙江省余姚市人民法院 民事判决书 （2015）甬余泗民初字第291号
 山东省临清市人民法院 民事判决书 （2011）临民一初字第1565号 
 四川省梓潼县人民法院 民事判决书 （2014）梓民初字第608号 
徐州市铜山区人民法院 民事判决书 （2015）铜郑民初字第456号
昆明市东川区人民法院 民事判决书 （2015）东民初字第651号
 沈阳市和平区人民法院 民事判决书 （2014）沈和民一初字第01278号 
广东省南雄市人民法院 民事判决书 （2014）韶雄法乌民初字第97号
重庆市酉阳土家族苗族自治县人民法院 民事判决书 （2015）酉法民初字第00992号
 江苏省如皋市人民法院 民事判决书 （2014）皋开民初字第1213号 
 山东省单县人民法院 民事判决书 （2014）单民初字第2378号 
 山东省枣庄市薛城区人民法院 民事判决书 （2014）薛民初字第1003号 
 江苏省昆山市人民法院 民事判决书 （2014）昆少民初字第0089号 
 汕头市潮阳区人民法院 民事判决书 （2014）汕阳法关民初字第40号 
 贵州省思南县人民法院 民事判决书 （2015）思民初字第137号 
甘肃省临潭县人民法院 民事判决书 （2015）潭民初字第302号
福建省福清市人民法院 民事判决书 （2014）融民初字第1137号
 山东省郓城县人民法院 民事判决书 （2013）郓民初字第2079号 
 内蒙古自治区克什克腾旗人民法院 民事判决书 （2014）克民初字第1881号 
 安徽省霍邱县人民法院 民事判决书 （2015）霍民一初字第00310号 
