 湖北省公安县人民法院 民事判决书 （2014）鄂公安民初字第00940号 
 河北省望都县人民法院 民事判决书 （2014）望民初字第0327号 
 山东省邹城市人民法院 民事判决书 （2014）邹民初字第1119号 
 广西壮族自治区浦北县人民法院 民事判决书 （2014）浦民初字第235号 
 广西壮族自治区陆川县人民法院 民事判决书 （2013）陆民初字第2195号 
 河北省蠡县人民法院 民事判决书 （2014）蠡民初字第1126号 
 贵州省盘县人民法院 民事判决书 （2014）黔盘民初字第3464号 
 湖南省醴陵市人民法院 民事判决书 （2014）醴法民一初字第501号 
 山东省阳谷县人民法院 民事判决书 （2012）阳民初字第423号 
 安徽省桐城市人民法院 民事判决书 （2014）桐民一初字第00494号 
 浙江省嵊州市人民法院 民事判决书 （2015）绍嵊民初字第574号 
 北京市西城区人民法院 民事判决书 （2015）西民初字第05774号 
广东省紫金县人民法院 民事判决书 （2015）河紫法民一初字第1095号
 云南省彝良县人民法院 民事判决书 （2015）彝民初字第583号 
 常州市新北区人民法院 民事判决书 （2014）新孟民初字第0115号 
 山东省泰安市岱岳区人民法院 民事判决书 （2014）岱民初字第1528号 
 山东莘县人民法院 民事判决书 （2013）莘民一初字第784号 
滑县人民法院 民事判决书 （2012）滑王民初字第02号
 山西省黎城县人民法院 民事判决书 （2014）黎民初字第331号 
 湖北省武汉市黄陂区人民法院 民事判决书 （2014）鄂黄陂盘民初字第00246号 
 云南省昆明市官渡区人民法院 民事判决书 （2013）官民一初字第3151号 
 安徽省舒城县人民法院 民事判决书 （2015）舒民一初字第00386号 
 湖北省嘉鱼县人民法院 民事判决书 （2014）鄂嘉鱼民初字第00045号 
 福建省德化县人民法院 民事判决书 （2013）德民初字第671号 
 湖北省通城县人民法院 民事判决书 （2014）鄂通城民初字第00442号 
浙江省乐清市人民法院 民事判决书 （2015）温乐民初字第331号
 重庆市江津区人民法院 民事判决书 （2015）津法民初字第02499号 
 广西壮族自治区融安县人民法院 民事判决书 （2014）融安民一初字第526号 
 四川省泸州市江阳区人民法院 民事判决书 （2014）江阳民初字第861号 
 青海省海东市乐都区人民法院 民事判决书 （2014）乐民初字第1107号 
 河北省曲阳县人民法院 民事判决书 （2014）曲民初字第1207号 
 山东省日照市东港区人民法院 民事判决书 （2015）东民一初字第1039号 
浙江省海宁市人民法院 民事判决书 （2010）嘉海长民初字第77号
 江苏省东台市人民法院 民事判决书 （2014）东安民初字第0405号 
云南省永平县人民法院 民事判决书 （2015）永民初字第291号
 河北省霸州市人民法院 民事判决书 （2014）霸民初字第1184号 
 四川省宣汉县人民法院 民事判决书 （2014）宣汉民初字第962号 
 河北省任丘市人民法院 民事判决书 （2014）任民初字第296号 
 重庆市奉节县人民法院 民事判决书 （2014）奉法民初字第02570号 
 江苏省东台市人民法院 民事判决书 （2013）东时民初字第0132号 
 广东省丰顺县人民法院 民事判决书 （2014）梅丰法附民初字第63号 
江苏省泗阳县人民法院 民事判决书 （2015）泗王民初字第0937号
 重庆市丰都县人民法院 民事判决书 （2014）丰法民初字第01451号 
 河南省商丘市睢阳区人民法院 民事判决书 （2014）商睢民初字第01336号 
 山东省阳谷县人民法院 民事判决书 （2013）阳民初字第1181号 
 陕西省紫阳县人民法院 民事判决书 （2013）紫民初字第00170号 
 甘肃省陇西县人民法院 民事判决书 （2014）陇民一初字第370号 
 景德镇市珠山区人民法院 民事判决书 （2014）珠民一初字第44号 
安徽省芜湖市鸠江区人民法院 民事判决书 （2015）鸠民一初字第01047号
 上海市闵行区人民法院 民事判决书 （2013）闵民一（民）初字第10008号 
