 河北省成安县人民法院 民事判决书 （2013）成民初字第1051号 
 河北省唐山市丰润区人民法院 民事判决书 （2013）丰民初字第885号 
 江苏省溧阳市人民法院 民事判决书 （2014）溧埭民初字第291号 
广东省梅州市梅县区人民法院 民事判决书 （2015）梅县法大民初字第4号
重庆市垫江县人民法院 民事判决书 （2015）垫法民初字第00135号
 广东省增城市人民法院 民事判决书 （2015）穗增法民一初字第123号 
 四川省南部县人民法院 民事判决书 （2014）南民初字第2766号 
 xx省xxx市人民法院 民事判决书 （2014）鄂丹江口民初字第00213号 
连云港市海州区人民法院 民事判决书 （2015）海民初字第03374号
 黑龙江省五常市人民法院 民事判决书 （2014）五民初字第855号 
 四川省渠县人民法院 民事判决书 （2014）达渠民初字第1044号 
山东省曹县人民法院 民事判决书 （2015）曹民初字第3714号
内蒙古自治区奈曼旗人民法院 民事判决书 （2015）奈民初字第3431号
 河南省南阳市卧龙区人民法院 民事判决书 （2015）宛龙潦民初字第29号 
 四川省武胜县人民法院 民事判决书 （2014）武胜民初字第1138号 
 江苏省如皋市人民法院 民事判决书 （2013）皋石民初字第0876号 
山东省青岛市黄岛区人民法院 民事判决书 （2015）黄民重字第9号
 四川省蓬溪县人民法院 民事判决书 （2013）蓬溪民初字第2606号 
广东省龙门县人民法院 民事判决书 （2014）惠龙法汉民初字第121号
 宁夏回族自治区固原市原州区人民法院 民事判决书 （2014）原民初字第2796号 
湖南省益阳市赫山区人民法院 民事判决书 （2014）益赫民一初字第2009号
河南省商城县人民法院 民事判决书 （2013）商民初字第552号
 湖南省宜章县人民法院 民事判决书 （2013）宜民一初字第846号 
 江西省遂川县人民法院 民事判决书 （2014）遂草民初字第24号 
 上海市浦东新区人民法院 民事判决书 （2014）浦民一（民）初字第39728号 
 重庆市开县人民法院 民事判决书 （2014）开法民初字第01118号 
 延安市宝塔区人民法院 民事判决书 （2013）宝民初字第02383号 
 四川省宜宾市南溪区人民法院 民事判决书 （2013）南溪观民初字第82号 
 湖南省花垣县人民法院 民事判决书 （2014）花民初字第532号 
 安徽省桐城市人民法院 民事判决书 （2014）桐民一初字第02259号 
 江苏省高淳县人民法院 民事判决书 （2012）高民初字第1345号 
福建省顺昌县人民法院 民事判决书 （2015）顺民初字第988号
 湖北省枣阳市人民法院 民事判决书 （2014）鄂枣阳琚民初字第00008号 
江苏省张家港市人民法院 民事判决书 （2015）张锦民初字第00289号
安徽省宿松县人民法院 民事判决书 （2015）松民一初字第00457号
重庆市开县人民法院 民事判决书 （2015）开法民初字第03514号
 前郭尔罗斯蒙古族自治县人民法院 民事判决书 （2014）前民初字第1386号 
安徽省霍邱县人民法院 民事判决书 （2015）霍民一初字第01531号
 息县人民法院 民事判决书 （2014）息民初字第121号 
 山东省泰安市岱岳区人民法院 民事判决书 （2015）岱民初字第244号 
山东省胶州市人民法院 民事判决书 （2015）胶少民初字第521号
 河南省许昌县人民法院 民事判决书 （2014）许县灵民初字第318号 
 北京市昌平区人民法院 民事判决书 （2014）昌民初字第10187号 
 四川省中江县人民法院 民事判决书 （2014）中江民初字第930号 
 广东省乳源瑶族自治县人民法院 民事判决书 （2014）韶乳法民一初字第67号 
 湖南省邵阳市双清区人民法院 民事判决书 （2014）双民初字第272号 
 山东省阳谷县人民法院 民事判决书 （2014）阳民初字第2020号 
 南京市白下区人民法院 民事判决书 （2012）白民初字第1837号 
 北京市怀柔区人民法院 民事判决书 （2014）怀民初字第05743号 
 河北省辛集市人民法院 民事判决书 （2014）辛民初字第80009号 
