 河北省唐山市曹妃甸区人民法院 民事判决书 （2015）曹民初字第1603号 
 陕西省咸阳市杨陵区人民法院 民事判决书 （2015）杨民初字第00036号 
 福建省南安市人民法院 民事判决书 （2014）南民初字第5723号 
 湖北省蕲春县人民法院 民事判决书 （2015）鄂蕲春民一初字第00805号 
 黑龙江省哈尔滨市呼兰区人民法院 民事判决书 （2015）呼康民初字第34号 
 安徽省灵璧县人民法院 民事判决书 （2015）灵民初字第01293号 
 贵州省思南县人民法院 民事判决书 （2015）思民初字第353号 
 吉林省九台市人民法院 民事判决书 （2014）九民初字第407号 
浙江省临海市人民法院 民事判决书 （2010）台临民初字第163号
 山东省沂南县人民法院 民事判决书 （2014）沂南民初字第1970号 
河南省许昌县人民法院 民事判决书 （2013）许县枪民初字第236号
江苏省泗阳县人民法院 民事判决书 （2015）泗王民初字第0307号
 绍兴市上虞区人民法院 民事判决书 （2014）绍虞章民初字第4号 
山西省石楼县人民法院 民事判决书 （2015）石民初字第162号
山东省寿光市人民法院 民事判决书 （2015）寿民初字第1895号
 广西壮族自治区忻城县人民法院 民事判决书 （2014）忻民初字第25号 
河北省安平县人民法院 民事判决书 （2015）安何民一初字第1388号
 山东省莱西市人民法院 民事判决书 （2015）西少民初字第210号 
 内蒙古科尔沁左翼后旗人民法院 民事判决书 （2014）后民初字第160号 
 河北省顺平县人民法院 民事判决书 （2013）顺民初字第05422号 SHAPE＼＊MERGEFORMAT SHAPE＼＊MERGEFORMAT 顺民初字第05422号 
 襄阳市襄州区人民法院 民事判决书 （2014）鄂襄州双沟民初字第00041号 
杭州市拱墅区人民法院 民事判决书 （2015）杭拱民初字第586号
 重庆市江津区人民法院 民事判决书 （2015）津法民初字第04916号 
福建省周宁县人民法院 民事判决书 （2015）周民初字第619号
 山东省宁阳县人民法院 民事判决书 （2013）宁民初字第2800号 
 甘肃省清水县人民法院 民事判决书 （2014）清民初字第481号 
 广东省信宜市人民法院 民事判决书 （2015）茂信法怀民初字第72号 
 重庆市綦江区人民法院 民事判决书 （2014）綦法民初字第03470号 
 辽宁省新民市人民法院 民事判决书 （2015）新民民三初字第1212号 
四川省中江县人民法院 民事判决书 （2015）中江民初字第1414号
 福建省古田县人民法院 民事判决书 （2014）古民初字第648号 
 江苏省大丰市人民法院 民事判决书 （2015）大南民初字第00290号 
 河南省清丰县人民法院 民事判决书 （2014）清民初字第1639号 
 景德镇市珠山区人民法院 民事判决书 （2014）珠民一初字第56号 
 山西省灵丘县人民法院 民事判决书 （2014）灵民初字第202号 
 山东省临清市人民法院 民事判决书 （2015）临民一初字第808号 
 河南省正阳县人民法院 民事判决书 （2013）正民初字第1998号 
 山东省郓城县人民法院 民事判决书 （2013）郓民初字第1014号 
贵州省贵定县人民法院 民事判决书 （2015）贵民初字第714号
 安徽省合肥市蜀山区人民法院 民事判决书 （2014）蜀民一初字第02110号 
 吉林省榆树市人民法院 民事判决书 （2014）榆民初字第2972号 
 河北省唐山市古冶区人民法院 民事判决书 （2014）古民初字第457号 
江西省铅山县人民法院 民事判决书 （2015）铅民一初字第674号
 四川省井研县人民法院 民事判决书 （2013）井研民初字第1036号 
 重庆市江津区人民法院 民事判决书 （2014）津法民初字第09075号 
安徽省临泉县人民法院 民事判决书 （2015）临民一初字第04195号
 浙江省永嘉县人民法院 民事判决书 （2015）温永岩民初字第18号 
 甘肃省康乐县人民法院 民事判决书 （2014）康法民初字第470号 
 天津市静海县人民法院 民事判决书 （2014）静民初字第868号 
广州市从化区人民法院 民事判决书 （2015）穗从法民一初字第957号
