 大连市金州区人民法院 民事判决书 （2014）金民初字第5737号 
 安徽省六安市金安区人民法院 民事判决书 （2014）六金民一初字第01400号 
 广西壮族自治区田阳县人民法院 民事判决书 （2013）阳民一初字第936号 
 浙江省玉环县人民法院 民事判决书 （2014）台玉港民初字第217号 
 江苏省仪征市人民法院 民事判决书 （2013）仪马民初字第0129号 
 山东省肥城市人民法院 民事判决书 （2013）肥民初字第2240号 
辽宁省灯塔市人民法院 民事判决书 （2015）灯民初字第00691号
 江苏省兴化市人民法院 民事判决书 （2014）泰兴临民初字第0866号 
 陕西省彬县人民法院 民事判决书 （2014）彬民初字第00007号 
浙江省宁海县人民法院 民事判决书 （2010）甬宁岔民初字第19号
 湖北省武汉市洪山区人民法院 民事判决书 （2014）鄂洪山民初字第00206号 
 江苏省如皋市人民法院 民事判决书 （2014）皋开民初字第1098号 
 青海省门源回族自治县人民法院 民事判决书 （2014）门民一初字第557号 
 中华人民共和国 浙江省宁波市海曙区人民法院 民事判决书 （2014）甬海民初字第1291号 
 辽宁省法库县人民法院 民事判决书 （2015）法民一初字第161号 
 陕西省周至县人民法院 民事判决书 （2014）周民初字第01262号 
湖南省保靖县人民法院 民事判决书 （2015）保民初字第283号
 安徽省颍上县人民法院 民事判决书 （2013）颍民一初字第03227号 
 湖北省丹江口市人民法院 民事判决书 （2014）鄂丹江口民初字第00408号 
 江苏省东台市人民法院 民事判决书 （2015）东安民初字第0090号 
 山东省淄博市淄川区人民法院 民事判决书 （2014）川民初字第514号 
 内黄县人民法院 民事判决书 （2014）内东民初字第189号 
 河南省夏邑县人民法院 民事判决书 （2014）夏民初字1968号 
 陕西省乾县人民法院 民事判决书 （2013）乾民初字第00878号 
青岛市崂山区人民法院 民事判决书 （2014）崂民一初字第494号
江苏省盱眙县人民法院 民事判决书 （2015）盱民初字第02322号
河南省沈丘县人民法院 民事判决书 （2015）沈民初字第19号
 陕西省咸阳市杨陵区人民法院 民事判决书 （2013）杨民初字第00813号 
 义马市人民法院 民事判决书 （2014）义民初字第833号 
 河南郑州高新技术产业开发区人民法院 民事判决书 （2014）开民初字第4996号 
 河南省获嘉县人民法院 民事判决书 （2015）获民初字第795号 
 湖南省祁东县人民法院 民事判决书 （2015）祁民一初字第14号 
广东省茂名市茂南区人民法院 民事判决书 （2015）茂南法民一初字第1号
 中华人民共和国 辽宁省沈阳市和平区人民法院 民事判决书 （2015）沈和民一初字第01779号 
金华市金东区人民法院 民事判决书 （2013）金东民初字第1441号
 浙江省淳安县人民法院 民事判决书 （2011）杭淳汾民初字第156号 
 广东省怀集县人民法院 民事判决书 （2015）肇怀法永民初字第38号 
 重庆市潼南县人民法院 民事判决书 （2013）潼法民初字第03617号 
河北省定州市人民法院 民事判决书 （2015）定民初字第595号
 福建省漳浦县人民法院 民事判决书 （2015）浦民初字第1377号 
安徽省临泉县人民法院 民事判决书 （2015）临民一初字第03964号
 重庆市武隆县人民法院 民事判决书 （2015）武法民初字第00504号 
湖南省涟源市人民法院 民事判决书 （2015）涟民一初字第370号
 陕西省陇县人民法院 民事判决书 （2014）陇民初字第00854号 
 甘肃省临泽县人民法院 民事判决书 （2014）临民初字第475号 
四川省广汉市人民法院 民事判决书 （2015）广汉民初字第2254号
 南京市六合区人民法院 民事判决书 （2014）六民初字第311号 
 内蒙古自治区喀喇沁旗人民法院 民事判决书 （2014）喀民初字第923号 
重庆市长寿区人民法院 民事判决书 （2015）长法民初字第05109号
陕西省礼泉县人民法院 民事判决书 （2015）礼民初字第00560号
