 陕西省紫阳县人民法院 民事判决书 （2011）紫民初字第00528号 
 福建省长汀县人民法院 民事判决书 （2014）汀民初字第1242号 
 江苏省泰兴市人民法院 民事判决书 （2015）泰虹民初字第0470号 
 重庆市云阳县人民法院 民事判决书 （2014）云法民初字第02360号 
 四川省遂宁市船山区人民法院 民事判决书 （2015）船山民初字第801号 
 河北省赵县人民法院 民事判决书 （2014）赵民初字第00188号 
 河北省保定市易县人民法院 民事判决书 （2014）易民初字第1530号 
 广西壮族自治区灵山县人民法院 民事判决书 （2015）灵民初字第720号 
 河南省浚县人民法院 民事判决书 （2014）浚民初字第324号 
 湖南省冷水江市人民法院 民事判决书 （2014）冷民一初字第47号 
 广西壮族自治区灌阳县人民法院 民事判决书 （2013）灌民初字第429号 
云南省孟连傣族拉祜族佤族自治县人民法院 民事判决书 （2015）孟民初字第304号
 贵州省天柱县人民法院 民事判决书 （2015）天民初字第139号 
 重庆市云阳县人民法院 民事判决书 （2014）云法民初字第00104号 
山东省曹县人民法院 民事判决书 （2015）曹民初字第2117号
 江苏省阜宁县人民法院 民事判决书 （2014）阜东民初字第0006号 
 浙江省永嘉县人民法院 民事判决书 （2014）温永碧民初字第86号 
固始县人民法院 民事判决书 （2015）固民初字第1202号
 江西省信丰县人民法院 民事判决书 （2015）信民一初字第94号 
广东省和平县人民法院 民事判决书 （2014）河和法民一初字第22号
湖南省武冈市人民法院 民事判决书 （2015）武法民初字第1956号
 内蒙古自治区敖汉旗人民法院 民事判决书 （2014）敖民初字第3353号 
广东省龙门县人民法院 民事判决书 （2014）惠龙法汉民初字第43号
山西省灵丘县人民法院 民事判决书 （2014）灵民初字第367号
 四川省西充县人民法院 民事判决书 （2014）西充民初字第785号 
 贵州省绥阳县人民法院 民事判决书 （2014）绥民初字第261号 
 台州市椒江区人民法院 民事判决书 （2014）台椒椒北民初字第58号 
 湖南省常德市武陵区人民法院 民事判决书 （2015）武民初字第00006号 
 湖北省钟祥市人民法院 民事判决书 （2015）鄂钟祥丰民一初字第00043号 
 重庆市云阳县人民法院 民事判决书 （2015）云法民初字第02438号 
 贵州省兴义市人民法院 民事判决书 （2015）黔义民初字第320号 
江苏省泰兴市人民法院 民事判决书 （2015）泰虹民初字第0424号
 广西壮族自治区桂林市七星区人民法院 民事判决书 （2014）星民初字第1436号 
 辽宁省海城市人民法院 民事判决书 （2014）海民腾初字第00485号 
 浙江省象山县人民法院 民事判决书 （2015）甬象定民初字第33号 
 安徽省南陵县人民法院 民事判决书 （2015）南民一初字第00489号 
 天津市静海县人民法院 民事判决书 （2014）静民初字第1883号 
 湖南省会同县人民法院 民事判决书 （2014）会民一初字第145号 
 山东省莱西市人民法院 民事判决书 （2014）西少民初字第361号 
 四川省宣汉县人民法院 民事判决书 （2015）宣汉民初字第101号 
 江苏省睢宁县人民法院 民事判决书 （2014）睢李民初字第157号 
 常州市天宁区人民法院 民事判决书 （2014）天民初字第858号 
 云南省寻甸回族彝族自治县人民法院 民事判决书 （2014）寻民初字第239号 
 重庆市酉阳土家族苗族自治县人民法院 民事判决书 （2014）酉法民初字第02990号 
 山东省汶上县人民法院 民事判决书 （2014）汶民一初字第2392号 
 山东省菏泽市牡丹区人民法院 民事判决书 （2013）菏牡民初字第3535号 
 湖南省永顺县人民法院 民事判决书 （2014）永民初字第55号 
 湖南省新田县人民法院 民事判决书 （2013）新法民一初字第381号 
 重庆市云阳县人民法院 民事判决书 （2014）云法民初字第00187号 
 四川省江油市人民法院 民事判决书 （2014）江油民初字第143号 
