 内蒙古科尔沁左翼中旗人民法院 民事判决书 （2014）左民初字第1046号 
 河北省邯郸县人民法院 民事判决书 （2013）邯县民初字第1962号 
 安徽省马鞍山市花山区人民法院 民事判决书 （2014）花民一初字第00135号 
山东省昌邑市人民法院 民事判决书 （2015）昌民初字第1436号
 陕西省泾阳县人民法院 民事判决书 （2015）泾民初字第00064号 
 安徽省蒙城县人民法院 民事判决书 （2014）蒙民一初字第00556号 
山东省莘县人民法院 民事判决书 （2015）莘民一初字第1535号
 云南省耿马傣族佤族自治县人民法院 民事判决书 （2014）耿民初字第557号 
 湖南省永顺县人民法院 民事判决书 （2015）永民初字第217号 
湖北省广水市人民法院 民事判决书 （2014）鄂广水民初字第00053号
 沈阳市和平区人民法院 民事判决书 （2014）沈和民一初字第01901号 
 上海市浦东新区人民法院 民事判决书 （2014）浦民一（民）初字第29168号 
 福建省南安市人民法院 民事判决书 （2014）南民初字第5582号 
 河南省驻马店市驿城区人民法院 民事判决书 （2015）驿民初字第74号 
罗山县人民法院民事判决书 （2015）罗少民初字第19号
 河南省镇平县人民法院 民事判决书 （2014）镇民初字第1652号 
 大连市金州区人民法院 民事判决书 （2015）金民初字第56号 
 重庆市南岸区人民法院 民事判决书 （2012）南法民初字第6680号 
 湖北省钟祥市人民法院 民事判决书 （2014）鄂钟祥郢民一初字第00211号 
四川省泸州市江阳区人民法院 民事判决书 （2015）江阳民初字第2409号
 江西省上栗县人民法院 民事判决书 （2014）栗民桐初字第831号 
 河南省新密市人民法院 民事判决书 （2015）新密民一初字第826号 
 贵州省安顺市西秀区人民法院 民事判决书 （2014）西民初字第398号 
河南省遂平县人民法院 民事判决书 （2015）遂少民初字第00104号
 湖北省钟祥市人民法院 民事判决书 （2014）鄂钟祥旧民一初字第00010号 
 江苏省南通经济技术开发区人民法院 民事判决书 （2013）开民初字第0231号 
 连云港市海州区人民法院 民事判决书 （2014）海民初字第01531号 
 广西壮族自治区灵川县人民法院 民事判决书 （2015）灵民初字第391号 
 安徽省凤阳县人民法院 民事判决书 （2014）凤民一初字第01362号 
 四川省宜宾县人民法院 民事判决书 （2013）宜宾民初字第1944号 
 安徽省太和县人民法院 民事判决书 （2014）太民一初字第01559号 
四川省南部县人民法院 民事判决书 （2015）南民初字第3450号
山东省安丘市人民法院 民事判决书 （2015）安民一初字第2339号
 河北省成安县人民法院 民事判决书 （2012）成民初字第2001号 
山东省阳谷县人民法院 民事判决书 （2015）阳民初字第542号
 江苏省灌云县人民法院 民事判决书 （2014）灌板民初字第0114号 
浙江省临海市人民法院 民事判决书 （2015）台临民初字第519号
 广东省南雄市人民法院 民事判决书 （2014）韶雄法民一初字第170号 
 浙江省仙居县人民法院 民事判决书 （2014）台仙白民初字第87号 
 浙江省三门县人民法院 民事判决书 （2013）台三民初字第2944号 
广东省封开县人民法院 民事判决书 （2015）肇封法南民初字第69号
 新疆生产建设兵团金银川垦区人民法院 民事判决书 （2014）金民初字第85号 
 安徽省凤阳县人民法院 民事判决书 （2013）凤民一初字第00572号 
河北省清河县人民法院 民事判决书 （2015）清民一初字第969号
福建省福安市人民法院 民事判决书 （2015）安民初字第1491号
 福建省福安市人民法院 民事判决书 （2014）安民初字第3840号 
南京市栖霞区人民法院 民事判决书 （2015）栖民初字第1944号
湖南省中方县人民法院 民事判决书 （2015）方民一初字第122号
 陕西省陇县人民法院 民事判决书 （2012）陇民初字第00304号 
 福建省长乐市人民法院 民事判决书 （2014）长民初字第1513号 
