山西省石楼县人民法院 民事判决书 （2015）石民初字第79号
绍兴市上虞区人民法院 民事判决书 （2015）绍虞民初字第1425号
 宁夏回族自治区西吉县人民法院 民事判决书 （2015）西民初字第869号 
 辽宁省丹东市振兴区人民法院 民事判决书 （2014）兴民一初字第00006号 
 固始县人民法院 民事判决书 （2014）固民初字第1887号 
 山西省襄汾县人民法院 民事判决书 （2014）襄民初字第563号 
 福建省武平县人民法院 民事判决书 （2015）武民初字第1302号 
江苏省泗洪县人民法院 民事判决书 （2015）洪金民初字第00168号
 黑龙江省林甸县人民法院 民事判决书 （2014）林风民初字第114号 
江苏省宿迁市宿城区人民法院 民事判决书 （2015）宿城洋民初字第00084号
 河北省张家口市桥东区人民法院 民事判决书 （2014）东民初字第0168号 
 湖南省道县人民法院 民事判决书 （2013）道法民初字第1392号 
西安市阎良区人民法院 民事判决书 （2015）阎民初字第00457号
湖北省武汉市洪山区人民法院 民事判决书 （2015）鄂洪山和民初字第00065号
山东省安丘市人民法院 民事判决书 （2012）安民初字第877号
 浙江省温岭市人民法院 民事判决书 （2015）台温民初字第429号 
 湖南省湘乡市人民法院 民事判决书 （2014）湘法民一初字第774号 
 湖北省枣阳市人民法院 民事判决书 （2014）鄂枣阳民一初字第00100号 
 江西省鄱阳县人民法院 民事判决书 （2015）鄱民一初字第55号 
 山东省龙口市人民法院 民事判决书 （2013）龙北民初字第92号 
 江苏省泗阳县人民法院 民事判决书 （2014）泗民初字第1896号 
 陕西省武功县人民法院 民事判决书 （2015）武民初字第00146号 
 湖南省南县人民法院 民事判决书 （2014）南法民一初字第589号 
 浙江省诸暨市人民法院 民事判决书 （2013）绍诸民初字第2661号 
 湖南省慈利县人民法院 民事判决书 （2014）慈民一初字第407号 
湖南省武冈市人民法院 民事判决书 （2015）武法民初字第1460号
 四川省梓潼县人民法院 民事判决书 （2013）梓民初字第327号 
云南省鲁甸县人民法院 民事判决书 （2015）鲁民初字第785号
 浙江省德清县人民法院 民事判决书 （2012）湖德新民初字第137号 
 四川省宜宾县人民法院 民事判决书 （2013）宜宾民初字第2319号 
 赤峰市松山区人民法院 民事判决书 （2015）松民初字第1043号 
 福建省宁德市蕉城区人民法院 民事判决书 （2014）蕉民初字第2792号 
 贵州省普定县人民法院 民事判决书 （2014）普民初字第783号 
 福建省永春县人民法院 民事判决书 （2014）永民初字第816号 
广东省茂名市茂南区人民法院 民事判决书 （2015）茂南法民一初字第575号
 重庆市铜梁区人民法院 民事判决书 （2014）铜法民初字第03638号 
 重庆市大足区人民法院 民事判决书 （2015）足法民初字第04430号 
 安徽省界首市人民法院 民事判决书 （2015）界民一初字第01216号 
广东省茂名市电白区人民法院 民事判决书 （2015）茂电法羊民初字第21号
 山东省单县人民法院 民事判决书 （2013）单民初字第2411号 
河南省南乐县人民法院 民事判决书 （2015）南民初字第1765号
吉林省吉林市昌邑区人民法院 民事判决书 （2014）昌民一初字第837号
 重庆市江津区人民法院 民事判决书 （2014）津法民初字第05580号 
湖北省红安县人民法院 民事判决书 （2015）鄂红安上民初字第00122号
 福建省福清市人民法院 民事判决书 （2013）融民初字第5238号 
 河南省嵩县人民法院 民事判决书 （2014）嵩民七初字第72号 
 重庆市巫溪县人民法院 民事判决书 （2014）巫法民初字第00829号 
 甘肃省灵台县人民法院 民事判决书 （2014）灵民初字第49号 
安徽省阜阳市颍州区人民法院 民事判决书 （2015）州民一初字第02036号
 山东省博兴县人民法院 民事判决书 （2015）博民初字第421号 
