 山东省枣庄市薛城区人民法院 民事判决书 （2013）薛民初字第1999号 
 安徽省利辛县人民法院 民事判决书 （2014）利民一初字第02134号 
 云南省禄劝彝族苗族自治县人民法院 民事判决书 （2015）禄民初字第472号 
 江苏省丹阳市人民法院 民事判决书 （2014）丹后民初字第871号 
河北省晋州市人民法院 民事判决书 （2015）晋州民初字第00284号
大连市甘井子区人民法院 民事判决书 （2015）甘民初字第5480号
安徽省和县人民法院 民事判决书 （2015）和民一初字第00911号
 湖南省安仁县人民法院 民事判决书 （2014）安民初字第522号 
 辽宁省岫岩满族自治县民法院 民事判决书 （2015）鞍岫民哈初字第8号 
 宁夏回族自治区灵武市人民法院 民事判决书 （2014）灵民初字第1823号 
 黑龙江省鸡西市鸡冠区人民法院 民事判决书 （2015）鸡冠民初字第564号 
 广东省兴宁市人民法院 民事判决书 （2014）梅兴法龙民初字第192号 
 黑龙江省齐齐哈尔市龙沙区人民法院 民事判决书 （2014）龙民初字第204号 
 安徽省怀宁县人民法院 民事判决书 （2014）怀民一初字第01132号 
 陕西省扶风县人民法院 民事判决书 （2015）扶民初字第00262号 
 四子王旗人民法院 民事判决书 （2014）四民初字第307号 
 重庆市云阳县人民法院 民事判决书 （2015）云法民初字第02143号 
 福建省周宁县人民法院 民事判决书 （2015）周民初字第342号 
 黑龙江省庆安县人民法院 民事判决书 （2015）庆法勤民初字第26号 
 石家庄市长安区人民法院 民事判决书 （2014）长民初字第723号 
 河北省孟村回族自治县人民法院 民事判决书 （2014）孟民初字第547号 
 济南高新技术产业开发区人民法院 民事判决书 （2012）高民初字第819号 
 湖北省武汉经济技术开发区人民法院 民事判决书 （2014）鄂武经开民初字第00715号 
黑龙江省集贤县人民法院 民事判决书 （2015）集民初字第568号
 安徽省枞阳县人民法院 民事判决书 （2014）枞民一初字第00713号 
 山东省曹县人民法院 民事判决书 （2014）曹民初字第2612号 
 河南省沈丘县人民法院 民事判决书 （2013）沈民初字第1599号 
 福建省福州市台江区人民法院 民事判决书 （2014）台民初字第1084号 
 江苏省东海县人民法院 民事判决书 （2014）连东民初字第01976号 
山西省芮城县人民法院 民事判决书 （2015）芮陌民初字第103号
 山东省沂南县人民法院 民事判决书 （2015）沂南民初字第109号 
 四川省资中县人民法院 民事判决书 （2013）资中民初字第198号 
 湖南省东安县人民法院 民事判决书 （2014）东法民一初字第418号 
 上海市浦东新区人民法院 民事判决书 （2015）浦民一（民）初字第23911号 
广东省东源县人民法院 民事判决书 （2015）河东法灯民初字第189号
 浙江省三门县人民法院 民事判决书 （2015）台三浦民初字第4号 
河北省围场满族蒙古族自治县人民法院 民事判决书 （2015）围民初字第1481号
江苏省海安县人民法院 民事判决书 （2015）安曲民初字第00377号
四川省长宁县人民法院 民事判决书 （2015）长民初字第1052号
 重庆市忠县人民法院 民事判决书 （2014）忠法民初字第02882号 
 福建省霞浦县人民法院 民事判决书 （2014）霞民初字第546号 
山东省高密市人民法院 民事判决书 （2015）高民初字第2842号
山东省商河县人民法院 民事判决书 （2015）商民初字第49号
 河南省驻马店市驿城区人民法院 民事判决书 （2015）驿民初字第360号 
 山东省泰安市岱岳区人民法院 民事判决书 （2014）岱民初字第1178号 
 陕西省山阳县人民法院 民事判决书 （2014）山民初字第00485号 
 福建省福鼎市人民法院 民事判决书 （2015）鼎民初字第1034号 
 四川省峨边彝族自治县人民法院 民事判决书 （2014）峨边民初字第322号 
 山东省博兴县人民法院 民事判决书 （2014）博民初字第251号 
 重庆市石柱土家族自治县人民法院 民事判决书 （2015）石法民初字第01312号 
