广东省封开县人民法院 民事判决书 （2015）肇封法南民初字第275号
 河南省台前县人民法院 民事判决书 （2014）台民初字第00761号 
山东省昌邑市人民法院 民事判决书 （2015）昌民初字第581号
 扶沟县人民法院 民事判决书 （2015）扶民初字第724号 
 黑龙江省哈尔滨市香坊区人民法院 民事判决书 （2014）香民五民初字第41号 
 浙江省海宁市人民法院 民事判决书 （2013）嘉海民初字第4252号 
 江苏省兴化市人民法院 民事判决书 （2015）泰兴西民初字第0199号 
 福建省长乐市人民法院 民事判决书 （2014）长民初字第287号 
江苏省射阳县人民法院 民事判决书 （2015）射民初字第01285号
河北省无极县人民法院 民事判决书 （2015）无民初字第00870号
 浙江省浦江县人民法院 民事判决书 （2015）金浦民初字第1号 
 江苏省宿迁市宿豫区人民法院 民事判决书 （2014）宿豫大民初字第0573号 
 浙江省富阳市人民法院 民事判决书 （2013）杭富场民初字第93号 
湖南省岳阳县人民法院 民事判决书 （2015）岳民初字第622号
贵州省福泉市人民法院 民事判决书 （2015）福民初字第800号
浙江省永嘉县人民法院 民事判决书 （2012）温某瓯民初字第55号
湖南省保靖县人民法院 民事判决书 （2015）保民初字第85号
 甘肃省金塔县人民法院 民事判决书 （2014）金民一初字第217号 
广西壮族自治区西林县人民法院 民事判决书 （2015）西民一初字第196号
 浙江省绍兴县人民法院 民事判决书 （2013）绍民初字第1998号 
遂宁市安居区人民法院 民事判决书 （2015）安居民初字第886号
 广东省阳春市人民法院 民事判决书 （2014）阳春法春民初字第236号 
湖南省江永县人民法院 民事判决书 （2015）江永法民初字第714号
 安徽省临泉县人民法院 民事判决书 （2014）临民一初字第00323号 
 广西壮族自治区兴业县人民法院 民事判决书 （2013）兴民一初字第462号 
四川省筠连县人民法院 民事判决书 （2015）筠连民初字第1192号
 山东省郓城县人民法院 民事判决书 （2015）郓民初字第100号 
 重庆市永川区人民法院 民事判决书 （2015）永法少民初字第00148号 
 安徽省合肥市蜀山区人民法院 民事判决书 （2014）蜀民一初字第00498号 
安徽省含山县人民法院 民事判决书 （2015）含民一初字第00442号
宜昌市夷陵区人民法院 民事判决书 （2015）鄂夷陵民初字第01500号
浙江省诸暨市人民法院 民事判决书 （2015）绍诸牌民初字第193号
 山东省威海市环翠区人民法院 民事判决书 （2014）威环民初字第2674号 
 湖南省永州市冷水滩区人民法院 民事判决书 （2014）永冷民初字第964号 
 安徽省枞阳县人民法院 民事判决书 （2015）枞民一初字第00303号 
 固始县人民法院 民事判决书 （2014）固民初字第1116号 
 浙江省绍兴市越城区人民法院 民事判决书 （2008）越民一初字第1874号 
 山东省临清市人民法院 民事判决书 （2015）临民一初字第164号 
安徽省安庆市大观区人民法院 民事判决书 （2015）观民一初字第00703号
 丽水市莲都区人民法院 民事判决书 （2014）丽莲民初字第838号 
 南昌市青云谱区人民法院 民事判决书 （2014）青城民初字第108号 
 福建省宁德市蕉城区人民法院 民事判决书 （2014）蕉民初字第3055号 
 山西省大同市南郊区人民法院 民事判决书 （2014）南民初字第368号 
 河北省磁县人民法院 民事判决书 （2013）磁民初字第281号 
 广西壮族自治区浦北县人民法院 民事判决书 （2014）浦民初字第33号 
安徽省含山县人民法院 民事判决书 （2015）含民一初字第00757号
 广东省湛江市霞山区人民法院 民事判决书 （2013）湛霞法民一初字第581号 
 山东省临清市人民法院 民事判决书 （2014）临民一初字第1338号 
金华市婺城区人民法院 民事判决书 （2015）金婺北民初字第557号
 上海市金山区人民法院 民事判决书 （2014）金民一（民）初字第3130号 
