 安徽省阜阳市颍泉区人民法院 民事判决书 （2015）泉民一初字第00558号 
 山西省阳高县人民法院 民事判决书 （2014）阳民初字第245号 
浙江省瑞安市人民法院 民事判决书 （2010）温瑞马民初字第92号
江西省靖安县人民法院 民事判决书 （2015）靖民一初字第295号
 河南省虞城县人民法院 民事判决书 （2015）虞民初字第506号 
云南省镇沅彝族哈尼族拉祜族自治县人民法院 民事判决书 （2015）镇民初字第288号
 安徽省霍邱县人民法院 民事判决书 （2014）霍民一初字第02338号 
 山东省东平县人民法院 民事判决书 （2014）东民初字第2254号 
甘肃省兰州市七里河区人民法院 民事判决书 （2015）七民初字第11143号
 河南省商城县人民法院 民事判决书 （2014）商民初字第1004号 
 广西壮族自治区贵港市港南区人民法院 民事判决书 （2014）南民初字第206号 
 湖北省崇阳县人民法院 民事判决书 （2014）鄂崇阳民初字第01758号 
 西安市临潼区人民法院 民事判决书 （2013）临民初字第02266号 
广东省江门市江海区人民法院 民事判决书 （2015）江海法礼民初字第146号
 山东省济宁市兖州区人民法院 民事判决书 （2014）兖民初字第1668号 
 福建省厦门市海沧区人民法院 民事判决书 （2014）海民初字第108号 
湖州市吴兴区人民法院 民事判决书 （2015）湖吴织民初字第66号
山东省金乡县人民法院 民事判决书 （2015）金民初字第1402号
 北京市平谷区人民法院 民事判决书 （2014）平民初字第4728号 
汕头市潮阳区人民法院 民事判决书 （2015）汕阳法民一初字第261号
浙江省桐乡市人民法院 民事判决书 （2010）嘉桐崇民初字第107号
广东省和平县人民法院 民事判决书 （2015）河和法民一初字第257号
江西省浮梁县人民法院 民事判决书 （2015）浮民一初字第59号
 宁夏回族自治区灵武市人民法院 民事判决书 （2014）灵民初字第569号 
 陕西省丹凤县人民法院 民事判决书 （2014）丹民初字第00594号 
 淮安经济技术开发区人民法院 民事判决书 （2014）淮开民初字第0665号 
浙江省乐清市人民法院 民事判决书 （2010）温乐民初字第1004号
 湖南省桃江县人民法院 民事判决书 （2014）桃民一初字第号 
 江苏省射阳县人民法院 民事判决书 （2014）射耦民初字第0082号 
 江苏省大丰市人民法院 民事判决书 （2014）大刘民初字第0065号 
 福建省龙海市人民法院 民事判决书 （2014）龙民初字第1364号 
 山东省巨野县人民法院 民事判决书 （2015）巨民初字第813号 
 重庆市九龙坡区人民法院 民事裁定书 （2015）九法民初字第04882号 
 陕西省澄城县人民法院 民事判决书 （2013）澄民初字第00688号 
 四川省洪雅县人民法院 民事判决书 （2014）洪民初字第1059号 
 江苏省扬州市江都区人民法院 民事判决书 （2014）扬江民初字第0003号 
甘肃省合水县人民法院 民事判决书 （2014）合民初字第150号
 新县人民法院 民事判决书 （2014）新民初字第708号 
 广西壮族自治区南宁市西乡塘区人民法院 民事判决书 （2014）西民一初字第1861号 
 湖南省衡阳县人民法院 民事判决书 （2014）蒸兰民一初字第40号 
 河北省霸州市人民法院 民事判决书 （2014）霸民初字第3586号 
福建省漳平市人民法院 民事判决书 （2015）漳民初字第1284号
 四川省江安县人民法院 民事判决书 （2013）江安民初字第875号 
 山东省单县人民法院 民事判决书 （2014）单民初字第1564号 
吉林省东丰县人民法院 民事判决书 （2015）东民初字第1607号
河南省夏邑县人民法院 民事判决书 （2015）夏民初字第01054号
 江苏省启东市人民法院 民事判决书 （2014）启吕民初字第00514号 
 北京市东城区人民法院 民事判决书 （2014）东民初字第07107号 
 安徽省泗县人民法院 民事判决书 （2015）泗民一初字第00979号 
 浙江省杭州市余杭区人民法院 民事判决书 （2011）杭余民初字第409号 
