 河北省涿鹿县人民法院 民事判决书 （2014）涿民初字第751号 
 湖南省衡阳县人民法院 民事判决书 （2014）蒸界民一初字第35号 
 山东省邹城市人民法院 民事判决书 （2014）邹民初字第1461号 
贵州省三穗县人民法院 民事判决书 （2015）穗民初字第152号
 安徽省固镇县人民法院 民事判决书 （2014）固民一初字第01544号 
 湖北省恩施市人民法院 民事判决书 （2014）鄂恩施民初字第03094号 
 四川省兴文县人民法院 民事判决书 （2014）兴共民初字第84号 
 山东省新泰市人民法院 民事判决书 （2014）新民初字第3882号 
安徽省歙县人民法院 民事判决书 （2015）歙民一初字第02038号
 河南省商水县人民法院 民事判决书 （2014）商民初字第1424号 
 湖北省安陆市人民法院 民事判决书 （2014）鄂安陆民初字第00530号 
 福建省厦门市湖里区人民法院 民事判决书 （2015）湖民初字第116号 
 淮安市清浦区人民法院 民事判决书 （2014）浦民初字第3054号 
 安徽省太和县人民法院 民事判决书 （2014）太民一初字第01012号 
 四川省岳池县人民法院 民事判决书 （2015）岳池民初字第1434号 
 四川省南部县人民法院 民事判决书 （2014）南民初字第3948号 
 广东省翁源县人民法院 民事判决书 （2014）韶翁法江民初字第7号 
 河北省唐山市路南区人民法院 民事判决书 （2014）南民初字第2640号 
 武陟县人民法院 民事判决书 （2015）武民南初字第00009号 
 浙江省海宁市人民法院 民事判决书 （2014）嘉海盐民初字第269号 
四川省大邑县人民法院 民事判决书 （2013）大邑民初字第2860号
四川省简阳市人民法院 民事判决书 （2015）简阳民初字第324号
 湖南省常德市武陵区人民法院 民事判决书 （2014）武民初字第01642号 
 重庆市荣昌县人民法院 民事判决书 （2013）荣法民初字第04413号 
 新疆维吾尔自治区乌鲁木齐市头屯河区人民法院 民事判决书 （2014）头民一初字第357号 
 重庆市梁平县人民法院 民事判决书 （2014）梁法民初字第02057号 
 河南省淮滨县人民法院 民事判决书 （2014）淮民初字第665号 
 广西壮族自治区博白县人民法院 民事判决书 （2014）博民初字第1858号 
 安徽省濉溪县人民法院 民事判决书 （2014）濉民一初字第00535号 
 林西县人民法院 民事判决书 （2014）林民初字第00828号 
山东省宁阳县人民法院 民事判决书 （2015）宁民初字第451号
 山东省莱西市人民法院 民事判决书 （2014）西民初字第1500号 
 山西省壶关县人民法院 民事判决书 （2014）壶民初字第687号 
 湖南省石门县人民法院 民事判决书 （2015）石民三初字第116号 
 四川省梓潼县人民法院 民事判决书 （2015）梓民初字第478号 
安徽省霍邱县人民法院 民事判决书 （2015）霍民一初字第01443号
 上海市崇明县人民法院 民事判决书 （2014）崇民一（民）初字第6310号 
 湖南省益阳市资阳区人民法院 民事判决书 （2015）资民一初字第29号 
四川省古蔺县人民法院 民事判决书 （2015）古蔺民初字第2308号
四川省邻水县人民法院 民事判决书 （2015）邻水民初字第691号
 江苏省赣榆县人民法院 民事判决书 （2013）赣城民初字第0399号 
 陕西省城固县人民法院 民事判决书 （2015）城民初字第00564号 
 安徽省巢湖市人民法院 民事判决书 （2014）巢民一初字第00970号 
 四川省资阳市雁江区人民法院 民事判决书 （2015）雁江民初字第831号 
 四川省自贡市大安区人民法院 民事判决书 （2015）大民一初字第230号 
 广西壮族自治区上林县人民法院 民事判决书 （2015）上民一初字第34号 
 江苏省泰兴市人民法院 民事判决书 （2014）泰宣民初字第0190号 
安徽省安庆市宜秀区人民法院 民事判决书 （2015）宜秀民一初字第01184号
 延安市宝塔区人民法院 民事判决书 （2014）宝民初字第01676号 
 山东省临沂市罗庄区人民法院 民事判决书 （2013）临罗民一初字第1461号 
