 河南省安阳市殷都区人民法院 民事判决书 （2014）殷民一初字第10号 
 白山市江源区人民法院 民事判决书 （2014）江民一初字第124号 
 安徽省涡阳县人民法院 民事判决书 （2015）涡民一初字第00186号 
 广东省增城市人民法院 民事判决书 （2015）穗增法民一初字第22号 
 广西壮族自治区宜州市人民法院 民事判决书 （2015）宜民初字第628号 
 福建省南靖县人民法院 民事判决书 （2013）靖民初字第1453号 
 重庆市潼南区人民法院 民事判决书 （2015）潼法民初字第02787号 
广东省和平县人民法院 民事判决书 （2015）河和法民一初字第306号
 浙江省嘉善县人民法院 民事判决书 （2009）嘉善民初字第563号 
 山东省菏泽市牡丹区人民法院 民事判决书 （2013）菏牡民初字第2233号 
 海伦市人民法院 民事判决书 （2015）海富民初字第31号 解某与张某某离婚纠纷一审民事判决书 
 山东省莱西市人民法院 民事判决书 （2014）西民初字第990号 
 湖南省浏阳市人民法院 民事判决书 （2014）浏民初字第00720号 
 陕西省宜川县人民法院 民事判决书 （2015）宜川民初字第00051号 
 南充市顺庆区人民法院 民事判决书 （2014）顺庆民初字第1877号 
天津市南开区人民法院 民事判决书 （2015）南民初字第2972号
 江苏省句容市人民法院 民事判决书 （2014）句后民初字第0001号 
湖南省新化县人民法院 民事判决书 （2015）新法民一初字第904号
 四川省三台县人民法院 民事判决书 （2013）三民初字第2924号 
 四川省西充县人民法院 民事判决书 （2013）西充民初字第2581号 
 山东省安丘市人民法院 民事判决书 （2014）安民初字第2242号 
 河北省涞水县人民法院 民事判决书 （2013）涞民初字第419号 
浙江省临海市人民法院 民事判决书 （2012）台临民初字第734号
 广东省广州市天河区人民法院 民事判决书 （2014）穗天法民一初字第1136号 
江苏省苏州市吴江区人民法院 民事判决书 （2015）吴江民初字第1670号
 山东省滕州市人民法院 民事判决书 （2015）滕民初字第353号 
 黑龙江省兰西县人民法院 民事判决书 （2015）兰法平民初字第86号 
 山东省博兴县人民法院 民事判决书 （2014）博民初字第1049号 
 陕西省彬县人民法院 民事判决书 （2013）彬民初字第00709号 
 南京市六合区人民法院 民事判决书 （2013）六程民初字第540号 
 中华人民共和国 辽宁省沈阳市和平区人民法院 民事判决书 （2014）沈和民一初字第00476号 
 安徽省临泉县人民法院 民事判决书 （2015）临民一初字第02020号 
云南省弥勒市人民法院 民事判决书 （2015）弥民一初字第1209号
河南省唐河县人民法院 民事判决书 （2015）唐民一初字第1980号
鞍山市铁东区人民法院 民事判决书 （2015）鞍东民二初字第01380号
 广东省东源县人民法院 民事判决书 （2015）河东法灯民初字第25号 
福建省莆田市涵江区人民法院 民事判决书 （2015）涵民初字第2661号
重庆市潼南区人民法院 民事判决书 （2015）潼法民初字第02964号
 湖南省新邵县人民法院 民事判决书 （2014）新民初字第1164号 
 湖北省南漳县人民法院 民事判决书 （2015）鄂南漳武民初字第00072号 
 江苏省如皋市人民法院 民事判决书 （2014）皋搬民初字第0100号 
 重庆市巴南区人民法院 民事判决书 （2014）巴法民初字第03650号 
安徽省怀远县人民法院 民事判决书 （2015）怀民一初字第01132号
青海省格尔木市人民法院 民事判决书 （2015）格民初字第110号
 陕西省神木县人民法院 民事判决书 （2015）神民初字第01940号 
 贵州省瓮安县人民法院 民事判决书 （2015）瓮民初字第956号 当事人基本情况及审理经过 
 山东省滕州市人民法院 民事判决书 （2015）滕民初字第1479号 
湖南省益阳市赫山区人民法院 民事判决书 （2015）益赫民一初字第1408号
 黑龙江省依安县人民法院 民事判决书 （2014）依民初字第175号 
浙江省海宁市人民法院 民事判决书 （2010）嘉海民初字第1883号
