 吉林省蛟河市人民法院 民事判决书 （2014）蛟民一初字第71号 
 四川省仁寿县人民法院 民事判决书 （2014）仁寿民初字第2172号 
 湖北省钟祥市人民法院 民事判决书 （2013）鄂钟祥磷民一初字第00076号 
安徽省滁州市琅琊区人民法院 民事判决书 （2015）琅民一初字第00876号
 陕西省澄城县人民法院 民事判决书 （2013）澄民初字第00045号 
 江苏省灌云县人民法院 民事判决书 （2015）灌少民初字第00080号 
陕西省泾阳县人民法院 民事判决书 （2015）泾民初字第00359号
 河南省商丘市梁园区人民法院 民事判决书 （2014）商梁民初字第2289号 
 湖南省双峰县人民法院 民事判决书 （2015）双民一初字第170号 
 福建省福鼎市人民法院 民事判决书 （2014）鼎民初字第1605号 
 山东省泰安市岱岳区人民法院 民事判决书 （2015）岱民初字第725号 
 山西省平遥县人民法院 民事判决书 （2014）平民初字第192号 
 云南省砚山县人民法院 民事判决书 （2014）砚民初字第527号 
 贵州省仁怀市人民法院 民事判决书 （2014）仁民初字第1140号 
 四川省资阳市雁江区人民法院 民事判决书 （2014）雁江民初字第2022号 
 湖北省黄冈市黄州区人民法院 民事判决书 （2014）鄂黄州民初字第00042号 
 陕西省泾阳县人民法院 民事判决书 （2013）泾民初字第00483号 
 四川省渠县人民法院 民事判决书 （2014）达渠民初字第1170号 
 山东省莒县人民法院 民事判决书 （2015）莒民初字第2376号 
 浙江省德清县人民法院 民事判决书 （2014）湖德武民初字第367号 
 河南省长葛市人民法院 民事判决书 （2014）长民初字第02698号 
云南省文山市人民法院 民事判决书 （2015）文民一初字第583号
 黑龙江省铁力市人民法院 民事判决书 （2013）铁民初字第746号 
 山东省威海市环翠区人民法院 民事判决书 （2013）威环民初字第2057号 
 济源市人民法院 民事判决书 （2014）济民一初字第277号 
 福建省霞浦县人民法院 民事判决书 霞民初字第1213号 
 河北省任丘市人民法院 民事判决书 （2014）任民初字第2758号 
 福建省福州市台江区人民法院 民事判决书 （2014）台民初字第2501号 
 吉林省敦化市人民法院 民事判决书 （2013）敦民初字第2976号 
四川省盐亭县人民法院 民事判决书 （2015）盐民初字第2825号
 河南省开封市金明区人民法院 民事判决书 金民初字第1237号 
浙江省文成县人民法院 民事判决书 （2015）温文民初字第526号
 浙江省金华市婺城区人民法院 民事判决书 （2013）金婺北民初字第105号 
 重庆市长寿区人民法院 民事判决书 （2014）长法民初字第05070号 
 安徽省旌德县人民法院 民事判决书 （2015）旌民一初字第00051号 
 重庆市黔江区人民法院 民事判决书 （2014）黔法民初字第02144号 
 安徽省固镇县人民法院 民事判决书 （2014）固民一初字第00325号 
福建省福清市人民法院 民事判决书 （2014）融民初字第6800号
 山东省莘县人民法院 民事判决书 （2013）莘民一初字第2876号 
 重庆市永川区人民法院 民事判决书 （2014）永法少民初字第00094号 
 湖北省安陆市人民法院 民事判决书 （2014）鄂安陆民初字第00781号 
河南省周口市川汇区人民法院 民事判决书 （2015）川民初字第03947号
 开平市人民法院 民事判决书 （2014）江开法马民初字第72号 
 福建省福州市晋安区人民法院 民事判决书 （2014）晋民初字第3071号 
四川省达州市通川区人民法院 民事判决书 （2015）通川民初字第2351号
广东省珠海市香洲区人民法院 民事判决书 （2013）珠香法民一初字第3050号
 河北省迁西县人民法院 民事判决书 （2013）迁民初字第1936号 
 桂林市资源县人民法院 民事判决书 （2015）资民初字第23号 
 湖南省南县人民法院 民事判决书 （2014）南法民一初字第158号 
 安徽省亳州市谯城区人民法院 民事判决书 （2014）谯民一初字第00261号 
