 南京市六合区人民法院 民事判决书 （2013）六程民初字第580号 
 甘肃省宁县人民法院 民事判决书 （2015）宁民初字第294号 
福建省古田县人民法院 民事判决书 （2015）古民初字第994号
 江西省万载县人民法院 民事判决书 （2015）万康民初字第33号 
 安徽省凤阳县人民法院 民事判决书 （2014）凤民一初字第00791号 
 湖南省湘阴县人民法院 民事判决书 （2014）湘民一初字第121号 
 四川省中江县人民法院 民事判决书 （2014）中江民初字第711号 
 淮安市清浦区人民法院 民事判决书 （2014）浦民初字第3145号 
 安徽省肥西县人民法院 民事判决书 （2014）肥西民一初字第00810号 
 山西省朔州市朔城区人民法院 民事判决书 （2014）朔民初字第316号 
湖南省龙山县人民法院 民事判决书 （2015）龙民初字第436号
 浙江省临海市人民法院 民事判决书 （2014）台临民初字第1570号 
 安徽省灵璧县人民法院 民事判决书 （2015）灵民初字第01168号 
 河北省滦南县人民法院 民事判决书 （2014）倴民初字第168号 
 湖北省谷城县人民法院 民事判决书 （2013）鄂谷城冷民初字第00149号 
 中华人民共和国 浙江省瑞安市人民法院 民事判决书 （2009）温瑞民初字第2442号 
 福建省柘荣县人民法院 民事判决书 （2015）柘民初字第333号 
福建省闽清县人民法院 民事判决书 （2015）梅民初字第631号
 台州市黄岩区人民法院 民事判决书 （2012）台黄民初字第1296号 
 山东省兰陵县人民法院 民事判决书 （2014）兰民初字第1653号 
山东省枣庄市峄城区人民法院 民事判决书 （2015）峄民初字第815号
 广西壮族自治区陆川县人民法院 民事判决书 （2015）陆民初字第437号 
 中华人民共和国 浙江省温州市瓯海区人民法院 民事判决书 （2013）温瓯民初字第725号 
 辽宁省义县人民法院 民事判决书 （2015）义民大初字第00111号 
四川省南部县人民法院 民事判决书 （2015）南民初字第3092号
 湖北省公安县人民法院 民事判决书 （2015）鄂公安民初字第00469号 
 江西省横峰县人民法院 民事判决书 （2014）横民一初字第220号 
 湖南省永兴县人民法院 民事判决书 （2015）永民初字第393号 
 河南省方城县人民法院 民事判决书 （2014）方赵民初字第94号 
 巍山彝族回族自治县人民法院 民事判决书 （2014）巍民初字第377号 
江苏省涟水县人民法院 民事判决书 （2015）涟高民初字第00855号
 河南省遂平县人民法院 民事判决书 （2014）遂民初字第914号 
安徽省合肥市包河区人民法院 民事判决书 （2014）包民一初字第00161号
江西省都昌县人民法院 民事判决书 （2015）都民一初字第1452号
 罗山县人民法院 民事判决书 （2015）罗民初字第212号 
 重庆市巫溪县人民法院 民事判决书 （2014）巫法民初字第00999号 
 陕西省西安市长安区人民法院 民事判决书 （2014）长安民初字第03556号 
 福建省古田县人民法院 民事判决书 （2013）古民初字第1018号 
浙江省永康市人民法院 民事判决书 （2015）金永民初字第1794号
湖南省岳阳县人民法院 民事判决书 （2014）岳民初字第699号
 山东省禹城市人民法院 民事判决书 （2013）禹民初字第1561号 
 甘肃省临潭县人民法院 民事判决书 （2014）潭民初字第71号 
 尉氏县人民法院 民事判决书 （2013）尉民初字第2639号 
 湖北省保康县人民法院 民事判决书 （2015）鄂保康歇民初字第00023号 
 河北省内邱县人民法院 民事判决书 （2014）内民一初字第188号 
 辽宁省桓仁满族自治县人民法院 民事判决书 （2015）桓民初字第00034号 
 浙江省平湖市人民法院 民事判决书 （2011）嘉平新民初字第421号 
贵州省瓮安县人民法院 民事判决书 （2015）瓮民初字第2163号
温州市鹿城区人民法院 民事判决书 （2011）温鹿民初字第577号
 林西县人民法院 民事判决书 （2015）林民初字第00479号 
