 安徽省阜阳市颍州区人民法院 民事判决书 （2014）州民一初字第00345号 
 南京市六合区人民法院 民事判决书 （2014）六民初字第784号 
甘肃省临洮县人民法院 民事判决书 （2015）临新民初字第91号
 山东省宁津县人民法院 民事判决书 （2015）宁民初字第261号 
 河南省虞城县人民法院 民事判决书 （2014）虞民初字第1228号 
 北京市朝阳区人民法院 民事判决书 （2014）朝民初字第27549号 
 河南省荥阳市人民法院 民事判决书 （2014）荥民初字第1171号 
 湖南省资兴市人民法院 民事判决书 （2015）资民一初字第105号 
 灵宝市人民法院 民事判决书 （2014）灵民一初字第1623号 
 四川省青川县人民法院 民事判决书 （2015）青川民初字第143号 
 江苏省邳州市人民法院 民事判决书 （2015）邳铁民初字第0152号 
 湖北省江陵县人民法院 民事判决书 （2014）鄂江陵民初字第00713号 
安徽省六安市金安区人民法院 民事判决书 （2014）六金民一初字第01467号
杭州市滨江区人民法院 民事判决书 （2010）杭滨民初字第629号
 四川省仪陇县人民法院 民事判决书 （2013）仪民初字第1896号 
 山东省日照市岚山区人民法院 民事判决书 （2014）岚民一初字第1028号 
 山西省壶关县人民法院 民事判决书 （2014）壶民初字第736号 
 湖南省攸县人民法院 民事判决书 （2014）攸法民一初字第477号 
上海市徐汇区人民法院 民事判决书 （2015）徐民一（民）初字第3836号
 山东省曹县人民法院 民事判决书 （2013）曹民初字第2131号 
 上海市浦东新区人民法院 民事判决书 （2014）浦民一（民）初字第36852号 
 杭州市滨江区人民法院 民事判决书 （2012）杭滨民初字第1277号 
 安徽省凤台县人民法院 民事判决书 （2014）凤民一初字第00348号 
安徽省六安市金安区人民法院 民事判决书 （2015）六金民一初字第00713号
 广西壮族自治区永福县人民法院 民事判决书 （2014）永民初字第38号 
 山东省泰安市泰山区人民法院 民事判决书 （2013）泰山民初字第1228号 
 四川省资阳市雁江区人民法院 民事判决书 （2015）雁江民初字第693号 
 甘肃省永登县人民法院 民事判决书 （2014）永武民初字第113号 
 河南省郑州市二七区人民法院 民事判决书 （2013）二七民一初字第2667号 
 山东省新泰市人民法院 民事判决书 （2013）新民初字第5786号 
浙江省温岭市人民法院 民事判决书 （2015）台温箬民初字第68号
浙江省台州市椒江区人民法院 民事判决书 （2010）台椒椒北民初字第115号
 贵州省都匀市人民法院 民事判决书 （2014）都民初字第471号 
湖南省长沙市望城区人民法院 民事判决书 （2015）望民初字第00936号
 湖北省天门市人民法院 民事判决书 （2015）鄂天门民初字第00587号 
 重庆市渝北区人民法院 民事判决书 （2014）渝北法民初字第2158号 
 山东省临清市人民法院 民事判决书 （2013）临民一初字第340号 
 河南省淅川县人民法院 民事判决书 （2014）淅上民初字第194号 
 江苏省灌云县人民法院 民事判决书 （2014）灌杨民初字第0438号 
 安徽省界首市人民法院 民事判决书 （2015）界民一初字第00255号 
 福建省仙游县人民法院 民事判决书 （2015）仙民初字第2004号 
 广东省潮州市潮安区人民法院 民事判决书 （2014）潮安法古民一初字第68号 
 开封县人民法院 一审民事判决书 （2014）开民初字第179号 
重庆市渝北区人民法院 民事判决书 （2015）渝北法民初字第12243号
湖北省天门市人民法院 民事判决书 （2015）鄂天门民初字第00136号
 山东省商河县人民法院 民事判决书 （2014）商民初字第1369号 
 甘肃省康乐县人民法院 民事判决书 （2015）康法民初字第121号 
 海南省儋州市人民法院 民事判决书 儋民初字第1290号 
 湖南省攸县人民法院 民事判决书 （2013）攸法民一初字第1769号 
 鹤壁市淇滨区人民法院 民事判决书 （2014）淇滨民初字第1194号 
