 山东省乐陵市人民法院 民事判决书 （2014）乐民初字第1130号 
 四川省盐亭县人民法院 民事判决书 （2015）盐民初字第2493号 
湖南省汨罗市人民法院 民事判决书 （2015）汨民初字第987号
 江苏省常熟市人民法院 民事判决书 （2014）熟梅民初字第00174号 
 山西省长治市郊区人民法院 民事判决书 （2014）郊民初字第0810号 
沈阳市皇姑区人民法院 民事判决书 （2015）皇民四初字第00344号
 四川省仪陇县人民法院 民事判决书 （2014）仪民初字第293号 
 河北省邢台市桥西区人民法院 民事判决书 （2014）西民初字第1103号 
河南省鹿邑县人民法院 民事判决书 （2015）鹿民初字第279号
 浙江省杭州市余杭区人民法院 民事判决书 （2014）杭余余民初字第693号 
安徽省含山县人民法院 民事判决书 （2015）含民一初字第00839号
 湖北省武穴市人民法院 民事判决书 （2014）鄂武穴民初字第01160号 
 昆明市西山区人民法院 民事判决书 （2014）西法民初字第1753号 
 广西壮族自治区恭城瑶族自治县人民法院 民事判决书 （2014）恭民初字第140号 
 江苏省启东市人民法院 民事判决书 （2014）启和民初字第0232号 
 四川省雅安市名山区人民法院 民事判决书 （2014）名山民初字第400号 
湖北省蕲春县人民法院 民事判决书 （2013）鄂蕲春民一初字第01502号
 河北省迁安市人民法院 民事判决书 （2013）安民初字第2289号 
福建省南安市人民法院 民事判决书 （2015）南民初字第2186号
 江苏省射阳县人民法院 民事判决书 （2013）射民初字第0617号 
山东省邹城市人民法院 民事判决书 （2015）邹民初字第97号
 四川省南充市高坪区人民法院 民事判决书 （2014）高坪民初字第1036号 
四川省广元市利州区人民法院 民事判决书 （2015）广利州民初字第3719号
 山东省莘县人民法院 民事判决书 （2012）莘民一初字第477号 
 江苏省扬中市人民法院 民事判决书 （2014）扬开民初字第197号 
 四川省三台县人民法院 民事判决书 （2014）三民初字第3397号 
 浙江省苍南县人民法院 民事判决书 （2014）温苍龙民初字第348号 
浙江省桐乡市人民法院 民事判决书 （2015）嘉桐民初字第3780号
陕西省宜川县人民法院 民事判决书 （2015）宜川民初字第00334号
广东省阳春市人民法院 民事判决书 （2015）阳春法民一初字第610号
 安徽省枞阳县人民法院 民事判决书 （2015）枞民一初字第00134号 
 连云港市新浦区人民法院 民事判决书 （2014）新民初字第0072号 
 浙江省安吉县人民法院 民事判决书 （2011）湖安民初字第218号 
 河北省张家口市宣化区人民法院 民事判决书 （2015）宣区民初字第206号 
 吉林省东丰县人民法院 民事判决书 （2014）东民初字第460号 
 浙江省象山县人民法院 民事判决书 （2014）甬象徐民初字第47号 
 湖北省恩施市人民法院 民事判决书 （2014）鄂恩施民初字第00349号 
 浙江省富阳市人民法院 民事判决书 （2014）杭富城民初字第56号 
 宁夏回族自治区吴忠市红寺堡区人民法院 民事判决书 （2014）吴红民初字第23号 
 重庆市铜梁县人民法院 民事判决书 （2013）铜法民初字第03748号 
 福建省泉州市丰泽区人民法院 民事判决书 （2013）丰民初字第4488号 
 湖北省京山县人民法院 民事判决书 （2015）鄂京山雁民初字第00005号 
 大连市金州区人民法院 民事判决书 （2014）金民初字第1509号 
河南省孟津县人民法院 民事判决书 （2015）孟民三初字第178号
 北京市海淀区人民法院 民事判决书 （2014）海民初字第2725号 
 四川省邛崃市人民法院 民事判决书 （2014）邛崃民初字第915号 
 四川省南充市嘉陵区人民法院 民事判决书 （2015）嘉民初字第300号 
 湖南省辰溪县人民法院 民事判决书 （2014）辰民一初字第22号 
湖北省武汉市新洲区人民法院 民事判决书 （2015）鄂新洲阳民初字第00262号
 四川省泸州市江阳区人民法院 民事判决书 （2013）江阳民初字第2019号 
