 陕西省澄城县人民法院 民事判决书 （2013）澄民初字第00215号 
 山东省嘉祥县人民法院 民事判决书 （2014）嘉民初第795号 
 湖南省邵阳市双清区人民法院 民事判决书 （2015）双民初字第77号 
 山东省桓台县人民法院 民事判决书 （2014）桓民初字第1915号 
河南省柘城县人民法院 民事判决书 （2013）柘民初字第1218号
 河南省沈丘县人民法院 民事判决书 （2015）沈民初字第638号 
西安市雁塔区人民法院 民事判决书 （2011）雁民初字第04440号
 上海市浦东新区人民法院 民事判决书 （2014）浦民一（民）初字第35894号 
广西壮族自治区马山县人民法院 民事判决书 （2015）马民一初字第739号
 广西壮族自治区全州县人民法院 民事判决书 （2014）全民初字第772号 
湖北省武穴市人民法院 民事判决书 （2015）鄂武穴民初字第00764号
 贵州省开阳县人民法院 民事判决书 （2014）开民初字第1249号 
 河南省荥阳市人民法院 民事判决书 （2014）荥民初字第399号 
 四川省武胜县人民法院 民事判决书 （2015）武胜民初字第1170号 
河南省商丘市梁园区人民法院 民事判决书 （2015）商梁民初字第02694号
 山东省滨州市滨城区人民法院 民事判决书 （2014）滨小民初字第339号 
 湖南省耒阳市人民法院 民事判决书 （2013）耒巡民余初字第67号 
 湖北省武汉市汉阳区人民法院 民事判决书 （2015）鄂汉阳十民初字第00038号 
 陕西省绥德县人民法院 民事判决书 （2015）绥民初字第00324号 
江苏省泰州市姜堰区人民法院 民事判决书 （2015）泰姜溱民初字第00506号
 江西省樟树市人民法院 民事判决书 （2014）樟阁民初字第13号 
 安徽省歙县人民法院 民事判决书 （2013）歙民一初字第01576号 
 彭水苗族土家族自治县人民法院 民事判决书 （2015）彭法民初字第00987号 
 福建省长乐市人民法院 民事判决书 （2013）长民初字第1331号 
湖南省临澧县人民法院 民事判决书 （2015）临民一初字第813号
 黑龙江省富锦市人民法院 民事判决书 （2014）富民初字第500号 
 浙江省德清县人民法院 民事判决书 （2012）湖乾德民初字第5号 
四川省南充市高坪区人民法院 民事判决书 （2015）高坪民初字第2031号
 青海省湟中县人民法院 民事判决书 （2014）湟民一初字第441号 
河南省新密市人民法院 民事判决书 （2015）新密民一初字第543号
 西安市长安区人民法院 民事判决书 （2014）长安民初字第00004号 
 江苏省扬州市广陵区人民法院 民事判决书 （2014）扬广民初字第1036号 
甘肃省武威市凉州区人民法院 民事判决书 （2015）凉民初字第1984号
 浙江省泰顺县人民法院 民事判决书 （2014）温泰雅民初字第77号 
 福建省福安市人民法院 民事判决书 （2014）安民初字第1495号 
广西壮族自治区来宾市兴宾区人民法院 民事判决书 （2014）兴民初字第3158号
山东省菏泽市牡丹区人民法院 民事判决书 （2015）菏牡民初字第909号
浙江省诸暨市人民法院 民事判决书 （2010）绍诸枫民初字第246号
江苏省泗阳县人民法院 民事判决书 （2015）泗王民初字第0611号
湖南省城步苗族自治县人民法院 民事判决书 （2015）城民初字第333号
 山东省菏泽市牡丹区人民法院 民事判决书 （2013）菏牡民初字第2026号 
内蒙古自治区巴林右旗人民法院 民事判决书 （2015）右民初字第622号
 陕西省华县人民法院 民事判决书 （2012）华民初字第00422号 
 山东省曹县人民法院 民事判决书 （2015）曹民初字第467号 
孟州市人民法院 民事判决书 （2015）孟民谷初字第00279号
 河北省隆化县人民法院 民事判决书 （2015）隆民初字第500号 
 湖北省随州市曾都区人民法院 民事判决书 （2014）鄂曾都民初字第00105号 
 湖南省宁远县人民法院 民事判决书 （2014）宁法民一初字第357号 
 四川省广安市广安区人民法院 民事判决书 （2014）广安民初字第1481号 
黑龙江省巴彦县人民法院 民事判决书 （2015）巴民一民初字第1043号
