 河南省商城县人民法院 民事判决书 （2015）商民初字第245号 
 重庆市云阳县人民法院 民事判决书 （2013）云法民初字第02980号 
 河南省兰考县人民法院 民事判决书 （2015）兰民初字第00026号 
 河北省定州市人民法院 民事判决书 （2013）定民初字第2365号 
山东省淄博市临淄区人民法院 民事判决书 （2015）临民初字第2387号
 河北省故城县人民法院 民事判决书 （2013）故民一初字第1459号 
福建省南安市人民法院 民事判决书 （2015）南民初字第3347号
安徽省萧县人民法院 民事判决书 （2015）萧民一初字第04372号
 贵州省大方县人民法院 民事判决书 （2014）黔方民初字第1569号 
 辽宁省新民市人民法院 民事判决书 （2014）新民民三初字第6011号 
 山东省惠民县人民法院 民事判决书 （2013）惠民初字第1239号 
 湖南省桃源县人民法院 民事判决书 （2015）桃民初字第633号 
 安徽省桐城市人民法院 民事判决书 （2014）桐民一初字第00344号 
 湖南省常德市武陵区人民法院 民事判决书 （2015）武民初字第00325号 
安徽省临泉县人民法院 民事判决书 （2013）临民一初字第00434号
 广西壮族自治区柳江县人民法院 民事判决书 （2014）江民初字第918号 
山东省巨野县人民法院 民事判决书 （2015）巨民初字第2797号
 湖南省沅江市人民法院 民事判决书 （2014）沅民一初字第328号 
河南省驻马店市驿城区人民法院 民事判决书 （2015）驿民初字第1412号
湖北省荆州市荆州区人民法院 民事判决书 （2015）鄂荆州区民初字第01107号
 扶沟县人民法院 民事判决书 （2014）扶民初字第182号 
 湖南省资兴市人民法院 民事判决书 （2015）资民一初字第281号 
 湖北省钟祥市人民法院 民事判决书 （2014）鄂钟祥石民一初字第00089号 
 四川省达州市通川区人民法院 民事判决书 （2014）通川民初字第2451号 
 河南省新郑市人民法院 民事判决书 （2014）新民初字第500号 
 上海市嘉定区人民法院 民事判决书 （2014）嘉民一（民）初字第1966号 上海市嘉定区人民法院 民事判决书 （2014）嘉民一（民）初字第1966号 
甘肃省临洮县人民法院 民事判决书 （2015）临衙民初字第265号
 内蒙古自治区敖汉旗人民法院 民事判决书 （2014）敖民初字第3447号 
 湖北省崇阳县人民法院 民事判决书 （2014）鄂崇阳民初字第00423号 
 四川省广汉市人民法院 民事判决书 （2014）广汉民初字第122号 
 宁波市海曙区人民法院 民事判决书 （2013）甬海民初字第993号 
四川省乐山市市中区人民法院 民事判决书 （2013）乐中民初字第628号
 四川省遂宁市船山区人民法院 民事判决书 （2015）船山民初字第311号 
 湖南省湘潭市雨湖区人民法院 民事判决书 （2013）雨法民一初字第747号 
 河北省遵化市人民法院 民事判决书 （2014）遵民初字第2142号 
 广东省紫金县人民法院 民事判决书 （2014）河紫法民一初字第240号 
 湖北省仙桃市人民法院 民事判决书 （2014）鄂仙桃民一初字第00156号 
 湖南省永州市冷水滩区人民法院 民事判决书 （2014）永冷民初字第1469号 
 江苏省新沂市人民法院 民事判决书 （2013）新马民初字第1372号 
 浙江省龙泉市人民法院 民事判决书 （2015）丽龙民初字第104号 
山东省淄博市临淄区人民法院 民事判决书 （2013）临民初字第1534号
 安徽省寿县人民法院 民事判决书 （2013）寿民一初字第01800号 
 广东省揭阳市榕城区人民法院 民事判决书 （2014）揭榕法民一初字第87号 
浙江省临海市人民法院 民事判决书 （2009）台临民初字第2453号
 辽宁省锦州市太和区人民法院 民事判决书 （2014）太民一初字第00512号 
 四川省三台县人民法院 民事判决书 （2014）三民初字第2968号 
 福建省平潭县人民法院 民事判决书 （2014）岚民初字第205号 
 山东省海阳市人民法院 民事判决书 （2014）海民初字第543号 
 湖北省鄂州市梁子湖区人民法院 民事判决书 （2015）鄂梁子湖民初字第00016号 
福建省宁德市蕉城区人民法院 民事判决书 （2015）蕉民初字第1540号
