 济南市历城区人民法院 民事判决书 （2013）历城民初字第2452号 
 吉林省农安县人民法院 民事判决书 （2014）吉农民初字第3563号 
 湖南省祁阳县人民法院 民事判决书 （2013）祁民初字第2800号 
湖南省常德市武陵区人民法院 民事判决书 （2015）武民初字第02644号
 山东省新泰市人民法院 民事判决书 （2014）新民初字第885号 
重庆市九龙坡区人民法院 民事判决书 （2015）九法民初字第07856号
 上海市闵行区人民法院 民事判决书 （2014）闵民一（民）初字第11029号 
 湖南省耒阳市人民法院 民事判决书 （2014）耒民一初字第92号 
 广西壮族自治区北流市人民法院 民事判决书 （2014）北民初字第131号 
 贵州省罗甸县人民法院 民事判决书 （2015）罗民初字第291号 
 辽宁省阜新市新邱区人民法院 民事判决书 （2014）新民一初字第45号 
吉林省和龙市人民法院 民事判决书 （2015）和民初字第76号
 南京市浦口区人民法院 民事判决书 （2014）浦民初字第3115号 
 河北省沧县人民法院 民事判决书 （2014）沧民初字第704号 
 湖南省新化县人民法院 民事判决书 （2014）新法民一初字第1345号 
福建省永春县人民法院 民事判决书 （2015）永民初字第2205号
 贵州省绥阳县人民法院 民事判决书 （2014）绥民一初字第106号 
 河北省涉县人民法院 民事判决书 （2014）涉民初字第1164号 
 湖南省益阳市赫山区人民法院 民事判决书 （2014）益赫民一初字第378号 
 重庆市合川区人民法院 民事判决书 （2014）合法民初字第00942号 
四川省资阳市雁江区人民法院 民事判决书 （2015）雁江民初字第2141号
 湖北省枣阳市人民法院 民事判决书 （2015）鄂枣阳鹿民初字第00019号 
 浙江省桐庐县人民法院 民事判决书 （2014）杭桐横民初字第42号 
 商洛市商州区人民法院 民事判决书 （2012）商区法民一初字第00766号 
湖北省武汉市某区人民法院 民事判决书 （2014）鄂东西湖民初字第01222号
 陕西省旬邑县人民法院 民事判决书 （2015）旬邑民初字第00212号 
 辉县市人民法院 民事判决书 （2014）辉民初字第2447号 
山东省高青县人民法院民事判决书 （2013）高民初字第1032号
 宁波市镇海区人民法院 民事判决书 （2014）甬镇民初字第1245号 
河北省定州市人民法院 民事判决书 （2015）定民初字第396号
 山东省嘉祥县人民法院 民事判决书 （2014）嘉民初字第334号 
 南京市栖霞区人民法院 民事判决书 （2014）栖迈民初字第19号 
河北省阜城县人民法院 民事判决书 （2015）阜民一初字第226号
 承德市鹰手营子矿区人民法院 民事判决书 （2013）鹰民初字第400号 
浙江省文成县人民法院 民事判决书 （2010）温甲民初字第53号
 山东省滨州市滨城区人民法院 民事判决书 （2014）滨杜民初字第224号 
 青海省西宁市城北区人民法院 民事判决书 （2014）北民大初字第364号 
四川省中江县人民法院 民事判决书 （2015）中江民初字第1863号
 山东省菏泽市牡丹区人民法院 民事判决书 （2014）菏牡民初字第763号 
 山东省东明县人民法院 民事判决书 （2014）东民初字第1159号 
安徽省庐江县人民法院 民事判决书 （2015）庐江民一初字第00300号
湖南省慈利县人民法院 民事判决书 （2015）慈民一初字第477号
 广西壮族自治区陆川县人民法院 民事判决书 （2014）陆民初字第491号 
 辽宁省法库县人民法院 民事判决书 （2015）法民一初字第222号 
 广东省怀集县人民法院 民事判决书 （2013）肇怀法梁民初字109号 
 浙江省青田县人民法院 民事判决书 （2014）丽青万民初字第128号 
重庆市秀山土家族苗族自治县人民法院 民事判决书 （2015）秀法民初字第00332号
河北省张北县人民法院 民事判决书 （2015）北民初字第823号
 广西壮族自治区阳朔县人民法院 民事判决书 （2015）阳民初字第40号 
内蒙古科尔沁左翼中旗人民法院 民事判决书 （2015）左民初字第1138号
