 昆明市东川区人民法院 民事判决书 （2015）东民初字第186号 
 云南省罗平县人民法院 民事判决书 （2014）罗民初字第1105号 
 济南市历城区人民法院 民事判决书 （2013）历城民初字第1245号 
嘉兴市秀洲区人民法院 民事判决书 （2010）嘉秀民初字第92号
 北京市昌平区人民法院 民事判决书 （2013）昌民初字第8915号 
 重庆市梁平县人民法院 民事判决书 （2014）梁法民初字第01593号 
 甘肃省榆中县人民法院 民事判决书 （2015）榆金民初字第19号 
 南京市江宁区人民法院 民事判决书 （2014）江宁开民初字第828号 
山东省沾化县人民法院 民事判决书 （2013）沾下民初字第41号
 河北省唐山市丰南区人民法院 民事判决书 （2014）丰民初字第2188号 
 湖北省远安县人民法院 民事判决书 （2014）鄂远安民初字第00770号 
 湖北省鹤峰县人民法院 民事判决书 （2014）鄂鹤峰民初字第00701号 
云南省鲁甸县人民法院 民事判决书 （2015）鲁民初字第423号
 浙江省嵊州市人民法院 民事判决书 （2015）绍嵊黄民初字第70号 
 广东省信宜市人民法院 民事判决书 （2015茂信法北民初字第39号 
 安徽省芜湖市鸠江区人民法院 民事判决书 （2014）鸠民一初字第00273号 
 河北省肥乡县人民法院 民事判决书 （2014）肥民初字第682号 
 林州市人民法院 民事判决书 （2014）林镇民初字第300号 
山东省宁津县人民法院 民事判决书 （2015）宁民初字第165号
 江苏省兴化市人民法院 民事判决书 （2014）泰兴西民初字第0303号 
广东省吴川市人民法院 民事判决书 （2015）湛吴法民一初字第107号
 灵宝市人民法院 民事判决书 （2015）灵民一初字第801号 
 辽宁省辽中县人民法院 民事判决书 （2014）辽中民三初字第2757号 
 湖南省洞口县人民法院 民事判决书 （2014）洞民初字第263号 
 江苏省海安县人民法院 民事判决书 （2014）安墩民初字第00090号 
 徐州市铜山区人民法院 民事判决书 （2015）铜茅民初字第209号 
 湖南省常德市武陵区人民法院 民事判决书 （2013）武民初字第01535号 
 重庆市涪陵区人民法院 民事判决书 （2014）涪法民初字第01657号 
 鹤壁市淇滨区人民法院 民事判决书 （2014）淇滨民初字第2191号 
湖南省华容县人民法院 民事判决书 （2015）华民初字第01256号
 河南省郑州市二七区人民法院 民事判决书 （2014）二七民一初字第2399号 
 湖北省武汉市汉阳区人民法院 民事判决书 （2012）鄂汉阳民一初字第00681号 
 福建省南安市人民法院 民事判决书 （2014）南民初字第3039号 
 武汉市江夏区人民法院 民事判决书 （2011）夏民一初字第5号 
 曹某某与韩某甲离婚纠纷一审民事判决书 （2014）宁民初字第498号 
 辽宁省瓦房店市人民法院 民事判决书 （2014）瓦民初字第5121号 
 四川省南部县人民法院 民事判决书 （2014）南民初字第1145号 
 山东省平邑县人民法院 民事判决书 （2014）平民初字第2463号 
 山东省郯城县人民法院 民事判决书 （2013）郯民初字第203号 
 江苏省灌云县人民法院 民事判决书 （2014）灌板民初字第00453号 
 福建省连城县人民法院 民事判决书 （2014）连民初字第1152号 
黑龙江省青冈县人民法院 民事判决书 （2015）青法民初字第48号
 山东省宁阳县人民法院 民事判决书 （2014）宁民初字第2311号 
 山东省临沭县人民法院 民事判决书 （2014）沭民一初字第53号 
 云南省武定县人民法院 民事判决书 （2014）武民初字第512号 
 河南省郑州市二七区人民法院 民事判决书 （2014）二七民一初字第886号 
山东省淄博市临淄区人民法院 民事判决书 （2015）临民初字第2632号
 重庆市长寿区人民法院 民事判决书 （2015）长法民初字第00407号 
 青海省湟源县人民法院 民事判决书 （2014）源民一初字第52号 
 湖南省常宁市人民法院 民事判决书 （2014）常民一初字第434号 
