 连云港市海州人民法院 民事判决书 （2015）海民初字第01105号 
 广东省佛山市顺德区人民法院 民事判决书 （2014）佛顺法杏民初字第624号 
 山东省莘县人民法院 民事判决书 （2013）莘民一初字第341号 
 山东省肥城市人民法院 民事判决书 （2014）肥民初字第80号 
江苏省张家港市人民法院 民事判决书 （2015）张少民初字第00247号
 四川省大竹县人民法院 民事判决书 （2014）大竹民初字第1246号 
安徽省颍上县人民法院 民事判决书 （2015）颍民一初字第3628号
浙江省嵊州市人民法院 民事判决书 （2010）绍嵊民初字第55号
 山西省榆社县人民法院 民事判决书 （2014）榆民初字第73号 
 重庆市开县人民法院 民事判决书 （2014）开法民初字第00781号 
广西壮族自治区临桂县人民法院 民事判决书 （2015）临民初字第141号
吉林省大安市人民法院 民事判决书 （2015）大太民初字第153号
 河南省新野县人民法院 民事判决书 （2015）新溧民初字第00040号 
 浙江省慈溪市人民法院 民事判决书 （2014）甬慈观民初字第70号 
 安徽省临泉县人民法院 民事判决书 （2014）临民一初字第04077号 
 。 黑龙江省克山县人民法院 民事判决书 （2015）克民初字第27号 
 四川省仁寿县人民法院 民事判决书 （2014）仁寿民初字第2056号 
 山东省临朐县人民法院 民事判决书 （2015）临法民初字第237号 
 安徽省太和县人民法院 民事判决书 （2014）太民一初字第04208号 
 浙江省绍兴县人民法院 民事判决书 （2011）绍民初字第1078号 
 嘉兴市秀洲区人民法院 民事判决书 （2013）嘉秀泾民初字第270号 
新县人民法院 民事判决书 （2013）新民初字第31号
湖南省桃源县人民法院 民事判决书 （2015）桃民初字第1691号
广西壮族自治区罗城仫佬族自治县人民法院 民事判决书 （2015）罗民初字第629号
 湖北省随县人民法院 民事判决书 （2014）鄂随县民初字第00079号 
 山东省新泰市人民法院 民事判决书 （2014）新民初字第2798号 
山西省永济市人民法院 民事判决书 （2015）永民初字第46号
 山东省肥城市人民法院 民事判决书 （2014）肥民初字第203号 
四川省江油市人民法院 民事判决书 （2015）江油民初字第1931号
安徽省舒城县人民法院 民事判决书 （2015）舒民一初字第00940号
 浙江省温州市瓯海区人民法院 民事判决书 （2013）温瓯三民初字第90号 
 吉林省洮南市人民法院 民事判决书 （2014）洮法万民初字第228号 
山东省单县人民法院 民事判决书 （2015）单民初字第2537号
 福建省平潭县人民法院 民事判决书 （2014）岚民初字第773号 
重庆市万州区人民法院 民事判决书 （2015）万法民初字第07205号
 安徽省利辛县人民法院 民事判决书 （2015）利民一初字第00949号 
 福建省长汀县人民法院 民事判决书 （2014）汀民初字第885号 
 湖南省浏阳市人民法院 民事判决书 （2015）浏民初字第2713号 
江西省武宁县人民法院 民事判决书 （2015）武民一初字第207号
 衢州市柯城区人民法院 民事判决书 （2014）衢柯巡民初字第85号 
 上海市徐汇区人民法院 民事判决书 （2014）徐民一（民）初字第8466号 
 河南省巩义市人民法院 民事判决书 （2014）巩民初字第510号 
 安徽省凤阳县人民法院 民事判决书 （2014）凤民一初字第01326号 
 浙江省淳安县人民法院 民事判决书 （2014）杭淳民初字第299号 
 黑龙江省大庆市让胡路区人民法院 民事判决书 （2014）让民初字第2136号 
 北京市房山区人民法院 民事判决书 （2015）房民初字第02264号 
 江苏省宝应县人民法院 民事判决书 （2013）宝民初字第2453号 
湖南省沅江市人民法院 民事判决书 （2015）沅民一初字第59号
 黑龙江省牡丹江市阳明区人民法院 民事判决书 （2015）阳民初字第13号 
 浙江省淳安县人民法院 民事判决书 （2013）杭淳民初字第251号 
