 安徽省阜阳市颍泉区人民法院 民事判决书 （2015）泉民一初字第00884号 
 辽宁省铁岭县人民法院 民事判决书 （2014）铁县民三初字第383号 
 北京市房山区人民法院 民事判决书 （2014）房民初字第00010号 
 山西省襄垣县人民法院 民事判决书 （2014）襄民初字第210号 
重庆市江津区人民法院 民事判决书 （2015）津法民初字第02934号
 山东省阳谷县人民法院 民事判决书 （2013）阳民初字第784号 
 安徽省枞阳县人民法院 民事判决书 （2014）枞民一初字第01509号 
吉林省德惠市人民法院 民事判决书 （2015）德民初字第1067号
 辽宁省彰武县人民法院 民事判决书 （2014）彰民一初字第863号 
 广西壮族自治区横县人民法院 民事判决书 （2015）横民一初字第180号 
 山东省青岛市市北区人民法院 民事判决书 （2014）北民初字第106号 
 福建省南安市人民法院 民事判决书 （2014）南民初字第4148号 
 四川省安岳县人民法院 民事判决书 （2014）安岳民初字第0982号 
 山东省淄博市临淄区人民法院 民事判决书 （2014）临民初字第2475号 
 苏州市相城区人民法院 民事判决书 （2014）相渭民初字第0035号 
 重庆市大足区人民法院 民事判决书 （2014）足法民初字第00403号 
天津市宝坻区人民法院 民事判决书 （2015）宝民初字第7426号
 广东省梅州市梅县区人民法院 民事判决书 （2014）梅县法松民初字第84号 
 江苏省如东县人民法院 民事判决书 （2014）东洋民初字第0130号 
 安徽省马鞍山市花山区人民法院 民事判决书 （2013）花民一初字第01990号 
 四川省古蔺县人民法院 民事判决书 （2014）古蔺民初字第2707号 
江西省都昌县人民法院 民事判决书 （2015）都民一初字第847号
 安徽省马鞍山市花山区人民法院 民事判决书 （2015）花民一初字第01334号 
 广州市南沙区人民法院 民事判决书 （2014）穗南法万民初字第229号 
 重庆市江津区人民法院 民事判决书 （2014）津法民初字第07640号 
 四川省南部县人民法院 民事判决书 （2015）南民初字第1353号 
贵州省水城县人民法院 民事判决书 （2015）黔水民初字第2136号
 宁夏回族自治区银川市西夏区人民法院 民事判决书 （2014）夏民初字第301号 
 重庆市北碚区人民法院 民事判决书 （2014）碚法民初字第04471号 
 湖北省武汉市新洲区人民法院 民事判决书 （2014）鄂新洲邾民初字第00131号 
 江苏省镇江市京口区人民法院 民事判决书 （2014）京民初字第2087号 
 四川省安县人民法院 民事判决书 （2015）安民初字第394号 
 湖南省汉寿县人民法院 民事判决书 （2014）汉民初字第357号 
呼和浩特市赛罕区人民法院 民事判决书 （2015）赛民初字第01275号
 安徽省太和县人民法院 民事判决书 （2014）太民一初字第00008号 
江西省瑞金市人民法院 民事判决书 （2015）瑞民一初字第572号
 浙江省海盐县人民法院 民事判决书 （2014）嘉盐民初字第2052号 
 湖南省溆浦县人民法院 民事判决书 （2015）溆民一初字第214号 
 安徽省临泉县人民法院 民事判决书 （2015）临民一初字第02387号 
 上海市浦东新区人民法院 民事判决书 （2014）浦民一（民）初字第27788号 
湖南省沅江市人民法院 民事判决书 （2015）沅民一初字第534号
江苏省常州市武进区人民法院 民事判决书 武民初字第1947号
 福建省惠安县人民法院 民事判决书 （2014）惠民初字第5319号 
 西安市灞桥区人民法院 民事判决书 （2013）灞民初字第02500号 
 河南省新蔡县人民法院 民事判决书 （2013）新民初字第0808号 
 广西壮族自治区博白县人民法院 民事判决书 （2015）博民初字第412号 
贵州省安顺市西秀区人民法院 民事判决书 （2015）西民初字第956号
湖北省应城市人民法院 民事判决书 （2015）鄂应城民初字第00722号
 山东省威海市文登区人民法院 民事判决书 （2014）威文葛民一初字第197号 
 宁夏回族自治区中卫市沙坡头区人民法院 民事判决书 （2015）沙民初字第948号 
