 金华市金东区人民法院 民事判决书 （2015）金东民初字第592号 
江苏省沭阳县人民法院 民事判决书 （2015）沭开民初字第00868号
 山东省滕州市人民法院 民事判决书 （2013）滕民初字第813号 
 安徽省临泉县人民法院 民事判决书 （2015）临民一初字第02249号 
 河北省曲阳县人民法院 民事判决书 （2014）曲民初字第1338号 
 湖北省崇阳县人民法院 民事判决书 （2015）鄂崇阳民初字第79号 
 济源市人民法院 民事判决书 （2013）济民一初字第1604号 
 云南省屏边苗族自治县人民法院 民事判决书 （2014）屏民一初字第89号 
 湖南省新宁县人民法院 民事判决书 （2014）宁民一初字第1446号 
 湖南省邵阳市双清区人民法院 民事判决书 （2014）双民初字第557号 
 四川省叙永县人民法院 民事判决书 （2012）叙永民初字第1863号 
 安徽省巢湖市人民法院 民事判决书 （2014）巢民一初字第01209号 
四川省宣汉县人民法院 民事判决书 （2015）宣汉民初字第1394号
 辽宁省营口市西市区人民法院 民事判决书 （2014）营西民一初字第133号 
四川省简阳市人民法院 民事判决书 （2015）简阳民初字第940号
 山东省临沭县人民法院 民事判决书 （2014）沭民一初字第2533号 
广东省惠州市惠城区人民法院 民事判决书 （2013）惠城法水民初字第577号
 浙江省绍兴县人民法院 民事判决书 （2013）绍民初字第33号 
 贵州省绥阳县人民法院 民事判决书 （2015）绥民一初字第153号 
 北京市西城区人民法院 民事判决书 （2014）西民初字第07821号 
康平县人民法院 民事判决书 （2015）康民初字第1370号
 黑龙江省双鸭山市四方台区人民法院 民事判决书 （2014）四民初字第206号 
 四川省乐山市沙湾区人民法院 民事判决书 （2015）沙湾民初字第325号 
湖南省醴陵市人民法院 民事判决书 （2015）醴法民一初字第676号
 偃师市人民法院 民事判决书 （2013）偃民十初字第233号 
 青海省西宁市城北区人民法院 民事判决书 （2014）北民大初字第87号 
广东省高要市人民法院 民事判决书 （2014）肇要法白民初字第218号
湖南省芷江侗族自治县人民法院 民事判决书 （2014）芷民一初字第30号
 江苏省泰兴市人民法院 民事判决书 （2014）泰虹民初字第0722号 
 上海市宝山区人民法院 民事判决书 （2014）宝民一（民）初字第539号 
重庆市永川区人民法院 民事判决书 （2015）永法民初字第05081号
 黑龙江省虎林市人民法院 民事判决书 （2014）虎民初字第791号 
 山西省潞城市人民法院 民事判决书 （2014）潞民初字第904号 
 四川省泸县人民法院 民事判决书 （2014）泸泸民初字第1238号 
湖北省阳新县人民法院 民事判决书 （2015）鄂阳新民浮初字第00166号
 湖南省永兴县人民法院 民事判决书 （2014）永民初字第1369号 
河南省漯河市召陵区人民法院 民事判决书 （2015）召民初字第1861号
 四川省武胜县人民法院 民事判决书 （2014）武胜民初字第3550号 
 河南省中牟县人民法院 民事判决书 （2015）牟民初字第80号 
 山东省高唐县人民法院 民事判决书 （2013）高民一初字第1214号 
 湖南省邵阳市大祥区人民法院 民事判决书 （2015）大民初字第643号 
 安徽省淮南市八公山区人民法院 民事判决书 （2014）八民一初字第00592号 
江苏省建湖县人民法院 民事判决书 （2015）建民初字第0858号
 河南省禹州市人民法院 民事判决书 （2014）禹民一初字第956号 
 山东省莘县人民法院 民事判决书 （2013）莘民一初字第498号 
 青海省西宁市城中区人民法院 民事判决书 （2013）中民一初字第879号 
浙江省江山市人民法院 民事判决书 （2011）衢江民初字第204号
四川省宜宾市翠屏区人民法院 民事判决书 （2015）翠屏民初字第761号
 湖南省宜章县人民法院 民事判决书 （2014）宜民一初字第281号 
河南省上蔡县人民法院 民事判决书 （2015）上民一初字第1030号
