安徽省来安县人民法院 民事判决书 （2015）来民一初字第01021号
河北省高阳县人民法院 民事判决书 （2014）高民初字第958号
广西壮族自治区靖西县人民法院 民事判决书 （2015）靖民一初字第891号
 上海市奉贤区人民法院 民事判决书 （2014）奉民一（民）初字第2554号 
 贵州省贵阳市白云区人民法院 民事判决书 （2014）白民初字第868号 
 安徽省太和县人民法院 民事判决书 （2013）太民一初字第02895号 
 湖北省蕲春县人民法院 民事判决书 （2014）鄂蕲春民一初字第00724号 
 叶县人民法院 民事判决书 （2013）叶民任初字第217号 
河南省封丘县人民法院 民事判决书 （2014）封民初字第00138号
 河南省西平县人民法院 民事判决书 （2015）西民初字第00162号 
贵州省台江县人民法院 民事判决书 （2015）台民初字第2号
 广东省阳春市人民法院 民事判决书 （2014）阳春法潭民初字第191号 
内蒙古自治区喀喇沁旗人民法院 民事判决书 （2015）喀民初字第1115号
南京市六合区人民法院 民事判决书 （2015）六沿民初字第507号
 安徽省阜阳市颍州区人民法院 民事判决书 （2015）州民一初字第00894号 
 湖北省江陵县人民法院 民事判决书 （2015）鄂江陵民初字第00122号 
 山东省禹城市人民法院 民事判决书 （2014）禹民初字第735号 
四川省乐山市市中区人民法院 民事判决书 （2014）乐中民初字第270号
浙江省德清县人民法院 民事判决书 （2010）湖德武民初字第141号
 内蒙古鄂尔多斯市杭锦旗人民法院 民事判决书 （2014）杭民初字第961号 
 北京市海淀区人民法院 民事判决书 （2015）海民初字第08182号 
 重庆市万州区人民法院 民事判决书 （2015）万法民初字第04451号 
 甘肃省兰州市红古区人民法院 民事判决书 （2015）红红民初字第20号 
 湖南省祁阳县人民法院 民事判决书 （2014）祁民初字第1054号 
 天津市津南区人民法院 民事判决书 （2014）南民一初字第2268号 
 四川省绵竹市人民法院 民事判决书 （2015）绵竹民初字第1483号 
 河南省兰考县人民法院 民事判决书 （2014）兰民初字第1473号 
 平凉市崆峒区人民法院 民事判决书 （2015）崆民初字第882号 
广东省遂溪县人民法院 民事判决书 （2014）湛遂法民一初字第127号
 福建省泉州市丰泽区人民法院 民事判决书 （2014）丰民初字第1993号 
湖北省应城市人民法院 民事判决书 （2015）鄂应城民初字第00869号
 湖南省湘阴县人民法院 民事判决书 （2014）湘民一初字第1224号 
 福建省厦门市思明区人民法院 民事判决书 （2014）思民初字第7063号 
 湖北省仙桃市人民法院 民事判决书 （2015）鄂仙桃民一初字第00417号 
 连云港市海州区人民法院 民事判决书 （2015）海民初字第02200号 
 河北省保定市北市区人民法院 民事判决书 （2014）北民初字第57号 
 四川省三台县人民法院 民事判决书 （2013）三民初字第4379号 
四川省平昌县人民法院 民事判决书 （2015）平民初字第990号
 北京市通州区人民法院 民事判决书 （2015）通民初字第08572号 
浙江省苍南县人民法院 民事判决书 （2010）温苍民初字第1075号
淮安市清浦区人民法院 民事判决书 （2013）浦民初字第3833号
湖北省通城县人民法院 民事判决书 （2015）鄂通城民初字第376号
四川省雅安市名山区人民法院 民事判决书 （2014）名山民初字第15号
 浙江省温岭市人民法院 民事判决书 （2015）台温溪民初字第93号 
 河南省唐河县人民法院 民事判决书 （2013）唐民一初字第2301号 
 古交市人民法院 民事判决书 （2014）古民初字第221号 
 四川省营山县人民法院 民事判决书 （2014）营民初字第706号 
 四川省内江市市中区人民法院 民事判决书 （2015）内中民初字第498号 
 四川省泸县人民法院 民事判决书 （2013）泸泸民初字第2306号 
 河北省衡水市桃城区人民法院 民事判决书 （2014）衡桃民一初字第562号 
