江苏省东台市人民法院 民事判决书 （2015）东开民初字第0158号
甘肃省皋兰县人民法院 民事判决书 （2015）皋西民初字第31号
 内蒙古科尔沁左翼中旗人民法院 民事判决书 （2014）左民初字第939号 
 内蒙古科尔沁左翼中旗人民法院 民事判决书 （2014）左民初字第815号 
 江苏省兴化市人民法院 民事判决书 （2014）泰兴民初字第921号 
 广东省海丰县人民法院 民事判决书 （2014）汕海法民一初字第77号 
 上海市崇明县人民法院 民事判决书 （2015）崇民一（民）初字第305号 
广东省化州市人民法院 民事判决书 （2015）茂化法民一初字第92号
 四川省内江市东兴区人民法院 民事判决书 （2014）内东民初字第1392号 
 山西省永济市人民法院 民事判决书 （2014）永民初字第1193号 
四川省简阳市人民法院 民事判决书 （2014）简阳民初字第107号
四川省南充市嘉陵区人民法院 民事判决书 （2015）嘉民初字第2124号
 甘肃省正宁县人民法院 民事判决书 （2014）正民初字第508号 
 广东省深圳市宝安区人民法院 民事判决书 （2012）深宝法民一初字第2070号 
 河南省新野县人民法院 民事判决书 （2014）新沙民初字第00171号 
 广东省汕尾市城区人民法院 民事判决书 （2013）汕城法民一初字第252号 
 湖南省醴陵市人民法院 民事判决书 （2014）醴法民一初字第1377号 
 太原市小店区人民法院 民事判决书 （2014）小民初字第777号 
河南省淅川县人民法院 民事判决书 （2015）淅民初字第39号
 陕西省紫阳县人民法院 民事判决书 （2012）紫民初字第00245号 
 杭州市余杭区人民法院 民事判决书 （2013）杭余余民初字第904号 
 山东省新泰市人民法院 民事判决书 （2014）新民初字第2823号 
四川省科学城人民法院 民事判决书 （2015）科民初字第92号
 河南省郑州市二七区人民法院 民事判决书 （2014）二七民一初字第1180号 
 福建省古田县人民法院 民事判决书 （2014）古民初字第145号 
 山东省荣成市人民法院 民事判决书 （2014）荣民初字第530号 
 湖北省蕲春县人民法院 民事判决书 （2014）鄂蕲春民一初字第00552号 
广东省湛江市霞山区人民法院 民事判决书 （2015）湛霞法民一初字第67号
徐州市铜山区人民法院 民事判决书 （2015）铜张民初字第298号
 山东省泰安市岱岳区人民法院 民事判决书 （2014）岱民初字第1307号 
 安徽省蒙城县人民法院 民事判决书 （2013）蒙民一初字第02508号 
 福建省莆田市涵江区人民法院 民事判决书 （2014）涵民初字第48号 
 安徽省庐江县人民法院 民事判决书 （2014）庐江民一初字第02011号 
江西省安福县人民法院 民事判决书 （2015）安城民初字第183号
 浙江省天台县人民法院 民事判决书 （2013）台天民初字1401号 
 安徽省芜湖市鸠江区人民法院 民事判决书 （2015）鸠民一初字第00116号 
 河南省荥阳市人民法院 民事判决书 （2014）荥民初字第1397号 
 山东省曹县人民法院 民事判决书 （2014）曹民初字第2370号 
山西省翼城县人民法院 民事判决书 （2015）翼民初字第305号
 湖北省宜城市人民法院 民事判决书 （2014）鄂宜城民郑初字第00006号 
 浙江省德清县人民法院 民事判决书 （2012）湖德武民初字第320号 
安徽省淮南市潘集区人民法院 民事判决书 （2015）潘民一初字第02344号
江西省赣州经济技术开发区人民法院 民事判决书 （2015）赣开民一初字第164号
 江苏省泗阳县人民法院 民事判决书 （2014）泗新民初字第0313号 
 浙江省瑞安市人民法院 民事判决书 （2014）温瑞民初字第4222号 
 ˎ̥山东省茌平县人民法院 民事判决书 （2011）茌民一初字第662号 
 广东省湛江市霞山区人民法院 民事判决书 （2014）湛霞法民一初字第278号 
 安徽省固镇县人民法院 民事判决书 （2014）固民一初字第01494号 
 河南省郑州市中原区人民法院 民事判决书 （2014）中民一初字第1311号 
江苏省仪征市人民法院 民事判决书 （2014）仪马民初字第0074号
