 四川省武胜县人民法院 民事判决书 （2014）武胜民初字第1569号 
河北省阜城县人民法院 民事判决书 （2015）阜民一初字第373号
 浙江省永嘉县人民法院 民事判决书 （2014）温永碧民初字第75号 
 浙江省景宁畲族自治县人民法院 民事判决书 （2013）丽景民初字第428号 
山东省沂水县人民法院 民事判决书 （2015）沂民初字第1348号
安徽省濉溪县人民法院 民事判决书 （2015）濉民一初字第02930号
 河南省项城市人民法院 民事判决书 （2013）项民初字第01458号 
 四川省泸州市江阳区人民法院 民事判决书 （2014）江阳民初字第1537号 
 浙江省绍兴县人民法院 民事判决书 （2011）绍民初字第1748号 
 北京市昌平区人民法院 民事判决书 （2013）昌民初字第01560号 
 山东省茌平县人民法院 民事判决书 （2012）茌民一初字第132号 
 安徽省东至县人民法院 民事判决书 （2014）东民一初字第00537号 
 湖北省枝江市人民法院 民事判决书 （2014）鄂枝江民初字第00711号 
 四川省洪雅县人民法院 民事判决书 （2013）洪民初字第9号 
重庆市万州区人民法院 民事判决书 （2014）万法民初字第01426号
 广东省韶关市武江区人民法院 民事判决书 （2014）韶武法龙民初字第45号 
 四川省阆中市人民法院 民事判决书 （2015）阆民初字第898号 
 山东省安丘市人民法院 民事判决书 （2014）安民初字第965号 
吉林省扶余市人民法院 民事判决书 （2015）扶民初字第1472号
 湖北省利川市人民法院 民事判决书 （2014）鄂利川民初字第01681号 
 西安市碑林区人民法院 民事判决书 （2012）碑民一初字第00706号 
 湖南省怀化市鹤城区人民法院 民事判决书 （2014）怀鹤民一初字第193号 
湖北省应城市人民法院 民事判决书 （2015）鄂应城民初字第00624号
河南省夏邑县人民法院 民事判决书 （2015）夏民初字第01455号
四川省隆昌县人民法院 民事判决书 （2015）隆昌民初字第1372号
黑龙江省海伦市人民法院 民事判决书 （2014）海民初字第220号
湖北省武汉经济技术开发区人民法院 民事判决书 （2014）鄂武经开民初字第01751号
 湖南省嘉禾县人民法院 民事判决书 （2014）嘉民一初字第365号 
 安徽省寿县人民法院 民事判决书 （2015）寿民一初字第00206号 
 杭州市萧山区人民法院 民事判决书 （2012）杭萧临民初字第758号 
 山东省梁山县人民法院 民事判决书 （2014）梁民初字第153号 
 河北省肥乡县人民法院 民事判决书 （2013）肥民初字第631号 
 四川省会东县人民法院 民事判决书 （2014）东民初字第378号 
 山东省曲阜市人民法院 民事判决书 （2014）曲民初字第898号 
 山西省临县人民法院 民事判决书 （2014）临民初字第701号 
 安徽省淮南市潘集区人民法院 民事判决书 （2014）潘民一初字第00960号 
 山东省泰安市岱岳区人民法院 民事判决书 （2014）岱民初字第487号 
 福建省晋江市人民法院 民事判决书 （2014）晋民初字第2368号 
 北京市石景山区人民法院 民事判决书 （2013）石民初字第2459号 
云南省弥勒市人民法院 民事判决书 （2015）弥民一初字第1217号
河北省顺平县人民法院 民事判决书 （2015）顺民初字第595号
 江苏省新沂市人民法院 民事判决书 （2015）新民初字第00492号 
 襄阳市襄州区人民法院 民事判决书 （2014）鄂襄州黄集民初字第00062号 
 四川省资中县人民法院 民事判决书 （2014）资中民初字第2856号 
 广东省普宁市人民法院 民事判决书 （2015）揭普法民一初字第259号 
浙江省临海市人民法院 民事判决书 （2014）台临民初字第2877号
 上海市宝山区人民法院 民事判决书 （2014）宝民一（民）初字第1334号 
 河南省郑州市二七区人民法院 民事判决书 （2015）二七民一初字第735号 
 广东省台山市人民法院 民事判决书 （2015）江台法斗民初字第42号 
 安徽省巢湖市人民法院 民事判决书 （2015）巢民一初字第01077号 
