 福建省长乐市人民法院 民事判决书 （2014）长民初字第2151号 
四川省广元市朝天区人民法院 民事判决书 （2015）朝天民初字第610号
 河南省宁陵县人民法院 民事判决书 （2014）宁民初字第1330号 
 广东省四会市人民法院 民事判决书 （2014）肇四法民一初字第665号 
 重庆市江津区人民法院 民事判决书 （2014）津法民初字第06215号 
 四川省平昌县人民法院 民事判决书 （2014）平民初字第470号 
 重庆市万州区人民法院 民事判决书 （2014）万法民初字第04889号 
鞍山市铁东区人民法院 民事判决书 （2015）鞍东民二初字第00930号
重庆市合川区人民法院 民事判决书 （2015）合法民初字第05745号
 贵州省瓮安县人民法院 民事判决书 （2015）瓮民初字第63号 当事人基本情况及审理经过 
安徽省涡阳县人民法院 民事判决书 （2015）涡民一初字第03876号
 山东省菏泽经济开发区人民法院 民事判决书 （2014）菏开民初字第620号 
 山东省诸城市人民法院 民事判决书 （2015）诸贾民初字第234号 
 广东省鹤山市人民法院 民事判决书 （2015）江鹤法民一初字第6号 
河南省方城县人民法院 民事判决书 （2014）方民初字291号
安徽省颍上县人民法院 民事判决书 （2015）颍民一初字第00620号
 北京市朝阳区人民法院 民事判决书 （2014）朝民初字第42444号 
 北京市丰台区人民法院 民事判决书 （2013）丰民初字第01404号 
河南省内黄县人民法院 民事判决书 （2013）内城民初字第293号
 安徽省泾县人民法院 民事判决书 （2014）泾民一初字第00845号 
山东省陵县人民法院 民事判决书 （2013）陵民初字第160号
 河南省项城市人民法院 民事判决书 （2014）项民初字第00718号 
 福建省福清市人民法院 民事判决书 （2013）融民初字第4450号 
 河南省永城市人民法院 民事判决书 （2014）永民初字第37号 
 福建省莆田市荔城区人民法院 民事判决书 （2014）荔民初字第1794号 
昆明市盘龙区人民法院 民事判决书 （2015）盘法派民字第574号
 安徽省安庆市迎江区人民法院 民事判决书 （2015）迎民一初字第00487号 
江西省乐安县人民法院 民事判决书 （2015）乐招民初字第69号
 沈阳市沈北新区人民法院 民事判决书 （2014）北新民初字第2301号 
 安徽省淮北市杜集区人民法院 民事判决书 （2014）杜民一初字第00416号 
 河南省新郑市人民法院 民事判决书 （2014）新民初字第2265号 
广东省乐昌市人民法院 民事判决书 （2015）韶乐法坪民初字第102号
 获嘉县人民法院 民事判决书 （2013）获民初字第1378号 
 河南省通许县人民法院 民事判决书 （2015）通民初字第437号 
 湖南省永州市冷水滩区人民法院 民事判决书 （2013）永冷民初字第1626号 
 河南省封丘县人民法院 民事判决书 （2015）封民初字第937号 
 安徽省凤阳县人民法院 民事判决书 （2015）凤民一初字第01099号 
 湖北省公安县人民法院 民事判决书 （2014）鄂公安民初字第00062号 
安徽省淮南市田家庵区人民法院 民事判决书 （2015）田民一初字第02897号
 辽宁省锦州市凌河区人民法院 民事判决书 （2015）凌河民一初字第00034号 
 湖北省利川市人民法院 民事判决书 （2014）鄂利川民初字第01095号 
 广东省怀集县人民法院 民事判决书 （2015）肇怀法民一初字第63号 
 北京市昌平区人民法院 民事判决书 （2015）昌民初字第2138号 
 甘肃省东乡族自治县人民法院 民事判决书 （2014）东民初字第284号 
吉林省和龙市人民法院 民事判决书 （2015）和民初字第195号
 陕西省宜君县人民法院 民事判决书 （2014）宜君民初字第00316号 
 河北省黄骅市人民法院 民事判决书 （2009）黄民初字第2877号 
湖北省房县人民法院 民事判决书 （2015）鄂房县民一初字第00873号
福建省福州市仓山区人民法院 民事判决书 （2015）仓民初字第3265号
河南省平舆县人民法院 民事判决书 （2015）平民初字第01459号
