 天津市西青区人民法院 民事判决书 （2014）青民一初字第315号 
安徽省天长市人民法院 民事判决书 （2015）天民一初字第01196号
 湖南省安仁县人民法院 民事判决书 （2015）安民初字第565号 
 安徽省肥西县人民法院 民事判决书 （2015）肥西民一初字第01368号 
 四川省阆中市人民法院 民事判决书 （2014）阆民初字第96号 
 湖南省辰溪县人民法院 民事判决书 （2013）辰民一初字第559号 
福建省福州市晋安区人民法院 民事判决书 （2015）晋民初字第110号
 陕西省洛川县人民法院 民事判决书 （2014）洛民初字第00284号 
贵州省盘县人民法院 民事判决书 （2014）黔盘民初字第1081号
 重庆市城口县人民法院 民事判决书 （2014）城法民初字第00777号 
 江西省安福县人民法院 民事判决书 （2014）安城民初字第51号 
 淮安市淮安区人民法院 民事判决书 （2015）淮法车民初字第18号 
 福建省漳浦县人民法院 民事判决书 （2014）浦民初字第952号 
 湖北省宜城市人民法院 民事判决书 （2014）鄂宜城民鄢初字第00226号 
 安徽省蚌埠市淮上区人民法院 民事判决书 （2014）淮民一初字第01216号 
 湖南省茶陵县人民法院 民事判决书 （2015）茶法民一初字第331号 
 云南省陇川县人民法院 民事判决书 （2014）陇民初字第163号 
浙江省青田县人民法院 民事判决书 （2012）丽青章民初字第37号
 云南省晋宁县人民法院 民事判决书 （2014）晋法民初字第1313号 
 杭州市萧山区人民法院 民事判决书 （2012）杭萧义民初字第495号 
 山东省临清市人民法院 民事判决书 （2013）临民一初字第875号 
 河南省新蔡县人民法院 民事判决书 （2014）新民初字第01020号 
河南省淮滨县人民法院 民事判决书 （2015）淮民初字第00010号
 湖北省天门市人民法院 民事判决书 （2015）鄂天门民初字第00463号 
山东省济宁市兖州区人民法院 民事判决书 （2015）兖民初字第1386号
江苏省常州市武进区人民法院 民事判决书 （2015）武少民初字第37号
 湖北省当阳市人民法院 民事判决书 （2013）鄂当阳民初字第01372号 
 安徽省太湖县人民法院 民事判决书 （2014）太民一初字第00900号 
 烟台市福山区人民法院 民事判决书 （2015）福东民初字第1号 
四川省岳池县人民法院 民事判决书 （2015）岳池民初字第2108号
 湖北省黄梅县人民法院 民事判决书 （2014）鄂黄梅民初字第00265号 
 湖南省绥宁县人民法院 民事判决书 （2014）绥民初字第370号 
 四川省安岳县人民法院 民事判决书 （2013）安岳民初字第604号 
 江西省高安市人民法院 民事判决书 （2015）高民一初字第455号 
 山东省齐河县人民法院 民事判决书 （2014）齐宣民初字第1168号 
河南省唐河县人民法院 民事判决书 （2015）唐民一初字第2166号
 贵州省金沙县人民法院 民事判决书 （2014）黔金民初字第507号 
 江西省泰和县人民法院 民事判决书 （2015）泰民初字第398号 
 湖南省安化县人民法院 民事判决书 （2014）安法民一初字第484号 
 河南省平舆县人民法院 民事判决书 （2015）平民初字第00201号 
山西省万荣县人民法院 民事判决书 （2015）万汉民初字第750号
 上海市崇明县人民法院 民事判决书 （2014）崇民一（民）初字第7026号 
 河北省滦南县人民法院 民事判决书 （2013）倴民初字第834号 
广西壮族自治区灵山县人民法院 民事判决书 （2015）灵民初字第1004号
 河南省民权县人民法院 民事判决书 （2014）民民初字第1463号 
 重庆市永川区人民法院 民事判决书 （2015）永法民初字第02999号 
 贵州省从江县人民法院 民事判决书 （2015）从民初字第138号 
 四川省南充市嘉陵区人民法院 民事判决书 （2015）嘉民初字第993号 
安徽省东至县人民法院 民事判决书 （2015）东民一初字第00792号
 盐城市盐都区人民法院 民事判决书 （2013）都义民初字第0466号 
