 四川省绵阳市游仙区人民法院 民事判决书 （2013）游民初字第5189号 
 山西省汾阳市人民法院 民事判决书 （2014）汾民初字第155号 
安徽省合肥市庐阳区人民法院 民事判决书 （2015）庐民一初字第03328号
 浙江省三门县人民法院 民事判决书 （2015）台三民初字第86号 
 浙江省武义县人民法院 民事判决书 （2014）金武柳民初字第81号 
 广东省从化市人民法院 民事判决书 （2014）穗从法民一初字第1275号 
江苏省扬州市邗江区人民法院 民事判决书 （2015）扬邗民初字第2830号
 湖南省隆回县人民法院 民事判决书 （2014）隆民一初字第1471号 
 河北省孟村回族自治县人民法院 民事判决书 （2014）孟民初字第71号 
 安徽省颍上县人民法院 民事判决书 （2015）颍民一初字第00383号 
 陕西省太白县人民法院 民事判决书 （2012）太民初字第00183号 
 台州市黄岩区人民法院 民事判决书 （2013）台黄民初字第600号 
江苏省金湖县人民法院 民事判决书 （2015）金民初字第01543号
 福建省仙游县人民法院 民事判决书 （2015）仙民初字第1720号 
 辽宁省建昌县人民法院 民事判决书 （2014）建喇民初字第00284号 
 福建省永泰县人民法院 民事判决书 （2014）樟民初字第434号 
 云南省大姚县人民法院 民事判决书 （2015）大民初字第9号 
 贵州省从江县人民法院 民事判决书 （2015）从民初字第90号 
 宁波市海曙区人民法院 民事判决书 （2014）甬海民初字第983号 
四川省大竹县人民法院 民事判决书 （2015）大竹民初字第1079号
 浙江省仙居县人民法院 民事判决书 （2014）台仙民初字第154号 
 济南市历下区人民法院 民事判决书 （2014）历民初字第1916号 
山东省日照市东港区人民法院 民事判决书 （2015）东民一初字第1497号
普兰店市人民法院 民事判决书 （2015）普民初字第5445号
 河南省新郑市人民法院 民事判决书 （2014）新民初字第3810号 
 河北省邯郸市峰峰矿区人民法院 民事判决书 （2014）峰民初字第681号 
 北京市昌平区人民法院 民事判决书 （2015）昌民初字第07449号 
 灵宝市人民法院 民事判决书 （2013）灵民一初字第1764号 
 吉林省农安县人民法院 民事判决书 （2015）农民初字第1017号 
 山东省寿光市人民法院 民事判决书 （2014）寿民初字第675号 
 河北省邱县人民法院 民事判决书 （2015）邱民初字第151号 
贵州省盘县人民法院 民事判决书 （2014）黔盘民初字第899号
 江苏省兴化市人民法院 民事判决书 （2013）泰兴西民初字第0904号 
 河南省信阳市浉河区人民法院 民事判决书 （2014）信浉民初字第681号 
湖南省汨罗市人民法院 民事判决书 （2015）汨民初字第566号
 太原市万柏林区人民法院 民事判决书 （2014）万民初字第975号 
 甘肃省夏河县人民法院 民事判决书 （2014）夏民初字第76号 
 湖北省武汉市青山区人民法院 民事判决书 （2014）鄂青山钢民初字第00012号 
 安徽省舒城县人民法院 民事判决书 （2014）舒民一初字第00372号 
 安徽省颍上县人民法院 民事判决书 （2014）颍民一初字第01714号 
浙江省文成县人民法院 民事判决书 （2015）温文玉民初字第39号
 江苏省新沂市人民法院 民事判决书 （2014）新民初字第03303号 
 湖北省武汉市黄陂区人民法院 民事判决书 （2015）鄂黄陂六民初字第00048号 
 湖南省永兴县人民法院 民事判决书 （2014）永民初字第711号 
 莱芜市钢城区人民法院 民事判决书 （2015）钢民初字第271号 
 河南省商丘市睢阳区人民法院 民事判决书 （2014）商睢民初字第03005号 
河北省定州市人民法院 民事判决书 （2015）定民初字第1546号
 河北省磁县人民法院 民事判决书 （2013）磁民初字第1033号 
 苏州市吴中区人民法院 民事判决书 （2015）吴少民初字第0059号 
 浙江省兰溪市人民法院 民事判决书 （2015）金兰民初字第186号 
