新疆维吾尔自治区伊宁市人民法院 民事判决书 （2015）伊民初字第2417号
河南省孟津县人民法院 民事判决书 （2015）孟民四初字第236号
 山东省商河县人民法院 民事判决书 （2014）商民初字第1790号 
 湖南省娄底市娄星区人民法院 民事判决书 （2014）娄星民一初字第1461号 
 沈阳市和平区人民法院 民事判决书 （2014）沈和民一初字第00059号 
湖南省益阳市赫山区人民法院 民事判决书 （2015）益赫民一初字第210号
 福建省福鼎市人民法院 民事判决书 （2014）鼎民初字第1815号 
 福建省华安县人民法院 民事判决书 （2013）华民初字第2069号 
河北省威县人民法院 民事判决书 （2015）威民一初字第884号
 山东省宁阳县人民法院 民事判决书 （2013）宁民初字第2325号 
 辽宁省北镇市人民法院 民事判决书 （2015）北中民初字第01709号 
 安徽省芜湖市镜湖区人民法院 民事判决书 （2015）镜民一初字第00711号 
 湖北省咸宁市咸安区人民法院 民事判决书 （2014）鄂咸安民初字第00061号 
 甘肃省成县人民法院 民事判决书 （2014）成民初字第283号 
 广东省清远市清新区人民法院 民事判决书 （2014）清新法禾民初字第112号 
 山东省宁阳县人民法院 民事判决书 （2013）宁民初字第3573号 
 南京市溧水区人民法院 民事判决书 （2014）溧洪民初字第4号 
 四川省安岳县人民法院 民事判决书 （2014）安岳民初字第3101号 
四川省广安市前锋区人民法院 民事判决书 （2014）前锋民初字第864号
 浙江省平湖市人民法院 民事判决书 （2011）嘉平新民初字第340号 
 四川省南部县人民法院 民事判决书 （2014）南民初字第1375号 
湖北省武汉市硚口区人民法院 民事判决书 （2015）鄂硚口仁民初字第00360号
 甘肃省定西市安定区人民法院 民事判决书 （2015）安内民初字第86号 
 浙江省绍兴市越城区人民法院 民事判决书 （2014）绍越民初字第3158号 
 山东省聊城市东昌府区人民法院 民事判决书 （2012）聊东民初字第2869号 
 福建省霞浦县人民法院 民事判决书 （2014）霞民初字第801号 
呼和浩特市赛罕区人民法院 民事判决书 （2015）赛民初字第00343号
山东省邹平县人民法院 民事判决书 （2015）邹民初字第1240号
湖南省靖州苗族侗族自治县人民法院 民事判决书 （2014）靖民一初字第365号
浙江省奉化市人民法院 民事判决书 （2015）甬奉民一初字第611号
 内蒙古自治区奈曼旗人民法院 民事判决书 （2014）奈法民初字第2301号 
 河南省长垣县人民法院 民事判决书 （2013）长民初字第1524号 
 湖南省衡阳市雁峰区人民法院 民事判决书 （2014）雁民一初字第164号 
 山东省新泰市人民法院 民事判决书 （2014）新民初字第4978号 
 辽宁省新民市人民法院 民事判决书 （2014）新民民一初字第1188号 
 河北省献县人民法院 民事判决书 （2015）献民初字第355号 
河北省保定市徐水区人民法院 民事判决书 （2015）徐民初字第729号
山东省济宁市任城区人民法院 民事判决书 （2015）任民初字第5034号
西华县人民法院 民事判决书 （2015）西民初字第1268号
 河北省唐山市丰南区人民法院 民事判决书 （2014）丰民初字第377号 
 河北省昌黎县人民法院 民事判决书 （2014）昌民初字第2117号 
 河南省禹州市人民法院 民事判决书 （2015）禹民一初字第2396号 
贵州省安顺市西秀区人民法院 民事判决书 （2015）西民初字第1062号
 重庆市梁平县人民法院 民事判决书 （2015）梁法民初字第00808号 
 湖北省武汉市汉阳区人民法院 民事判决书 （2014）鄂汉阳民一初字第00293号 
 吉林省蛟河市人民法院 民事判决书 （2014）蛟民一初字第412号 
河南省许昌县人民法院 民事判决书 （2015）许县五民初字第355号
 湖南省长沙市望城区人民法院 民事判决书 （2014）望民初字第01447号 
 安徽省黄山市黄山区人民法院 民事判决书 （2013）黄民一初字第00528号 
 福建省永泰县人民法院 民事判决书 （2014）樟民初字第1302号 
